[0.015s] Invoking command in '/home/sdqsz/codes/lesson2/build/lesson_cpp_pkg': CMAKE_PREFIX_PATH=${CMAKE_PREFIX_PATH}:/home/sdqsz/codes/lesson2/install/lesson_python_service:/home/sdqsz/codes/lesson2/install/lesson_python_pkg:/opt/ros/jazzy DEBUGINFOD_URLS=https://debuginfod.ubuntu.com /usr/bin/cmake --build /home/sdqsz/codes/lesson2/build/lesson_cpp_pkg -- -j16 -l16
[0.211s] [100%] Built target talker
[0.212s] [100%] Built target listener
[0.363s] Invoked command in '/home/sdqsz/codes/lesson2/build/lesson_cpp_pkg' returned '0': CMAKE_PREFIX_PATH=${CMAKE_PREFIX_PATH}:/home/sdqsz/codes/lesson2/install/lesson_python_service:/home/sdqsz/codes/lesson2/install/lesson_python_pkg:/opt/ros/jazzy DEBUGINFOD_URLS=https://debuginfod.ubuntu.com /usr/bin/cmake --build /home/sdqsz/codes/lesson2/build/lesson_cpp_pkg -- -j16 -l16
[0.373s] Invoking command in '/home/sdqsz/codes/lesson2/build/lesson_cpp_pkg': CMAKE_PREFIX_PATH=${CMAKE_PREFIX_PATH}:/home/sdqsz/codes/lesson2/install/lesson_python_service:/home/sdqsz/codes/lesson2/install/lesson_python_pkg:/opt/ros/jazzy DEBUGINFOD_URLS=https://debuginfod.ubuntu.com /usr/bin/cmake --install /home/sdqsz/codes/lesson2/build/lesson_cpp_pkg
[0.384s] -- Install configuration: ""
[0.385s] -- Up-to-date: /home/sdqsz/codes/lesson2/install/lesson_cpp_pkg/lib/lesson_cpp_pkg/talker
[0.386s] -- Up-to-date: /home/sdqsz/codes/lesson2/install/lesson_cpp_pkg/lib/lesson_cpp_pkg/listener
[0.386s] -- Up-to-date: /home/sdqsz/codes/lesson2/install/lesson_cpp_pkg/share/ament_index/resource_index/package_run_dependencies/lesson_cpp_pkg
[0.386s] -- Up-to-date: /home/sdqsz/codes/lesson2/install/lesson_cpp_pkg/share/ament_index/resource_index/parent_prefix_path/lesson_cpp_pkg
[0.386s] -- Up-to-date: /home/sdqsz/codes/lesson2/install/lesson_cpp_pkg/share/lesson_cpp_pkg/environment/ament_prefix_path.sh
[0.386s] -- Up-to-date: /home/sdqsz/codes/lesson2/install/lesson_cpp_pkg/share/lesson_cpp_pkg/environment/ament_prefix_path.dsv
[0.386s] -- Up-to-date: /home/sdqsz/codes/lesson2/install/lesson_cpp_pkg/share/lesson_cpp_pkg/environment/path.sh
[0.386s] -- Up-to-date: /home/sdqsz/codes/lesson2/install/lesson_cpp_pkg/share/lesson_cpp_pkg/environment/path.dsv
[0.387s] -- Up-to-date: /home/sdqsz/codes/lesson2/install/lesson_cpp_pkg/share/lesson_cpp_pkg/local_setup.bash
[0.387s] -- Up-to-date: /home/sdqsz/codes/lesson2/install/lesson_cpp_pkg/share/lesson_cpp_pkg/local_setup.sh
[0.387s] -- Up-to-date: /home/sdqsz/codes/lesson2/install/lesson_cpp_pkg/share/lesson_cpp_pkg/local_setup.zsh
[0.387s] -- Up-to-date: /home/sdqsz/codes/lesson2/install/lesson_cpp_pkg/share/lesson_cpp_pkg/local_setup.dsv
[0.387s] -- Installing: /home/sdqsz/codes/lesson2/install/lesson_cpp_pkg/share/lesson_cpp_pkg/package.dsv
[0.387s] -- Up-to-date: /home/sdqsz/codes/lesson2/install/lesson_cpp_pkg/share/ament_index/resource_index/packages/lesson_cpp_pkg
[0.387s] -- Up-to-date: /home/sdqsz/codes/lesson2/install/lesson_cpp_pkg/share/lesson_cpp_pkg/cmake/lesson_cpp_pkgConfig.cmake
[0.387s] -- Up-to-date: /home/sdqsz/codes/lesson2/install/lesson_cpp_pkg/share/lesson_cpp_pkg/cmake/lesson_cpp_pkgConfig-version.cmake
[0.387s] -- Up-to-date: /home/sdqsz/codes/lesson2/install/lesson_cpp_pkg/share/lesson_cpp_pkg/package.xml
[0.390s] Invoked command in '/home/sdqsz/codes/lesson2/build/lesson_cpp_pkg' returned '0': CMAKE_PREFIX_PATH=${CMAKE_PREFIX_PATH}:/home/sdqsz/codes/lesson2/install/lesson_python_service:/home/sdqsz/codes/lesson2/install/lesson_python_pkg:/opt/ros/jazzy DEBUGINFOD_URLS=https://debuginfod.ubuntu.com /usr/bin/cmake --install /home/sdqsz/codes/lesson2/build/lesson_cpp_pkg
