[0.661s] Invoking command in '/home/sdqsz/codes/lesson2/src/lesson_python_pkg': DEBUGINFOD_URLS=https://debuginfod.ubuntu.com PYTHONPATH=/home/sdqsz/codes/lesson2/build/lesson_python_pkg/prefix_override:/usr/lib/python3/dist-packages/colcon_core/task/python/colcon_distutils_commands:/home/sdqsz/codes/lesson2/install/lesson_python_pkg/lib/python3.12/site-packages:${PYTHONPATH} /usr/bin/python3 -W ignore:setup.py install is deprecated -W ignore:easy_install command is deprecated setup.py egg_info --egg-base ../../build/lesson_python_pkg build --build-base /home/sdqsz/codes/lesson2/build/lesson_python_pkg/build install --record /home/sdqsz/codes/lesson2/build/lesson_python_pkg/install.log --single-version-externally-managed install_data
[0.820s] running egg_info
[0.832s] writing ../../build/lesson_python_pkg/lesson_python_pkg.egg-info/PKG-INFO
[0.832s] writing dependency_links to ../../build/lesson_python_pkg/lesson_python_pkg.egg-info/dependency_links.txt
[0.832s] writing entry points to ../../build/lesson_python_pkg/lesson_python_pkg.egg-info/entry_points.txt
[0.832s] writing requirements to ../../build/lesson_python_pkg/lesson_python_pkg.egg-info/requires.txt
[0.832s] writing top-level names to ../../build/lesson_python_pkg/lesson_python_pkg.egg-info/top_level.txt
[0.855s] reading manifest file '../../build/lesson_python_pkg/lesson_python_pkg.egg-info/SOURCES.txt'
[0.855s] adding license file 'LICENSE'
[0.856s] writing manifest file '../../build/lesson_python_pkg/lesson_python_pkg.egg-info/SOURCES.txt'
[0.856s] running build
[0.856s] running build_py
[0.856s] running install
[0.860s] running install_lib
[0.871s] running install_data
[0.871s] running install_egg_info
[0.883s] removing '/home/sdqsz/codes/lesson2/install/lesson_python_pkg/lib/python3.12/site-packages/lesson_python_pkg-0.0.0-py3.12.egg-info' (and everything under it)
[0.883s] Copying ../../build/lesson_python_pkg/lesson_python_pkg.egg-info to /home/sdqsz/codes/lesson2/install/lesson_python_pkg/lib/python3.12/site-packages/lesson_python_pkg-0.0.0-py3.12.egg-info
[0.883s] running install_scripts
[0.959s] Installing listener script to /home/sdqsz/codes/lesson2/install/lesson_python_pkg/lib/lesson_python_pkg
[0.959s] Installing talker script to /home/sdqsz/codes/lesson2/install/lesson_python_pkg/lib/lesson_python_pkg
[0.959s] writing list of installed files to '/home/sdqsz/codes/lesson2/build/lesson_python_pkg/install.log'
[0.977s] Invoked command in '/home/sdqsz/codes/lesson2/src/lesson_python_pkg' returned '0': DEBUGINFOD_URLS=https://debuginfod.ubuntu.com PYTHONPATH=/home/sdqsz/codes/lesson2/build/lesson_python_pkg/prefix_override:/usr/lib/python3/dist-packages/colcon_core/task/python/colcon_distutils_commands:/home/sdqsz/codes/lesson2/install/lesson_python_pkg/lib/python3.12/site-packages:${PYTHONPATH} /usr/bin/python3 -W ignore:setup.py install is deprecated -W ignore:easy_install command is deprecated setup.py egg_info --egg-base ../../build/lesson_python_pkg build --build-base /home/sdqsz/codes/lesson2/build/lesson_python_pkg/build install --record /home/sdqsz/codes/lesson2/build/lesson_python_pkg/install.log --single-version-externally-managed install_data
