-- Found ament_cmake: 2.5.6 (/opt/ros/jazzy/share/ament_cmake/cmake)
-- Found rclcpp: 28.1.18 (/opt/ros/jazzy/share/rclcpp/cmake)
-- Found rosidl_generator_c: 4.6.7 (/opt/ros/jazzy/share/rosidl_generator_c/cmake)
-- Found rosidl_generator_cpp: 4.6.7 (/opt/ros/jazzy/share/rosidl_generator_cpp/cmake)
-- Using all available rosidl_typesupport_c: rosidl_typesupport_fastrtps_c;rosidl_typesupport_introspection_c
-- Using all available rosidl_typesupport_cpp: rosidl_typesupport_fastrtps_cpp;rosidl_typesupport_introspection_cpp
-- Found rmw_implementation_cmake: 7.3.3 (/opt/ros/jazzy/share/rmw_implementation_cmake/cmake)
-- Found rmw_fastrtps_cpp: 8.4.3 (/opt/ros/jazzy/share/rmw_fastrtps_cpp/cmake)
-- Using RMW implementation 'rmw_fastrtps_cpp' as default
-- Found example_interfaces: 0.12.0 (/opt/ros/jazzy/share/example_interfaces/cmake)
-- Found ament_lint_auto: 0.17.5 (/opt/ros/jazzy/share/ament_lint_auto/cmake)
-- Added test 'cppcheck' to perform static code analysis on C / C++ code
-- Configured cppcheck include dirs: 
-- Configured cppcheck exclude dirs and/or files: 
-- Added test 'lint_cmake' to check CMake code style
-- Added test 'uncrustify' to check C / C++ code style
-- Configured uncrustify additional arguments: 
-- Added test 'xmllint' to check XML markup files
-- Configuring done (0.7s)
-- Generating done (0.0s)
-- Build files have been written to: /home/sdqsz/codes/lesson2/build/lesson_cpp_service
[ 50%] Built target client
[100%] Built target server
-- Install configuration: ""
-- Up-to-date: /home/sdqsz/codes/lesson2/install/lesson_cpp_service/lib/lesson_cpp_service/server
-- Up-to-date: /home/sdqsz/codes/lesson2/install/lesson_cpp_service/lib/lesson_cpp_service/client
-- Up-to-date: /home/sdqsz/codes/lesson2/install/lesson_cpp_service/share/ament_index/resource_index/package_run_dependencies/lesson_cpp_service
-- Installing: /home/sdqsz/codes/lesson2/install/lesson_cpp_service/share/ament_index/resource_index/parent_prefix_path/lesson_cpp_service
-- Up-to-date: /home/sdqsz/codes/lesson2/install/lesson_cpp_service/share/lesson_cpp_service/environment/ament_prefix_path.sh
-- Up-to-date: /home/sdqsz/codes/lesson2/install/lesson_cpp_service/share/lesson_cpp_service/environment/ament_prefix_path.dsv
-- Up-to-date: /home/sdqsz/codes/lesson2/install/lesson_cpp_service/share/lesson_cpp_service/environment/path.sh
-- Up-to-date: /home/sdqsz/codes/lesson2/install/lesson_cpp_service/share/lesson_cpp_service/environment/path.dsv
-- Up-to-date: /home/sdqsz/codes/lesson2/install/lesson_cpp_service/share/lesson_cpp_service/local_setup.bash
-- Up-to-date: /home/sdqsz/codes/lesson2/install/lesson_cpp_service/share/lesson_cpp_service/local_setup.sh
-- Up-to-date: /home/sdqsz/codes/lesson2/install/lesson_cpp_service/share/lesson_cpp_service/local_setup.zsh
-- Up-to-date: /home/sdqsz/codes/lesson2/install/lesson_cpp_service/share/lesson_cpp_service/local_setup.dsv
-- Installing: /home/sdqsz/codes/lesson2/install/lesson_cpp_service/share/lesson_cpp_service/package.dsv
-- Up-to-date: /home/sdqsz/codes/lesson2/install/lesson_cpp_service/share/ament_index/resource_index/packages/lesson_cpp_service
-- Up-to-date: /home/sdqsz/codes/lesson2/install/lesson_cpp_service/share/lesson_cpp_service/cmake/lesson_cpp_serviceConfig.cmake
-- Up-to-date: /home/sdqsz/codes/lesson2/install/lesson_cpp_service/share/lesson_cpp_service/cmake/lesson_cpp_serviceConfig-version.cmake
-- Installing: /home/sdqsz/codes/lesson2/install/lesson_cpp_service/share/lesson_cpp_service/package.xml
