[0.025s] Invoking command in '/home/sdqsz/codes/lesson2/build/lesson_cpp_service': CMAKE_PREFIX_PATH=${CMAKE_PREFIX_PATH}:/home/sdqsz/codes/lesson2/src/install/lesson_python_service:/home/sdqsz/codes/lesson2/src/install/lesson_python_pkg:/home/sdqsz/codes/lesson2/install/lesson_python_service:/home/sdqsz/codes/lesson2/install/lesson_python_pkg:/opt/ros/jazzy DEBUGINFOD_URLS=https://debuginfod.ubuntu.com /usr/bin/cmake --build /home/sdqsz/codes/lesson2/build/lesson_cpp_service -- -j16 -l16
[0.054s] -- Found ament_cmake: 2.5.6 (/opt/ros/jazzy/share/ament_cmake/cmake)
[0.317s] -- Found rclcpp: 28.1.18 (/opt/ros/jazzy/share/rclcpp/cmake)
[0.342s] -- Found rosidl_generator_c: 4.6.7 (/opt/ros/jazzy/share/rosidl_generator_c/cmake)
[0.351s] -- Found rosidl_generator_cpp: 4.6.7 (/opt/ros/jazzy/share/rosidl_generator_cpp/cmake)
[0.360s] -- Using all available rosidl_typesupport_c: rosidl_typesupport_fastrtps_c;rosidl_typesupport_introspection_c
[0.370s] -- Using all available rosidl_typesupport_cpp: rosidl_typesupport_fastrtps_cpp;rosidl_typesupport_introspection_cpp
[0.426s] -- Found rmw_implementation_cmake: 7.3.3 (/opt/ros/jazzy/share/rmw_implementation_cmake/cmake)
[0.427s] -- Found rmw_fastrtps_cpp: 8.4.3 (/opt/ros/jazzy/share/rmw_fastrtps_cpp/cmake)
[0.505s] -- Using RMW implementation 'rmw_fastrtps_cpp' as default
[0.582s] -- Found example_interfaces: 0.12.0 (/opt/ros/jazzy/share/example_interfaces/cmake)
[0.633s] -- Found ament_lint_auto: 0.17.5 (/opt/ros/jazzy/share/ament_lint_auto/cmake)
[0.725s] -- Added test 'cppcheck' to perform static code analysis on C / C++ code
[0.725s] -- Configured cppcheck include dirs: 
[0.725s] -- Configured cppcheck exclude dirs and/or files: 
[0.725s] -- Added test 'lint_cmake' to check CMake code style
[0.726s] -- Added test 'uncrustify' to check C / C++ code style
[0.726s] -- Configured uncrustify additional arguments: 
[0.726s] -- Added test 'xmllint' to check XML markup files
[0.727s] -- Configuring done (0.7s)
[0.738s] -- Generating done (0.0s)
[0.742s] -- Build files have been written to: /home/sdqsz/codes/lesson2/build/lesson_cpp_service
[0.786s] [ 50%] Built target client
[0.790s] [100%] Built target server
[0.801s] Invoked command in '/home/sdqsz/codes/lesson2/build/lesson_cpp_service' returned '0': CMAKE_PREFIX_PATH=${CMAKE_PREFIX_PATH}:/home/sdqsz/codes/lesson2/src/install/lesson_python_service:/home/sdqsz/codes/lesson2/src/install/lesson_python_pkg:/home/sdqsz/codes/lesson2/install/lesson_python_service:/home/sdqsz/codes/lesson2/install/lesson_python_pkg:/opt/ros/jazzy DEBUGINFOD_URLS=https://debuginfod.ubuntu.com /usr/bin/cmake --build /home/sdqsz/codes/lesson2/build/lesson_cpp_service -- -j16 -l16
[0.803s] Invoking command in '/home/sdqsz/codes/lesson2/build/lesson_cpp_service': CMAKE_PREFIX_PATH=${CMAKE_PREFIX_PATH}:/home/sdqsz/codes/lesson2/src/install/lesson_python_service:/home/sdqsz/codes/lesson2/src/install/lesson_python_pkg:/home/sdqsz/codes/lesson2/install/lesson_python_service:/home/sdqsz/codes/lesson2/install/lesson_python_pkg:/opt/ros/jazzy DEBUGINFOD_URLS=https://debuginfod.ubuntu.com /usr/bin/cmake --install /home/sdqsz/codes/lesson2/build/lesson_cpp_service
[0.815s] -- Install configuration: ""
[0.815s] -- Up-to-date: /home/sdqsz/codes/lesson2/install/lesson_cpp_service/lib/lesson_cpp_service/server
[0.816s] -- Up-to-date: /home/sdqsz/codes/lesson2/install/lesson_cpp_service/lib/lesson_cpp_service/client
[0.817s] -- Up-to-date: /home/sdqsz/codes/lesson2/install/lesson_cpp_service/share/ament_index/resource_index/package_run_dependencies/lesson_cpp_service
[0.818s] -- Installing: /home/sdqsz/codes/lesson2/install/lesson_cpp_service/share/ament_index/resource_index/parent_prefix_path/lesson_cpp_service
[0.818s] -- Up-to-date: /home/sdqsz/codes/lesson2/install/lesson_cpp_service/share/lesson_cpp_service/environment/ament_prefix_path.sh
[0.818s] -- Up-to-date: /home/sdqsz/codes/lesson2/install/lesson_cpp_service/share/lesson_cpp_service/environment/ament_prefix_path.dsv
[0.818s] -- Up-to-date: /home/sdqsz/codes/lesson2/install/lesson_cpp_service/share/lesson_cpp_service/environment/path.sh
[0.819s] -- Up-to-date: /home/sdqsz/codes/lesson2/install/lesson_cpp_service/share/lesson_cpp_service/environment/path.dsv
[0.819s] -- Up-to-date: /home/sdqsz/codes/lesson2/install/lesson_cpp_service/share/lesson_cpp_service/local_setup.bash
[0.819s] -- Up-to-date: /home/sdqsz/codes/lesson2/install/lesson_cpp_service/share/lesson_cpp_service/local_setup.sh
[0.820s] -- Up-to-date: /home/sdqsz/codes/lesson2/install/lesson_cpp_service/share/lesson_cpp_service/local_setup.zsh
[0.820s] -- Up-to-date: /home/sdqsz/codes/lesson2/install/lesson_cpp_service/share/lesson_cpp_service/local_setup.dsv
[0.820s] -- Installing: /home/sdqsz/codes/lesson2/install/lesson_cpp_service/share/lesson_cpp_service/package.dsv
[0.821s] -- Up-to-date: /home/sdqsz/codes/lesson2/install/lesson_cpp_service/share/ament_index/resource_index/packages/lesson_cpp_service
[0.822s] -- Up-to-date: /home/sdqsz/codes/lesson2/install/lesson_cpp_service/share/lesson_cpp_service/cmake/lesson_cpp_serviceConfig.cmake
[0.822s] -- Up-to-date: /home/sdqsz/codes/lesson2/install/lesson_cpp_service/share/lesson_cpp_service/cmake/lesson_cpp_serviceConfig-version.cmake
[0.822s] -- Installing: /home/sdqsz/codes/lesson2/install/lesson_cpp_service/share/lesson_cpp_service/package.xml
[0.822s] Invoked command in '/home/sdqsz/codes/lesson2/build/lesson_cpp_service' returned '0': CMAKE_PREFIX_PATH=${CMAKE_PREFIX_PATH}:/home/sdqsz/codes/lesson2/src/install/lesson_python_service:/home/sdqsz/codes/lesson2/src/install/lesson_python_pkg:/home/sdqsz/codes/lesson2/install/lesson_python_service:/home/sdqsz/codes/lesson2/install/lesson_python_pkg:/opt/ros/jazzy DEBUGINFOD_URLS=https://debuginfod.ubuntu.com /usr/bin/cmake --install /home/sdqsz/codes/lesson2/build/lesson_cpp_service
