-- The C compiler identification is GNU 13.3.0
-- The CXX compiler identification is GNU 13.3.0
-- Detecting C compiler ABI info
-- Detecting C compiler ABI info - done
-- Check for working C compiler: /usr/bin/cc - skipped
-- Detecting C compile features
-- Detecting C compile features - done
-- Detecting CXX compiler ABI info
-- Detecting CXX compiler ABI info - done
-- Check for working CXX compiler: /usr/bin/c++ - skipped
-- Detecting CXX compile features
-- Detecting CXX compile features - done
-- Found ament_cmake: 2.5.6 (/opt/ros/jazzy/share/ament_cmake/cmake)
-- Found Python3: /usr/bin/python3 (found version "3.12.3") found components: Interpreter 
-- Found rclcpp: 28.1.18 (/opt/ros/jazzy/share/rclcpp/cmake)
-- Found rosidl_generator_c: 4.6.7 (/opt/ros/jazzy/share/rosidl_generator_c/cmake)
-- Found rosidl_generator_cpp: 4.6.7 (/opt/ros/jazzy/share/rosidl_generator_cpp/cmake)
-- Using all available rosidl_typesupport_c: rosidl_typesupport_fastrtps_c;rosidl_typesupport_introspection_c
-- Using all available rosidl_typesupport_cpp: rosidl_typesupport_fastrtps_cpp;rosidl_typesupport_introspection_cpp
-- Found rmw_implementation_cmake: 7.3.3 (/opt/ros/jazzy/share/rmw_implementation_cmake/cmake)
-- Found rmw_fastrtps_cpp: 8.4.3 (/opt/ros/jazzy/share/rmw_fastrtps_cpp/cmake)
-- Found OpenSSL: /usr/lib/x86_64-linux-gnu/libcrypto.so (found version "3.0.13")  
-- Found FastRTPS: /opt/ros/jazzy/include (Required is at least version "2.13") 
-- Using RMW implementation 'rmw_fastrtps_cpp' as default
-- Found example_interfaces: 0.12.0 (/opt/ros/jazzy/share/example_interfaces/cmake)
-- Found ament_lint_auto: 0.17.5 (/opt/ros/jazzy/share/ament_lint_auto/cmake)
-- Added test 'cppcheck' to perform static code analysis on C / C++ code
-- Configured cppcheck include dirs: 
-- Configured cppcheck exclude dirs and/or files: 
-- Added test 'lint_cmake' to check CMake code style
-- Added test 'uncrustify' to check C / C++ code style
-- Configured uncrustify additional arguments: 
-- Added test 'xmllint' to check XML markup files
-- Configuring done (3.2s)
-- Generating done (0.0s)
-- Build files have been written to: /home/sdqsz/codes/lesson2/src/build/lesson_cpp_service
[ 25%] [32mBuilding CXX object CMakeFiles/server.dir/src/add_two_ints_server.cpp.o[0m
[ 50%] [32mBuilding CXX object CMakeFiles/client.dir/src/add_two_ints_client.cpp.o[0m
[ 75%] [32m[1mLinking CXX executable server[0m
[ 75%] Built target server
[100%] [32m[1mLinking CXX executable client[0m
[100%] Built target client
-- Install configuration: ""
-- Installing: /home/sdqsz/codes/lesson2/src/install/lesson_cpp_service/lib/lesson_cpp_service/server
-- Set non-toolchain portion of runtime path of "/home/sdqsz/codes/lesson2/src/install/lesson_cpp_service/lib/lesson_cpp_service/server" to ""
-- Installing: /home/sdqsz/codes/lesson2/src/install/lesson_cpp_service/lib/lesson_cpp_service/client
-- Set non-toolchain portion of runtime path of "/home/sdqsz/codes/lesson2/src/install/lesson_cpp_service/lib/lesson_cpp_service/client" to ""
-- Installing: /home/sdqsz/codes/lesson2/src/install/lesson_cpp_service/share/ament_index/resource_index/package_run_dependencies/lesson_cpp_service
-- Installing: /home/sdqsz/codes/lesson2/src/install/lesson_cpp_service/share/ament_index/resource_index/parent_prefix_path/lesson_cpp_service
-- Installing: /home/sdqsz/codes/lesson2/src/install/lesson_cpp_service/share/lesson_cpp_service/environment/ament_prefix_path.sh
-- Installing: /home/sdqsz/codes/lesson2/src/install/lesson_cpp_service/share/lesson_cpp_service/environment/ament_prefix_path.dsv
-- Installing: /home/sdqsz/codes/lesson2/src/install/lesson_cpp_service/share/lesson_cpp_service/environment/path.sh
-- Installing: /home/sdqsz/codes/lesson2/src/install/lesson_cpp_service/share/lesson_cpp_service/environment/path.dsv
-- Installing: /home/sdqsz/codes/lesson2/src/install/lesson_cpp_service/share/lesson_cpp_service/local_setup.bash
-- Installing: /home/sdqsz/codes/lesson2/src/install/lesson_cpp_service/share/lesson_cpp_service/local_setup.sh
-- Installing: /home/sdqsz/codes/lesson2/src/install/lesson_cpp_service/share/lesson_cpp_service/local_setup.zsh
-- Installing: /home/sdqsz/codes/lesson2/src/install/lesson_cpp_service/share/lesson_cpp_service/local_setup.dsv
-- Installing: /home/sdqsz/codes/lesson2/src/install/lesson_cpp_service/share/lesson_cpp_service/package.dsv
-- Installing: /home/sdqsz/codes/lesson2/src/install/lesson_cpp_service/share/ament_index/resource_index/packages/lesson_cpp_service
-- Installing: /home/sdqsz/codes/lesson2/src/install/lesson_cpp_service/share/lesson_cpp_service/cmake/lesson_cpp_serviceConfig.cmake
-- Installing: /home/sdqsz/codes/lesson2/src/install/lesson_cpp_service/share/lesson_cpp_service/cmake/lesson_cpp_serviceConfig-version.cmake
-- Installing: /home/sdqsz/codes/lesson2/src/install/lesson_cpp_service/share/lesson_cpp_service/package.xml
