[2.490s] Invoking command in '/home/sdqsz/codes/lesson2/src/lesson_python_pkg': DEBUGINFOD_URLS=https://debuginfod.ubuntu.com PYTHONPATH=/home/sdqsz/codes/lesson2/src/build/lesson_python_pkg/prefix_override:/usr/lib/python3/dist-packages/colcon_core/task/python/colcon_distutils_commands:/home/sdqsz/codes/lesson2/src/install/lesson_python_pkg/lib/python3.12/site-packages:${PYTHONPATH} /usr/bin/python3 -W ignore:setup.py install is deprecated -W ignore:easy_install command is deprecated setup.py egg_info --egg-base ../build/lesson_python_pkg build --build-base /home/sdqsz/codes/lesson2/src/build/lesson_python_pkg/build install --record /home/sdqsz/codes/lesson2/src/build/lesson_python_pkg/install.log --single-version-externally-managed install_data
[3.162s] running egg_info
[3.162s] creating ../build/lesson_python_pkg/lesson_python_pkg.egg-info
[3.202s] writing ../build/lesson_python_pkg/lesson_python_pkg.egg-info/PKG-INFO
[3.202s] writing dependency_links to ../build/lesson_python_pkg/lesson_python_pkg.egg-info/dependency_links.txt
[3.202s] writing entry points to ../build/lesson_python_pkg/lesson_python_pkg.egg-info/entry_points.txt
[3.203s] writing requirements to ../build/lesson_python_pkg/lesson_python_pkg.egg-info/requires.txt
[3.203s] writing top-level names to ../build/lesson_python_pkg/lesson_python_pkg.egg-info/top_level.txt
[3.203s] writing manifest file '../build/lesson_python_pkg/lesson_python_pkg.egg-info/SOURCES.txt'
[3.309s] reading manifest file '../build/lesson_python_pkg/lesson_python_pkg.egg-info/SOURCES.txt'
[3.309s] adding license file 'LICENSE'
[3.311s] writing manifest file '../build/lesson_python_pkg/lesson_python_pkg.egg-info/SOURCES.txt'
[3.313s] running build
[3.313s] running build_py
[3.314s] creating /home/sdqsz/codes/lesson2/src/build/lesson_python_pkg/build
[3.314s] creating /home/sdqsz/codes/lesson2/src/build/lesson_python_pkg/build/lib
[3.314s] creating /home/sdqsz/codes/lesson2/src/build/lesson_python_pkg/build/lib/lesson_python_pkg
[3.314s] copying lesson_python_pkg/__init__.py -> /home/sdqsz/codes/lesson2/src/build/lesson_python_pkg/build/lib/lesson_python_pkg
[3.314s] copying lesson_python_pkg/publisher.py -> /home/sdqsz/codes/lesson2/src/build/lesson_python_pkg/build/lib/lesson_python_pkg
[3.315s] copying lesson_python_pkg/subscriber.py -> /home/sdqsz/codes/lesson2/src/build/lesson_python_pkg/build/lib/lesson_python_pkg
[3.315s] running install
[3.331s] running install_lib
[3.424s] creating /home/sdqsz/codes/lesson2/src/install/lesson_python_pkg/lib/python3.12/site-packages/lesson_python_pkg
[3.424s] copying /home/sdqsz/codes/lesson2/src/build/lesson_python_pkg/build/lib/lesson_python_pkg/__init__.py -> /home/sdqsz/codes/lesson2/src/install/lesson_python_pkg/lib/python3.12/site-packages/lesson_python_pkg
[3.425s] copying /home/sdqsz/codes/lesson2/src/build/lesson_python_pkg/build/lib/lesson_python_pkg/publisher.py -> /home/sdqsz/codes/lesson2/src/install/lesson_python_pkg/lib/python3.12/site-packages/lesson_python_pkg
[3.425s] copying /home/sdqsz/codes/lesson2/src/build/lesson_python_pkg/build/lib/lesson_python_pkg/subscriber.py -> /home/sdqsz/codes/lesson2/src/install/lesson_python_pkg/lib/python3.12/site-packages/lesson_python_pkg
[3.425s] byte-compiling /home/sdqsz/codes/lesson2/src/install/lesson_python_pkg/lib/python3.12/site-packages/lesson_python_pkg/__init__.py to __init__.cpython-312.pyc
[3.426s] byte-compiling /home/sdqsz/codes/lesson2/src/install/lesson_python_pkg/lib/python3.12/site-packages/lesson_python_pkg/publisher.py to publisher.cpython-312.pyc
[3.427s] byte-compiling /home/sdqsz/codes/lesson2/src/install/lesson_python_pkg/lib/python3.12/site-packages/lesson_python_pkg/subscriber.py to subscriber.cpython-312.pyc
[3.429s] running install_data
[3.429s] creating /home/sdqsz/codes/lesson2/src/install/lesson_python_pkg/share/ament_index
[3.430s] creating /home/sdqsz/codes/lesson2/src/install/lesson_python_pkg/share/ament_index/resource_index
[3.431s] creating /home/sdqsz/codes/lesson2/src/install/lesson_python_pkg/share/ament_index/resource_index/packages
[3.431s] copying resource/lesson_python_pkg -> /home/sdqsz/codes/lesson2/src/install/lesson_python_pkg/share/ament_index/resource_index/packages
[3.432s] copying package.xml -> /home/sdqsz/codes/lesson2/src/install/lesson_python_pkg/share/lesson_python_pkg
[3.432s] running install_egg_info
[3.512s] Copying ../build/lesson_python_pkg/lesson_python_pkg.egg-info to /home/sdqsz/codes/lesson2/src/install/lesson_python_pkg/lib/python3.12/site-packages/lesson_python_pkg-0.0.0-py3.12.egg-info
[3.515s] running install_scripts
[3.968s] Installing listener script to /home/sdqsz/codes/lesson2/src/install/lesson_python_pkg/lib/lesson_python_pkg
[3.968s] Installing talker script to /home/sdqsz/codes/lesson2/src/install/lesson_python_pkg/lib/lesson_python_pkg
[3.969s] writing list of installed files to '/home/sdqsz/codes/lesson2/src/build/lesson_python_pkg/install.log'
[4.061s] Invoked command in '/home/sdqsz/codes/lesson2/src/lesson_python_pkg' returned '0': DEBUGINFOD_URLS=https://debuginfod.ubuntu.com PYTHONPATH=/home/sdqsz/codes/lesson2/src/build/lesson_python_pkg/prefix_override:/usr/lib/python3/dist-packages/colcon_core/task/python/colcon_distutils_commands:/home/sdqsz/codes/lesson2/src/install/lesson_python_pkg/lib/python3.12/site-packages:${PYTHONPATH} /usr/bin/python3 -W ignore:setup.py install is deprecated -W ignore:easy_install command is deprecated setup.py egg_info --egg-base ../build/lesson_python_pkg build --build-base /home/sdqsz/codes/lesson2/src/build/lesson_python_pkg/build install --record /home/sdqsz/codes/lesson2/src/build/lesson_python_pkg/install.log --single-version-externally-managed install_data
