running egg_info
creating ../../build/lesson_python_pkg/lesson_python_pkg.egg-info
writing ../../build/lesson_python_pkg/lesson_python_pkg.egg-info/PKG-INFO
writing dependency_links to ../../build/lesson_python_pkg/lesson_python_pkg.egg-info/dependency_links.txt
writing requirements to ../../build/lesson_python_pkg/lesson_python_pkg.egg-info/requires.txt
writing top-level names to ../../build/lesson_python_pkg/lesson_python_pkg.egg-info/top_level.txt
writing manifest file '../../build/lesson_python_pkg/lesson_python_pkg.egg-info/SOURCES.txt'
reading manifest file '../../build/lesson_python_pkg/lesson_python_pkg.egg-info/SOURCES.txt'
adding license file 'LICENSE'
writing manifest file '../../build/lesson_python_pkg/lesson_python_pkg.egg-info/SOURCES.txt'
running build
running build_py
creating /home/sdqsz/codes/lesson2/build/lesson_python_pkg/build
creating /home/sdqsz/codes/lesson2/build/lesson_python_pkg/build/lib
creating /home/sdqsz/codes/lesson2/build/lesson_python_pkg/build/lib/lesson_python_pkg
copying lesson_python_pkg/__init__.py -> /home/sdqsz/codes/lesson2/build/lesson_python_pkg/build/lib/lesson_python_pkg
copying lesson_python_pkg/publisher.py -> /home/sdqsz/codes/lesson2/build/lesson_python_pkg/build/lib/lesson_python_pkg
running install
running install_lib
creating /home/sdqsz/codes/lesson2/install/lesson_python_pkg/lib/python3.12/site-packages/lesson_python_pkg
copying /home/sdqsz/codes/lesson2/build/lesson_python_pkg/build/lib/lesson_python_pkg/__init__.py -> /home/sdqsz/codes/lesson2/install/lesson_python_pkg/lib/python3.12/site-packages/lesson_python_pkg
copying /home/sdqsz/codes/lesson2/build/lesson_python_pkg/build/lib/lesson_python_pkg/publisher.py -> /home/sdqsz/codes/lesson2/install/lesson_python_pkg/lib/python3.12/site-packages/lesson_python_pkg
byte-compiling /home/sdqsz/codes/lesson2/install/lesson_python_pkg/lib/python3.12/site-packages/lesson_python_pkg/__init__.py to __init__.cpython-312.pyc
byte-compiling /home/sdqsz/codes/lesson2/install/lesson_python_pkg/lib/python3.12/site-packages/lesson_python_pkg/publisher.py to publisher.cpython-312.pyc
running install_data
creating /home/sdqsz/codes/lesson2/install/lesson_python_pkg/share/ament_index
creating /home/sdqsz/codes/lesson2/install/lesson_python_pkg/share/ament_index/resource_index
creating /home/sdqsz/codes/lesson2/install/lesson_python_pkg/share/ament_index/resource_index/packages
copying resource/lesson_python_pkg -> /home/sdqsz/codes/lesson2/install/lesson_python_pkg/share/ament_index/resource_index/packages
copying package.xml -> /home/sdqsz/codes/lesson2/install/lesson_python_pkg/share/lesson_python_pkg
running install_egg_info
Copying ../../build/lesson_python_pkg/lesson_python_pkg.egg-info to /home/sdqsz/codes/lesson2/install/lesson_python_pkg/lib/python3.12/site-packages/lesson_python_pkg-0.0.0-py3.12.egg-info
running install_scripts
writing list of installed files to '/home/sdqsz/codes/lesson2/build/lesson_python_pkg/install.log'
