[0.068s] DEBUG:colcon:Command line arguments: ['/usr/bin/colcon', 'build']
[0.068s] DEBUG:colcon:Parsed command line arguments: Namespace(log_base=None, log_level=None, verb_name='build', build_base='build', install_base='install', merge_install=False, symlink_install=False, test_result_base=None, continue_on_error=False, executor='parallel', parallel_workers=16, event_handlers=None, ignore_user_meta=False, metas=['./colcon.meta'], base_paths=['.'], packages_ignore=None, packages_ignore_regex=None, paths=None, packages_up_to=None, packages_up_to_regex=None, packages_above=None, packages_above_and_dependencies=None, packages_above_depth=None, packages_select_by_dep=None, packages_skip_by_dep=None, packages_skip_up_to=None, packages_select_build_failed=False, packages_skip_build_finished=False, packages_select_test_failures=False, packages_skip_test_passed=False, packages_select=None, packages_skip=None, packages_select_regex=None, packages_skip_regex=None, packages_start=None, packages_end=None, allow_overriding=[], cmake_args=None, cmake_target=None, cmake_target_skip_unavailable=False, cmake_clean_cache=False, cmake_clean_first=False, cmake_force_configure=False, ament_cmake_args=None, catkin_cmake_args=None, catkin_skip_building_tests=False, mixin_files=None, mixin=None, verb_parser=<colcon_mixin.mixin.mixin_argument.MixinArgumentDecorator object at 0x71f20f5a6bd0>, verb_extension=<colcon_core.verb.build.BuildVerb object at 0x71f20f6cf080>, main=<bound method BuildVerb.main of <colcon_core.verb.build.BuildVerb object at 0x71f20f6cf080>>, mixin_verb=('build',))
[0.093s] Level 1:colcon.colcon_core.package_discovery:discover_packages(colcon_meta) check parameters
[0.093s] Level 1:colcon.colcon_core.package_discovery:discover_packages(recursive) check parameters
[0.093s] Level 1:colcon.colcon_core.package_discovery:discover_packages(ignore) check parameters
[0.093s] Level 1:colcon.colcon_core.package_discovery:discover_packages(path) check parameters
[0.093s] Level 1:colcon.colcon_core.package_discovery:discover_packages(colcon_meta) discover
[0.093s] Level 1:colcon.colcon_core.package_discovery:discover_packages(recursive) discover
[0.093s] INFO:colcon.colcon_core.package_discovery:Crawling recursively for packages in '/home/sdqsz/codes/lesson2'
[0.093s] Level 1:colcon.colcon_core.package_identification:_identify(.) by extensions ['ignore', 'ignore_ament_install']
[0.093s] Level 1:colcon.colcon_core.package_identification:_identify(.) by extension 'ignore'
[0.093s] Level 1:colcon.colcon_core.package_identification:_identify(.) by extension 'ignore_ament_install'
[0.093s] Level 1:colcon.colcon_core.package_identification:_identify(.) by extensions ['colcon_pkg']
[0.094s] Level 1:colcon.colcon_core.package_identification:_identify(.) by extension 'colcon_pkg'
[0.094s] Level 1:colcon.colcon_core.package_identification:_identify(.) by extensions ['colcon_meta']
[0.094s] Level 1:colcon.colcon_core.package_identification:_identify(.) by extension 'colcon_meta'
[0.094s] Level 1:colcon.colcon_core.package_identification:_identify(.) by extensions ['ros']
[0.094s] Level 1:colcon.colcon_core.package_identification:_identify(.) by extension 'ros'
[0.111s] Level 1:colcon.colcon_core.package_identification:_identify(.) by extensions ['cmake', 'python']
[0.111s] Level 1:colcon.colcon_core.package_identification:_identify(.) by extension 'cmake'
[0.111s] Level 1:colcon.colcon_core.package_identification:_identify(.) by extension 'python'
[0.111s] Level 1:colcon.colcon_core.package_identification:_identify(.) by extensions ['python_setup_py']
[0.111s] Level 1:colcon.colcon_core.package_identification:_identify(.) by extension 'python_setup_py'
[0.111s] Level 1:colcon.colcon_core.package_identification:_identify(build) by extensions ['ignore', 'ignore_ament_install']
[0.111s] Level 1:colcon.colcon_core.package_identification:_identify(build) by extension 'ignore'
[0.111s] Level 1:colcon.colcon_core.package_identification:_identify(build) ignored
[0.111s] Level 1:colcon.colcon_core.package_identification:_identify(install) by extensions ['ignore', 'ignore_ament_install']
[0.111s] Level 1:colcon.colcon_core.package_identification:_identify(install) by extension 'ignore'
[0.111s] Level 1:colcon.colcon_core.package_identification:_identify(install) ignored
[0.111s] Level 1:colcon.colcon_core.package_identification:_identify(log) by extensions ['ignore', 'ignore_ament_install']
[0.111s] Level 1:colcon.colcon_core.package_identification:_identify(log) by extension 'ignore'
[0.111s] Level 1:colcon.colcon_core.package_identification:_identify(log) ignored
[0.111s] Level 1:colcon.colcon_core.package_identification:_identify(src) by extensions ['ignore', 'ignore_ament_install']
[0.111s] Level 1:colcon.colcon_core.package_identification:_identify(src) by extension 'ignore'
[0.111s] Level 1:colcon.colcon_core.package_identification:_identify(src) by extension 'ignore_ament_install'
[0.111s] Level 1:colcon.colcon_core.package_identification:_identify(src) by extensions ['colcon_pkg']
[0.111s] Level 1:colcon.colcon_core.package_identification:_identify(src) by extension 'colcon_pkg'
[0.111s] Level 1:colcon.colcon_core.package_identification:_identify(src) by extensions ['colcon_meta']
[0.111s] Level 1:colcon.colcon_core.package_identification:_identify(src) by extension 'colcon_meta'
[0.111s] Level 1:colcon.colcon_core.package_identification:_identify(src) by extensions ['ros']
[0.111s] Level 1:colcon.colcon_core.package_identification:_identify(src) by extension 'ros'
[0.112s] Level 1:colcon.colcon_core.package_identification:_identify(src) by extensions ['cmake', 'python']
[0.112s] Level 1:colcon.colcon_core.package_identification:_identify(src) by extension 'cmake'
[0.112s] Level 1:colcon.colcon_core.package_identification:_identify(src) by extension 'python'
[0.112s] Level 1:colcon.colcon_core.package_identification:_identify(src) by extensions ['python_setup_py']
[0.112s] Level 1:colcon.colcon_core.package_identification:_identify(src) by extension 'python_setup_py'
[0.112s] Level 1:colcon.colcon_core.package_identification:_identify(src/lesson_cpp_pkg) by extensions ['ignore', 'ignore_ament_install']
[0.112s] Level 1:colcon.colcon_core.package_identification:_identify(src/lesson_cpp_pkg) by extension 'ignore'
[0.112s] Level 1:colcon.colcon_core.package_identification:_identify(src/lesson_cpp_pkg) by extension 'ignore_ament_install'
[0.112s] Level 1:colcon.colcon_core.package_identification:_identify(src/lesson_cpp_pkg) by extensions ['colcon_pkg']
[0.112s] Level 1:colcon.colcon_core.package_identification:_identify(src/lesson_cpp_pkg) by extension 'colcon_pkg'
[0.112s] Level 1:colcon.colcon_core.package_identification:_identify(src/lesson_cpp_pkg) by extensions ['colcon_meta']
[0.112s] Level 1:colcon.colcon_core.package_identification:_identify(src/lesson_cpp_pkg) by extension 'colcon_meta'
[0.112s] Level 1:colcon.colcon_core.package_identification:_identify(src/lesson_cpp_pkg) by extensions ['ros']
[0.112s] Level 1:colcon.colcon_core.package_identification:_identify(src/lesson_cpp_pkg) by extension 'ros'
[0.113s] DEBUG:colcon.colcon_core.package_identification:Package 'src/lesson_cpp_pkg' with type 'ros.ament_cmake' and name 'lesson_cpp_pkg'
[0.114s] Level 1:colcon.colcon_core.package_identification:_identify(src/lesson_cpp_service) by extensions ['ignore', 'ignore_ament_install']
[0.114s] Level 1:colcon.colcon_core.package_identification:_identify(src/lesson_cpp_service) by extension 'ignore'
[0.114s] Level 1:colcon.colcon_core.package_identification:_identify(src/lesson_cpp_service) by extension 'ignore_ament_install'
[0.114s] Level 1:colcon.colcon_core.package_identification:_identify(src/lesson_cpp_service) by extensions ['colcon_pkg']
[0.114s] Level 1:colcon.colcon_core.package_identification:_identify(src/lesson_cpp_service) by extension 'colcon_pkg'
[0.114s] Level 1:colcon.colcon_core.package_identification:_identify(src/lesson_cpp_service) by extensions ['colcon_meta']
[0.114s] Level 1:colcon.colcon_core.package_identification:_identify(src/lesson_cpp_service) by extension 'colcon_meta'
[0.114s] Level 1:colcon.colcon_core.package_identification:_identify(src/lesson_cpp_service) by extensions ['ros']
[0.114s] Level 1:colcon.colcon_core.package_identification:_identify(src/lesson_cpp_service) by extension 'ros'
[0.114s] DEBUG:colcon.colcon_core.package_identification:Package 'src/lesson_cpp_service' with type 'ros.ament_cmake' and name 'lesson_cpp_service'
[0.114s] Level 1:colcon.colcon_core.package_identification:_identify(src/lesson_interfaces) by extensions ['ignore', 'ignore_ament_install']
[0.114s] Level 1:colcon.colcon_core.package_identification:_identify(src/lesson_interfaces) by extension 'ignore'
[0.114s] Level 1:colcon.colcon_core.package_identification:_identify(src/lesson_interfaces) by extension 'ignore_ament_install'
[0.114s] Level 1:colcon.colcon_core.package_identification:_identify(src/lesson_interfaces) by extensions ['colcon_pkg']
[0.114s] Level 1:colcon.colcon_core.package_identification:_identify(src/lesson_interfaces) by extension 'colcon_pkg'
[0.115s] Level 1:colcon.colcon_core.package_identification:_identify(src/lesson_interfaces) by extensions ['colcon_meta']
[0.115s] Level 1:colcon.colcon_core.package_identification:_identify(src/lesson_interfaces) by extension 'colcon_meta'
[0.115s] Level 1:colcon.colcon_core.package_identification:_identify(src/lesson_interfaces) by extensions ['ros']
[0.115s] Level 1:colcon.colcon_core.package_identification:_identify(src/lesson_interfaces) by extension 'ros'
[0.115s] DEBUG:colcon.colcon_core.package_identification:Package 'src/lesson_interfaces' with type 'ros.ament_cmake' and name 'lesson_interfaces'
[0.115s] Level 1:colcon.colcon_core.package_identification:_identify(src/lesson_python_pkg) by extensions ['ignore', 'ignore_ament_install']
[0.115s] Level 1:colcon.colcon_core.package_identification:_identify(src/lesson_python_pkg) by extension 'ignore'
[0.115s] Level 1:colcon.colcon_core.package_identification:_identify(src/lesson_python_pkg) by extension 'ignore_ament_install'
[0.115s] Level 1:colcon.colcon_core.package_identification:_identify(src/lesson_python_pkg) by extensions ['colcon_pkg']
[0.115s] Level 1:colcon.colcon_core.package_identification:_identify(src/lesson_python_pkg) by extension 'colcon_pkg'
[0.115s] Level 1:colcon.colcon_core.package_identification:_identify(src/lesson_python_pkg) by extensions ['colcon_meta']
[0.115s] Level 1:colcon.colcon_core.package_identification:_identify(src/lesson_python_pkg) by extension 'colcon_meta'
[0.115s] Level 1:colcon.colcon_core.package_identification:_identify(src/lesson_python_pkg) by extensions ['ros']
[0.115s] Level 1:colcon.colcon_core.package_identification:_identify(src/lesson_python_pkg) by extension 'ros'
[0.116s] DEBUG:colcon.colcon_core.package_identification:Package 'src/lesson_python_pkg' with type 'ros.ament_python' and name 'lesson_python_pkg'
[0.116s] Level 1:colcon.colcon_core.package_identification:_identify(src/lesson_python_service) by extensions ['ignore', 'ignore_ament_install']
[0.116s] Level 1:colcon.colcon_core.package_identification:_identify(src/lesson_python_service) by extension 'ignore'
[0.116s] Level 1:colcon.colcon_core.package_identification:_identify(src/lesson_python_service) by extension 'ignore_ament_install'
[0.116s] Level 1:colcon.colcon_core.package_identification:_identify(src/lesson_python_service) by extensions ['colcon_pkg']
[0.116s] Level 1:colcon.colcon_core.package_identification:_identify(src/lesson_python_service) by extension 'colcon_pkg'
[0.116s] Level 1:colcon.colcon_core.package_identification:_identify(src/lesson_python_service) by extensions ['colcon_meta']
[0.116s] Level 1:colcon.colcon_core.package_identification:_identify(src/lesson_python_service) by extension 'colcon_meta'
[0.116s] Level 1:colcon.colcon_core.package_identification:_identify(src/lesson_python_service) by extensions ['ros']
[0.116s] Level 1:colcon.colcon_core.package_identification:_identify(src/lesson_python_service) by extension 'ros'
[0.116s] DEBUG:colcon.colcon_core.package_identification:Package 'src/lesson_python_service' with type 'ros.ament_python' and name 'lesson_python_service'
[0.116s] Level 1:colcon.colcon_core.package_discovery:discover_packages(recursive) using defaults
[0.116s] Level 1:colcon.colcon_core.package_discovery:discover_packages(ignore) discover
[0.116s] Level 1:colcon.colcon_core.package_discovery:discover_packages(ignore) using defaults
[0.116s] Level 1:colcon.colcon_core.package_discovery:discover_packages(path) discover
[0.116s] Level 1:colcon.colcon_core.package_discovery:discover_packages(path) using defaults
[0.128s] Level 1:colcon.colcon_core.package_discovery:discover_packages(prefix_path) check parameters
[0.128s] Level 1:colcon.colcon_core.package_discovery:discover_packages(prefix_path) discover
[0.129s] WARNING:colcon.colcon_core.prefix_path.colcon:The path '/home/sdqsz/codes/lesson2/src/install' in the environment variable COLCON_PREFIX_PATH doesn't exist
[0.129s] WARNING:colcon.colcon_ros.prefix_path.ament:The path '/home/sdqsz/codes/lesson2/src/install/lesson_python_service' in the environment variable AMENT_PREFIX_PATH doesn't exist
[0.129s] WARNING:colcon.colcon_ros.prefix_path.ament:The path '/home/sdqsz/codes/lesson2/src/install/lesson_python_pkg' in the environment variable AMENT_PREFIX_PATH doesn't exist
[0.129s] WARNING:colcon.colcon_ros.prefix_path.ament:The path '/home/sdqsz/codes/lesson2/src/install/lesson_interfaces' in the environment variable AMENT_PREFIX_PATH doesn't exist
[0.129s] WARNING:colcon.colcon_ros.prefix_path.ament:The path '/home/sdqsz/codes/lesson2/src/install/lesson_cpp_service' in the environment variable AMENT_PREFIX_PATH doesn't exist
[0.129s] WARNING:colcon.colcon_ros.prefix_path.ament:The path '/home/sdqsz/codes/lesson2/src/install/lesson_cpp_pkg' in the environment variable AMENT_PREFIX_PATH doesn't exist
[0.129s] WARNING:colcon.colcon_ros.prefix_path.catkin:The path '/home/sdqsz/codes/lesson2/src/install/lesson_interfaces' in the environment variable CMAKE_PREFIX_PATH doesn't exist
[0.129s] WARNING:colcon.colcon_ros.prefix_path.catkin:The path '/home/sdqsz/codes/lesson2/src/install/lesson_cpp_service' in the environment variable CMAKE_PREFIX_PATH doesn't exist
[0.129s] WARNING:colcon.colcon_ros.prefix_path.catkin:The path '/home/sdqsz/codes/lesson2/src/install/lesson_cpp_pkg' in the environment variable CMAKE_PREFIX_PATH doesn't exist
[0.130s] DEBUG:colcon.colcon_installed_package_information.package_discovery:Found 4 installed packages in /home/sdqsz/codes/lesson2/install
[0.131s] DEBUG:colcon.colcon_installed_package_information.package_discovery:Found 376 installed packages in /opt/ros/jazzy
[0.133s] Level 1:colcon.colcon_core.package_discovery:discover_packages(prefix_path) using defaults
[0.175s] Level 5:colcon.colcon_core.verb:set package 'lesson_cpp_pkg' build argument 'cmake_args' from command line to 'None'
[0.175s] Level 5:colcon.colcon_core.verb:set package 'lesson_cpp_pkg' build argument 'cmake_target' from command line to 'None'
[0.175s] Level 5:colcon.colcon_core.verb:set package 'lesson_cpp_pkg' build argument 'cmake_target_skip_unavailable' from command line to 'False'
[0.175s] Level 5:colcon.colcon_core.verb:set package 'lesson_cpp_pkg' build argument 'cmake_clean_cache' from command line to 'False'
[0.175s] Level 5:colcon.colcon_core.verb:set package 'lesson_cpp_pkg' build argument 'cmake_clean_first' from command line to 'False'
[0.175s] Level 5:colcon.colcon_core.verb:set package 'lesson_cpp_pkg' build argument 'cmake_force_configure' from command line to 'False'
[0.175s] Level 5:colcon.colcon_core.verb:set package 'lesson_cpp_pkg' build argument 'ament_cmake_args' from command line to 'None'
[0.175s] Level 5:colcon.colcon_core.verb:set package 'lesson_cpp_pkg' build argument 'catkin_cmake_args' from command line to 'None'
[0.175s] Level 5:colcon.colcon_core.verb:set package 'lesson_cpp_pkg' build argument 'catkin_skip_building_tests' from command line to 'False'
[0.175s] DEBUG:colcon.colcon_core.verb:Building package 'lesson_cpp_pkg' with the following arguments: {'ament_cmake_args': None, 'build_base': '/home/sdqsz/codes/lesson2/build/lesson_cpp_pkg', 'catkin_cmake_args': None, 'catkin_skip_building_tests': False, 'cmake_args': None, 'cmake_clean_cache': False, 'cmake_clean_first': False, 'cmake_force_configure': False, 'cmake_target': None, 'cmake_target_skip_unavailable': False, 'install_base': '/home/sdqsz/codes/lesson2/install/lesson_cpp_pkg', 'merge_install': False, 'path': '/home/sdqsz/codes/lesson2/src/lesson_cpp_pkg', 'symlink_install': False, 'test_result_base': None}
[0.176s] Level 5:colcon.colcon_core.verb:set package 'lesson_cpp_service' build argument 'cmake_args' from command line to 'None'
[0.176s] Level 5:colcon.colcon_core.verb:set package 'lesson_cpp_service' build argument 'cmake_target' from command line to 'None'
[0.176s] Level 5:colcon.colcon_core.verb:set package 'lesson_cpp_service' build argument 'cmake_target_skip_unavailable' from command line to 'False'
[0.176s] Level 5:colcon.colcon_core.verb:set package 'lesson_cpp_service' build argument 'cmake_clean_cache' from command line to 'False'
[0.176s] Level 5:colcon.colcon_core.verb:set package 'lesson_cpp_service' build argument 'cmake_clean_first' from command line to 'False'
[0.176s] Level 5:colcon.colcon_core.verb:set package 'lesson_cpp_service' build argument 'cmake_force_configure' from command line to 'False'
[0.176s] Level 5:colcon.colcon_core.verb:set package 'lesson_cpp_service' build argument 'ament_cmake_args' from command line to 'None'
[0.176s] Level 5:colcon.colcon_core.verb:set package 'lesson_cpp_service' build argument 'catkin_cmake_args' from command line to 'None'
[0.176s] Level 5:colcon.colcon_core.verb:set package 'lesson_cpp_service' build argument 'catkin_skip_building_tests' from command line to 'False'
[0.176s] DEBUG:colcon.colcon_core.verb:Building package 'lesson_cpp_service' with the following arguments: {'ament_cmake_args': None, 'build_base': '/home/sdqsz/codes/lesson2/build/lesson_cpp_service', 'catkin_cmake_args': None, 'catkin_skip_building_tests': False, 'cmake_args': None, 'cmake_clean_cache': False, 'cmake_clean_first': False, 'cmake_force_configure': False, 'cmake_target': None, 'cmake_target_skip_unavailable': False, 'install_base': '/home/sdqsz/codes/lesson2/install/lesson_cpp_service', 'merge_install': False, 'path': '/home/sdqsz/codes/lesson2/src/lesson_cpp_service', 'symlink_install': False, 'test_result_base': None}
[0.176s] Level 5:colcon.colcon_core.verb:set package 'lesson_interfaces' build argument 'cmake_args' from command line to 'None'
[0.176s] Level 5:colcon.colcon_core.verb:set package 'lesson_interfaces' build argument 'cmake_target' from command line to 'None'
[0.176s] Level 5:colcon.colcon_core.verb:set package 'lesson_interfaces' build argument 'cmake_target_skip_unavailable' from command line to 'False'
[0.176s] Level 5:colcon.colcon_core.verb:set package 'lesson_interfaces' build argument 'cmake_clean_cache' from command line to 'False'
[0.176s] Level 5:colcon.colcon_core.verb:set package 'lesson_interfaces' build argument 'cmake_clean_first' from command line to 'False'
[0.176s] Level 5:colcon.colcon_core.verb:set package 'lesson_interfaces' build argument 'cmake_force_configure' from command line to 'False'
[0.176s] Level 5:colcon.colcon_core.verb:set package 'lesson_interfaces' build argument 'ament_cmake_args' from command line to 'None'
[0.176s] Level 5:colcon.colcon_core.verb:set package 'lesson_interfaces' build argument 'catkin_cmake_args' from command line to 'None'
[0.176s] Level 5:colcon.colcon_core.verb:set package 'lesson_interfaces' build argument 'catkin_skip_building_tests' from command line to 'False'
[0.176s] DEBUG:colcon.colcon_core.verb:Building package 'lesson_interfaces' with the following arguments: {'ament_cmake_args': None, 'build_base': '/home/sdqsz/codes/lesson2/build/lesson_interfaces', 'catkin_cmake_args': None, 'catkin_skip_building_tests': False, 'cmake_args': None, 'cmake_clean_cache': False, 'cmake_clean_first': False, 'cmake_force_configure': False, 'cmake_target': None, 'cmake_target_skip_unavailable': False, 'install_base': '/home/sdqsz/codes/lesson2/install/lesson_interfaces', 'merge_install': False, 'path': '/home/sdqsz/codes/lesson2/src/lesson_interfaces', 'symlink_install': False, 'test_result_base': None}
[0.177s] Level 5:colcon.colcon_core.verb:set package 'lesson_python_pkg' build argument 'cmake_args' from command line to 'None'
[0.177s] Level 5:colcon.colcon_core.verb:set package 'lesson_python_pkg' build argument 'cmake_target' from command line to 'None'
[0.177s] Level 5:colcon.colcon_core.verb:set package 'lesson_python_pkg' build argument 'cmake_target_skip_unavailable' from command line to 'False'
[0.177s] Level 5:colcon.colcon_core.verb:set package 'lesson_python_pkg' build argument 'cmake_clean_cache' from command line to 'False'
[0.177s] Level 5:colcon.colcon_core.verb:set package 'lesson_python_pkg' build argument 'cmake_clean_first' from command line to 'False'
[0.177s] Level 5:colcon.colcon_core.verb:set package 'lesson_python_pkg' build argument 'cmake_force_configure' from command line to 'False'
[0.177s] Level 5:colcon.colcon_core.verb:set package 'lesson_python_pkg' build argument 'ament_cmake_args' from command line to 'None'
[0.177s] Level 5:colcon.colcon_core.verb:set package 'lesson_python_pkg' build argument 'catkin_cmake_args' from command line to 'None'
[0.177s] Level 5:colcon.colcon_core.verb:set package 'lesson_python_pkg' build argument 'catkin_skip_building_tests' from command line to 'False'
[0.177s] DEBUG:colcon.colcon_core.verb:Building package 'lesson_python_pkg' with the following arguments: {'ament_cmake_args': None, 'build_base': '/home/sdqsz/codes/lesson2/build/lesson_python_pkg', 'catkin_cmake_args': None, 'catkin_skip_building_tests': False, 'cmake_args': None, 'cmake_clean_cache': False, 'cmake_clean_first': False, 'cmake_force_configure': False, 'cmake_target': None, 'cmake_target_skip_unavailable': False, 'install_base': '/home/sdqsz/codes/lesson2/install/lesson_python_pkg', 'merge_install': False, 'path': '/home/sdqsz/codes/lesson2/src/lesson_python_pkg', 'symlink_install': False, 'test_result_base': None}
[0.177s] Level 5:colcon.colcon_core.verb:set package 'lesson_python_service' build argument 'cmake_args' from command line to 'None'
[0.177s] Level 5:colcon.colcon_core.verb:set package 'lesson_python_service' build argument 'cmake_target' from command line to 'None'
[0.177s] Level 5:colcon.colcon_core.verb:set package 'lesson_python_service' build argument 'cmake_target_skip_unavailable' from command line to 'False'
[0.177s] Level 5:colcon.colcon_core.verb:set package 'lesson_python_service' build argument 'cmake_clean_cache' from command line to 'False'
[0.177s] Level 5:colcon.colcon_core.verb:set package 'lesson_python_service' build argument 'cmake_clean_first' from command line to 'False'
[0.177s] Level 5:colcon.colcon_core.verb:set package 'lesson_python_service' build argument 'cmake_force_configure' from command line to 'False'
[0.177s] Level 5:colcon.colcon_core.verb:set package 'lesson_python_service' build argument 'ament_cmake_args' from command line to 'None'
[0.177s] Level 5:colcon.colcon_core.verb:set package 'lesson_python_service' build argument 'catkin_cmake_args' from command line to 'None'
[0.177s] Level 5:colcon.colcon_core.verb:set package 'lesson_python_service' build argument 'catkin_skip_building_tests' from command line to 'False'
[0.177s] DEBUG:colcon.colcon_core.verb:Building package 'lesson_python_service' with the following arguments: {'ament_cmake_args': None, 'build_base': '/home/sdqsz/codes/lesson2/build/lesson_python_service', 'catkin_cmake_args': None, 'catkin_skip_building_tests': False, 'cmake_args': None, 'cmake_clean_cache': False, 'cmake_clean_first': False, 'cmake_force_configure': False, 'cmake_target': None, 'cmake_target_skip_unavailable': False, 'install_base': '/home/sdqsz/codes/lesson2/install/lesson_python_service', 'merge_install': False, 'path': '/home/sdqsz/codes/lesson2/src/lesson_python_service', 'symlink_install': False, 'test_result_base': None}
[0.177s] INFO:colcon.colcon_core.executor:Executing jobs using 'parallel' executor
[0.179s] DEBUG:colcon.colcon_parallel_executor.executor.parallel:run_until_complete
[0.179s] INFO:colcon.colcon_ros.task.ament_cmake.build:Building ROS package in '/home/sdqsz/codes/lesson2/src/lesson_interfaces' with build type 'ament_cmake'
[0.179s] INFO:colcon.colcon_cmake.task.cmake.build:Building CMake package in '/home/sdqsz/codes/lesson2/src/lesson_interfaces'
[0.181s] INFO:colcon.colcon_core.plugin_system:Skipping extension 'colcon_core.shell.bat': Not used on non-Windows systems
[0.181s] INFO:colcon.colcon_core.shell:Skip shell extension 'powershell' for command environment: Not usable outside of PowerShell
[0.181s] DEBUG:colcon.colcon_core.shell:Skip shell extension 'dsv' for command environment
[0.185s] INFO:colcon.colcon_ros.task.ament_cmake.build:Building ROS package in '/home/sdqsz/codes/lesson2/src/lesson_cpp_pkg' with build type 'ament_cmake'
[0.185s] INFO:colcon.colcon_cmake.task.cmake.build:Building CMake package in '/home/sdqsz/codes/lesson2/src/lesson_cpp_pkg'
[0.185s] INFO:colcon.colcon_core.shell:Skip shell extension 'powershell' for command environment: Not usable outside of PowerShell
[0.185s] DEBUG:colcon.colcon_core.shell:Skip shell extension 'dsv' for command environment
[0.188s] INFO:colcon.colcon_ros.task.ament_cmake.build:Building ROS package in '/home/sdqsz/codes/lesson2/src/lesson_cpp_service' with build type 'ament_cmake'
[0.188s] INFO:colcon.colcon_cmake.task.cmake.build:Building CMake package in '/home/sdqsz/codes/lesson2/src/lesson_cpp_service'
[0.189s] INFO:colcon.colcon_core.shell:Skip shell extension 'powershell' for command environment: Not usable outside of PowerShell
[0.189s] DEBUG:colcon.colcon_core.shell:Skip shell extension 'dsv' for command environment
[0.192s] INFO:colcon.colcon_ros.task.ament_python.build:Building ROS package in '/home/sdqsz/codes/lesson2/src/lesson_python_pkg' with build type 'ament_python'
[0.193s] Level 1:colcon.colcon_core.shell:create_environment_hook('lesson_python_pkg', 'ament_prefix_path')
[0.193s] INFO:colcon.colcon_core.shell:Creating environment hook '/home/sdqsz/codes/lesson2/install/lesson_python_pkg/share/lesson_python_pkg/hook/ament_prefix_path.ps1'
[0.194s] INFO:colcon.colcon_core.shell:Creating environment descriptor '/home/sdqsz/codes/lesson2/install/lesson_python_pkg/share/lesson_python_pkg/hook/ament_prefix_path.dsv'
[0.194s] INFO:colcon.colcon_core.shell:Creating environment hook '/home/sdqsz/codes/lesson2/install/lesson_python_pkg/share/lesson_python_pkg/hook/ament_prefix_path.sh'
[0.195s] INFO:colcon.colcon_core.shell:Skip shell extension 'powershell' for command environment: Not usable outside of PowerShell
[0.195s] DEBUG:colcon.colcon_core.shell:Skip shell extension 'dsv' for command environment
[0.206s] DEBUG:colcon.colcon_core.event_handler.log_command:Invoking command in '/home/sdqsz/codes/lesson2/build/lesson_interfaces': CMAKE_PREFIX_PATH=${CMAKE_PREFIX_PATH}:/home/sdqsz/codes/lesson2/src/install/lesson_python_service:/home/sdqsz/codes/lesson2/src/install/lesson_python_pkg:/home/sdqsz/codes/lesson2/install/lesson_python_service:/home/sdqsz/codes/lesson2/install/lesson_python_pkg:/opt/ros/jazzy DEBUGINFOD_URLS=https://debuginfod.ubuntu.com /usr/bin/cmake /home/sdqsz/codes/lesson2/src/lesson_interfaces -DCMAKE_INSTALL_PREFIX=/home/sdqsz/codes/lesson2/install/lesson_interfaces
[0.210s] DEBUG:colcon.colcon_core.event_handler.log_command:Invoking command in '/home/sdqsz/codes/lesson2/build/lesson_cpp_pkg': CMAKE_PREFIX_PATH=${CMAKE_PREFIX_PATH}:/home/sdqsz/codes/lesson2/src/install/lesson_python_service:/home/sdqsz/codes/lesson2/src/install/lesson_python_pkg:/home/sdqsz/codes/lesson2/install/lesson_python_service:/home/sdqsz/codes/lesson2/install/lesson_python_pkg:/opt/ros/jazzy DEBUGINFOD_URLS=https://debuginfod.ubuntu.com /usr/bin/cmake --build /home/sdqsz/codes/lesson2/build/lesson_cpp_pkg -- -j16 -l16
[0.214s] DEBUG:colcon.colcon_core.event_handler.log_command:Invoking command in '/home/sdqsz/codes/lesson2/build/lesson_cpp_service': CMAKE_PREFIX_PATH=${CMAKE_PREFIX_PATH}:/home/sdqsz/codes/lesson2/src/install/lesson_python_service:/home/sdqsz/codes/lesson2/src/install/lesson_python_pkg:/home/sdqsz/codes/lesson2/install/lesson_python_service:/home/sdqsz/codes/lesson2/install/lesson_python_pkg:/opt/ros/jazzy DEBUGINFOD_URLS=https://debuginfod.ubuntu.com /usr/bin/cmake --build /home/sdqsz/codes/lesson2/build/lesson_cpp_service -- -j16 -l16
[0.434s] INFO:colcon.colcon_core.task.python.build:Building Python package in '/home/sdqsz/codes/lesson2/src/lesson_python_pkg'
[0.434s] INFO:colcon.colcon_core.shell:Skip shell extension 'powershell' for command environment: Not usable outside of PowerShell
[0.434s] DEBUG:colcon.colcon_core.shell:Skip shell extension 'dsv' for command environment
[0.438s] DEBUG:colcon.colcon_core.event_handler.log_command:Invoked command in '/home/sdqsz/codes/lesson2/build/lesson_cpp_pkg' returned '0': CMAKE_PREFIX_PATH=${CMAKE_PREFIX_PATH}:/home/sdqsz/codes/lesson2/src/install/lesson_python_service:/home/sdqsz/codes/lesson2/src/install/lesson_python_pkg:/home/sdqsz/codes/lesson2/install/lesson_python_service:/home/sdqsz/codes/lesson2/install/lesson_python_pkg:/opt/ros/jazzy DEBUGINFOD_URLS=https://debuginfod.ubuntu.com /usr/bin/cmake --build /home/sdqsz/codes/lesson2/build/lesson_cpp_pkg -- -j16 -l16
[0.448s] DEBUG:colcon.colcon_core.event_handler.log_command:Invoking command in '/home/sdqsz/codes/lesson2/build/lesson_cpp_pkg': CMAKE_PREFIX_PATH=${CMAKE_PREFIX_PATH}:/home/sdqsz/codes/lesson2/src/install/lesson_python_service:/home/sdqsz/codes/lesson2/src/install/lesson_python_pkg:/home/sdqsz/codes/lesson2/install/lesson_python_service:/home/sdqsz/codes/lesson2/install/lesson_python_pkg:/opt/ros/jazzy DEBUGINFOD_URLS=https://debuginfod.ubuntu.com /usr/bin/cmake --install /home/sdqsz/codes/lesson2/build/lesson_cpp_pkg
[0.459s] Level 1:colcon.colcon_core.environment:create_environment_scripts_only(lesson_cpp_pkg)
[0.460s] DEBUG:colcon.colcon_core.event_handler.log_command:Invoked command in '/home/sdqsz/codes/lesson2/build/lesson_cpp_pkg' returned '0': CMAKE_PREFIX_PATH=${CMAKE_PREFIX_PATH}:/home/sdqsz/codes/lesson2/src/install/lesson_python_service:/home/sdqsz/codes/lesson2/src/install/lesson_python_pkg:/home/sdqsz/codes/lesson2/install/lesson_python_service:/home/sdqsz/codes/lesson2/install/lesson_python_pkg:/opt/ros/jazzy DEBUGINFOD_URLS=https://debuginfod.ubuntu.com /usr/bin/cmake --install /home/sdqsz/codes/lesson2/build/lesson_cpp_pkg
[0.462s] Level 1:colcon.colcon_core.environment:checking '/home/sdqsz/codes/lesson2/install/lesson_cpp_pkg' for CMake module files
[0.463s] Level 1:colcon.colcon_core.environment:checking '/home/sdqsz/codes/lesson2/install/lesson_cpp_pkg' for CMake config files
[0.464s] Level 1:colcon.colcon_core.shell:create_environment_hook('lesson_cpp_pkg', 'cmake_prefix_path')
[0.464s] INFO:colcon.colcon_core.shell:Creating environment hook '/home/sdqsz/codes/lesson2/install/lesson_cpp_pkg/share/lesson_cpp_pkg/hook/cmake_prefix_path.ps1'
[0.465s] INFO:colcon.colcon_core.shell:Creating environment descriptor '/home/sdqsz/codes/lesson2/install/lesson_cpp_pkg/share/lesson_cpp_pkg/hook/cmake_prefix_path.dsv'
[0.465s] INFO:colcon.colcon_core.shell:Creating environment hook '/home/sdqsz/codes/lesson2/install/lesson_cpp_pkg/share/lesson_cpp_pkg/hook/cmake_prefix_path.sh'
[0.466s] Level 1:colcon.colcon_core.environment:checking '/home/sdqsz/codes/lesson2/install/lesson_cpp_pkg/lib'
[0.467s] Level 1:colcon.colcon_core.environment:checking '/home/sdqsz/codes/lesson2/install/lesson_cpp_pkg/bin'
[0.467s] Level 1:colcon.colcon_core.environment:checking '/home/sdqsz/codes/lesson2/install/lesson_cpp_pkg/lib/pkgconfig/lesson_cpp_pkg.pc'
[0.467s] Level 1:colcon.colcon_core.environment:checking '/home/sdqsz/codes/lesson2/install/lesson_cpp_pkg/lib/python3.12/site-packages'
[0.468s] Level 1:colcon.colcon_core.environment:checking '/home/sdqsz/codes/lesson2/install/lesson_cpp_pkg/bin'
[0.468s] INFO:colcon.colcon_core.shell:Creating package script '/home/sdqsz/codes/lesson2/install/lesson_cpp_pkg/share/lesson_cpp_pkg/package.ps1'
[0.469s] INFO:colcon.colcon_core.shell:Creating package descriptor '/home/sdqsz/codes/lesson2/install/lesson_cpp_pkg/share/lesson_cpp_pkg/package.dsv'
[0.469s] INFO:colcon.colcon_core.shell:Creating package script '/home/sdqsz/codes/lesson2/install/lesson_cpp_pkg/share/lesson_cpp_pkg/package.sh'
[0.470s] INFO:colcon.colcon_core.shell:Creating package script '/home/sdqsz/codes/lesson2/install/lesson_cpp_pkg/share/lesson_cpp_pkg/package.bash'
[0.470s] INFO:colcon.colcon_core.shell:Creating package script '/home/sdqsz/codes/lesson2/install/lesson_cpp_pkg/share/lesson_cpp_pkg/package.zsh'
[0.470s] Level 1:colcon.colcon_core.environment:create_file_with_runtime_dependencies(/home/sdqsz/codes/lesson2/install/lesson_cpp_pkg/share/colcon-core/packages/lesson_cpp_pkg)
[0.471s] Level 1:colcon.colcon_core.environment:create_environment_scripts_only(lesson_cpp_pkg)
[0.471s] Level 1:colcon.colcon_core.environment:checking '/home/sdqsz/codes/lesson2/install/lesson_cpp_pkg' for CMake module files
[0.472s] Level 1:colcon.colcon_core.environment:checking '/home/sdqsz/codes/lesson2/install/lesson_cpp_pkg' for CMake config files
[0.472s] Level 1:colcon.colcon_core.shell:create_environment_hook('lesson_cpp_pkg', 'cmake_prefix_path')
[0.472s] INFO:colcon.colcon_core.shell:Creating environment hook '/home/sdqsz/codes/lesson2/install/lesson_cpp_pkg/share/lesson_cpp_pkg/hook/cmake_prefix_path.ps1'
[0.473s] INFO:colcon.colcon_core.shell:Creating environment descriptor '/home/sdqsz/codes/lesson2/install/lesson_cpp_pkg/share/lesson_cpp_pkg/hook/cmake_prefix_path.dsv'
[0.473s] INFO:colcon.colcon_core.shell:Creating environment hook '/home/sdqsz/codes/lesson2/install/lesson_cpp_pkg/share/lesson_cpp_pkg/hook/cmake_prefix_path.sh'
[0.473s] Level 1:colcon.colcon_core.environment:checking '/home/sdqsz/codes/lesson2/install/lesson_cpp_pkg/lib'
[0.473s] Level 1:colcon.colcon_core.environment:checking '/home/sdqsz/codes/lesson2/install/lesson_cpp_pkg/bin'
[0.473s] Level 1:colcon.colcon_core.environment:checking '/home/sdqsz/codes/lesson2/install/lesson_cpp_pkg/lib/pkgconfig/lesson_cpp_pkg.pc'
[0.474s] Level 1:colcon.colcon_core.environment:checking '/home/sdqsz/codes/lesson2/install/lesson_cpp_pkg/lib/python3.12/site-packages'
[0.474s] Level 1:colcon.colcon_core.environment:checking '/home/sdqsz/codes/lesson2/install/lesson_cpp_pkg/bin'
[0.474s] INFO:colcon.colcon_core.shell:Creating package script '/home/sdqsz/codes/lesson2/install/lesson_cpp_pkg/share/lesson_cpp_pkg/package.ps1'
[0.474s] INFO:colcon.colcon_core.shell:Creating package descriptor '/home/sdqsz/codes/lesson2/install/lesson_cpp_pkg/share/lesson_cpp_pkg/package.dsv'
[0.475s] INFO:colcon.colcon_core.shell:Creating package script '/home/sdqsz/codes/lesson2/install/lesson_cpp_pkg/share/lesson_cpp_pkg/package.sh'
[0.475s] INFO:colcon.colcon_core.shell:Creating package script '/home/sdqsz/codes/lesson2/install/lesson_cpp_pkg/share/lesson_cpp_pkg/package.bash'
[0.475s] INFO:colcon.colcon_core.shell:Creating package script '/home/sdqsz/codes/lesson2/install/lesson_cpp_pkg/share/lesson_cpp_pkg/package.zsh'
[0.476s] Level 1:colcon.colcon_core.environment:create_file_with_runtime_dependencies(/home/sdqsz/codes/lesson2/install/lesson_cpp_pkg/share/colcon-core/packages/lesson_cpp_pkg)
[0.990s] DEBUG:colcon.colcon_core.event_handler.log_command:Invoked command in '/home/sdqsz/codes/lesson2/build/lesson_cpp_service' returned '0': CMAKE_PREFIX_PATH=${CMAKE_PREFIX_PATH}:/home/sdqsz/codes/lesson2/src/install/lesson_python_service:/home/sdqsz/codes/lesson2/src/install/lesson_python_pkg:/home/sdqsz/codes/lesson2/install/lesson_python_service:/home/sdqsz/codes/lesson2/install/lesson_python_pkg:/opt/ros/jazzy DEBUGINFOD_URLS=https://debuginfod.ubuntu.com /usr/bin/cmake --build /home/sdqsz/codes/lesson2/build/lesson_cpp_service -- -j16 -l16
[0.992s] DEBUG:colcon.colcon_core.event_handler.log_command:Invoking command in '/home/sdqsz/codes/lesson2/build/lesson_cpp_service': CMAKE_PREFIX_PATH=${CMAKE_PREFIX_PATH}:/home/sdqsz/codes/lesson2/src/install/lesson_python_service:/home/sdqsz/codes/lesson2/src/install/lesson_python_pkg:/home/sdqsz/codes/lesson2/install/lesson_python_service:/home/sdqsz/codes/lesson2/install/lesson_python_pkg:/opt/ros/jazzy DEBUGINFOD_URLS=https://debuginfod.ubuntu.com /usr/bin/cmake --install /home/sdqsz/codes/lesson2/build/lesson_cpp_service
[1.008s] Level 1:colcon.colcon_core.environment:create_environment_scripts_only(lesson_cpp_service)
[1.008s] Level 1:colcon.colcon_core.environment:checking '/home/sdqsz/codes/lesson2/install/lesson_cpp_service' for CMake module files
[1.010s] DEBUG:colcon.colcon_core.event_handler.log_command:Invoking command in '/home/sdqsz/codes/lesson2/src/lesson_python_pkg': DEBUGINFOD_URLS=https://debuginfod.ubuntu.com PYTHONPATH=/home/sdqsz/codes/lesson2/build/lesson_python_pkg/prefix_override:/usr/lib/python3/dist-packages/colcon_core/task/python/colcon_distutils_commands:/home/sdqsz/codes/lesson2/install/lesson_python_pkg/lib/python3.12/site-packages:${PYTHONPATH} /usr/bin/python3 -W ignore:setup.py install is deprecated -W ignore:easy_install command is deprecated setup.py egg_info --egg-base ../../build/lesson_python_pkg build --build-base /home/sdqsz/codes/lesson2/build/lesson_python_pkg/build install --record /home/sdqsz/codes/lesson2/build/lesson_python_pkg/install.log --single-version-externally-managed install_data
[1.011s] DEBUG:colcon.colcon_core.event_handler.log_command:Invoked command in '/home/sdqsz/codes/lesson2/build/lesson_cpp_service' returned '0': CMAKE_PREFIX_PATH=${CMAKE_PREFIX_PATH}:/home/sdqsz/codes/lesson2/src/install/lesson_python_service:/home/sdqsz/codes/lesson2/src/install/lesson_python_pkg:/home/sdqsz/codes/lesson2/install/lesson_python_service:/home/sdqsz/codes/lesson2/install/lesson_python_pkg:/opt/ros/jazzy DEBUGINFOD_URLS=https://debuginfod.ubuntu.com /usr/bin/cmake --install /home/sdqsz/codes/lesson2/build/lesson_cpp_service
[1.011s] Level 1:colcon.colcon_core.environment:checking '/home/sdqsz/codes/lesson2/install/lesson_cpp_service' for CMake config files
[1.011s] Level 1:colcon.colcon_core.shell:create_environment_hook('lesson_cpp_service', 'cmake_prefix_path')
[1.011s] INFO:colcon.colcon_core.shell:Creating environment hook '/home/sdqsz/codes/lesson2/install/lesson_cpp_service/share/lesson_cpp_service/hook/cmake_prefix_path.ps1'
[1.012s] INFO:colcon.colcon_core.shell:Creating environment descriptor '/home/sdqsz/codes/lesson2/install/lesson_cpp_service/share/lesson_cpp_service/hook/cmake_prefix_path.dsv'
[1.012s] INFO:colcon.colcon_core.shell:Creating environment hook '/home/sdqsz/codes/lesson2/install/lesson_cpp_service/share/lesson_cpp_service/hook/cmake_prefix_path.sh'
[1.013s] Level 1:colcon.colcon_core.environment:checking '/home/sdqsz/codes/lesson2/install/lesson_cpp_service/lib'
[1.014s] Level 1:colcon.colcon_core.environment:checking '/home/sdqsz/codes/lesson2/install/lesson_cpp_service/bin'
[1.014s] Level 1:colcon.colcon_core.environment:checking '/home/sdqsz/codes/lesson2/install/lesson_cpp_service/lib/pkgconfig/lesson_cpp_service.pc'
[1.014s] Level 1:colcon.colcon_core.environment:checking '/home/sdqsz/codes/lesson2/install/lesson_cpp_service/lib/python3.12/site-packages'
[1.014s] Level 1:colcon.colcon_core.environment:checking '/home/sdqsz/codes/lesson2/install/lesson_cpp_service/bin'
[1.014s] INFO:colcon.colcon_core.shell:Creating package script '/home/sdqsz/codes/lesson2/install/lesson_cpp_service/share/lesson_cpp_service/package.ps1'
[1.015s] INFO:colcon.colcon_core.shell:Creating package descriptor '/home/sdqsz/codes/lesson2/install/lesson_cpp_service/share/lesson_cpp_service/package.dsv'
[1.015s] INFO:colcon.colcon_core.shell:Creating package script '/home/sdqsz/codes/lesson2/install/lesson_cpp_service/share/lesson_cpp_service/package.sh'
[1.016s] INFO:colcon.colcon_core.shell:Creating package script '/home/sdqsz/codes/lesson2/install/lesson_cpp_service/share/lesson_cpp_service/package.bash'
[1.016s] INFO:colcon.colcon_core.shell:Creating package script '/home/sdqsz/codes/lesson2/install/lesson_cpp_service/share/lesson_cpp_service/package.zsh'
[1.016s] Level 1:colcon.colcon_core.environment:create_file_with_runtime_dependencies(/home/sdqsz/codes/lesson2/install/lesson_cpp_service/share/colcon-core/packages/lesson_cpp_service)
[1.016s] Level 1:colcon.colcon_core.environment:create_environment_scripts_only(lesson_cpp_service)
[1.017s] Level 1:colcon.colcon_core.environment:checking '/home/sdqsz/codes/lesson2/install/lesson_cpp_service' for CMake module files
[1.017s] Level 1:colcon.colcon_core.environment:checking '/home/sdqsz/codes/lesson2/install/lesson_cpp_service' for CMake config files
[1.017s] Level 1:colcon.colcon_core.shell:create_environment_hook('lesson_cpp_service', 'cmake_prefix_path')
[1.017s] INFO:colcon.colcon_core.shell:Creating environment hook '/home/sdqsz/codes/lesson2/install/lesson_cpp_service/share/lesson_cpp_service/hook/cmake_prefix_path.ps1'
[1.017s] INFO:colcon.colcon_core.shell:Creating environment descriptor '/home/sdqsz/codes/lesson2/install/lesson_cpp_service/share/lesson_cpp_service/hook/cmake_prefix_path.dsv'
[1.018s] INFO:colcon.colcon_core.shell:Creating environment hook '/home/sdqsz/codes/lesson2/install/lesson_cpp_service/share/lesson_cpp_service/hook/cmake_prefix_path.sh'
[1.018s] Level 1:colcon.colcon_core.environment:checking '/home/sdqsz/codes/lesson2/install/lesson_cpp_service/lib'
[1.018s] Level 1:colcon.colcon_core.environment:checking '/home/sdqsz/codes/lesson2/install/lesson_cpp_service/bin'
[1.018s] Level 1:colcon.colcon_core.environment:checking '/home/sdqsz/codes/lesson2/install/lesson_cpp_service/lib/pkgconfig/lesson_cpp_service.pc'
[1.018s] Level 1:colcon.colcon_core.environment:checking '/home/sdqsz/codes/lesson2/install/lesson_cpp_service/lib/python3.12/site-packages'
[1.019s] Level 1:colcon.colcon_core.environment:checking '/home/sdqsz/codes/lesson2/install/lesson_cpp_service/bin'
[1.019s] INFO:colcon.colcon_core.shell:Creating package script '/home/sdqsz/codes/lesson2/install/lesson_cpp_service/share/lesson_cpp_service/package.ps1'
[1.019s] INFO:colcon.colcon_core.shell:Creating package descriptor '/home/sdqsz/codes/lesson2/install/lesson_cpp_service/share/lesson_cpp_service/package.dsv'
[1.020s] INFO:colcon.colcon_core.shell:Creating package script '/home/sdqsz/codes/lesson2/install/lesson_cpp_service/share/lesson_cpp_service/package.sh'
[1.021s] INFO:colcon.colcon_core.shell:Creating package script '/home/sdqsz/codes/lesson2/install/lesson_cpp_service/share/lesson_cpp_service/package.bash'
[1.021s] INFO:colcon.colcon_core.shell:Creating package script '/home/sdqsz/codes/lesson2/install/lesson_cpp_service/share/lesson_cpp_service/package.zsh'
[1.022s] Level 1:colcon.colcon_core.environment:create_file_with_runtime_dependencies(/home/sdqsz/codes/lesson2/install/lesson_cpp_service/share/colcon-core/packages/lesson_cpp_service)
[1.472s] Level 1:colcon.colcon_core.environment:checking '/home/sdqsz/codes/lesson2/install/lesson_python_pkg' for CMake module files
[1.472s] DEBUG:colcon.colcon_core.event_handler.log_command:Invoked command in '/home/sdqsz/codes/lesson2/src/lesson_python_pkg' returned '0': DEBUGINFOD_URLS=https://debuginfod.ubuntu.com PYTHONPATH=/home/sdqsz/codes/lesson2/build/lesson_python_pkg/prefix_override:/usr/lib/python3/dist-packages/colcon_core/task/python/colcon_distutils_commands:/home/sdqsz/codes/lesson2/install/lesson_python_pkg/lib/python3.12/site-packages:${PYTHONPATH} /usr/bin/python3 -W ignore:setup.py install is deprecated -W ignore:easy_install command is deprecated setup.py egg_info --egg-base ../../build/lesson_python_pkg build --build-base /home/sdqsz/codes/lesson2/build/lesson_python_pkg/build install --record /home/sdqsz/codes/lesson2/build/lesson_python_pkg/install.log --single-version-externally-managed install_data
[1.473s] Level 1:colcon.colcon_core.environment:checking '/home/sdqsz/codes/lesson2/install/lesson_python_pkg' for CMake config files
[1.473s] Level 1:colcon.colcon_core.environment:checking '/home/sdqsz/codes/lesson2/install/lesson_python_pkg/lib'
[1.473s] Level 1:colcon.colcon_core.environment:checking '/home/sdqsz/codes/lesson2/install/lesson_python_pkg/bin'
[1.473s] Level 1:colcon.colcon_core.environment:checking '/home/sdqsz/codes/lesson2/install/lesson_python_pkg/lib/pkgconfig/lesson_python_pkg.pc'
[1.473s] Level 1:colcon.colcon_core.environment:checking '/home/sdqsz/codes/lesson2/install/lesson_python_pkg/lib/python3.12/site-packages'
[1.473s] Level 1:colcon.colcon_core.shell:create_environment_hook('lesson_python_pkg', 'pythonpath')
[1.473s] INFO:colcon.colcon_core.shell:Creating environment hook '/home/sdqsz/codes/lesson2/install/lesson_python_pkg/share/lesson_python_pkg/hook/pythonpath.ps1'
[1.474s] INFO:colcon.colcon_core.shell:Creating environment descriptor '/home/sdqsz/codes/lesson2/install/lesson_python_pkg/share/lesson_python_pkg/hook/pythonpath.dsv'
[1.474s] INFO:colcon.colcon_core.shell:Creating environment hook '/home/sdqsz/codes/lesson2/install/lesson_python_pkg/share/lesson_python_pkg/hook/pythonpath.sh'
[1.474s] Level 1:colcon.colcon_core.environment:checking '/home/sdqsz/codes/lesson2/install/lesson_python_pkg/bin'
[1.474s] Level 1:colcon.colcon_core.environment:create_environment_scripts_only(lesson_python_pkg)
[1.475s] INFO:colcon.colcon_core.shell:Creating package script '/home/sdqsz/codes/lesson2/install/lesson_python_pkg/share/lesson_python_pkg/package.ps1'
[1.475s] INFO:colcon.colcon_core.shell:Creating package descriptor '/home/sdqsz/codes/lesson2/install/lesson_python_pkg/share/lesson_python_pkg/package.dsv'
[1.475s] INFO:colcon.colcon_core.shell:Creating package script '/home/sdqsz/codes/lesson2/install/lesson_python_pkg/share/lesson_python_pkg/package.sh'
[1.476s] INFO:colcon.colcon_core.shell:Creating package script '/home/sdqsz/codes/lesson2/install/lesson_python_pkg/share/lesson_python_pkg/package.bash'
[1.476s] INFO:colcon.colcon_core.shell:Creating package script '/home/sdqsz/codes/lesson2/install/lesson_python_pkg/share/lesson_python_pkg/package.zsh'
[1.476s] Level 1:colcon.colcon_core.environment:create_file_with_runtime_dependencies(/home/sdqsz/codes/lesson2/install/lesson_python_pkg/share/colcon-core/packages/lesson_python_pkg)
[3.099s] DEBUG:colcon.colcon_core.event_handler.log_command:Invoked command in '/home/sdqsz/codes/lesson2/build/lesson_interfaces' returned '0': CMAKE_PREFIX_PATH=${CMAKE_PREFIX_PATH}:/home/sdqsz/codes/lesson2/src/install/lesson_python_service:/home/sdqsz/codes/lesson2/src/install/lesson_python_pkg:/home/sdqsz/codes/lesson2/install/lesson_python_service:/home/sdqsz/codes/lesson2/install/lesson_python_pkg:/opt/ros/jazzy DEBUGINFOD_URLS=https://debuginfod.ubuntu.com /usr/bin/cmake /home/sdqsz/codes/lesson2/src/lesson_interfaces -DCMAKE_INSTALL_PREFIX=/home/sdqsz/codes/lesson2/install/lesson_interfaces
[3.100s] DEBUG:colcon.colcon_core.event_handler.log_command:Invoking command in '/home/sdqsz/codes/lesson2/build/lesson_interfaces': CMAKE_PREFIX_PATH=${CMAKE_PREFIX_PATH}:/home/sdqsz/codes/lesson2/src/install/lesson_python_service:/home/sdqsz/codes/lesson2/src/install/lesson_python_pkg:/home/sdqsz/codes/lesson2/install/lesson_python_service:/home/sdqsz/codes/lesson2/install/lesson_python_pkg:/opt/ros/jazzy DEBUGINFOD_URLS=https://debuginfod.ubuntu.com /usr/bin/cmake --build /home/sdqsz/codes/lesson2/build/lesson_interfaces -- -j16 -l16
[6.825s] DEBUG:colcon.colcon_core.event_handler.log_command:Invoked command in '/home/sdqsz/codes/lesson2/build/lesson_interfaces' returned '0': CMAKE_PREFIX_PATH=${CMAKE_PREFIX_PATH}:/home/sdqsz/codes/lesson2/src/install/lesson_python_service:/home/sdqsz/codes/lesson2/src/install/lesson_python_pkg:/home/sdqsz/codes/lesson2/install/lesson_python_service:/home/sdqsz/codes/lesson2/install/lesson_python_pkg:/opt/ros/jazzy DEBUGINFOD_URLS=https://debuginfod.ubuntu.com /usr/bin/cmake --build /home/sdqsz/codes/lesson2/build/lesson_interfaces -- -j16 -l16
[6.827s] DEBUG:colcon.colcon_core.event_handler.log_command:Invoking command in '/home/sdqsz/codes/lesson2/build/lesson_interfaces': CMAKE_PREFIX_PATH=${CMAKE_PREFIX_PATH}:/home/sdqsz/codes/lesson2/src/install/lesson_python_service:/home/sdqsz/codes/lesson2/src/install/lesson_python_pkg:/home/sdqsz/codes/lesson2/install/lesson_python_service:/home/sdqsz/codes/lesson2/install/lesson_python_pkg:/opt/ros/jazzy DEBUGINFOD_URLS=https://debuginfod.ubuntu.com /usr/bin/cmake --install /home/sdqsz/codes/lesson2/build/lesson_interfaces
[6.896s] Level 1:colcon.colcon_core.environment:create_environment_scripts_only(lesson_interfaces)
[6.896s] Level 1:colcon.colcon_core.environment:checking '/home/sdqsz/codes/lesson2/install/lesson_interfaces' for CMake module files
[6.898s] Level 1:colcon.colcon_core.environment:checking '/home/sdqsz/codes/lesson2/install/lesson_interfaces' for CMake config files
[6.902s] DEBUG:colcon.colcon_core.event_handler.log_command:Invoked command in '/home/sdqsz/codes/lesson2/build/lesson_interfaces' returned '0': CMAKE_PREFIX_PATH=${CMAKE_PREFIX_PATH}:/home/sdqsz/codes/lesson2/src/install/lesson_python_service:/home/sdqsz/codes/lesson2/src/install/lesson_python_pkg:/home/sdqsz/codes/lesson2/install/lesson_python_service:/home/sdqsz/codes/lesson2/install/lesson_python_pkg:/opt/ros/jazzy DEBUGINFOD_URLS=https://debuginfod.ubuntu.com /usr/bin/cmake --install /home/sdqsz/codes/lesson2/build/lesson_interfaces
[6.902s] Level 1:colcon.colcon_core.shell:create_environment_hook('lesson_interfaces', 'cmake_prefix_path')
[6.902s] INFO:colcon.colcon_core.shell:Creating environment hook '/home/sdqsz/codes/lesson2/install/lesson_interfaces/share/lesson_interfaces/hook/cmake_prefix_path.ps1'
[6.903s] INFO:colcon.colcon_core.shell:Creating environment descriptor '/home/sdqsz/codes/lesson2/install/lesson_interfaces/share/lesson_interfaces/hook/cmake_prefix_path.dsv'
[6.904s] INFO:colcon.colcon_core.shell:Creating environment hook '/home/sdqsz/codes/lesson2/install/lesson_interfaces/share/lesson_interfaces/hook/cmake_prefix_path.sh'
[6.905s] Level 1:colcon.colcon_core.environment:checking '/home/sdqsz/codes/lesson2/install/lesson_interfaces/lib'
[6.905s] Level 1:colcon.colcon_core.shell:create_environment_hook('lesson_interfaces', 'ld_library_path_lib')
[6.905s] INFO:colcon.colcon_core.shell:Creating environment hook '/home/sdqsz/codes/lesson2/install/lesson_interfaces/share/lesson_interfaces/hook/ld_library_path_lib.ps1'
[6.906s] INFO:colcon.colcon_core.shell:Creating environment descriptor '/home/sdqsz/codes/lesson2/install/lesson_interfaces/share/lesson_interfaces/hook/ld_library_path_lib.dsv'
[6.906s] INFO:colcon.colcon_core.shell:Creating environment hook '/home/sdqsz/codes/lesson2/install/lesson_interfaces/share/lesson_interfaces/hook/ld_library_path_lib.sh'
[6.907s] Level 1:colcon.colcon_core.environment:checking '/home/sdqsz/codes/lesson2/install/lesson_interfaces/bin'
[6.907s] Level 1:colcon.colcon_core.environment:checking '/home/sdqsz/codes/lesson2/install/lesson_interfaces/lib/pkgconfig/lesson_interfaces.pc'
[6.907s] Level 1:colcon.colcon_core.environment:checking '/home/sdqsz/codes/lesson2/install/lesson_interfaces/lib/python3.12/site-packages'
[6.907s] Level 1:colcon.colcon_core.shell:create_environment_hook('lesson_interfaces', 'pythonpath')
[6.907s] INFO:colcon.colcon_core.shell:Creating environment hook '/home/sdqsz/codes/lesson2/install/lesson_interfaces/share/lesson_interfaces/hook/pythonpath.ps1'
[6.908s] INFO:colcon.colcon_core.shell:Creating environment descriptor '/home/sdqsz/codes/lesson2/install/lesson_interfaces/share/lesson_interfaces/hook/pythonpath.dsv'
[6.908s] INFO:colcon.colcon_core.shell:Creating environment hook '/home/sdqsz/codes/lesson2/install/lesson_interfaces/share/lesson_interfaces/hook/pythonpath.sh'
[6.908s] Level 1:colcon.colcon_core.environment:checking '/home/sdqsz/codes/lesson2/install/lesson_interfaces/bin'
[6.909s] INFO:colcon.colcon_core.shell:Creating package script '/home/sdqsz/codes/lesson2/install/lesson_interfaces/share/lesson_interfaces/package.ps1'
[6.909s] INFO:colcon.colcon_core.shell:Creating package descriptor '/home/sdqsz/codes/lesson2/install/lesson_interfaces/share/lesson_interfaces/package.dsv'
[6.910s] INFO:colcon.colcon_core.shell:Creating package script '/home/sdqsz/codes/lesson2/install/lesson_interfaces/share/lesson_interfaces/package.sh'
[6.910s] INFO:colcon.colcon_core.shell:Creating package script '/home/sdqsz/codes/lesson2/install/lesson_interfaces/share/lesson_interfaces/package.bash'
[6.910s] INFO:colcon.colcon_core.shell:Creating package script '/home/sdqsz/codes/lesson2/install/lesson_interfaces/share/lesson_interfaces/package.zsh'
[6.910s] Level 1:colcon.colcon_core.environment:create_file_with_runtime_dependencies(/home/sdqsz/codes/lesson2/install/lesson_interfaces/share/colcon-core/packages/lesson_interfaces)
[6.911s] Level 1:colcon.colcon_core.environment:create_environment_scripts_only(lesson_interfaces)
[6.911s] Level 1:colcon.colcon_core.environment:checking '/home/sdqsz/codes/lesson2/install/lesson_interfaces' for CMake module files
[6.912s] Level 1:colcon.colcon_core.environment:checking '/home/sdqsz/codes/lesson2/install/lesson_interfaces' for CMake config files
[6.913s] Level 1:colcon.colcon_core.shell:create_environment_hook('lesson_interfaces', 'cmake_prefix_path')
[6.913s] INFO:colcon.colcon_core.shell:Creating environment hook '/home/sdqsz/codes/lesson2/install/lesson_interfaces/share/lesson_interfaces/hook/cmake_prefix_path.ps1'
[6.913s] INFO:colcon.colcon_core.shell:Creating environment descriptor '/home/sdqsz/codes/lesson2/install/lesson_interfaces/share/lesson_interfaces/hook/cmake_prefix_path.dsv'
[6.914s] INFO:colcon.colcon_core.shell:Creating environment hook '/home/sdqsz/codes/lesson2/install/lesson_interfaces/share/lesson_interfaces/hook/cmake_prefix_path.sh'
[6.914s] Level 1:colcon.colcon_core.environment:checking '/home/sdqsz/codes/lesson2/install/lesson_interfaces/lib'
[6.914s] Level 1:colcon.colcon_core.shell:create_environment_hook('lesson_interfaces', 'ld_library_path_lib')
[6.915s] INFO:colcon.colcon_core.shell:Creating environment hook '/home/sdqsz/codes/lesson2/install/lesson_interfaces/share/lesson_interfaces/hook/ld_library_path_lib.ps1'
[6.915s] INFO:colcon.colcon_core.shell:Creating environment descriptor '/home/sdqsz/codes/lesson2/install/lesson_interfaces/share/lesson_interfaces/hook/ld_library_path_lib.dsv'
[6.915s] INFO:colcon.colcon_core.shell:Creating environment hook '/home/sdqsz/codes/lesson2/install/lesson_interfaces/share/lesson_interfaces/hook/ld_library_path_lib.sh'
[6.915s] Level 1:colcon.colcon_core.environment:checking '/home/sdqsz/codes/lesson2/install/lesson_interfaces/bin'
[6.915s] Level 1:colcon.colcon_core.environment:checking '/home/sdqsz/codes/lesson2/install/lesson_interfaces/lib/pkgconfig/lesson_interfaces.pc'
[6.916s] Level 1:colcon.colcon_core.environment:checking '/home/sdqsz/codes/lesson2/install/lesson_interfaces/lib/python3.12/site-packages'
[6.916s] Level 1:colcon.colcon_core.shell:create_environment_hook('lesson_interfaces', 'pythonpath')
[6.916s] INFO:colcon.colcon_core.shell:Creating environment hook '/home/sdqsz/codes/lesson2/install/lesson_interfaces/share/lesson_interfaces/hook/pythonpath.ps1'
[6.916s] INFO:colcon.colcon_core.shell:Creating environment descriptor '/home/sdqsz/codes/lesson2/install/lesson_interfaces/share/lesson_interfaces/hook/pythonpath.dsv'
[6.916s] INFO:colcon.colcon_core.shell:Creating environment hook '/home/sdqsz/codes/lesson2/install/lesson_interfaces/share/lesson_interfaces/hook/pythonpath.sh'
[6.917s] Level 1:colcon.colcon_core.environment:checking '/home/sdqsz/codes/lesson2/install/lesson_interfaces/bin'
[6.917s] INFO:colcon.colcon_core.shell:Creating package script '/home/sdqsz/codes/lesson2/install/lesson_interfaces/share/lesson_interfaces/package.ps1'
[6.918s] INFO:colcon.colcon_core.shell:Creating package descriptor '/home/sdqsz/codes/lesson2/install/lesson_interfaces/share/lesson_interfaces/package.dsv'
[6.919s] INFO:colcon.colcon_core.shell:Creating package script '/home/sdqsz/codes/lesson2/install/lesson_interfaces/share/lesson_interfaces/package.sh'
[6.919s] INFO:colcon.colcon_core.shell:Creating package script '/home/sdqsz/codes/lesson2/install/lesson_interfaces/share/lesson_interfaces/package.bash'
[6.919s] INFO:colcon.colcon_core.shell:Creating package script '/home/sdqsz/codes/lesson2/install/lesson_interfaces/share/lesson_interfaces/package.zsh'
[6.920s] Level 1:colcon.colcon_core.environment:create_file_with_runtime_dependencies(/home/sdqsz/codes/lesson2/install/lesson_interfaces/share/colcon-core/packages/lesson_interfaces)
[6.920s] INFO:colcon.colcon_ros.task.ament_python.build:Building ROS package in '/home/sdqsz/codes/lesson2/src/lesson_python_service' with build type 'ament_python'
[6.920s] Level 1:colcon.colcon_core.shell:create_environment_hook('lesson_python_service', 'ament_prefix_path')
[6.920s] INFO:colcon.colcon_core.shell:Creating environment hook '/home/sdqsz/codes/lesson2/install/lesson_python_service/share/lesson_python_service/hook/ament_prefix_path.ps1'
[6.921s] INFO:colcon.colcon_core.shell:Creating environment descriptor '/home/sdqsz/codes/lesson2/install/lesson_python_service/share/lesson_python_service/hook/ament_prefix_path.dsv'
[6.922s] INFO:colcon.colcon_core.shell:Creating environment hook '/home/sdqsz/codes/lesson2/install/lesson_python_service/share/lesson_python_service/hook/ament_prefix_path.sh'
[6.923s] INFO:colcon.colcon_core.shell:Skip shell extension 'powershell' for command environment: Not usable outside of PowerShell
[6.923s] DEBUG:colcon.colcon_core.shell:Skip shell extension 'dsv' for command environment
[7.150s] DEBUG:colcon.colcon_parallel_executor.executor.parallel:closing loop
[7.150s] DEBUG:colcon.colcon_parallel_executor.executor.parallel:loop closed
[7.150s] DEBUG:colcon.colcon_parallel_executor.executor.parallel:run_until_complete finished with 'Command '['/usr/bin/python3', '-c', 'import sys;from contextlib import suppress;exec("with suppress(ImportError):    from setuptools.extern.packaging.specifiers    import SpecifierSet");exec("with suppress(ImportError):    from packaging.specifiers import SpecifierSet");from distutils.core import run_setup;dist = run_setup(    \'setup.py\', script_args=(\'--dry-run\',), stop_after=\'config\');skip_keys = (\'cmdclass\', \'distclass\', \'ext_modules\', \'metadata\');data = {    key: value for key, value in dist.__dict__.items()     if (        not key.startswith(\'_\') and         not callable(value) and         key not in skip_keys and         key not in dist.display_option_names    )};data[\'metadata\'] = {    k: v for k, v in dist.metadata.__dict__.items()     if k not in (\'license_files\', \'provides_extras\')};sys.stdout.buffer.write(repr(data).encode(\'utf-8\'))']' returned non-zero exit status 1.'
[7.150s] DEBUG:colcon.colcon_core.event_reactor:joining thread
[7.157s] INFO:colcon.colcon_core.plugin_system:Skipping extension 'colcon_notification.desktop_notification.terminal_notifier': Not used on non-Darwin systems
[7.157s] INFO:colcon.colcon_core.plugin_system:Skipping extension 'colcon_notification.desktop_notification.win32': Not used on non-Windows systems
[7.157s] INFO:colcon.colcon_notification.desktop_notification:Sending desktop notification using 'notify2'
[7.172s] DEBUG:colcon.colcon_core.event_reactor:joined thread
[7.172s] INFO:colcon.colcon_core.shell:Creating prefix script '/home/sdqsz/codes/lesson2/install/local_setup.ps1'
[7.173s] INFO:colcon.colcon_core.shell:Creating prefix util module '/home/sdqsz/codes/lesson2/install/_local_setup_util_ps1.py'
[7.175s] INFO:colcon.colcon_core.shell:Creating prefix chain script '/home/sdqsz/codes/lesson2/install/setup.ps1'
[7.177s] INFO:colcon.colcon_core.shell:Creating prefix script '/home/sdqsz/codes/lesson2/install/local_setup.sh'
[7.177s] INFO:colcon.colcon_core.shell:Creating prefix util module '/home/sdqsz/codes/lesson2/install/_local_setup_util_sh.py'
[7.178s] INFO:colcon.colcon_core.shell:Creating prefix chain script '/home/sdqsz/codes/lesson2/install/setup.sh'
[7.179s] INFO:colcon.colcon_core.shell:Creating prefix script '/home/sdqsz/codes/lesson2/install/local_setup.bash'
[7.179s] INFO:colcon.colcon_core.shell:Creating prefix chain script '/home/sdqsz/codes/lesson2/install/setup.bash'
[7.180s] INFO:colcon.colcon_core.shell:Creating prefix script '/home/sdqsz/codes/lesson2/install/local_setup.zsh'
[7.180s] INFO:colcon.colcon_core.shell:Creating prefix chain script '/home/sdqsz/codes/lesson2/install/setup.zsh'
