[0.096s] DEBUG:colcon:Command line arguments: ['/usr/bin/colcon', 'build']
[0.096s] DEBUG:colcon:Parsed command line arguments: Namespace(log_base=None, log_level=None, verb_name='build', build_base='build', install_base='install', merge_install=False, symlink_install=False, test_result_base=None, continue_on_error=False, executor='parallel', parallel_workers=16, event_handlers=None, ignore_user_meta=False, metas=['./colcon.meta'], base_paths=['.'], packages_ignore=None, packages_ignore_regex=None, paths=None, packages_up_to=None, packages_up_to_regex=None, packages_above=None, packages_above_and_dependencies=None, packages_above_depth=None, packages_select_by_dep=None, packages_skip_by_dep=None, packages_skip_up_to=None, packages_select_build_failed=False, packages_skip_build_finished=False, packages_select_test_failures=False, packages_skip_test_passed=False, packages_select=None, packages_skip=None, packages_select_regex=None, packages_skip_regex=None, packages_start=None, packages_end=None, allow_overriding=[], cmake_args=None, cmake_target=None, cmake_target_skip_unavailable=False, cmake_clean_cache=False, cmake_clean_first=False, cmake_force_configure=False, ament_cmake_args=None, catkin_cmake_args=None, catkin_skip_building_tests=False, mixin_files=None, mixin=None, verb_parser=<colcon_mixin.mixin.mixin_argument.MixinArgumentDecorator object at 0x71d44b2ba420>, verb_extension=<colcon_core.verb.build.BuildVerb object at 0x71d44b3d6a50>, main=<bound method BuildVerb.main of <colcon_core.verb.build.BuildVerb object at 0x71d44b3d6a50>>, mixin_verb=('build',))
[0.129s] Level 1:colcon.colcon_core.package_discovery:discover_packages(colcon_meta) check parameters
[0.129s] Level 1:colcon.colcon_core.package_discovery:discover_packages(recursive) check parameters
[0.129s] Level 1:colcon.colcon_core.package_discovery:discover_packages(ignore) check parameters
[0.129s] Level 1:colcon.colcon_core.package_discovery:discover_packages(path) check parameters
[0.129s] Level 1:colcon.colcon_core.package_discovery:discover_packages(colcon_meta) discover
[0.129s] Level 1:colcon.colcon_core.package_discovery:discover_packages(recursive) discover
[0.129s] INFO:colcon.colcon_core.package_discovery:Crawling recursively for packages in '/home/sdqsz/codes/lesson2'
[0.129s] Level 1:colcon.colcon_core.package_identification:_identify(.) by extensions ['ignore', 'ignore_ament_install']
[0.129s] Level 1:colcon.colcon_core.package_identification:_identify(.) by extension 'ignore'
[0.129s] Level 1:colcon.colcon_core.package_identification:_identify(.) by extension 'ignore_ament_install'
[0.129s] Level 1:colcon.colcon_core.package_identification:_identify(.) by extensions ['colcon_pkg']
[0.129s] Level 1:colcon.colcon_core.package_identification:_identify(.) by extension 'colcon_pkg'
[0.129s] Level 1:colcon.colcon_core.package_identification:_identify(.) by extensions ['colcon_meta']
[0.129s] Level 1:colcon.colcon_core.package_identification:_identify(.) by extension 'colcon_meta'
[0.129s] Level 1:colcon.colcon_core.package_identification:_identify(.) by extensions ['ros']
[0.129s] Level 1:colcon.colcon_core.package_identification:_identify(.) by extension 'ros'
[0.154s] Level 1:colcon.colcon_core.package_identification:_identify(.) by extensions ['cmake', 'python']
[0.154s] Level 1:colcon.colcon_core.package_identification:_identify(.) by extension 'cmake'
[0.155s] Level 1:colcon.colcon_core.package_identification:_identify(.) by extension 'python'
[0.155s] Level 1:colcon.colcon_core.package_identification:_identify(.) by extensions ['python_setup_py']
[0.155s] Level 1:colcon.colcon_core.package_identification:_identify(.) by extension 'python_setup_py'
[0.155s] Level 1:colcon.colcon_core.package_identification:_identify(build) by extensions ['ignore', 'ignore_ament_install']
[0.155s] Level 1:colcon.colcon_core.package_identification:_identify(build) by extension 'ignore'
[0.155s] Level 1:colcon.colcon_core.package_identification:_identify(build) ignored
[0.155s] Level 1:colcon.colcon_core.package_identification:_identify(install) by extensions ['ignore', 'ignore_ament_install']
[0.155s] Level 1:colcon.colcon_core.package_identification:_identify(install) by extension 'ignore'
[0.155s] Level 1:colcon.colcon_core.package_identification:_identify(install) ignored
[0.155s] Level 1:colcon.colcon_core.package_identification:_identify(log) by extensions ['ignore', 'ignore_ament_install']
[0.155s] Level 1:colcon.colcon_core.package_identification:_identify(log) by extension 'ignore'
[0.155s] Level 1:colcon.colcon_core.package_identification:_identify(log) ignored
[0.155s] Level 1:colcon.colcon_core.package_identification:_identify(src) by extensions ['ignore', 'ignore_ament_install']
[0.155s] Level 1:colcon.colcon_core.package_identification:_identify(src) by extension 'ignore'
[0.156s] Level 1:colcon.colcon_core.package_identification:_identify(src) by extension 'ignore_ament_install'
[0.156s] Level 1:colcon.colcon_core.package_identification:_identify(src) by extensions ['colcon_pkg']
[0.156s] Level 1:colcon.colcon_core.package_identification:_identify(src) by extension 'colcon_pkg'
[0.156s] Level 1:colcon.colcon_core.package_identification:_identify(src) by extensions ['colcon_meta']
[0.156s] Level 1:colcon.colcon_core.package_identification:_identify(src) by extension 'colcon_meta'
[0.156s] Level 1:colcon.colcon_core.package_identification:_identify(src) by extensions ['ros']
[0.156s] Level 1:colcon.colcon_core.package_identification:_identify(src) by extension 'ros'
[0.156s] Level 1:colcon.colcon_core.package_identification:_identify(src) by extensions ['cmake', 'python']
[0.156s] Level 1:colcon.colcon_core.package_identification:_identify(src) by extension 'cmake'
[0.156s] Level 1:colcon.colcon_core.package_identification:_identify(src) by extension 'python'
[0.156s] Level 1:colcon.colcon_core.package_identification:_identify(src) by extensions ['python_setup_py']
[0.156s] Level 1:colcon.colcon_core.package_identification:_identify(src) by extension 'python_setup_py'
[0.156s] Level 1:colcon.colcon_core.package_identification:_identify(src/lesson_cpp_pkg) by extensions ['ignore', 'ignore_ament_install']
[0.156s] Level 1:colcon.colcon_core.package_identification:_identify(src/lesson_cpp_pkg) by extension 'ignore'
[0.156s] Level 1:colcon.colcon_core.package_identification:_identify(src/lesson_cpp_pkg) by extension 'ignore_ament_install'
[0.156s] Level 1:colcon.colcon_core.package_identification:_identify(src/lesson_cpp_pkg) by extensions ['colcon_pkg']
[0.156s] Level 1:colcon.colcon_core.package_identification:_identify(src/lesson_cpp_pkg) by extension 'colcon_pkg'
[0.156s] Level 1:colcon.colcon_core.package_identification:_identify(src/lesson_cpp_pkg) by extensions ['colcon_meta']
[0.156s] Level 1:colcon.colcon_core.package_identification:_identify(src/lesson_cpp_pkg) by extension 'colcon_meta'
[0.156s] Level 1:colcon.colcon_core.package_identification:_identify(src/lesson_cpp_pkg) by extensions ['ros']
[0.156s] Level 1:colcon.colcon_core.package_identification:_identify(src/lesson_cpp_pkg) by extension 'ros'
[0.158s] DEBUG:colcon.colcon_core.package_identification:Package 'src/lesson_cpp_pkg' with type 'ros.ament_cmake' and name 'lesson_cpp_pkg'
[0.158s] Level 1:colcon.colcon_core.package_identification:_identify(src/lesson_cpp_service) by extensions ['ignore', 'ignore_ament_install']
[0.158s] Level 1:colcon.colcon_core.package_identification:_identify(src/lesson_cpp_service) by extension 'ignore'
[0.159s] Level 1:colcon.colcon_core.package_identification:_identify(src/lesson_cpp_service) by extension 'ignore_ament_install'
[0.159s] Level 1:colcon.colcon_core.package_identification:_identify(src/lesson_cpp_service) by extensions ['colcon_pkg']
[0.159s] Level 1:colcon.colcon_core.package_identification:_identify(src/lesson_cpp_service) by extension 'colcon_pkg'
[0.159s] Level 1:colcon.colcon_core.package_identification:_identify(src/lesson_cpp_service) by extensions ['colcon_meta']
[0.159s] Level 1:colcon.colcon_core.package_identification:_identify(src/lesson_cpp_service) by extension 'colcon_meta'
[0.159s] Level 1:colcon.colcon_core.package_identification:_identify(src/lesson_cpp_service) by extensions ['ros']
[0.159s] Level 1:colcon.colcon_core.package_identification:_identify(src/lesson_cpp_service) by extension 'ros'
[0.159s] DEBUG:colcon.colcon_core.package_identification:Package 'src/lesson_cpp_service' with type 'ros.ament_cmake' and name 'lesson_cpp_service'
[0.159s] Level 1:colcon.colcon_core.package_identification:_identify(src/lesson_python_pkg) by extensions ['ignore', 'ignore_ament_install']
[0.159s] Level 1:colcon.colcon_core.package_identification:_identify(src/lesson_python_pkg) by extension 'ignore'
[0.159s] Level 1:colcon.colcon_core.package_identification:_identify(src/lesson_python_pkg) by extension 'ignore_ament_install'
[0.160s] Level 1:colcon.colcon_core.package_identification:_identify(src/lesson_python_pkg) by extensions ['colcon_pkg']
[0.160s] Level 1:colcon.colcon_core.package_identification:_identify(src/lesson_python_pkg) by extension 'colcon_pkg'
[0.160s] Level 1:colcon.colcon_core.package_identification:_identify(src/lesson_python_pkg) by extensions ['colcon_meta']
[0.160s] Level 1:colcon.colcon_core.package_identification:_identify(src/lesson_python_pkg) by extension 'colcon_meta'
[0.160s] Level 1:colcon.colcon_core.package_identification:_identify(src/lesson_python_pkg) by extensions ['ros']
[0.160s] Level 1:colcon.colcon_core.package_identification:_identify(src/lesson_python_pkg) by extension 'ros'
[0.160s] DEBUG:colcon.colcon_core.package_identification:Package 'src/lesson_python_pkg' with type 'ros.ament_python' and name 'lesson_python_pkg'
[0.160s] Level 1:colcon.colcon_core.package_identification:_identify(src/lesson_python_service) by extensions ['ignore', 'ignore_ament_install']
[0.160s] Level 1:colcon.colcon_core.package_identification:_identify(src/lesson_python_service) by extension 'ignore'
[0.160s] Level 1:colcon.colcon_core.package_identification:_identify(src/lesson_python_service) by extension 'ignore_ament_install'
[0.160s] Level 1:colcon.colcon_core.package_identification:_identify(src/lesson_python_service) by extensions ['colcon_pkg']
[0.160s] Level 1:colcon.colcon_core.package_identification:_identify(src/lesson_python_service) by extension 'colcon_pkg'
[0.160s] Level 1:colcon.colcon_core.package_identification:_identify(src/lesson_python_service) by extensions ['colcon_meta']
[0.160s] Level 1:colcon.colcon_core.package_identification:_identify(src/lesson_python_service) by extension 'colcon_meta'
[0.160s] Level 1:colcon.colcon_core.package_identification:_identify(src/lesson_python_service) by extensions ['ros']
[0.160s] Level 1:colcon.colcon_core.package_identification:_identify(src/lesson_python_service) by extension 'ros'
[0.161s] DEBUG:colcon.colcon_core.package_identification:Package 'src/lesson_python_service' with type 'ros.ament_python' and name 'lesson_python_service'
[0.161s] Level 1:colcon.colcon_core.package_discovery:discover_packages(recursive) using defaults
[0.161s] Level 1:colcon.colcon_core.package_discovery:discover_packages(ignore) discover
[0.161s] Level 1:colcon.colcon_core.package_discovery:discover_packages(ignore) using defaults
[0.161s] Level 1:colcon.colcon_core.package_discovery:discover_packages(path) discover
[0.161s] Level 1:colcon.colcon_core.package_discovery:discover_packages(path) using defaults
[0.177s] Level 1:colcon.colcon_core.package_discovery:discover_packages(prefix_path) check parameters
[0.177s] Level 1:colcon.colcon_core.package_discovery:discover_packages(prefix_path) discover
[0.179s] DEBUG:colcon.colcon_installed_package_information.package_discovery:Found 4 installed packages in /home/sdqsz/codes/lesson2/install
[0.180s] DEBUG:colcon.colcon_installed_package_information.package_discovery:Found 376 installed packages in /opt/ros/jazzy
[0.182s] Level 1:colcon.colcon_core.package_discovery:discover_packages(prefix_path) using defaults
[0.219s] Level 5:colcon.colcon_core.verb:set package 'lesson_cpp_pkg' build argument 'cmake_args' from command line to 'None'
[0.219s] Level 5:colcon.colcon_core.verb:set package 'lesson_cpp_pkg' build argument 'cmake_target' from command line to 'None'
[0.219s] Level 5:colcon.colcon_core.verb:set package 'lesson_cpp_pkg' build argument 'cmake_target_skip_unavailable' from command line to 'False'
[0.219s] Level 5:colcon.colcon_core.verb:set package 'lesson_cpp_pkg' build argument 'cmake_clean_cache' from command line to 'False'
[0.219s] Level 5:colcon.colcon_core.verb:set package 'lesson_cpp_pkg' build argument 'cmake_clean_first' from command line to 'False'
[0.219s] Level 5:colcon.colcon_core.verb:set package 'lesson_cpp_pkg' build argument 'cmake_force_configure' from command line to 'False'
[0.219s] Level 5:colcon.colcon_core.verb:set package 'lesson_cpp_pkg' build argument 'ament_cmake_args' from command line to 'None'
[0.219s] Level 5:colcon.colcon_core.verb:set package 'lesson_cpp_pkg' build argument 'catkin_cmake_args' from command line to 'None'
[0.219s] Level 5:colcon.colcon_core.verb:set package 'lesson_cpp_pkg' build argument 'catkin_skip_building_tests' from command line to 'False'
[0.219s] DEBUG:colcon.colcon_core.verb:Building package 'lesson_cpp_pkg' with the following arguments: {'ament_cmake_args': None, 'build_base': '/home/sdqsz/codes/lesson2/build/lesson_cpp_pkg', 'catkin_cmake_args': None, 'catkin_skip_building_tests': False, 'cmake_args': None, 'cmake_clean_cache': False, 'cmake_clean_first': False, 'cmake_force_configure': False, 'cmake_target': None, 'cmake_target_skip_unavailable': False, 'install_base': '/home/sdqsz/codes/lesson2/install/lesson_cpp_pkg', 'merge_install': False, 'path': '/home/sdqsz/codes/lesson2/src/lesson_cpp_pkg', 'symlink_install': False, 'test_result_base': None}
[0.220s] Level 5:colcon.colcon_core.verb:set package 'lesson_cpp_service' build argument 'cmake_args' from command line to 'None'
[0.220s] Level 5:colcon.colcon_core.verb:set package 'lesson_cpp_service' build argument 'cmake_target' from command line to 'None'
[0.220s] Level 5:colcon.colcon_core.verb:set package 'lesson_cpp_service' build argument 'cmake_target_skip_unavailable' from command line to 'False'
[0.220s] Level 5:colcon.colcon_core.verb:set package 'lesson_cpp_service' build argument 'cmake_clean_cache' from command line to 'False'
[0.220s] Level 5:colcon.colcon_core.verb:set package 'lesson_cpp_service' build argument 'cmake_clean_first' from command line to 'False'
[0.220s] Level 5:colcon.colcon_core.verb:set package 'lesson_cpp_service' build argument 'cmake_force_configure' from command line to 'False'
[0.220s] Level 5:colcon.colcon_core.verb:set package 'lesson_cpp_service' build argument 'ament_cmake_args' from command line to 'None'
[0.220s] Level 5:colcon.colcon_core.verb:set package 'lesson_cpp_service' build argument 'catkin_cmake_args' from command line to 'None'
[0.220s] Level 5:colcon.colcon_core.verb:set package 'lesson_cpp_service' build argument 'catkin_skip_building_tests' from command line to 'False'
[0.220s] DEBUG:colcon.colcon_core.verb:Building package 'lesson_cpp_service' with the following arguments: {'ament_cmake_args': None, 'build_base': '/home/sdqsz/codes/lesson2/build/lesson_cpp_service', 'catkin_cmake_args': None, 'catkin_skip_building_tests': False, 'cmake_args': None, 'cmake_clean_cache': False, 'cmake_clean_first': False, 'cmake_force_configure': False, 'cmake_target': None, 'cmake_target_skip_unavailable': False, 'install_base': '/home/sdqsz/codes/lesson2/install/lesson_cpp_service', 'merge_install': False, 'path': '/home/sdqsz/codes/lesson2/src/lesson_cpp_service', 'symlink_install': False, 'test_result_base': None}
[0.220s] Level 5:colcon.colcon_core.verb:set package 'lesson_python_pkg' build argument 'cmake_args' from command line to 'None'
[0.220s] Level 5:colcon.colcon_core.verb:set package 'lesson_python_pkg' build argument 'cmake_target' from command line to 'None'
[0.220s] Level 5:colcon.colcon_core.verb:set package 'lesson_python_pkg' build argument 'cmake_target_skip_unavailable' from command line to 'False'
[0.220s] Level 5:colcon.colcon_core.verb:set package 'lesson_python_pkg' build argument 'cmake_clean_cache' from command line to 'False'
[0.220s] Level 5:colcon.colcon_core.verb:set package 'lesson_python_pkg' build argument 'cmake_clean_first' from command line to 'False'
[0.220s] Level 5:colcon.colcon_core.verb:set package 'lesson_python_pkg' build argument 'cmake_force_configure' from command line to 'False'
[0.220s] Level 5:colcon.colcon_core.verb:set package 'lesson_python_pkg' build argument 'ament_cmake_args' from command line to 'None'
[0.220s] Level 5:colcon.colcon_core.verb:set package 'lesson_python_pkg' build argument 'catkin_cmake_args' from command line to 'None'
[0.220s] Level 5:colcon.colcon_core.verb:set package 'lesson_python_pkg' build argument 'catkin_skip_building_tests' from command line to 'False'
[0.220s] DEBUG:colcon.colcon_core.verb:Building package 'lesson_python_pkg' with the following arguments: {'ament_cmake_args': None, 'build_base': '/home/sdqsz/codes/lesson2/build/lesson_python_pkg', 'catkin_cmake_args': None, 'catkin_skip_building_tests': False, 'cmake_args': None, 'cmake_clean_cache': False, 'cmake_clean_first': False, 'cmake_force_configure': False, 'cmake_target': None, 'cmake_target_skip_unavailable': False, 'install_base': '/home/sdqsz/codes/lesson2/install/lesson_python_pkg', 'merge_install': False, 'path': '/home/sdqsz/codes/lesson2/src/lesson_python_pkg', 'symlink_install': False, 'test_result_base': None}
[0.220s] Level 5:colcon.colcon_core.verb:set package 'lesson_python_service' build argument 'cmake_args' from command line to 'None'
[0.220s] Level 5:colcon.colcon_core.verb:set package 'lesson_python_service' build argument 'cmake_target' from command line to 'None'
[0.220s] Level 5:colcon.colcon_core.verb:set package 'lesson_python_service' build argument 'cmake_target_skip_unavailable' from command line to 'False'
[0.220s] Level 5:colcon.colcon_core.verb:set package 'lesson_python_service' build argument 'cmake_clean_cache' from command line to 'False'
[0.220s] Level 5:colcon.colcon_core.verb:set package 'lesson_python_service' build argument 'cmake_clean_first' from command line to 'False'
[0.220s] Level 5:colcon.colcon_core.verb:set package 'lesson_python_service' build argument 'cmake_force_configure' from command line to 'False'
[0.220s] Level 5:colcon.colcon_core.verb:set package 'lesson_python_service' build argument 'ament_cmake_args' from command line to 'None'
[0.220s] Level 5:colcon.colcon_core.verb:set package 'lesson_python_service' build argument 'catkin_cmake_args' from command line to 'None'
[0.220s] Level 5:colcon.colcon_core.verb:set package 'lesson_python_service' build argument 'catkin_skip_building_tests' from command line to 'False'
[0.220s] DEBUG:colcon.colcon_core.verb:Building package 'lesson_python_service' with the following arguments: {'ament_cmake_args': None, 'build_base': '/home/sdqsz/codes/lesson2/build/lesson_python_service', 'catkin_cmake_args': None, 'catkin_skip_building_tests': False, 'cmake_args': None, 'cmake_clean_cache': False, 'cmake_clean_first': False, 'cmake_force_configure': False, 'cmake_target': None, 'cmake_target_skip_unavailable': False, 'install_base': '/home/sdqsz/codes/lesson2/install/lesson_python_service', 'merge_install': False, 'path': '/home/sdqsz/codes/lesson2/src/lesson_python_service', 'symlink_install': False, 'test_result_base': None}
[0.220s] INFO:colcon.colcon_core.executor:Executing jobs using 'parallel' executor
[0.221s] DEBUG:colcon.colcon_parallel_executor.executor.parallel:run_until_complete
[0.221s] INFO:colcon.colcon_ros.task.ament_cmake.build:Building ROS package in '/home/sdqsz/codes/lesson2/src/lesson_cpp_pkg' with build type 'ament_cmake'
[0.222s] INFO:colcon.colcon_cmake.task.cmake.build:Building CMake package in '/home/sdqsz/codes/lesson2/src/lesson_cpp_pkg'
[0.223s] INFO:colcon.colcon_core.plugin_system:Skipping extension 'colcon_core.shell.bat': Not used on non-Windows systems
[0.223s] INFO:colcon.colcon_core.shell:Skip shell extension 'powershell' for command environment: Not usable outside of PowerShell
[0.223s] DEBUG:colcon.colcon_core.shell:Skip shell extension 'dsv' for command environment
[0.226s] INFO:colcon.colcon_ros.task.ament_cmake.build:Building ROS package in '/home/sdqsz/codes/lesson2/src/lesson_cpp_service' with build type 'ament_cmake'
[0.226s] INFO:colcon.colcon_cmake.task.cmake.build:Building CMake package in '/home/sdqsz/codes/lesson2/src/lesson_cpp_service'
[0.227s] INFO:colcon.colcon_core.shell:Skip shell extension 'powershell' for command environment: Not usable outside of PowerShell
[0.227s] DEBUG:colcon.colcon_core.shell:Skip shell extension 'dsv' for command environment
[0.232s] INFO:colcon.colcon_ros.task.ament_python.build:Building ROS package in '/home/sdqsz/codes/lesson2/src/lesson_python_pkg' with build type 'ament_python'
[0.232s] Level 1:colcon.colcon_core.shell:create_environment_hook('lesson_python_pkg', 'ament_prefix_path')
[0.232s] INFO:colcon.colcon_core.shell:Creating environment hook '/home/sdqsz/codes/lesson2/install/lesson_python_pkg/share/lesson_python_pkg/hook/ament_prefix_path.ps1'
[0.233s] INFO:colcon.colcon_core.shell:Creating environment descriptor '/home/sdqsz/codes/lesson2/install/lesson_python_pkg/share/lesson_python_pkg/hook/ament_prefix_path.dsv'
[0.234s] INFO:colcon.colcon_core.shell:Creating environment hook '/home/sdqsz/codes/lesson2/install/lesson_python_pkg/share/lesson_python_pkg/hook/ament_prefix_path.sh'
[0.235s] INFO:colcon.colcon_core.shell:Skip shell extension 'powershell' for command environment: Not usable outside of PowerShell
[0.235s] DEBUG:colcon.colcon_core.shell:Skip shell extension 'dsv' for command environment
[0.241s] INFO:colcon.colcon_ros.task.ament_python.build:Building ROS package in '/home/sdqsz/codes/lesson2/src/lesson_python_service' with build type 'ament_python'
[0.241s] Level 1:colcon.colcon_core.shell:create_environment_hook('lesson_python_service', 'ament_prefix_path')
[0.242s] INFO:colcon.colcon_core.shell:Creating environment hook '/home/sdqsz/codes/lesson2/install/lesson_python_service/share/lesson_python_service/hook/ament_prefix_path.ps1'
[0.242s] INFO:colcon.colcon_core.shell:Creating environment descriptor '/home/sdqsz/codes/lesson2/install/lesson_python_service/share/lesson_python_service/hook/ament_prefix_path.dsv'
[0.243s] INFO:colcon.colcon_core.shell:Creating environment hook '/home/sdqsz/codes/lesson2/install/lesson_python_service/share/lesson_python_service/hook/ament_prefix_path.sh'
[0.244s] INFO:colcon.colcon_core.shell:Skip shell extension 'powershell' for command environment: Not usable outside of PowerShell
[0.244s] DEBUG:colcon.colcon_core.shell:Skip shell extension 'dsv' for command environment
[0.255s] DEBUG:colcon.colcon_core.event_handler.log_command:Invoking command in '/home/sdqsz/codes/lesson2/build/lesson_cpp_pkg': CMAKE_PREFIX_PATH=${CMAKE_PREFIX_PATH}:/home/sdqsz/codes/lesson2/install/lesson_python_service:/home/sdqsz/codes/lesson2/install/lesson_python_pkg:/opt/ros/jazzy DEBUGINFOD_URLS=https://debuginfod.ubuntu.com /usr/bin/cmake --build /home/sdqsz/codes/lesson2/build/lesson_cpp_pkg -- -j16 -l16
[0.257s] DEBUG:colcon.colcon_core.event_handler.log_command:Invoking command in '/home/sdqsz/codes/lesson2/build/lesson_cpp_service': CMAKE_PREFIX_PATH=${CMAKE_PREFIX_PATH}:/home/sdqsz/codes/lesson2/install/lesson_python_service:/home/sdqsz/codes/lesson2/install/lesson_python_pkg:/opt/ros/jazzy DEBUGINFOD_URLS=https://debuginfod.ubuntu.com /usr/bin/cmake /home/sdqsz/codes/lesson2/src/lesson_cpp_service -DCMAKE_INSTALL_PREFIX=/home/sdqsz/codes/lesson2/install/lesson_cpp_service
[0.542s] INFO:colcon.colcon_core.task.python.build:Building Python package in '/home/sdqsz/codes/lesson2/src/lesson_python_pkg'
[0.542s] INFO:colcon.colcon_core.shell:Skip shell extension 'powershell' for command environment: Not usable outside of PowerShell
[0.542s] DEBUG:colcon.colcon_core.shell:Skip shell extension 'dsv' for command environment
[0.550s] DEBUG:colcon.colcon_core.event_handler.log_command:Invoked command in '/home/sdqsz/codes/lesson2/build/lesson_cpp_pkg' returned '0': CMAKE_PREFIX_PATH=${CMAKE_PREFIX_PATH}:/home/sdqsz/codes/lesson2/install/lesson_python_service:/home/sdqsz/codes/lesson2/install/lesson_python_pkg:/opt/ros/jazzy DEBUGINFOD_URLS=https://debuginfod.ubuntu.com /usr/bin/cmake --build /home/sdqsz/codes/lesson2/build/lesson_cpp_pkg -- -j16 -l16
[0.564s] DEBUG:colcon.colcon_core.event_handler.log_command:Invoking command in '/home/sdqsz/codes/lesson2/build/lesson_cpp_pkg': CMAKE_PREFIX_PATH=${CMAKE_PREFIX_PATH}:/home/sdqsz/codes/lesson2/install/lesson_python_service:/home/sdqsz/codes/lesson2/install/lesson_python_pkg:/opt/ros/jazzy DEBUGINFOD_URLS=https://debuginfod.ubuntu.com /usr/bin/cmake --install /home/sdqsz/codes/lesson2/build/lesson_cpp_pkg
[0.799s] INFO:colcon.colcon_core.task.python.build:Building Python package in '/home/sdqsz/codes/lesson2/src/lesson_python_service'
[0.799s] INFO:colcon.colcon_core.shell:Skip shell extension 'powershell' for command environment: Not usable outside of PowerShell
[0.800s] DEBUG:colcon.colcon_core.shell:Skip shell extension 'dsv' for command environment
[0.811s] Level 1:colcon.colcon_core.environment:create_environment_scripts_only(lesson_cpp_pkg)
[0.812s] DEBUG:colcon.colcon_core.event_handler.log_command:Invoked command in '/home/sdqsz/codes/lesson2/build/lesson_cpp_pkg' returned '0': CMAKE_PREFIX_PATH=${CMAKE_PREFIX_PATH}:/home/sdqsz/codes/lesson2/install/lesson_python_service:/home/sdqsz/codes/lesson2/install/lesson_python_pkg:/opt/ros/jazzy DEBUGINFOD_URLS=https://debuginfod.ubuntu.com /usr/bin/cmake --install /home/sdqsz/codes/lesson2/build/lesson_cpp_pkg
[0.815s] Level 1:colcon.colcon_core.environment:checking '/home/sdqsz/codes/lesson2/install/lesson_cpp_pkg' for CMake module files
[0.816s] Level 1:colcon.colcon_core.environment:checking '/home/sdqsz/codes/lesson2/install/lesson_cpp_pkg' for CMake config files
[0.816s] Level 1:colcon.colcon_core.shell:create_environment_hook('lesson_cpp_pkg', 'cmake_prefix_path')
[0.816s] INFO:colcon.colcon_core.shell:Creating environment hook '/home/sdqsz/codes/lesson2/install/lesson_cpp_pkg/share/lesson_cpp_pkg/hook/cmake_prefix_path.ps1'
[0.816s] INFO:colcon.colcon_core.shell:Creating environment descriptor '/home/sdqsz/codes/lesson2/install/lesson_cpp_pkg/share/lesson_cpp_pkg/hook/cmake_prefix_path.dsv'
[0.817s] INFO:colcon.colcon_core.shell:Creating environment hook '/home/sdqsz/codes/lesson2/install/lesson_cpp_pkg/share/lesson_cpp_pkg/hook/cmake_prefix_path.sh'
[0.817s] Level 1:colcon.colcon_core.environment:checking '/home/sdqsz/codes/lesson2/install/lesson_cpp_pkg/lib'
[0.818s] Level 1:colcon.colcon_core.environment:checking '/home/sdqsz/codes/lesson2/install/lesson_cpp_pkg/bin'
[0.818s] Level 1:colcon.colcon_core.environment:checking '/home/sdqsz/codes/lesson2/install/lesson_cpp_pkg/lib/pkgconfig/lesson_cpp_pkg.pc'
[0.818s] Level 1:colcon.colcon_core.environment:checking '/home/sdqsz/codes/lesson2/install/lesson_cpp_pkg/lib/python3.12/site-packages'
[0.818s] Level 1:colcon.colcon_core.environment:checking '/home/sdqsz/codes/lesson2/install/lesson_cpp_pkg/bin'
[0.819s] INFO:colcon.colcon_core.shell:Creating package script '/home/sdqsz/codes/lesson2/install/lesson_cpp_pkg/share/lesson_cpp_pkg/package.ps1'
[0.820s] INFO:colcon.colcon_core.shell:Creating package descriptor '/home/sdqsz/codes/lesson2/install/lesson_cpp_pkg/share/lesson_cpp_pkg/package.dsv'
[0.821s] INFO:colcon.colcon_core.shell:Creating package script '/home/sdqsz/codes/lesson2/install/lesson_cpp_pkg/share/lesson_cpp_pkg/package.sh'
[0.822s] INFO:colcon.colcon_core.shell:Creating package script '/home/sdqsz/codes/lesson2/install/lesson_cpp_pkg/share/lesson_cpp_pkg/package.bash'
[0.823s] INFO:colcon.colcon_core.shell:Creating package script '/home/sdqsz/codes/lesson2/install/lesson_cpp_pkg/share/lesson_cpp_pkg/package.zsh'
[0.824s] Level 1:colcon.colcon_core.environment:create_file_with_runtime_dependencies(/home/sdqsz/codes/lesson2/install/lesson_cpp_pkg/share/colcon-core/packages/lesson_cpp_pkg)
[0.825s] Level 1:colcon.colcon_core.environment:create_environment_scripts_only(lesson_cpp_pkg)
[0.826s] Level 1:colcon.colcon_core.environment:checking '/home/sdqsz/codes/lesson2/install/lesson_cpp_pkg' for CMake module files
[0.826s] Level 1:colcon.colcon_core.environment:checking '/home/sdqsz/codes/lesson2/install/lesson_cpp_pkg' for CMake config files
[0.827s] Level 1:colcon.colcon_core.shell:create_environment_hook('lesson_cpp_pkg', 'cmake_prefix_path')
[0.827s] INFO:colcon.colcon_core.shell:Creating environment hook '/home/sdqsz/codes/lesson2/install/lesson_cpp_pkg/share/lesson_cpp_pkg/hook/cmake_prefix_path.ps1'
[0.828s] INFO:colcon.colcon_core.shell:Creating environment descriptor '/home/sdqsz/codes/lesson2/install/lesson_cpp_pkg/share/lesson_cpp_pkg/hook/cmake_prefix_path.dsv'
[0.829s] INFO:colcon.colcon_core.shell:Creating environment hook '/home/sdqsz/codes/lesson2/install/lesson_cpp_pkg/share/lesson_cpp_pkg/hook/cmake_prefix_path.sh'
[0.829s] Level 1:colcon.colcon_core.environment:checking '/home/sdqsz/codes/lesson2/install/lesson_cpp_pkg/lib'
[0.830s] Level 1:colcon.colcon_core.environment:checking '/home/sdqsz/codes/lesson2/install/lesson_cpp_pkg/bin'
[0.830s] Level 1:colcon.colcon_core.environment:checking '/home/sdqsz/codes/lesson2/install/lesson_cpp_pkg/lib/pkgconfig/lesson_cpp_pkg.pc'
[0.830s] Level 1:colcon.colcon_core.environment:checking '/home/sdqsz/codes/lesson2/install/lesson_cpp_pkg/lib/python3.12/site-packages'
[0.831s] Level 1:colcon.colcon_core.environment:checking '/home/sdqsz/codes/lesson2/install/lesson_cpp_pkg/bin'
[0.831s] INFO:colcon.colcon_core.shell:Creating package script '/home/sdqsz/codes/lesson2/install/lesson_cpp_pkg/share/lesson_cpp_pkg/package.ps1'
[0.832s] INFO:colcon.colcon_core.shell:Creating package descriptor '/home/sdqsz/codes/lesson2/install/lesson_cpp_pkg/share/lesson_cpp_pkg/package.dsv'
[0.833s] INFO:colcon.colcon_core.shell:Creating package script '/home/sdqsz/codes/lesson2/install/lesson_cpp_pkg/share/lesson_cpp_pkg/package.sh'
[0.834s] INFO:colcon.colcon_core.shell:Creating package script '/home/sdqsz/codes/lesson2/install/lesson_cpp_pkg/share/lesson_cpp_pkg/package.bash'
[0.834s] INFO:colcon.colcon_core.shell:Creating package script '/home/sdqsz/codes/lesson2/install/lesson_cpp_pkg/share/lesson_cpp_pkg/package.zsh'
[0.835s] Level 1:colcon.colcon_core.environment:create_file_with_runtime_dependencies(/home/sdqsz/codes/lesson2/install/lesson_cpp_pkg/share/colcon-core/packages/lesson_cpp_pkg)
[1.110s] DEBUG:colcon.colcon_core.event_handler.log_command:Invoked command in '/home/sdqsz/codes/lesson2/build/lesson_cpp_service' returned '0': CMAKE_PREFIX_PATH=${CMAKE_PREFIX_PATH}:/home/sdqsz/codes/lesson2/install/lesson_python_service:/home/sdqsz/codes/lesson2/install/lesson_python_pkg:/opt/ros/jazzy DEBUGINFOD_URLS=https://debuginfod.ubuntu.com /usr/bin/cmake /home/sdqsz/codes/lesson2/src/lesson_cpp_service -DCMAKE_INSTALL_PREFIX=/home/sdqsz/codes/lesson2/install/lesson_cpp_service
[1.112s] DEBUG:colcon.colcon_core.event_handler.log_command:Invoking command in '/home/sdqsz/codes/lesson2/build/lesson_cpp_service': CMAKE_PREFIX_PATH=${CMAKE_PREFIX_PATH}:/home/sdqsz/codes/lesson2/install/lesson_python_service:/home/sdqsz/codes/lesson2/install/lesson_python_pkg:/opt/ros/jazzy DEBUGINFOD_URLS=https://debuginfod.ubuntu.com /usr/bin/cmake --build /home/sdqsz/codes/lesson2/build/lesson_cpp_service -- -j16 -l16
[1.549s] DEBUG:colcon.colcon_core.event_handler.log_command:Invoking command in '/home/sdqsz/codes/lesson2/src/lesson_python_service': DEBUGINFOD_URLS=https://debuginfod.ubuntu.com PYTHONPATH=/home/sdqsz/codes/lesson2/build/lesson_python_service/prefix_override:/usr/lib/python3/dist-packages/colcon_core/task/python/colcon_distutils_commands:/home/sdqsz/codes/lesson2/install/lesson_python_service/lib/python3.12/site-packages:${PYTHONPATH} /usr/bin/python3 -W ignore:setup.py install is deprecated -W ignore:easy_install command is deprecated setup.py egg_info --egg-base ../../build/lesson_python_service build --build-base /home/sdqsz/codes/lesson2/build/lesson_python_service/build install --record /home/sdqsz/codes/lesson2/build/lesson_python_service/install.log --single-version-externally-managed install_data
[1.790s] DEBUG:colcon.colcon_core.event_handler.log_command:Invoking command in '/home/sdqsz/codes/lesson2/src/lesson_python_pkg': DEBUGINFOD_URLS=https://debuginfod.ubuntu.com PYTHONPATH=/home/sdqsz/codes/lesson2/build/lesson_python_pkg/prefix_override:/usr/lib/python3/dist-packages/colcon_core/task/python/colcon_distutils_commands:/home/sdqsz/codes/lesson2/install/lesson_python_pkg/lib/python3.12/site-packages:${PYTHONPATH} /usr/bin/python3 -W ignore:setup.py install is deprecated -W ignore:easy_install command is deprecated setup.py egg_info --egg-base ../../build/lesson_python_pkg build --build-base /home/sdqsz/codes/lesson2/build/lesson_python_pkg/build install --record /home/sdqsz/codes/lesson2/build/lesson_python_pkg/install.log --single-version-externally-managed install_data
[2.257s] Level 1:colcon.colcon_core.environment:checking '/home/sdqsz/codes/lesson2/install/lesson_python_service' for CMake module files
[2.258s] DEBUG:colcon.colcon_core.event_handler.log_command:Invoked command in '/home/sdqsz/codes/lesson2/src/lesson_python_service' returned '0': DEBUGINFOD_URLS=https://debuginfod.ubuntu.com PYTHONPATH=/home/sdqsz/codes/lesson2/build/lesson_python_service/prefix_override:/usr/lib/python3/dist-packages/colcon_core/task/python/colcon_distutils_commands:/home/sdqsz/codes/lesson2/install/lesson_python_service/lib/python3.12/site-packages:${PYTHONPATH} /usr/bin/python3 -W ignore:setup.py install is deprecated -W ignore:easy_install command is deprecated setup.py egg_info --egg-base ../../build/lesson_python_service build --build-base /home/sdqsz/codes/lesson2/build/lesson_python_service/build install --record /home/sdqsz/codes/lesson2/build/lesson_python_service/install.log --single-version-externally-managed install_data
[2.259s] Level 1:colcon.colcon_core.environment:checking '/home/sdqsz/codes/lesson2/install/lesson_python_service' for CMake config files
[2.259s] Level 1:colcon.colcon_core.environment:checking '/home/sdqsz/codes/lesson2/install/lesson_python_service/lib'
[2.259s] Level 1:colcon.colcon_core.environment:checking '/home/sdqsz/codes/lesson2/install/lesson_python_service/bin'
[2.259s] Level 1:colcon.colcon_core.environment:checking '/home/sdqsz/codes/lesson2/install/lesson_python_service/lib/pkgconfig/lesson_python_service.pc'
[2.260s] Level 1:colcon.colcon_core.environment:checking '/home/sdqsz/codes/lesson2/install/lesson_python_service/lib/python3.12/site-packages'
[2.260s] Level 1:colcon.colcon_core.shell:create_environment_hook('lesson_python_service', 'pythonpath')
[2.260s] INFO:colcon.colcon_core.shell:Creating environment hook '/home/sdqsz/codes/lesson2/install/lesson_python_service/share/lesson_python_service/hook/pythonpath.ps1'
[2.261s] INFO:colcon.colcon_core.shell:Creating environment descriptor '/home/sdqsz/codes/lesson2/install/lesson_python_service/share/lesson_python_service/hook/pythonpath.dsv'
[2.261s] INFO:colcon.colcon_core.shell:Creating environment hook '/home/sdqsz/codes/lesson2/install/lesson_python_service/share/lesson_python_service/hook/pythonpath.sh'
[2.262s] Level 1:colcon.colcon_core.environment:checking '/home/sdqsz/codes/lesson2/install/lesson_python_service/bin'
[2.262s] Level 1:colcon.colcon_core.environment:create_environment_scripts_only(lesson_python_service)
[2.262s] INFO:colcon.colcon_core.shell:Creating package script '/home/sdqsz/codes/lesson2/install/lesson_python_service/share/lesson_python_service/package.ps1'
[2.262s] INFO:colcon.colcon_core.shell:Creating package descriptor '/home/sdqsz/codes/lesson2/install/lesson_python_service/share/lesson_python_service/package.dsv'
[2.263s] INFO:colcon.colcon_core.shell:Creating package script '/home/sdqsz/codes/lesson2/install/lesson_python_service/share/lesson_python_service/package.sh'
[2.264s] INFO:colcon.colcon_core.shell:Creating package script '/home/sdqsz/codes/lesson2/install/lesson_python_service/share/lesson_python_service/package.bash'
[2.264s] INFO:colcon.colcon_core.shell:Creating package script '/home/sdqsz/codes/lesson2/install/lesson_python_service/share/lesson_python_service/package.zsh'
[2.265s] Level 1:colcon.colcon_core.environment:create_file_with_runtime_dependencies(/home/sdqsz/codes/lesson2/install/lesson_python_service/share/colcon-core/packages/lesson_python_service)
[2.655s] Level 1:colcon.colcon_core.environment:checking '/home/sdqsz/codes/lesson2/install/lesson_python_pkg' for CMake module files
[2.656s] DEBUG:colcon.colcon_core.event_handler.log_command:Invoked command in '/home/sdqsz/codes/lesson2/src/lesson_python_pkg' returned '0': DEBUGINFOD_URLS=https://debuginfod.ubuntu.com PYTHONPATH=/home/sdqsz/codes/lesson2/build/lesson_python_pkg/prefix_override:/usr/lib/python3/dist-packages/colcon_core/task/python/colcon_distutils_commands:/home/sdqsz/codes/lesson2/install/lesson_python_pkg/lib/python3.12/site-packages:${PYTHONPATH} /usr/bin/python3 -W ignore:setup.py install is deprecated -W ignore:easy_install command is deprecated setup.py egg_info --egg-base ../../build/lesson_python_pkg build --build-base /home/sdqsz/codes/lesson2/build/lesson_python_pkg/build install --record /home/sdqsz/codes/lesson2/build/lesson_python_pkg/install.log --single-version-externally-managed install_data
[2.656s] Level 1:colcon.colcon_core.environment:checking '/home/sdqsz/codes/lesson2/install/lesson_python_pkg' for CMake config files
[2.657s] Level 1:colcon.colcon_core.environment:checking '/home/sdqsz/codes/lesson2/install/lesson_python_pkg/lib'
[2.657s] Level 1:colcon.colcon_core.environment:checking '/home/sdqsz/codes/lesson2/install/lesson_python_pkg/bin'
[2.657s] Level 1:colcon.colcon_core.environment:checking '/home/sdqsz/codes/lesson2/install/lesson_python_pkg/lib/pkgconfig/lesson_python_pkg.pc'
[2.657s] Level 1:colcon.colcon_core.environment:checking '/home/sdqsz/codes/lesson2/install/lesson_python_pkg/lib/python3.12/site-packages'
[2.657s] Level 1:colcon.colcon_core.shell:create_environment_hook('lesson_python_pkg', 'pythonpath')
[2.658s] INFO:colcon.colcon_core.shell:Creating environment hook '/home/sdqsz/codes/lesson2/install/lesson_python_pkg/share/lesson_python_pkg/hook/pythonpath.ps1'
[2.658s] INFO:colcon.colcon_core.shell:Creating environment descriptor '/home/sdqsz/codes/lesson2/install/lesson_python_pkg/share/lesson_python_pkg/hook/pythonpath.dsv'
[2.658s] INFO:colcon.colcon_core.shell:Creating environment hook '/home/sdqsz/codes/lesson2/install/lesson_python_pkg/share/lesson_python_pkg/hook/pythonpath.sh'
[2.659s] Level 1:colcon.colcon_core.environment:checking '/home/sdqsz/codes/lesson2/install/lesson_python_pkg/bin'
[2.659s] Level 1:colcon.colcon_core.environment:create_environment_scripts_only(lesson_python_pkg)
[2.659s] INFO:colcon.colcon_core.shell:Creating package script '/home/sdqsz/codes/lesson2/install/lesson_python_pkg/share/lesson_python_pkg/package.ps1'
[2.660s] INFO:colcon.colcon_core.shell:Creating package descriptor '/home/sdqsz/codes/lesson2/install/lesson_python_pkg/share/lesson_python_pkg/package.dsv'
[2.660s] INFO:colcon.colcon_core.shell:Creating package script '/home/sdqsz/codes/lesson2/install/lesson_python_pkg/share/lesson_python_pkg/package.sh'
[2.661s] INFO:colcon.colcon_core.shell:Creating package script '/home/sdqsz/codes/lesson2/install/lesson_python_pkg/share/lesson_python_pkg/package.bash'
[2.661s] INFO:colcon.colcon_core.shell:Creating package script '/home/sdqsz/codes/lesson2/install/lesson_python_pkg/share/lesson_python_pkg/package.zsh'
[2.661s] Level 1:colcon.colcon_core.environment:create_file_with_runtime_dependencies(/home/sdqsz/codes/lesson2/install/lesson_python_pkg/share/colcon-core/packages/lesson_python_pkg)
[5.179s] DEBUG:colcon.colcon_core.event_handler.log_command:Invoked command in '/home/sdqsz/codes/lesson2/build/lesson_cpp_service' returned '0': CMAKE_PREFIX_PATH=${CMAKE_PREFIX_PATH}:/home/sdqsz/codes/lesson2/install/lesson_python_service:/home/sdqsz/codes/lesson2/install/lesson_python_pkg:/opt/ros/jazzy DEBUGINFOD_URLS=https://debuginfod.ubuntu.com /usr/bin/cmake --build /home/sdqsz/codes/lesson2/build/lesson_cpp_service -- -j16 -l16
[5.180s] DEBUG:colcon.colcon_core.event_handler.log_command:Invoking command in '/home/sdqsz/codes/lesson2/build/lesson_cpp_service': CMAKE_PREFIX_PATH=${CMAKE_PREFIX_PATH}:/home/sdqsz/codes/lesson2/install/lesson_python_service:/home/sdqsz/codes/lesson2/install/lesson_python_pkg:/opt/ros/jazzy DEBUGINFOD_URLS=https://debuginfod.ubuntu.com /usr/bin/cmake --install /home/sdqsz/codes/lesson2/build/lesson_cpp_service
[5.195s] Level 1:colcon.colcon_core.environment:create_environment_scripts_only(lesson_cpp_service)
[5.195s] Level 1:colcon.colcon_core.environment:checking '/home/sdqsz/codes/lesson2/install/lesson_cpp_service' for CMake module files
[5.196s] DEBUG:colcon.colcon_core.event_handler.log_command:Invoked command in '/home/sdqsz/codes/lesson2/build/lesson_cpp_service' returned '0': CMAKE_PREFIX_PATH=${CMAKE_PREFIX_PATH}:/home/sdqsz/codes/lesson2/install/lesson_python_service:/home/sdqsz/codes/lesson2/install/lesson_python_pkg:/opt/ros/jazzy DEBUGINFOD_URLS=https://debuginfod.ubuntu.com /usr/bin/cmake --install /home/sdqsz/codes/lesson2/build/lesson_cpp_service
[5.196s] Level 1:colcon.colcon_core.environment:checking '/home/sdqsz/codes/lesson2/install/lesson_cpp_service' for CMake config files
[5.196s] Level 1:colcon.colcon_core.shell:create_environment_hook('lesson_cpp_service', 'cmake_prefix_path')
[5.196s] INFO:colcon.colcon_core.shell:Creating environment hook '/home/sdqsz/codes/lesson2/install/lesson_cpp_service/share/lesson_cpp_service/hook/cmake_prefix_path.ps1'
[5.197s] INFO:colcon.colcon_core.shell:Creating environment descriptor '/home/sdqsz/codes/lesson2/install/lesson_cpp_service/share/lesson_cpp_service/hook/cmake_prefix_path.dsv'
[5.197s] INFO:colcon.colcon_core.shell:Creating environment hook '/home/sdqsz/codes/lesson2/install/lesson_cpp_service/share/lesson_cpp_service/hook/cmake_prefix_path.sh'
[5.197s] Level 1:colcon.colcon_core.environment:checking '/home/sdqsz/codes/lesson2/install/lesson_cpp_service/lib'
[5.197s] Level 1:colcon.colcon_core.environment:checking '/home/sdqsz/codes/lesson2/install/lesson_cpp_service/bin'
[5.197s] Level 1:colcon.colcon_core.environment:checking '/home/sdqsz/codes/lesson2/install/lesson_cpp_service/lib/pkgconfig/lesson_cpp_service.pc'
[5.197s] Level 1:colcon.colcon_core.environment:checking '/home/sdqsz/codes/lesson2/install/lesson_cpp_service/lib/python3.12/site-packages'
[5.198s] Level 1:colcon.colcon_core.environment:checking '/home/sdqsz/codes/lesson2/install/lesson_cpp_service/bin'
[5.198s] INFO:colcon.colcon_core.shell:Creating package script '/home/sdqsz/codes/lesson2/install/lesson_cpp_service/share/lesson_cpp_service/package.ps1'
[5.198s] INFO:colcon.colcon_core.shell:Creating package descriptor '/home/sdqsz/codes/lesson2/install/lesson_cpp_service/share/lesson_cpp_service/package.dsv'
[5.198s] INFO:colcon.colcon_core.shell:Creating package script '/home/sdqsz/codes/lesson2/install/lesson_cpp_service/share/lesson_cpp_service/package.sh'
[5.199s] INFO:colcon.colcon_core.shell:Creating package script '/home/sdqsz/codes/lesson2/install/lesson_cpp_service/share/lesson_cpp_service/package.bash'
[5.199s] INFO:colcon.colcon_core.shell:Creating package script '/home/sdqsz/codes/lesson2/install/lesson_cpp_service/share/lesson_cpp_service/package.zsh'
[5.199s] Level 1:colcon.colcon_core.environment:create_file_with_runtime_dependencies(/home/sdqsz/codes/lesson2/install/lesson_cpp_service/share/colcon-core/packages/lesson_cpp_service)
[5.200s] Level 1:colcon.colcon_core.environment:create_environment_scripts_only(lesson_cpp_service)
[5.200s] Level 1:colcon.colcon_core.environment:checking '/home/sdqsz/codes/lesson2/install/lesson_cpp_service' for CMake module files
[5.201s] Level 1:colcon.colcon_core.environment:checking '/home/sdqsz/codes/lesson2/install/lesson_cpp_service' for CMake config files
[5.201s] Level 1:colcon.colcon_core.shell:create_environment_hook('lesson_cpp_service', 'cmake_prefix_path')
[5.201s] INFO:colcon.colcon_core.shell:Creating environment hook '/home/sdqsz/codes/lesson2/install/lesson_cpp_service/share/lesson_cpp_service/hook/cmake_prefix_path.ps1'
[5.201s] INFO:colcon.colcon_core.shell:Creating environment descriptor '/home/sdqsz/codes/lesson2/install/lesson_cpp_service/share/lesson_cpp_service/hook/cmake_prefix_path.dsv'
[5.202s] INFO:colcon.colcon_core.shell:Creating environment hook '/home/sdqsz/codes/lesson2/install/lesson_cpp_service/share/lesson_cpp_service/hook/cmake_prefix_path.sh'
[5.202s] Level 1:colcon.colcon_core.environment:checking '/home/sdqsz/codes/lesson2/install/lesson_cpp_service/lib'
[5.202s] Level 1:colcon.colcon_core.environment:checking '/home/sdqsz/codes/lesson2/install/lesson_cpp_service/bin'
[5.202s] Level 1:colcon.colcon_core.environment:checking '/home/sdqsz/codes/lesson2/install/lesson_cpp_service/lib/pkgconfig/lesson_cpp_service.pc'
[5.202s] Level 1:colcon.colcon_core.environment:checking '/home/sdqsz/codes/lesson2/install/lesson_cpp_service/lib/python3.12/site-packages'
[5.202s] Level 1:colcon.colcon_core.environment:checking '/home/sdqsz/codes/lesson2/install/lesson_cpp_service/bin'
[5.203s] INFO:colcon.colcon_core.shell:Creating package script '/home/sdqsz/codes/lesson2/install/lesson_cpp_service/share/lesson_cpp_service/package.ps1'
[5.203s] INFO:colcon.colcon_core.shell:Creating package descriptor '/home/sdqsz/codes/lesson2/install/lesson_cpp_service/share/lesson_cpp_service/package.dsv'
[5.203s] INFO:colcon.colcon_core.shell:Creating package script '/home/sdqsz/codes/lesson2/install/lesson_cpp_service/share/lesson_cpp_service/package.sh'
[5.204s] INFO:colcon.colcon_core.shell:Creating package script '/home/sdqsz/codes/lesson2/install/lesson_cpp_service/share/lesson_cpp_service/package.bash'
[5.204s] INFO:colcon.colcon_core.shell:Creating package script '/home/sdqsz/codes/lesson2/install/lesson_cpp_service/share/lesson_cpp_service/package.zsh'
[5.205s] Level 1:colcon.colcon_core.environment:create_file_with_runtime_dependencies(/home/sdqsz/codes/lesson2/install/lesson_cpp_service/share/colcon-core/packages/lesson_cpp_service)
[5.206s] DEBUG:colcon.colcon_parallel_executor.executor.parallel:closing loop
[5.207s] DEBUG:colcon.colcon_parallel_executor.executor.parallel:loop closed
[5.207s] DEBUG:colcon.colcon_parallel_executor.executor.parallel:run_until_complete finished with '0'
[5.207s] DEBUG:colcon.colcon_core.event_reactor:joining thread
[5.212s] INFO:colcon.colcon_core.plugin_system:Skipping extension 'colcon_notification.desktop_notification.terminal_notifier': Not used on non-Darwin systems
[5.212s] INFO:colcon.colcon_core.plugin_system:Skipping extension 'colcon_notification.desktop_notification.win32': Not used on non-Windows systems
[5.212s] INFO:colcon.colcon_notification.desktop_notification:Sending desktop notification using 'notify2'
[5.226s] DEBUG:colcon.colcon_core.event_reactor:joined thread
[5.226s] INFO:colcon.colcon_core.shell:Creating prefix script '/home/sdqsz/codes/lesson2/install/local_setup.ps1'
[5.227s] INFO:colcon.colcon_core.shell:Creating prefix util module '/home/sdqsz/codes/lesson2/install/_local_setup_util_ps1.py'
[5.228s] INFO:colcon.colcon_core.shell:Creating prefix chain script '/home/sdqsz/codes/lesson2/install/setup.ps1'
[5.229s] INFO:colcon.colcon_core.shell:Creating prefix script '/home/sdqsz/codes/lesson2/install/local_setup.sh'
[5.229s] INFO:colcon.colcon_core.shell:Creating prefix util module '/home/sdqsz/codes/lesson2/install/_local_setup_util_sh.py'
[5.229s] INFO:colcon.colcon_core.shell:Creating prefix chain script '/home/sdqsz/codes/lesson2/install/setup.sh'
[5.230s] INFO:colcon.colcon_core.shell:Creating prefix script '/home/sdqsz/codes/lesson2/install/local_setup.bash'
[5.230s] INFO:colcon.colcon_core.shell:Creating prefix chain script '/home/sdqsz/codes/lesson2/install/setup.bash'
[5.231s] INFO:colcon.colcon_core.shell:Creating prefix script '/home/sdqsz/codes/lesson2/install/local_setup.zsh'
[5.232s] INFO:colcon.colcon_core.shell:Creating prefix chain script '/home/sdqsz/codes/lesson2/install/setup.zsh'
