[0.071s] DEBUG:colcon:Command line arguments: ['/usr/bin/colcon', 'build']
[0.071s] DEBUG:colcon:Parsed command line arguments: Namespace(log_base=None, log_level=None, verb_name='build', build_base='build', install_base='install', merge_install=False, symlink_install=False, test_result_base=None, continue_on_error=False, executor='parallel', parallel_workers=16, event_handlers=None, ignore_user_meta=False, metas=['./colcon.meta'], base_paths=['.'], packages_ignore=None, packages_ignore_regex=None, paths=None, packages_up_to=None, packages_up_to_regex=None, packages_above=None, packages_above_and_dependencies=None, packages_above_depth=None, packages_select_by_dep=None, packages_skip_by_dep=None, packages_skip_up_to=None, packages_select_build_failed=False, packages_skip_build_finished=False, packages_select_test_failures=False, packages_skip_test_passed=False, packages_select=None, packages_skip=None, packages_select_regex=None, packages_skip_regex=None, packages_start=None, packages_end=None, allow_overriding=[], cmake_args=None, cmake_target=None, cmake_target_skip_unavailable=False, cmake_clean_cache=False, cmake_clean_first=False, cmake_force_configure=False, ament_cmake_args=None, catkin_cmake_args=None, catkin_skip_building_tests=False, mixin_files=None, mixin=None, verb_parser=<colcon_mixin.mixin.mixin_argument.MixinArgumentDecorator object at 0x74589278eb40>, verb_extension=<colcon_core.verb.build.BuildVerb object at 0x7458928b6960>, main=<bound method BuildVerb.main of <colcon_core.verb.build.BuildVerb object at 0x7458928b6960>>, mixin_verb=('build',))
[0.099s] Level 1:colcon.colcon_core.package_discovery:discover_packages(colcon_meta) check parameters
[0.099s] Level 1:colcon.colcon_core.package_discovery:discover_packages(recursive) check parameters
[0.099s] Level 1:colcon.colcon_core.package_discovery:discover_packages(ignore) check parameters
[0.099s] Level 1:colcon.colcon_core.package_discovery:discover_packages(path) check parameters
[0.099s] Level 1:colcon.colcon_core.package_discovery:discover_packages(colcon_meta) discover
[0.099s] Level 1:colcon.colcon_core.package_discovery:discover_packages(recursive) discover
[0.099s] INFO:colcon.colcon_core.package_discovery:Crawling recursively for packages in '/home/sdqsz/codes/lesson2'
[0.099s] Level 1:colcon.colcon_core.package_identification:_identify(.) by extensions ['ignore', 'ignore_ament_install']
[0.099s] Level 1:colcon.colcon_core.package_identification:_identify(.) by extension 'ignore'
[0.099s] Level 1:colcon.colcon_core.package_identification:_identify(.) by extension 'ignore_ament_install'
[0.099s] Level 1:colcon.colcon_core.package_identification:_identify(.) by extensions ['colcon_pkg']
[0.099s] Level 1:colcon.colcon_core.package_identification:_identify(.) by extension 'colcon_pkg'
[0.099s] Level 1:colcon.colcon_core.package_identification:_identify(.) by extensions ['colcon_meta']
[0.099s] Level 1:colcon.colcon_core.package_identification:_identify(.) by extension 'colcon_meta'
[0.099s] Level 1:colcon.colcon_core.package_identification:_identify(.) by extensions ['ros']
[0.099s] Level 1:colcon.colcon_core.package_identification:_identify(.) by extension 'ros'
[0.126s] Level 1:colcon.colcon_core.package_identification:_identify(.) by extensions ['cmake', 'python']
[0.127s] Level 1:colcon.colcon_core.package_identification:_identify(.) by extension 'cmake'
[0.127s] Level 1:colcon.colcon_core.package_identification:_identify(.) by extension 'python'
[0.127s] Level 1:colcon.colcon_core.package_identification:_identify(.) by extensions ['python_setup_py']
[0.127s] Level 1:colcon.colcon_core.package_identification:_identify(.) by extension 'python_setup_py'
[0.127s] Level 1:colcon.colcon_core.package_identification:_identify(build) by extensions ['ignore', 'ignore_ament_install']
[0.127s] Level 1:colcon.colcon_core.package_identification:_identify(build) by extension 'ignore'
[0.127s] Level 1:colcon.colcon_core.package_identification:_identify(build) ignored
[0.127s] Level 1:colcon.colcon_core.package_identification:_identify(install) by extensions ['ignore', 'ignore_ament_install']
[0.127s] Level 1:colcon.colcon_core.package_identification:_identify(install) by extension 'ignore'
[0.127s] Level 1:colcon.colcon_core.package_identification:_identify(install) ignored
[0.127s] Level 1:colcon.colcon_core.package_identification:_identify(log) by extensions ['ignore', 'ignore_ament_install']
[0.127s] Level 1:colcon.colcon_core.package_identification:_identify(log) by extension 'ignore'
[0.127s] Level 1:colcon.colcon_core.package_identification:_identify(log) ignored
[0.127s] Level 1:colcon.colcon_core.package_identification:_identify(src) by extensions ['ignore', 'ignore_ament_install']
[0.127s] Level 1:colcon.colcon_core.package_identification:_identify(src) by extension 'ignore'
[0.127s] Level 1:colcon.colcon_core.package_identification:_identify(src) by extension 'ignore_ament_install'
[0.127s] Level 1:colcon.colcon_core.package_identification:_identify(src) by extensions ['colcon_pkg']
[0.127s] Level 1:colcon.colcon_core.package_identification:_identify(src) by extension 'colcon_pkg'
[0.128s] Level 1:colcon.colcon_core.package_identification:_identify(src) by extensions ['colcon_meta']
[0.128s] Level 1:colcon.colcon_core.package_identification:_identify(src) by extension 'colcon_meta'
[0.128s] Level 1:colcon.colcon_core.package_identification:_identify(src) by extensions ['ros']
[0.128s] Level 1:colcon.colcon_core.package_identification:_identify(src) by extension 'ros'
[0.128s] Level 1:colcon.colcon_core.package_identification:_identify(src) by extensions ['cmake', 'python']
[0.128s] Level 1:colcon.colcon_core.package_identification:_identify(src) by extension 'cmake'
[0.128s] Level 1:colcon.colcon_core.package_identification:_identify(src) by extension 'python'
[0.128s] Level 1:colcon.colcon_core.package_identification:_identify(src) by extensions ['python_setup_py']
[0.128s] Level 1:colcon.colcon_core.package_identification:_identify(src) by extension 'python_setup_py'
[0.128s] Level 1:colcon.colcon_core.package_identification:_identify(src/lesson_cpp_pkg) by extensions ['ignore', 'ignore_ament_install']
[0.128s] Level 1:colcon.colcon_core.package_identification:_identify(src/lesson_cpp_pkg) by extension 'ignore'
[0.128s] Level 1:colcon.colcon_core.package_identification:_identify(src/lesson_cpp_pkg) by extension 'ignore_ament_install'
[0.128s] Level 1:colcon.colcon_core.package_identification:_identify(src/lesson_cpp_pkg) by extensions ['colcon_pkg']
[0.128s] Level 1:colcon.colcon_core.package_identification:_identify(src/lesson_cpp_pkg) by extension 'colcon_pkg'
[0.128s] Level 1:colcon.colcon_core.package_identification:_identify(src/lesson_cpp_pkg) by extensions ['colcon_meta']
[0.128s] Level 1:colcon.colcon_core.package_identification:_identify(src/lesson_cpp_pkg) by extension 'colcon_meta'
[0.128s] Level 1:colcon.colcon_core.package_identification:_identify(src/lesson_cpp_pkg) by extensions ['ros']
[0.128s] Level 1:colcon.colcon_core.package_identification:_identify(src/lesson_cpp_pkg) by extension 'ros'
[0.130s] DEBUG:colcon.colcon_core.package_identification:Package 'src/lesson_cpp_pkg' with type 'ros.ament_cmake' and name 'lesson_cpp_pkg'
[0.130s] Level 1:colcon.colcon_core.package_identification:_identify(src/lesson_cpp_service) by extensions ['ignore', 'ignore_ament_install']
[0.130s] Level 1:colcon.colcon_core.package_identification:_identify(src/lesson_cpp_service) by extension 'ignore'
[0.130s] Level 1:colcon.colcon_core.package_identification:_identify(src/lesson_cpp_service) by extension 'ignore_ament_install'
[0.130s] Level 1:colcon.colcon_core.package_identification:_identify(src/lesson_cpp_service) by extensions ['colcon_pkg']
[0.130s] Level 1:colcon.colcon_core.package_identification:_identify(src/lesson_cpp_service) by extension 'colcon_pkg'
[0.130s] Level 1:colcon.colcon_core.package_identification:_identify(src/lesson_cpp_service) by extensions ['colcon_meta']
[0.130s] Level 1:colcon.colcon_core.package_identification:_identify(src/lesson_cpp_service) by extension 'colcon_meta'
[0.130s] Level 1:colcon.colcon_core.package_identification:_identify(src/lesson_cpp_service) by extensions ['ros']
[0.130s] Level 1:colcon.colcon_core.package_identification:_identify(src/lesson_cpp_service) by extension 'ros'
[0.131s] DEBUG:colcon.colcon_core.package_identification:Package 'src/lesson_cpp_service' with type 'ros.ament_cmake' and name 'lesson_cpp_service'
[0.131s] Level 1:colcon.colcon_core.package_identification:_identify(src/lesson_interfaces) by extensions ['ignore', 'ignore_ament_install']
[0.131s] Level 1:colcon.colcon_core.package_identification:_identify(src/lesson_interfaces) by extension 'ignore'
[0.131s] Level 1:colcon.colcon_core.package_identification:_identify(src/lesson_interfaces) by extension 'ignore_ament_install'
[0.131s] Level 1:colcon.colcon_core.package_identification:_identify(src/lesson_interfaces) by extensions ['colcon_pkg']
[0.131s] Level 1:colcon.colcon_core.package_identification:_identify(src/lesson_interfaces) by extension 'colcon_pkg'
[0.131s] Level 1:colcon.colcon_core.package_identification:_identify(src/lesson_interfaces) by extensions ['colcon_meta']
[0.131s] Level 1:colcon.colcon_core.package_identification:_identify(src/lesson_interfaces) by extension 'colcon_meta'
[0.131s] Level 1:colcon.colcon_core.package_identification:_identify(src/lesson_interfaces) by extensions ['ros']
[0.131s] Level 1:colcon.colcon_core.package_identification:_identify(src/lesson_interfaces) by extension 'ros'
[0.132s] DEBUG:colcon.colcon_core.package_identification:Package 'src/lesson_interfaces' with type 'ros.ament_cmake' and name 'lesson_interfaces'
[0.132s] Level 1:colcon.colcon_core.package_identification:_identify(src/lesson_python_pkg) by extensions ['ignore', 'ignore_ament_install']
[0.132s] Level 1:colcon.colcon_core.package_identification:_identify(src/lesson_python_pkg) by extension 'ignore'
[0.132s] Level 1:colcon.colcon_core.package_identification:_identify(src/lesson_python_pkg) by extension 'ignore_ament_install'
[0.132s] Level 1:colcon.colcon_core.package_identification:_identify(src/lesson_python_pkg) by extensions ['colcon_pkg']
[0.132s] Level 1:colcon.colcon_core.package_identification:_identify(src/lesson_python_pkg) by extension 'colcon_pkg'
[0.132s] Level 1:colcon.colcon_core.package_identification:_identify(src/lesson_python_pkg) by extensions ['colcon_meta']
[0.132s] Level 1:colcon.colcon_core.package_identification:_identify(src/lesson_python_pkg) by extension 'colcon_meta'
[0.132s] Level 1:colcon.colcon_core.package_identification:_identify(src/lesson_python_pkg) by extensions ['ros']
[0.132s] Level 1:colcon.colcon_core.package_identification:_identify(src/lesson_python_pkg) by extension 'ros'
[0.132s] DEBUG:colcon.colcon_core.package_identification:Package 'src/lesson_python_pkg' with type 'ros.ament_python' and name 'lesson_python_pkg'
[0.132s] Level 1:colcon.colcon_core.package_identification:_identify(src/lesson_python_service) by extensions ['ignore', 'ignore_ament_install']
[0.132s] Level 1:colcon.colcon_core.package_identification:_identify(src/lesson_python_service) by extension 'ignore'
[0.132s] Level 1:colcon.colcon_core.package_identification:_identify(src/lesson_python_service) by extension 'ignore_ament_install'
[0.132s] Level 1:colcon.colcon_core.package_identification:_identify(src/lesson_python_service) by extensions ['colcon_pkg']
[0.132s] Level 1:colcon.colcon_core.package_identification:_identify(src/lesson_python_service) by extension 'colcon_pkg'
[0.132s] Level 1:colcon.colcon_core.package_identification:_identify(src/lesson_python_service) by extensions ['colcon_meta']
[0.132s] Level 1:colcon.colcon_core.package_identification:_identify(src/lesson_python_service) by extension 'colcon_meta'
[0.132s] Level 1:colcon.colcon_core.package_identification:_identify(src/lesson_python_service) by extensions ['ros']
[0.132s] Level 1:colcon.colcon_core.package_identification:_identify(src/lesson_python_service) by extension 'ros'
[0.133s] DEBUG:colcon.colcon_core.package_identification:Package 'src/lesson_python_service' with type 'ros.ament_python' and name 'lesson_python_service'
[0.133s] Level 1:colcon.colcon_core.package_discovery:discover_packages(recursive) using defaults
[0.133s] Level 1:colcon.colcon_core.package_discovery:discover_packages(ignore) discover
[0.133s] Level 1:colcon.colcon_core.package_discovery:discover_packages(ignore) using defaults
[0.133s] Level 1:colcon.colcon_core.package_discovery:discover_packages(path) discover
[0.133s] Level 1:colcon.colcon_core.package_discovery:discover_packages(path) using defaults
[0.146s] Level 1:colcon.colcon_core.package_discovery:discover_packages(prefix_path) check parameters
[0.146s] Level 1:colcon.colcon_core.package_discovery:discover_packages(prefix_path) discover
[0.147s] WARNING:colcon.colcon_core.prefix_path.colcon:The path '/home/sdqsz/codes/lesson2/src/install' in the environment variable COLCON_PREFIX_PATH doesn't exist
[0.147s] WARNING:colcon.colcon_ros.prefix_path.ament:The path '/home/sdqsz/codes/lesson2/src/install/lesson_python_service' in the environment variable AMENT_PREFIX_PATH doesn't exist
[0.147s] WARNING:colcon.colcon_ros.prefix_path.ament:The path '/home/sdqsz/codes/lesson2/src/install/lesson_python_pkg' in the environment variable AMENT_PREFIX_PATH doesn't exist
[0.147s] WARNING:colcon.colcon_ros.prefix_path.ament:The path '/home/sdqsz/codes/lesson2/src/install/lesson_interfaces' in the environment variable AMENT_PREFIX_PATH doesn't exist
[0.147s] WARNING:colcon.colcon_ros.prefix_path.ament:The path '/home/sdqsz/codes/lesson2/src/install/lesson_cpp_service' in the environment variable AMENT_PREFIX_PATH doesn't exist
[0.147s] WARNING:colcon.colcon_ros.prefix_path.ament:The path '/home/sdqsz/codes/lesson2/src/install/lesson_cpp_pkg' in the environment variable AMENT_PREFIX_PATH doesn't exist
[0.147s] WARNING:colcon.colcon_ros.prefix_path.catkin:The path '/home/sdqsz/codes/lesson2/src/install/lesson_interfaces' in the environment variable CMAKE_PREFIX_PATH doesn't exist
[0.147s] WARNING:colcon.colcon_ros.prefix_path.catkin:The path '/home/sdqsz/codes/lesson2/src/install/lesson_cpp_service' in the environment variable CMAKE_PREFIX_PATH doesn't exist
[0.147s] WARNING:colcon.colcon_ros.prefix_path.catkin:The path '/home/sdqsz/codes/lesson2/src/install/lesson_cpp_pkg' in the environment variable CMAKE_PREFIX_PATH doesn't exist
[0.148s] DEBUG:colcon.colcon_installed_package_information.package_discovery:Found 5 installed packages in /home/sdqsz/codes/lesson2/install
[0.149s] DEBUG:colcon.colcon_installed_package_information.package_discovery:Found 376 installed packages in /opt/ros/jazzy
[0.150s] Level 1:colcon.colcon_core.package_discovery:discover_packages(prefix_path) using defaults
[0.189s] Level 5:colcon.colcon_core.verb:set package 'lesson_cpp_pkg' build argument 'cmake_args' from command line to 'None'
[0.189s] Level 5:colcon.colcon_core.verb:set package 'lesson_cpp_pkg' build argument 'cmake_target' from command line to 'None'
[0.189s] Level 5:colcon.colcon_core.verb:set package 'lesson_cpp_pkg' build argument 'cmake_target_skip_unavailable' from command line to 'False'
[0.189s] Level 5:colcon.colcon_core.verb:set package 'lesson_cpp_pkg' build argument 'cmake_clean_cache' from command line to 'False'
[0.189s] Level 5:colcon.colcon_core.verb:set package 'lesson_cpp_pkg' build argument 'cmake_clean_first' from command line to 'False'
[0.189s] Level 5:colcon.colcon_core.verb:set package 'lesson_cpp_pkg' build argument 'cmake_force_configure' from command line to 'False'
[0.189s] Level 5:colcon.colcon_core.verb:set package 'lesson_cpp_pkg' build argument 'ament_cmake_args' from command line to 'None'
[0.189s] Level 5:colcon.colcon_core.verb:set package 'lesson_cpp_pkg' build argument 'catkin_cmake_args' from command line to 'None'
[0.189s] Level 5:colcon.colcon_core.verb:set package 'lesson_cpp_pkg' build argument 'catkin_skip_building_tests' from command line to 'False'
[0.190s] DEBUG:colcon.colcon_core.verb:Building package 'lesson_cpp_pkg' with the following arguments: {'ament_cmake_args': None, 'build_base': '/home/sdqsz/codes/lesson2/build/lesson_cpp_pkg', 'catkin_cmake_args': None, 'catkin_skip_building_tests': False, 'cmake_args': None, 'cmake_clean_cache': False, 'cmake_clean_first': False, 'cmake_force_configure': False, 'cmake_target': None, 'cmake_target_skip_unavailable': False, 'install_base': '/home/sdqsz/codes/lesson2/install/lesson_cpp_pkg', 'merge_install': False, 'path': '/home/sdqsz/codes/lesson2/src/lesson_cpp_pkg', 'symlink_install': False, 'test_result_base': None}
[0.190s] Level 5:colcon.colcon_core.verb:set package 'lesson_cpp_service' build argument 'cmake_args' from command line to 'None'
[0.190s] Level 5:colcon.colcon_core.verb:set package 'lesson_cpp_service' build argument 'cmake_target' from command line to 'None'
[0.190s] Level 5:colcon.colcon_core.verb:set package 'lesson_cpp_service' build argument 'cmake_target_skip_unavailable' from command line to 'False'
[0.190s] Level 5:colcon.colcon_core.verb:set package 'lesson_cpp_service' build argument 'cmake_clean_cache' from command line to 'False'
[0.190s] Level 5:colcon.colcon_core.verb:set package 'lesson_cpp_service' build argument 'cmake_clean_first' from command line to 'False'
[0.190s] Level 5:colcon.colcon_core.verb:set package 'lesson_cpp_service' build argument 'cmake_force_configure' from command line to 'False'
[0.190s] Level 5:colcon.colcon_core.verb:set package 'lesson_cpp_service' build argument 'ament_cmake_args' from command line to 'None'
[0.190s] Level 5:colcon.colcon_core.verb:set package 'lesson_cpp_service' build argument 'catkin_cmake_args' from command line to 'None'
[0.190s] Level 5:colcon.colcon_core.verb:set package 'lesson_cpp_service' build argument 'catkin_skip_building_tests' from command line to 'False'
[0.190s] DEBUG:colcon.colcon_core.verb:Building package 'lesson_cpp_service' with the following arguments: {'ament_cmake_args': None, 'build_base': '/home/sdqsz/codes/lesson2/build/lesson_cpp_service', 'catkin_cmake_args': None, 'catkin_skip_building_tests': False, 'cmake_args': None, 'cmake_clean_cache': False, 'cmake_clean_first': False, 'cmake_force_configure': False, 'cmake_target': None, 'cmake_target_skip_unavailable': False, 'install_base': '/home/sdqsz/codes/lesson2/install/lesson_cpp_service', 'merge_install': False, 'path': '/home/sdqsz/codes/lesson2/src/lesson_cpp_service', 'symlink_install': False, 'test_result_base': None}
[0.190s] Level 5:colcon.colcon_core.verb:set package 'lesson_interfaces' build argument 'cmake_args' from command line to 'None'
[0.190s] Level 5:colcon.colcon_core.verb:set package 'lesson_interfaces' build argument 'cmake_target' from command line to 'None'
[0.190s] Level 5:colcon.colcon_core.verb:set package 'lesson_interfaces' build argument 'cmake_target_skip_unavailable' from command line to 'False'
[0.190s] Level 5:colcon.colcon_core.verb:set package 'lesson_interfaces' build argument 'cmake_clean_cache' from command line to 'False'
[0.190s] Level 5:colcon.colcon_core.verb:set package 'lesson_interfaces' build argument 'cmake_clean_first' from command line to 'False'
[0.190s] Level 5:colcon.colcon_core.verb:set package 'lesson_interfaces' build argument 'cmake_force_configure' from command line to 'False'
[0.190s] Level 5:colcon.colcon_core.verb:set package 'lesson_interfaces' build argument 'ament_cmake_args' from command line to 'None'
[0.190s] Level 5:colcon.colcon_core.verb:set package 'lesson_interfaces' build argument 'catkin_cmake_args' from command line to 'None'
[0.190s] Level 5:colcon.colcon_core.verb:set package 'lesson_interfaces' build argument 'catkin_skip_building_tests' from command line to 'False'
[0.190s] DEBUG:colcon.colcon_core.verb:Building package 'lesson_interfaces' with the following arguments: {'ament_cmake_args': None, 'build_base': '/home/sdqsz/codes/lesson2/build/lesson_interfaces', 'catkin_cmake_args': None, 'catkin_skip_building_tests': False, 'cmake_args': None, 'cmake_clean_cache': False, 'cmake_clean_first': False, 'cmake_force_configure': False, 'cmake_target': None, 'cmake_target_skip_unavailable': False, 'install_base': '/home/sdqsz/codes/lesson2/install/lesson_interfaces', 'merge_install': False, 'path': '/home/sdqsz/codes/lesson2/src/lesson_interfaces', 'symlink_install': False, 'test_result_base': None}
[0.191s] Level 5:colcon.colcon_core.verb:set package 'lesson_python_pkg' build argument 'cmake_args' from command line to 'None'
[0.191s] Level 5:colcon.colcon_core.verb:set package 'lesson_python_pkg' build argument 'cmake_target' from command line to 'None'
[0.191s] Level 5:colcon.colcon_core.verb:set package 'lesson_python_pkg' build argument 'cmake_target_skip_unavailable' from command line to 'False'
[0.191s] Level 5:colcon.colcon_core.verb:set package 'lesson_python_pkg' build argument 'cmake_clean_cache' from command line to 'False'
[0.191s] Level 5:colcon.colcon_core.verb:set package 'lesson_python_pkg' build argument 'cmake_clean_first' from command line to 'False'
[0.191s] Level 5:colcon.colcon_core.verb:set package 'lesson_python_pkg' build argument 'cmake_force_configure' from command line to 'False'
[0.191s] Level 5:colcon.colcon_core.verb:set package 'lesson_python_pkg' build argument 'ament_cmake_args' from command line to 'None'
[0.191s] Level 5:colcon.colcon_core.verb:set package 'lesson_python_pkg' build argument 'catkin_cmake_args' from command line to 'None'
[0.191s] Level 5:colcon.colcon_core.verb:set package 'lesson_python_pkg' build argument 'catkin_skip_building_tests' from command line to 'False'
[0.191s] DEBUG:colcon.colcon_core.verb:Building package 'lesson_python_pkg' with the following arguments: {'ament_cmake_args': None, 'build_base': '/home/sdqsz/codes/lesson2/build/lesson_python_pkg', 'catkin_cmake_args': None, 'catkin_skip_building_tests': False, 'cmake_args': None, 'cmake_clean_cache': False, 'cmake_clean_first': False, 'cmake_force_configure': False, 'cmake_target': None, 'cmake_target_skip_unavailable': False, 'install_base': '/home/sdqsz/codes/lesson2/install/lesson_python_pkg', 'merge_install': False, 'path': '/home/sdqsz/codes/lesson2/src/lesson_python_pkg', 'symlink_install': False, 'test_result_base': None}
[0.191s] Level 5:colcon.colcon_core.verb:set package 'lesson_python_service' build argument 'cmake_args' from command line to 'None'
[0.191s] Level 5:colcon.colcon_core.verb:set package 'lesson_python_service' build argument 'cmake_target' from command line to 'None'
[0.191s] Level 5:colcon.colcon_core.verb:set package 'lesson_python_service' build argument 'cmake_target_skip_unavailable' from command line to 'False'
[0.191s] Level 5:colcon.colcon_core.verb:set package 'lesson_python_service' build argument 'cmake_clean_cache' from command line to 'False'
[0.191s] Level 5:colcon.colcon_core.verb:set package 'lesson_python_service' build argument 'cmake_clean_first' from command line to 'False'
[0.191s] Level 5:colcon.colcon_core.verb:set package 'lesson_python_service' build argument 'cmake_force_configure' from command line to 'False'
[0.191s] Level 5:colcon.colcon_core.verb:set package 'lesson_python_service' build argument 'ament_cmake_args' from command line to 'None'
[0.191s] Level 5:colcon.colcon_core.verb:set package 'lesson_python_service' build argument 'catkin_cmake_args' from command line to 'None'
[0.191s] Level 5:colcon.colcon_core.verb:set package 'lesson_python_service' build argument 'catkin_skip_building_tests' from command line to 'False'
[0.191s] DEBUG:colcon.colcon_core.verb:Building package 'lesson_python_service' with the following arguments: {'ament_cmake_args': None, 'build_base': '/home/sdqsz/codes/lesson2/build/lesson_python_service', 'catkin_cmake_args': None, 'catkin_skip_building_tests': False, 'cmake_args': None, 'cmake_clean_cache': False, 'cmake_clean_first': False, 'cmake_force_configure': False, 'cmake_target': None, 'cmake_target_skip_unavailable': False, 'install_base': '/home/sdqsz/codes/lesson2/install/lesson_python_service', 'merge_install': False, 'path': '/home/sdqsz/codes/lesson2/src/lesson_python_service', 'symlink_install': False, 'test_result_base': None}
[0.191s] INFO:colcon.colcon_core.executor:Executing jobs using 'parallel' executor
[0.192s] DEBUG:colcon.colcon_parallel_executor.executor.parallel:run_until_complete
[0.193s] INFO:colcon.colcon_ros.task.ament_cmake.build:Building ROS package in '/home/sdqsz/codes/lesson2/src/lesson_interfaces' with build type 'ament_cmake'
[0.193s] INFO:colcon.colcon_cmake.task.cmake.build:Building CMake package in '/home/sdqsz/codes/lesson2/src/lesson_interfaces'
[0.195s] INFO:colcon.colcon_core.plugin_system:Skipping extension 'colcon_core.shell.bat': Not used on non-Windows systems
[0.196s] INFO:colcon.colcon_core.shell:Skip shell extension 'powershell' for command environment: Not usable outside of PowerShell
[0.196s] DEBUG:colcon.colcon_core.shell:Skip shell extension 'dsv' for command environment
[0.199s] INFO:colcon.colcon_ros.task.ament_cmake.build:Building ROS package in '/home/sdqsz/codes/lesson2/src/lesson_cpp_pkg' with build type 'ament_cmake'
[0.200s] INFO:colcon.colcon_cmake.task.cmake.build:Building CMake package in '/home/sdqsz/codes/lesson2/src/lesson_cpp_pkg'
[0.200s] INFO:colcon.colcon_core.shell:Skip shell extension 'powershell' for command environment: Not usable outside of PowerShell
[0.200s] DEBUG:colcon.colcon_core.shell:Skip shell extension 'dsv' for command environment
[0.204s] INFO:colcon.colcon_ros.task.ament_cmake.build:Building ROS package in '/home/sdqsz/codes/lesson2/src/lesson_cpp_service' with build type 'ament_cmake'
[0.204s] INFO:colcon.colcon_cmake.task.cmake.build:Building CMake package in '/home/sdqsz/codes/lesson2/src/lesson_cpp_service'
[0.204s] INFO:colcon.colcon_core.shell:Skip shell extension 'powershell' for command environment: Not usable outside of PowerShell
[0.205s] DEBUG:colcon.colcon_core.shell:Skip shell extension 'dsv' for command environment
[0.209s] INFO:colcon.colcon_ros.task.ament_python.build:Building ROS package in '/home/sdqsz/codes/lesson2/src/lesson_python_pkg' with build type 'ament_python'
[0.209s] Level 1:colcon.colcon_core.shell:create_environment_hook('lesson_python_pkg', 'ament_prefix_path')
[0.209s] INFO:colcon.colcon_core.shell:Creating environment hook '/home/sdqsz/codes/lesson2/install/lesson_python_pkg/share/lesson_python_pkg/hook/ament_prefix_path.ps1'
[0.210s] INFO:colcon.colcon_core.shell:Creating environment descriptor '/home/sdqsz/codes/lesson2/install/lesson_python_pkg/share/lesson_python_pkg/hook/ament_prefix_path.dsv'
[0.211s] INFO:colcon.colcon_core.shell:Creating environment hook '/home/sdqsz/codes/lesson2/install/lesson_python_pkg/share/lesson_python_pkg/hook/ament_prefix_path.sh'
[0.212s] INFO:colcon.colcon_core.shell:Skip shell extension 'powershell' for command environment: Not usable outside of PowerShell
[0.212s] DEBUG:colcon.colcon_core.shell:Skip shell extension 'dsv' for command environment
[0.220s] DEBUG:colcon.colcon_core.event_handler.log_command:Invoking command in '/home/sdqsz/codes/lesson2/build/lesson_interfaces': CMAKE_PREFIX_PATH=${CMAKE_PREFIX_PATH}:/home/sdqsz/codes/lesson2/src/install/lesson_python_service:/home/sdqsz/codes/lesson2/src/install/lesson_python_pkg:/home/sdqsz/codes/lesson2/install/lesson_python_service:/home/sdqsz/codes/lesson2/install/lesson_python_pkg:/opt/ros/jazzy DEBUGINFOD_URLS=https://debuginfod.ubuntu.com /usr/bin/cmake --build /home/sdqsz/codes/lesson2/build/lesson_interfaces -- -j16 -l16
[0.228s] DEBUG:colcon.colcon_core.event_handler.log_command:Invoking command in '/home/sdqsz/codes/lesson2/build/lesson_cpp_pkg': CMAKE_PREFIX_PATH=${CMAKE_PREFIX_PATH}:/home/sdqsz/codes/lesson2/src/install/lesson_python_service:/home/sdqsz/codes/lesson2/src/install/lesson_python_pkg:/home/sdqsz/codes/lesson2/install/lesson_python_service:/home/sdqsz/codes/lesson2/install/lesson_python_pkg:/opt/ros/jazzy DEBUGINFOD_URLS=https://debuginfod.ubuntu.com /usr/bin/cmake --build /home/sdqsz/codes/lesson2/build/lesson_cpp_pkg -- -j16 -l16
[0.233s] DEBUG:colcon.colcon_core.event_handler.log_command:Invoking command in '/home/sdqsz/codes/lesson2/build/lesson_cpp_service': CMAKE_PREFIX_PATH=${CMAKE_PREFIX_PATH}:/home/sdqsz/codes/lesson2/src/install/lesson_python_service:/home/sdqsz/codes/lesson2/src/install/lesson_python_pkg:/home/sdqsz/codes/lesson2/install/lesson_python_service:/home/sdqsz/codes/lesson2/install/lesson_python_pkg:/opt/ros/jazzy DEBUGINFOD_URLS=https://debuginfod.ubuntu.com /usr/bin/cmake --build /home/sdqsz/codes/lesson2/build/lesson_cpp_service -- -j16 -l16
[0.489s] INFO:colcon.colcon_core.task.python.build:Building Python package in '/home/sdqsz/codes/lesson2/src/lesson_python_pkg'
[0.489s] INFO:colcon.colcon_core.shell:Skip shell extension 'powershell' for command environment: Not usable outside of PowerShell
[0.489s] DEBUG:colcon.colcon_core.shell:Skip shell extension 'dsv' for command environment
[0.495s] DEBUG:colcon.colcon_core.event_handler.log_command:Invoked command in '/home/sdqsz/codes/lesson2/build/lesson_cpp_pkg' returned '0': CMAKE_PREFIX_PATH=${CMAKE_PREFIX_PATH}:/home/sdqsz/codes/lesson2/src/install/lesson_python_service:/home/sdqsz/codes/lesson2/src/install/lesson_python_pkg:/home/sdqsz/codes/lesson2/install/lesson_python_service:/home/sdqsz/codes/lesson2/install/lesson_python_pkg:/opt/ros/jazzy DEBUGINFOD_URLS=https://debuginfod.ubuntu.com /usr/bin/cmake --build /home/sdqsz/codes/lesson2/build/lesson_cpp_pkg -- -j16 -l16
[0.507s] DEBUG:colcon.colcon_core.event_handler.log_command:Invoking command in '/home/sdqsz/codes/lesson2/build/lesson_cpp_pkg': CMAKE_PREFIX_PATH=${CMAKE_PREFIX_PATH}:/home/sdqsz/codes/lesson2/src/install/lesson_python_service:/home/sdqsz/codes/lesson2/src/install/lesson_python_pkg:/home/sdqsz/codes/lesson2/install/lesson_python_service:/home/sdqsz/codes/lesson2/install/lesson_python_pkg:/opt/ros/jazzy DEBUGINFOD_URLS=https://debuginfod.ubuntu.com /usr/bin/cmake --install /home/sdqsz/codes/lesson2/build/lesson_cpp_pkg
[0.508s] DEBUG:colcon.colcon_core.event_handler.log_command:Invoked command in '/home/sdqsz/codes/lesson2/build/lesson_cpp_service' returned '0': CMAKE_PREFIX_PATH=${CMAKE_PREFIX_PATH}:/home/sdqsz/codes/lesson2/src/install/lesson_python_service:/home/sdqsz/codes/lesson2/src/install/lesson_python_pkg:/home/sdqsz/codes/lesson2/install/lesson_python_service:/home/sdqsz/codes/lesson2/install/lesson_python_pkg:/opt/ros/jazzy DEBUGINFOD_URLS=https://debuginfod.ubuntu.com /usr/bin/cmake --build /home/sdqsz/codes/lesson2/build/lesson_cpp_service -- -j16 -l16
[0.510s] DEBUG:colcon.colcon_core.event_handler.log_command:Invoking command in '/home/sdqsz/codes/lesson2/build/lesson_cpp_service': CMAKE_PREFIX_PATH=${CMAKE_PREFIX_PATH}:/home/sdqsz/codes/lesson2/src/install/lesson_python_service:/home/sdqsz/codes/lesson2/src/install/lesson_python_pkg:/home/sdqsz/codes/lesson2/install/lesson_python_service:/home/sdqsz/codes/lesson2/install/lesson_python_pkg:/opt/ros/jazzy DEBUGINFOD_URLS=https://debuginfod.ubuntu.com /usr/bin/cmake --install /home/sdqsz/codes/lesson2/build/lesson_cpp_service
[0.518s] Level 1:colcon.colcon_core.environment:create_environment_scripts_only(lesson_cpp_pkg)
[0.520s] DEBUG:colcon.colcon_core.event_handler.log_command:Invoked command in '/home/sdqsz/codes/lesson2/build/lesson_cpp_pkg' returned '0': CMAKE_PREFIX_PATH=${CMAKE_PREFIX_PATH}:/home/sdqsz/codes/lesson2/src/install/lesson_python_service:/home/sdqsz/codes/lesson2/src/install/lesson_python_pkg:/home/sdqsz/codes/lesson2/install/lesson_python_service:/home/sdqsz/codes/lesson2/install/lesson_python_pkg:/opt/ros/jazzy DEBUGINFOD_URLS=https://debuginfod.ubuntu.com /usr/bin/cmake --install /home/sdqsz/codes/lesson2/build/lesson_cpp_pkg
[0.526s] Level 1:colcon.colcon_core.environment:checking '/home/sdqsz/codes/lesson2/install/lesson_cpp_pkg' for CMake module files
[0.526s] Level 1:colcon.colcon_core.environment:checking '/home/sdqsz/codes/lesson2/install/lesson_cpp_pkg' for CMake config files
[0.526s] Level 1:colcon.colcon_core.shell:create_environment_hook('lesson_cpp_pkg', 'cmake_prefix_path')
[0.526s] INFO:colcon.colcon_core.shell:Creating environment hook '/home/sdqsz/codes/lesson2/install/lesson_cpp_pkg/share/lesson_cpp_pkg/hook/cmake_prefix_path.ps1'
[0.527s] INFO:colcon.colcon_core.shell:Creating environment descriptor '/home/sdqsz/codes/lesson2/install/lesson_cpp_pkg/share/lesson_cpp_pkg/hook/cmake_prefix_path.dsv'
[0.527s] INFO:colcon.colcon_core.shell:Creating environment hook '/home/sdqsz/codes/lesson2/install/lesson_cpp_pkg/share/lesson_cpp_pkg/hook/cmake_prefix_path.sh'
[0.528s] Level 1:colcon.colcon_core.environment:checking '/home/sdqsz/codes/lesson2/install/lesson_cpp_pkg/lib'
[0.528s] Level 1:colcon.colcon_core.environment:checking '/home/sdqsz/codes/lesson2/install/lesson_cpp_pkg/bin'
[0.528s] Level 1:colcon.colcon_core.environment:checking '/home/sdqsz/codes/lesson2/install/lesson_cpp_pkg/lib/pkgconfig/lesson_cpp_pkg.pc'
[0.528s] Level 1:colcon.colcon_core.environment:checking '/home/sdqsz/codes/lesson2/install/lesson_cpp_pkg/lib/python3.12/site-packages'
[0.528s] Level 1:colcon.colcon_core.environment:checking '/home/sdqsz/codes/lesson2/install/lesson_cpp_pkg/bin'
[0.528s] INFO:colcon.colcon_core.shell:Creating package script '/home/sdqsz/codes/lesson2/install/lesson_cpp_pkg/share/lesson_cpp_pkg/package.ps1'
[0.529s] INFO:colcon.colcon_core.shell:Creating package descriptor '/home/sdqsz/codes/lesson2/install/lesson_cpp_pkg/share/lesson_cpp_pkg/package.dsv'
[0.529s] INFO:colcon.colcon_core.shell:Creating package script '/home/sdqsz/codes/lesson2/install/lesson_cpp_pkg/share/lesson_cpp_pkg/package.sh'
[0.530s] INFO:colcon.colcon_core.shell:Creating package script '/home/sdqsz/codes/lesson2/install/lesson_cpp_pkg/share/lesson_cpp_pkg/package.bash'
[0.530s] INFO:colcon.colcon_core.shell:Creating package script '/home/sdqsz/codes/lesson2/install/lesson_cpp_pkg/share/lesson_cpp_pkg/package.zsh'
[0.530s] Level 1:colcon.colcon_core.environment:create_file_with_runtime_dependencies(/home/sdqsz/codes/lesson2/install/lesson_cpp_pkg/share/colcon-core/packages/lesson_cpp_pkg)
[0.531s] Level 1:colcon.colcon_core.environment:create_environment_scripts_only(lesson_cpp_pkg)
[0.531s] Level 1:colcon.colcon_core.environment:checking '/home/sdqsz/codes/lesson2/install/lesson_cpp_pkg' for CMake module files
[0.531s] Level 1:colcon.colcon_core.environment:checking '/home/sdqsz/codes/lesson2/install/lesson_cpp_pkg' for CMake config files
[0.532s] Level 1:colcon.colcon_core.shell:create_environment_hook('lesson_cpp_pkg', 'cmake_prefix_path')
[0.532s] INFO:colcon.colcon_core.shell:Creating environment hook '/home/sdqsz/codes/lesson2/install/lesson_cpp_pkg/share/lesson_cpp_pkg/hook/cmake_prefix_path.ps1'
[0.532s] INFO:colcon.colcon_core.shell:Creating environment descriptor '/home/sdqsz/codes/lesson2/install/lesson_cpp_pkg/share/lesson_cpp_pkg/hook/cmake_prefix_path.dsv'
[0.532s] INFO:colcon.colcon_core.shell:Creating environment hook '/home/sdqsz/codes/lesson2/install/lesson_cpp_pkg/share/lesson_cpp_pkg/hook/cmake_prefix_path.sh'
[0.533s] Level 1:colcon.colcon_core.environment:checking '/home/sdqsz/codes/lesson2/install/lesson_cpp_pkg/lib'
[0.533s] Level 1:colcon.colcon_core.environment:checking '/home/sdqsz/codes/lesson2/install/lesson_cpp_pkg/bin'
[0.533s] Level 1:colcon.colcon_core.environment:checking '/home/sdqsz/codes/lesson2/install/lesson_cpp_pkg/lib/pkgconfig/lesson_cpp_pkg.pc'
[0.533s] Level 1:colcon.colcon_core.environment:checking '/home/sdqsz/codes/lesson2/install/lesson_cpp_pkg/lib/python3.12/site-packages'
[0.533s] Level 1:colcon.colcon_core.environment:checking '/home/sdqsz/codes/lesson2/install/lesson_cpp_pkg/bin'
[0.533s] INFO:colcon.colcon_core.shell:Creating package script '/home/sdqsz/codes/lesson2/install/lesson_cpp_pkg/share/lesson_cpp_pkg/package.ps1'
[0.534s] INFO:colcon.colcon_core.shell:Creating package descriptor '/home/sdqsz/codes/lesson2/install/lesson_cpp_pkg/share/lesson_cpp_pkg/package.dsv'
[0.534s] INFO:colcon.colcon_core.shell:Creating package script '/home/sdqsz/codes/lesson2/install/lesson_cpp_pkg/share/lesson_cpp_pkg/package.sh'
[0.534s] INFO:colcon.colcon_core.shell:Creating package script '/home/sdqsz/codes/lesson2/install/lesson_cpp_pkg/share/lesson_cpp_pkg/package.bash'
[0.535s] INFO:colcon.colcon_core.shell:Creating package script '/home/sdqsz/codes/lesson2/install/lesson_cpp_pkg/share/lesson_cpp_pkg/package.zsh'
[0.535s] Level 1:colcon.colcon_core.environment:create_file_with_runtime_dependencies(/home/sdqsz/codes/lesson2/install/lesson_cpp_pkg/share/colcon-core/packages/lesson_cpp_pkg)
[0.536s] Level 1:colcon.colcon_core.environment:create_environment_scripts_only(lesson_cpp_service)
[0.536s] Level 1:colcon.colcon_core.environment:checking '/home/sdqsz/codes/lesson2/install/lesson_cpp_service' for CMake module files
[0.537s] DEBUG:colcon.colcon_core.event_handler.log_command:Invoked command in '/home/sdqsz/codes/lesson2/build/lesson_cpp_service' returned '0': CMAKE_PREFIX_PATH=${CMAKE_PREFIX_PATH}:/home/sdqsz/codes/lesson2/src/install/lesson_python_service:/home/sdqsz/codes/lesson2/src/install/lesson_python_pkg:/home/sdqsz/codes/lesson2/install/lesson_python_service:/home/sdqsz/codes/lesson2/install/lesson_python_pkg:/opt/ros/jazzy DEBUGINFOD_URLS=https://debuginfod.ubuntu.com /usr/bin/cmake --install /home/sdqsz/codes/lesson2/build/lesson_cpp_service
[0.537s] Level 1:colcon.colcon_core.environment:checking '/home/sdqsz/codes/lesson2/install/lesson_cpp_service' for CMake config files
[0.538s] Level 1:colcon.colcon_core.shell:create_environment_hook('lesson_cpp_service', 'cmake_prefix_path')
[0.538s] INFO:colcon.colcon_core.shell:Creating environment hook '/home/sdqsz/codes/lesson2/install/lesson_cpp_service/share/lesson_cpp_service/hook/cmake_prefix_path.ps1'
[0.538s] INFO:colcon.colcon_core.shell:Creating environment descriptor '/home/sdqsz/codes/lesson2/install/lesson_cpp_service/share/lesson_cpp_service/hook/cmake_prefix_path.dsv'
[0.538s] INFO:colcon.colcon_core.shell:Creating environment hook '/home/sdqsz/codes/lesson2/install/lesson_cpp_service/share/lesson_cpp_service/hook/cmake_prefix_path.sh'
[0.539s] Level 1:colcon.colcon_core.environment:checking '/home/sdqsz/codes/lesson2/install/lesson_cpp_service/lib'
[0.539s] Level 1:colcon.colcon_core.environment:checking '/home/sdqsz/codes/lesson2/install/lesson_cpp_service/bin'
[0.539s] Level 1:colcon.colcon_core.environment:checking '/home/sdqsz/codes/lesson2/install/lesson_cpp_service/lib/pkgconfig/lesson_cpp_service.pc'
[0.539s] Level 1:colcon.colcon_core.environment:checking '/home/sdqsz/codes/lesson2/install/lesson_cpp_service/lib/python3.12/site-packages'
[0.540s] Level 1:colcon.colcon_core.environment:checking '/home/sdqsz/codes/lesson2/install/lesson_cpp_service/bin'
[0.540s] INFO:colcon.colcon_core.shell:Creating package script '/home/sdqsz/codes/lesson2/install/lesson_cpp_service/share/lesson_cpp_service/package.ps1'
[0.540s] INFO:colcon.colcon_core.shell:Creating package descriptor '/home/sdqsz/codes/lesson2/install/lesson_cpp_service/share/lesson_cpp_service/package.dsv'
[0.540s] INFO:colcon.colcon_core.shell:Creating package script '/home/sdqsz/codes/lesson2/install/lesson_cpp_service/share/lesson_cpp_service/package.sh'
[0.541s] INFO:colcon.colcon_core.shell:Creating package script '/home/sdqsz/codes/lesson2/install/lesson_cpp_service/share/lesson_cpp_service/package.bash'
[0.541s] INFO:colcon.colcon_core.shell:Creating package script '/home/sdqsz/codes/lesson2/install/lesson_cpp_service/share/lesson_cpp_service/package.zsh'
[0.541s] Level 1:colcon.colcon_core.environment:create_file_with_runtime_dependencies(/home/sdqsz/codes/lesson2/install/lesson_cpp_service/share/colcon-core/packages/lesson_cpp_service)
[0.542s] Level 1:colcon.colcon_core.environment:create_environment_scripts_only(lesson_cpp_service)
[0.542s] Level 1:colcon.colcon_core.environment:checking '/home/sdqsz/codes/lesson2/install/lesson_cpp_service' for CMake module files
[0.542s] Level 1:colcon.colcon_core.environment:checking '/home/sdqsz/codes/lesson2/install/lesson_cpp_service' for CMake config files
[0.542s] Level 1:colcon.colcon_core.shell:create_environment_hook('lesson_cpp_service', 'cmake_prefix_path')
[0.542s] INFO:colcon.colcon_core.shell:Creating environment hook '/home/sdqsz/codes/lesson2/install/lesson_cpp_service/share/lesson_cpp_service/hook/cmake_prefix_path.ps1'
[0.543s] INFO:colcon.colcon_core.shell:Creating environment descriptor '/home/sdqsz/codes/lesson2/install/lesson_cpp_service/share/lesson_cpp_service/hook/cmake_prefix_path.dsv'
[0.543s] INFO:colcon.colcon_core.shell:Creating environment hook '/home/sdqsz/codes/lesson2/install/lesson_cpp_service/share/lesson_cpp_service/hook/cmake_prefix_path.sh'
[0.544s] Level 1:colcon.colcon_core.environment:checking '/home/sdqsz/codes/lesson2/install/lesson_cpp_service/lib'
[0.544s] Level 1:colcon.colcon_core.environment:checking '/home/sdqsz/codes/lesson2/install/lesson_cpp_service/bin'
[0.544s] Level 1:colcon.colcon_core.environment:checking '/home/sdqsz/codes/lesson2/install/lesson_cpp_service/lib/pkgconfig/lesson_cpp_service.pc'
[0.544s] Level 1:colcon.colcon_core.environment:checking '/home/sdqsz/codes/lesson2/install/lesson_cpp_service/lib/python3.12/site-packages'
[0.544s] Level 1:colcon.colcon_core.environment:checking '/home/sdqsz/codes/lesson2/install/lesson_cpp_service/bin'
[0.545s] INFO:colcon.colcon_core.shell:Creating package script '/home/sdqsz/codes/lesson2/install/lesson_cpp_service/share/lesson_cpp_service/package.ps1'
[0.545s] INFO:colcon.colcon_core.shell:Creating package descriptor '/home/sdqsz/codes/lesson2/install/lesson_cpp_service/share/lesson_cpp_service/package.dsv'
[0.546s] INFO:colcon.colcon_core.shell:Creating package script '/home/sdqsz/codes/lesson2/install/lesson_cpp_service/share/lesson_cpp_service/package.sh'
[0.546s] INFO:colcon.colcon_core.shell:Creating package script '/home/sdqsz/codes/lesson2/install/lesson_cpp_service/share/lesson_cpp_service/package.bash'
[0.547s] INFO:colcon.colcon_core.shell:Creating package script '/home/sdqsz/codes/lesson2/install/lesson_cpp_service/share/lesson_cpp_service/package.zsh'
[0.547s] Level 1:colcon.colcon_core.environment:create_file_with_runtime_dependencies(/home/sdqsz/codes/lesson2/install/lesson_cpp_service/share/colcon-core/packages/lesson_cpp_service)
[0.665s] DEBUG:colcon.colcon_core.event_handler.log_command:Invoked command in '/home/sdqsz/codes/lesson2/build/lesson_interfaces' returned '0': CMAKE_PREFIX_PATH=${CMAKE_PREFIX_PATH}:/home/sdqsz/codes/lesson2/src/install/lesson_python_service:/home/sdqsz/codes/lesson2/src/install/lesson_python_pkg:/home/sdqsz/codes/lesson2/install/lesson_python_service:/home/sdqsz/codes/lesson2/install/lesson_python_pkg:/opt/ros/jazzy DEBUGINFOD_URLS=https://debuginfod.ubuntu.com /usr/bin/cmake --build /home/sdqsz/codes/lesson2/build/lesson_interfaces -- -j16 -l16
[0.667s] DEBUG:colcon.colcon_core.event_handler.log_command:Invoking command in '/home/sdqsz/codes/lesson2/build/lesson_interfaces': CMAKE_PREFIX_PATH=${CMAKE_PREFIX_PATH}:/home/sdqsz/codes/lesson2/src/install/lesson_python_service:/home/sdqsz/codes/lesson2/src/install/lesson_python_pkg:/home/sdqsz/codes/lesson2/install/lesson_python_service:/home/sdqsz/codes/lesson2/install/lesson_python_pkg:/opt/ros/jazzy DEBUGINFOD_URLS=https://debuginfod.ubuntu.com /usr/bin/cmake --install /home/sdqsz/codes/lesson2/build/lesson_interfaces
[0.744s] Level 1:colcon.colcon_core.environment:create_environment_scripts_only(lesson_interfaces)
[0.744s] Level 1:colcon.colcon_core.environment:checking '/home/sdqsz/codes/lesson2/install/lesson_interfaces' for CMake module files
[0.747s] DEBUG:colcon.colcon_core.event_handler.log_command:Invoked command in '/home/sdqsz/codes/lesson2/build/lesson_interfaces' returned '0': CMAKE_PREFIX_PATH=${CMAKE_PREFIX_PATH}:/home/sdqsz/codes/lesson2/src/install/lesson_python_service:/home/sdqsz/codes/lesson2/src/install/lesson_python_pkg:/home/sdqsz/codes/lesson2/install/lesson_python_service:/home/sdqsz/codes/lesson2/install/lesson_python_pkg:/opt/ros/jazzy DEBUGINFOD_URLS=https://debuginfod.ubuntu.com /usr/bin/cmake --install /home/sdqsz/codes/lesson2/build/lesson_interfaces
[0.748s] Level 1:colcon.colcon_core.environment:checking '/home/sdqsz/codes/lesson2/install/lesson_interfaces' for CMake config files
[0.748s] Level 1:colcon.colcon_core.shell:create_environment_hook('lesson_interfaces', 'cmake_prefix_path')
[0.749s] INFO:colcon.colcon_core.shell:Creating environment hook '/home/sdqsz/codes/lesson2/install/lesson_interfaces/share/lesson_interfaces/hook/cmake_prefix_path.ps1'
[0.749s] INFO:colcon.colcon_core.shell:Creating environment descriptor '/home/sdqsz/codes/lesson2/install/lesson_interfaces/share/lesson_interfaces/hook/cmake_prefix_path.dsv'
[0.749s] INFO:colcon.colcon_core.shell:Creating environment hook '/home/sdqsz/codes/lesson2/install/lesson_interfaces/share/lesson_interfaces/hook/cmake_prefix_path.sh'
[0.750s] Level 1:colcon.colcon_core.environment:checking '/home/sdqsz/codes/lesson2/install/lesson_interfaces/lib'
[0.750s] Level 1:colcon.colcon_core.shell:create_environment_hook('lesson_interfaces', 'ld_library_path_lib')
[0.750s] INFO:colcon.colcon_core.shell:Creating environment hook '/home/sdqsz/codes/lesson2/install/lesson_interfaces/share/lesson_interfaces/hook/ld_library_path_lib.ps1'
[0.750s] INFO:colcon.colcon_core.shell:Creating environment descriptor '/home/sdqsz/codes/lesson2/install/lesson_interfaces/share/lesson_interfaces/hook/ld_library_path_lib.dsv'
[0.750s] INFO:colcon.colcon_core.shell:Creating environment hook '/home/sdqsz/codes/lesson2/install/lesson_interfaces/share/lesson_interfaces/hook/ld_library_path_lib.sh'
[0.751s] Level 1:colcon.colcon_core.environment:checking '/home/sdqsz/codes/lesson2/install/lesson_interfaces/bin'
[0.751s] Level 1:colcon.colcon_core.environment:checking '/home/sdqsz/codes/lesson2/install/lesson_interfaces/lib/pkgconfig/lesson_interfaces.pc'
[0.751s] Level 1:colcon.colcon_core.environment:checking '/home/sdqsz/codes/lesson2/install/lesson_interfaces/lib/python3.12/site-packages'
[0.751s] Level 1:colcon.colcon_core.shell:create_environment_hook('lesson_interfaces', 'pythonpath')
[0.751s] INFO:colcon.colcon_core.shell:Creating environment hook '/home/sdqsz/codes/lesson2/install/lesson_interfaces/share/lesson_interfaces/hook/pythonpath.ps1'
[0.751s] INFO:colcon.colcon_core.shell:Creating environment descriptor '/home/sdqsz/codes/lesson2/install/lesson_interfaces/share/lesson_interfaces/hook/pythonpath.dsv'
[0.752s] INFO:colcon.colcon_core.shell:Creating environment hook '/home/sdqsz/codes/lesson2/install/lesson_interfaces/share/lesson_interfaces/hook/pythonpath.sh'
[0.752s] Level 1:colcon.colcon_core.environment:checking '/home/sdqsz/codes/lesson2/install/lesson_interfaces/bin'
[0.752s] INFO:colcon.colcon_core.shell:Creating package script '/home/sdqsz/codes/lesson2/install/lesson_interfaces/share/lesson_interfaces/package.ps1'
[0.753s] INFO:colcon.colcon_core.shell:Creating package descriptor '/home/sdqsz/codes/lesson2/install/lesson_interfaces/share/lesson_interfaces/package.dsv'
[0.753s] INFO:colcon.colcon_core.shell:Creating package script '/home/sdqsz/codes/lesson2/install/lesson_interfaces/share/lesson_interfaces/package.sh'
[0.753s] INFO:colcon.colcon_core.shell:Creating package script '/home/sdqsz/codes/lesson2/install/lesson_interfaces/share/lesson_interfaces/package.bash'
[0.753s] INFO:colcon.colcon_core.shell:Creating package script '/home/sdqsz/codes/lesson2/install/lesson_interfaces/share/lesson_interfaces/package.zsh'
[0.754s] Level 1:colcon.colcon_core.environment:create_file_with_runtime_dependencies(/home/sdqsz/codes/lesson2/install/lesson_interfaces/share/colcon-core/packages/lesson_interfaces)
[0.754s] Level 1:colcon.colcon_core.environment:create_environment_scripts_only(lesson_interfaces)
[0.754s] Level 1:colcon.colcon_core.environment:checking '/home/sdqsz/codes/lesson2/install/lesson_interfaces' for CMake module files
[0.754s] Level 1:colcon.colcon_core.environment:checking '/home/sdqsz/codes/lesson2/install/lesson_interfaces' for CMake config files
[0.755s] Level 1:colcon.colcon_core.shell:create_environment_hook('lesson_interfaces', 'cmake_prefix_path')
[0.755s] INFO:colcon.colcon_core.shell:Creating environment hook '/home/sdqsz/codes/lesson2/install/lesson_interfaces/share/lesson_interfaces/hook/cmake_prefix_path.ps1'
[0.755s] INFO:colcon.colcon_core.shell:Creating environment descriptor '/home/sdqsz/codes/lesson2/install/lesson_interfaces/share/lesson_interfaces/hook/cmake_prefix_path.dsv'
[0.755s] INFO:colcon.colcon_core.shell:Creating environment hook '/home/sdqsz/codes/lesson2/install/lesson_interfaces/share/lesson_interfaces/hook/cmake_prefix_path.sh'
[0.756s] Level 1:colcon.colcon_core.environment:checking '/home/sdqsz/codes/lesson2/install/lesson_interfaces/lib'
[0.756s] Level 1:colcon.colcon_core.shell:create_environment_hook('lesson_interfaces', 'ld_library_path_lib')
[0.756s] INFO:colcon.colcon_core.shell:Creating environment hook '/home/sdqsz/codes/lesson2/install/lesson_interfaces/share/lesson_interfaces/hook/ld_library_path_lib.ps1'
[0.756s] INFO:colcon.colcon_core.shell:Creating environment descriptor '/home/sdqsz/codes/lesson2/install/lesson_interfaces/share/lesson_interfaces/hook/ld_library_path_lib.dsv'
[0.756s] INFO:colcon.colcon_core.shell:Creating environment hook '/home/sdqsz/codes/lesson2/install/lesson_interfaces/share/lesson_interfaces/hook/ld_library_path_lib.sh'
[0.757s] Level 1:colcon.colcon_core.environment:checking '/home/sdqsz/codes/lesson2/install/lesson_interfaces/bin'
[0.757s] Level 1:colcon.colcon_core.environment:checking '/home/sdqsz/codes/lesson2/install/lesson_interfaces/lib/pkgconfig/lesson_interfaces.pc'
[0.757s] Level 1:colcon.colcon_core.environment:checking '/home/sdqsz/codes/lesson2/install/lesson_interfaces/lib/python3.12/site-packages'
[0.757s] Level 1:colcon.colcon_core.shell:create_environment_hook('lesson_interfaces', 'pythonpath')
[0.757s] INFO:colcon.colcon_core.shell:Creating environment hook '/home/sdqsz/codes/lesson2/install/lesson_interfaces/share/lesson_interfaces/hook/pythonpath.ps1'
[0.757s] INFO:colcon.colcon_core.shell:Creating environment descriptor '/home/sdqsz/codes/lesson2/install/lesson_interfaces/share/lesson_interfaces/hook/pythonpath.dsv'
[0.758s] INFO:colcon.colcon_core.shell:Creating environment hook '/home/sdqsz/codes/lesson2/install/lesson_interfaces/share/lesson_interfaces/hook/pythonpath.sh'
[0.758s] Level 1:colcon.colcon_core.environment:checking '/home/sdqsz/codes/lesson2/install/lesson_interfaces/bin'
[0.758s] INFO:colcon.colcon_core.shell:Creating package script '/home/sdqsz/codes/lesson2/install/lesson_interfaces/share/lesson_interfaces/package.ps1'
[0.759s] INFO:colcon.colcon_core.shell:Creating package descriptor '/home/sdqsz/codes/lesson2/install/lesson_interfaces/share/lesson_interfaces/package.dsv'
[0.759s] INFO:colcon.colcon_core.shell:Creating package script '/home/sdqsz/codes/lesson2/install/lesson_interfaces/share/lesson_interfaces/package.sh'
[0.759s] INFO:colcon.colcon_core.shell:Creating package script '/home/sdqsz/codes/lesson2/install/lesson_interfaces/share/lesson_interfaces/package.bash'
[0.760s] INFO:colcon.colcon_core.shell:Creating package script '/home/sdqsz/codes/lesson2/install/lesson_interfaces/share/lesson_interfaces/package.zsh'
[0.760s] Level 1:colcon.colcon_core.environment:create_file_with_runtime_dependencies(/home/sdqsz/codes/lesson2/install/lesson_interfaces/share/colcon-core/packages/lesson_interfaces)
[0.760s] INFO:colcon.colcon_ros.task.ament_python.build:Building ROS package in '/home/sdqsz/codes/lesson2/src/lesson_python_service' with build type 'ament_python'
[0.761s] Level 1:colcon.colcon_core.shell:create_environment_hook('lesson_python_service', 'ament_prefix_path')
[0.761s] INFO:colcon.colcon_core.shell:Creating environment hook '/home/sdqsz/codes/lesson2/install/lesson_python_service/share/lesson_python_service/hook/ament_prefix_path.ps1'
[0.761s] INFO:colcon.colcon_core.shell:Creating environment descriptor '/home/sdqsz/codes/lesson2/install/lesson_python_service/share/lesson_python_service/hook/ament_prefix_path.dsv'
[0.762s] INFO:colcon.colcon_core.shell:Creating environment hook '/home/sdqsz/codes/lesson2/install/lesson_python_service/share/lesson_python_service/hook/ament_prefix_path.sh'
[0.762s] INFO:colcon.colcon_core.shell:Skip shell extension 'powershell' for command environment: Not usable outside of PowerShell
[0.762s] DEBUG:colcon.colcon_core.shell:Skip shell extension 'dsv' for command environment
[1.046s] DEBUG:colcon.colcon_parallel_executor.executor.parallel:closing loop
[1.046s] DEBUG:colcon.colcon_parallel_executor.executor.parallel:loop closed
[1.047s] DEBUG:colcon.colcon_parallel_executor.executor.parallel:run_until_complete finished with 'Command '['/usr/bin/python3', '-c', 'import sys;from contextlib import suppress;exec("with suppress(ImportError):    from setuptools.extern.packaging.specifiers    import SpecifierSet");exec("with suppress(ImportError):    from packaging.specifiers import SpecifierSet");from distutils.core import run_setup;dist = run_setup(    \'setup.py\', script_args=(\'--dry-run\',), stop_after=\'config\');skip_keys = (\'cmdclass\', \'distclass\', \'ext_modules\', \'metadata\');data = {    key: value for key, value in dist.__dict__.items()     if (        not key.startswith(\'_\') and         not callable(value) and         key not in skip_keys and         key not in dist.display_option_names    )};data[\'metadata\'] = {    k: v for k, v in dist.metadata.__dict__.items()     if k not in (\'license_files\', \'provides_extras\')};sys.stdout.buffer.write(repr(data).encode(\'utf-8\'))']' returned non-zero exit status 1.'
[1.047s] DEBUG:colcon.colcon_core.event_reactor:joining thread
[1.053s] INFO:colcon.colcon_core.plugin_system:Skipping extension 'colcon_notification.desktop_notification.terminal_notifier': Not used on non-Darwin systems
[1.053s] INFO:colcon.colcon_core.plugin_system:Skipping extension 'colcon_notification.desktop_notification.win32': Not used on non-Windows systems
[1.053s] INFO:colcon.colcon_notification.desktop_notification:Sending desktop notification using 'notify2'
[1.074s] DEBUG:colcon.colcon_core.event_reactor:joined thread
[1.074s] INFO:colcon.colcon_core.shell:Creating prefix script '/home/sdqsz/codes/lesson2/install/local_setup.ps1'
[1.075s] INFO:colcon.colcon_core.shell:Creating prefix util module '/home/sdqsz/codes/lesson2/install/_local_setup_util_ps1.py'
[1.076s] INFO:colcon.colcon_core.shell:Creating prefix chain script '/home/sdqsz/codes/lesson2/install/setup.ps1'
[1.077s] INFO:colcon.colcon_core.shell:Creating prefix script '/home/sdqsz/codes/lesson2/install/local_setup.sh'
[1.078s] INFO:colcon.colcon_core.shell:Creating prefix util module '/home/sdqsz/codes/lesson2/install/_local_setup_util_sh.py'
[1.078s] INFO:colcon.colcon_core.shell:Creating prefix chain script '/home/sdqsz/codes/lesson2/install/setup.sh'
[1.079s] INFO:colcon.colcon_core.shell:Creating prefix script '/home/sdqsz/codes/lesson2/install/local_setup.bash'
[1.080s] INFO:colcon.colcon_core.shell:Creating prefix chain script '/home/sdqsz/codes/lesson2/install/setup.bash'
[1.081s] INFO:colcon.colcon_core.shell:Creating prefix script '/home/sdqsz/codes/lesson2/install/local_setup.zsh'
[1.081s] INFO:colcon.colcon_core.shell:Creating prefix chain script '/home/sdqsz/codes/lesson2/install/setup.zsh'
