running egg_info
writing ../../build/lesson_python_pkg/lesson_python_pkg.egg-info/PKG-INFO
writing dependency_links to ../../build/lesson_python_pkg/lesson_python_pkg.egg-info/dependency_links.txt
writing entry points to ../../build/lesson_python_pkg/lesson_python_pkg.egg-info/entry_points.txt
writing requirements to ../../build/lesson_python_pkg/lesson_python_pkg.egg-info/requires.txt
writing top-level names to ../../build/lesson_python_pkg/lesson_python_pkg.egg-info/top_level.txt
reading manifest file '../../build/lesson_python_pkg/lesson_python_pkg.egg-info/SOURCES.txt'
adding license file 'LICENSE'
writing manifest file '../../build/lesson_python_pkg/lesson_python_pkg.egg-info/SOURCES.txt'
running build
running build_py
copying lesson_python_pkg/publisher.py -> /home/sdqsz/codes/lesson2/build/lesson_python_pkg/build/lib/lesson_python_pkg
copying lesson_python_pkg/subscriber.py -> /home/sdqsz/codes/lesson2/build/lesson_python_pkg/build/lib/lesson_python_pkg
running install
running install_lib
copying /home/sdqsz/codes/lesson2/build/lesson_python_pkg/build/lib/lesson_python_pkg/publisher.py -> /home/sdqsz/codes/lesson2/install/lesson_python_pkg/lib/python3.12/site-packages/lesson_python_pkg
copying /home/sdqsz/codes/lesson2/build/lesson_python_pkg/build/lib/lesson_python_pkg/subscriber.py -> /home/sdqsz/codes/lesson2/install/lesson_python_pkg/lib/python3.12/site-packages/lesson_python_pkg
byte-compiling /home/sdqsz/codes/lesson2/install/lesson_python_pkg/lib/python3.12/site-packages/lesson_python_pkg/publisher.py to publisher.cpython-312.pyc
byte-compiling /home/sdqsz/codes/lesson2/install/lesson_python_pkg/lib/python3.12/site-packages/lesson_python_pkg/subscriber.py to subscriber.cpython-312.pyc
running install_data
copying package.xml -> /home/sdqsz/codes/lesson2/install/lesson_python_pkg/share/lesson_python_pkg
running install_egg_info
removing '/home/sdqsz/codes/lesson2/install/lesson_python_pkg/lib/python3.12/site-packages/lesson_python_pkg-0.0.0-py3.12.egg-info' (and everything under it)
Copying ../../build/lesson_python_pkg/lesson_python_pkg.egg-info to /home/sdqsz/codes/lesson2/install/lesson_python_pkg/lib/python3.12/site-packages/lesson_python_pkg-0.0.0-py3.12.egg-info
running install_scripts
Installing listener script to /home/sdqsz/codes/lesson2/install/lesson_python_pkg/lib/lesson_python_pkg
Installing talker script to /home/sdqsz/codes/lesson2/install/lesson_python_pkg/lib/lesson_python_pkg
writing list of installed files to '/home/sdqsz/codes/lesson2/build/lesson_python_pkg/install.log'
