[0.768s] Invoking command in '/home/sdqsz/codes/lesson2/src/lesson_python_service': DEBUGINFOD_URLS=https://debuginfod.ubuntu.com PYTHONPATH=/home/sdqsz/codes/lesson2/build/lesson_python_service/prefix_override:/usr/lib/python3/dist-packages/colcon_core/task/python/colcon_distutils_commands:/home/sdqsz/codes/lesson2/install/lesson_python_service/lib/python3.12/site-packages:${PYTHONPATH} /usr/bin/python3 -W ignore:setup.py install is deprecated -W ignore:easy_install command is deprecated setup.py egg_info --egg-base ../../build/lesson_python_service build --build-base /home/sdqsz/codes/lesson2/build/lesson_python_service/build install --record /home/sdqsz/codes/lesson2/build/lesson_python_service/install.log --single-version-externally-managed install_data
[0.950s] running egg_info
[0.950s] creating ../../build/lesson_python_service/lesson_python_service.egg-info
[0.962s] writing ../../build/lesson_python_service/lesson_python_service.egg-info/PKG-INFO
[0.962s] writing dependency_links to ../../build/lesson_python_service/lesson_python_service.egg-info/dependency_links.txt
[0.962s] writing entry points to ../../build/lesson_python_service/lesson_python_service.egg-info/entry_points.txt
[0.962s] writing requirements to ../../build/lesson_python_service/lesson_python_service.egg-info/requires.txt
[0.963s] writing top-level names to ../../build/lesson_python_service/lesson_python_service.egg-info/top_level.txt
[0.963s] writing manifest file '../../build/lesson_python_service/lesson_python_service.egg-info/SOURCES.txt'
[0.989s] reading manifest file '../../build/lesson_python_service/lesson_python_service.egg-info/SOURCES.txt'
[0.989s] adding license file 'LICENSE'
[0.989s] writing manifest file '../../build/lesson_python_service/lesson_python_service.egg-info/SOURCES.txt'
[0.990s] running build
[0.990s] running build_py
[0.990s] creating /home/sdqsz/codes/lesson2/build/lesson_python_service/build
[0.990s] creating /home/sdqsz/codes/lesson2/build/lesson_python_service/build/lib
[0.990s] creating /home/sdqsz/codes/lesson2/build/lesson_python_service/build/lib/lesson_python_service
[0.990s] copying lesson_python_service/__init__.py -> /home/sdqsz/codes/lesson2/build/lesson_python_service/build/lib/lesson_python_service
[0.990s] copying lesson_python_service/service_client.py -> /home/sdqsz/codes/lesson2/build/lesson_python_service/build/lib/lesson_python_service
[0.991s] copying lesson_python_service/service_server.py -> /home/sdqsz/codes/lesson2/build/lesson_python_service/build/lib/lesson_python_service
[0.991s] running install
[0.994s] running install_lib
[1.010s] creating /home/sdqsz/codes/lesson2/install/lesson_python_service/lib/python3.12/site-packages/lesson_python_service
[1.010s] copying /home/sdqsz/codes/lesson2/build/lesson_python_service/build/lib/lesson_python_service/__init__.py -> /home/sdqsz/codes/lesson2/install/lesson_python_service/lib/python3.12/site-packages/lesson_python_service
[1.010s] copying /home/sdqsz/codes/lesson2/build/lesson_python_service/build/lib/lesson_python_service/service_client.py -> /home/sdqsz/codes/lesson2/install/lesson_python_service/lib/python3.12/site-packages/lesson_python_service
[1.010s] copying /home/sdqsz/codes/lesson2/build/lesson_python_service/build/lib/lesson_python_service/service_server.py -> /home/sdqsz/codes/lesson2/install/lesson_python_service/lib/python3.12/site-packages/lesson_python_service
[1.010s] byte-compiling /home/sdqsz/codes/lesson2/install/lesson_python_service/lib/python3.12/site-packages/lesson_python_service/__init__.py to __init__.cpython-312.pyc
[1.010s] byte-compiling /home/sdqsz/codes/lesson2/install/lesson_python_service/lib/python3.12/site-packages/lesson_python_service/service_client.py to service_client.cpython-312.pyc
[1.011s] byte-compiling /home/sdqsz/codes/lesson2/install/lesson_python_service/lib/python3.12/site-packages/lesson_python_service/service_server.py to service_server.cpython-312.pyc
[1.011s] running install_data
[1.011s] creating /home/sdqsz/codes/lesson2/install/lesson_python_service/share/ament_index
[1.011s] creating /home/sdqsz/codes/lesson2/install/lesson_python_service/share/ament_index/resource_index
[1.011s] creating /home/sdqsz/codes/lesson2/install/lesson_python_service/share/ament_index/resource_index/packages
[1.011s] copying resource/lesson_python_service -> /home/sdqsz/codes/lesson2/install/lesson_python_service/share/ament_index/resource_index/packages
[1.012s] copying package.xml -> /home/sdqsz/codes/lesson2/install/lesson_python_service/share/lesson_python_service
[1.012s] running install_egg_info
[1.028s] Copying ../../build/lesson_python_service/lesson_python_service.egg-info to /home/sdqsz/codes/lesson2/install/lesson_python_service/lib/python3.12/site-packages/lesson_python_service-0.0.0-py3.12.egg-info
[1.028s] running install_scripts
[1.123s] Installing listener script to /home/sdqsz/codes/lesson2/install/lesson_python_service/lib/lesson_python_service
[1.123s] Installing service script to /home/sdqsz/codes/lesson2/install/lesson_python_service/lib/lesson_python_service
[1.123s] writing list of installed files to '/home/sdqsz/codes/lesson2/build/lesson_python_service/install.log'
[1.144s] Invoked command in '/home/sdqsz/codes/lesson2/src/lesson_python_service' returned '0': DEBUGINFOD_URLS=https://debuginfod.ubuntu.com PYTHONPATH=/home/sdqsz/codes/lesson2/build/lesson_python_service/prefix_override:/usr/lib/python3/dist-packages/colcon_core/task/python/colcon_distutils_commands:/home/sdqsz/codes/lesson2/install/lesson_python_service/lib/python3.12/site-packages:${PYTHONPATH} /usr/bin/python3 -W ignore:setup.py install is deprecated -W ignore:easy_install command is deprecated setup.py egg_info --egg-base ../../build/lesson_python_service build --build-base /home/sdqsz/codes/lesson2/build/lesson_python_service/build install --record /home/sdqsz/codes/lesson2/build/lesson_python_service/install.log --single-version-externally-managed install_data
