[0.009s] Invoking command in '/home/sdqsz/codes/lesson2/build/lesson_cpp_pkg': CMAKE_PREFIX_PATH=${CMAKE_PREFIX_PATH}:/home/sdqsz/codes/lesson2/install/lesson_python_pkg:/opt/ros/jazzy DEBUGINFOD_URLS=https://debuginfod.ubuntu.com /usr/bin/cmake /home/sdqsz/codes/lesson2/src/lesson_cpp_pkg -DCMAKE_INSTALL_PREFIX=/home/sdqsz/codes/lesson2/install/lesson_cpp_pkg
[0.102s] -- The C compiler identification is GNU 13.3.0
[0.176s] -- The CXX compiler identification is GNU 13.3.0
[0.194s] -- Detecting C compiler ABI info
[0.280s] -- Detecting C compiler ABI info - done
[0.291s] -- Check for working C compiler: /usr/bin/cc - skipped
[0.291s] -- Detecting C compile features
[0.292s] -- Detecting C compile features - done
[0.301s] -- Detecting CXX compiler ABI info
[0.383s] -- Detecting CXX compiler ABI info - done
[0.390s] -- Check for working CXX compiler: /usr/bin/c++ - skipped
[0.390s] -- Detecting CXX compile features
[0.390s] -- Detecting CXX compile features - done
[0.398s] -- Found ament_cmake: 2.5.6 (/opt/ros/jazzy/share/ament_cmake/cmake)
[0.515s] -- Found Python3: /usr/bin/python3 (found version "3.12.3") found components: Interpreter 
[0.616s] -- Found ament_lint_auto: 0.17.5 (/opt/ros/jazzy/share/ament_lint_auto/cmake)
[0.700s] -- Added test 'cppcheck' to perform static code analysis on C / C++ code
[0.700s] -- Configured cppcheck include dirs: 
[0.700s] -- Configured cppcheck exclude dirs and/or files: 
[0.701s] -- Added test 'lint_cmake' to check CMake code style
[0.701s] -- Added test 'uncrustify' to check C / C++ code style
[0.702s] -- Configured uncrustify additional arguments: 
[0.702s] -- Added test 'xmllint' to check XML markup files
[0.703s] -- Configuring done (0.7s)
[0.705s] -- Generating done (0.0s)
[0.707s] -- Build files have been written to: /home/sdqsz/codes/lesson2/build/lesson_cpp_pkg
[0.711s] Invoked command in '/home/sdqsz/codes/lesson2/build/lesson_cpp_pkg' returned '0': CMAKE_PREFIX_PATH=${CMAKE_PREFIX_PATH}:/home/sdqsz/codes/lesson2/install/lesson_python_pkg:/opt/ros/jazzy DEBUGINFOD_URLS=https://debuginfod.ubuntu.com /usr/bin/cmake /home/sdqsz/codes/lesson2/src/lesson_cpp_pkg -DCMAKE_INSTALL_PREFIX=/home/sdqsz/codes/lesson2/install/lesson_cpp_pkg
[0.711s] Invoking command in '/home/sdqsz/codes/lesson2/build/lesson_cpp_pkg': CMAKE_PREFIX_PATH=${CMAKE_PREFIX_PATH}:/home/sdqsz/codes/lesson2/install/lesson_python_pkg:/opt/ros/jazzy DEBUGINFOD_URLS=https://debuginfod.ubuntu.com /usr/bin/cmake --build /home/sdqsz/codes/lesson2/build/lesson_cpp_pkg -- -j16 -l16
[0.744s] Invoked command in '/home/sdqsz/codes/lesson2/build/lesson_cpp_pkg' returned '0': CMAKE_PREFIX_PATH=${CMAKE_PREFIX_PATH}:/home/sdqsz/codes/lesson2/install/lesson_python_pkg:/opt/ros/jazzy DEBUGINFOD_URLS=https://debuginfod.ubuntu.com /usr/bin/cmake --build /home/sdqsz/codes/lesson2/build/lesson_cpp_pkg -- -j16 -l16
[0.754s] Invoking command in '/home/sdqsz/codes/lesson2/build/lesson_cpp_pkg': CMAKE_PREFIX_PATH=${CMAKE_PREFIX_PATH}:/home/sdqsz/codes/lesson2/install/lesson_python_pkg:/opt/ros/jazzy DEBUGINFOD_URLS=https://debuginfod.ubuntu.com /usr/bin/cmake --install /home/sdqsz/codes/lesson2/build/lesson_cpp_pkg
[0.762s] -- Install configuration: ""
[0.762s] -- Installing: /home/sdqsz/codes/lesson2/install/lesson_cpp_pkg/share/ament_index/resource_index/package_run_dependencies/lesson_cpp_pkg
[0.762s] -- Installing: /home/sdqsz/codes/lesson2/install/lesson_cpp_pkg/share/ament_index/resource_index/parent_prefix_path/lesson_cpp_pkg
[0.762s] -- Installing: /home/sdqsz/codes/lesson2/install/lesson_cpp_pkg/share/lesson_cpp_pkg/environment/ament_prefix_path.sh
[0.762s] -- Installing: /home/sdqsz/codes/lesson2/install/lesson_cpp_pkg/share/lesson_cpp_pkg/environment/ament_prefix_path.dsv
[0.762s] -- Installing: /home/sdqsz/codes/lesson2/install/lesson_cpp_pkg/share/lesson_cpp_pkg/environment/path.sh
[0.762s] -- Installing: /home/sdqsz/codes/lesson2/install/lesson_cpp_pkg/share/lesson_cpp_pkg/environment/path.dsv
[0.763s] -- Installing: /home/sdqsz/codes/lesson2/install/lesson_cpp_pkg/share/lesson_cpp_pkg/local_setup.bash
[0.763s] -- Installing: /home/sdqsz/codes/lesson2/install/lesson_cpp_pkg/share/lesson_cpp_pkg/local_setup.sh
[0.763s] -- Installing: /home/sdqsz/codes/lesson2/install/lesson_cpp_pkg/share/lesson_cpp_pkg/local_setup.zsh
[0.763s] -- Installing: /home/sdqsz/codes/lesson2/install/lesson_cpp_pkg/share/lesson_cpp_pkg/local_setup.dsv
[0.763s] -- Installing: /home/sdqsz/codes/lesson2/install/lesson_cpp_pkg/share/lesson_cpp_pkg/package.dsv
[0.763s] -- Installing: /home/sdqsz/codes/lesson2/install/lesson_cpp_pkg/share/ament_index/resource_index/packages/lesson_cpp_pkg
[0.763s] -- Installing: /home/sdqsz/codes/lesson2/install/lesson_cpp_pkg/share/lesson_cpp_pkg/cmake/lesson_cpp_pkgConfig.cmake
[0.764s] -- Installing: /home/sdqsz/codes/lesson2/install/lesson_cpp_pkg/share/lesson_cpp_pkg/cmake/lesson_cpp_pkgConfig-version.cmake
[0.764s] -- Installing: /home/sdqsz/codes/lesson2/install/lesson_cpp_pkg/share/lesson_cpp_pkg/package.xml
[0.765s] Invoked command in '/home/sdqsz/codes/lesson2/build/lesson_cpp_pkg' returned '0': CMAKE_PREFIX_PATH=${CMAKE_PREFIX_PATH}:/home/sdqsz/codes/lesson2/install/lesson_python_pkg:/opt/ros/jazzy DEBUGINFOD_URLS=https://debuginfod.ubuntu.com /usr/bin/cmake --install /home/sdqsz/codes/lesson2/build/lesson_cpp_pkg
