-- The C compiler identification is GNU 13.3.0
-- The CXX compiler identification is GNU 13.3.0
-- Detecting C compiler ABI info
-- Detecting C compiler ABI info - done
-- Check for working C compiler: /usr/bin/cc - skipped
-- Detecting C compile features
-- Detecting C compile features - done
-- Detecting CXX compiler ABI info
-- Detecting CXX compiler ABI info - done
-- Check for working CXX compiler: /usr/bin/c++ - skipped
-- Detecting CXX compile features
-- Detecting CXX compile features - done
-- Found ament_cmake: 2.5.6 (/opt/ros/jazzy/share/ament_cmake/cmake)
-- Found Python3: /usr/bin/python3 (found version "3.12.3") found components: Interpreter 
-- Found rosidl_default_generators: 1.6.0 (/opt/ros/jazzy/share/rosidl_default_generators/cmake)
-- Using all available rosidl_typesupport_c: rosidl_typesupport_fastrtps_c;rosidl_typesupport_introspection_c
-- Using all available rosidl_typesupport_cpp: rosidl_typesupport_fastrtps_cpp;rosidl_typesupport_introspection_cpp
-- Found rosidl_adapter: 4.6.7 (/opt/ros/jazzy/share/rosidl_adapter/cmake)
-- Found ament_cmake_ros: 0.12.0 (/opt/ros/jazzy/share/ament_cmake_ros/cmake)
-- Using all available rosidl_typesupport_c: rosidl_typesupport_fastrtps_c;rosidl_typesupport_introspection_c
-- Using all available rosidl_typesupport_cpp: rosidl_typesupport_fastrtps_cpp;rosidl_typesupport_introspection_cpp
-- Found python_cmake_module: 0.11.1 (/opt/ros/jazzy/share/python_cmake_module/cmake)
-- Found PythonExtra: /usr/bin/python3  
-- Found Python3: /usr/bin/python3 (found version "3.12.3") found components: Interpreter Development NumPy Development.Module Development.Embed 
-- Found Python3: /usr/bin/python3 (found version "3.12.3") found components: Interpreter 
-- Found ament_lint_auto: 0.17.5 (/opt/ros/jazzy/share/ament_lint_auto/cmake)
-- Added test 'lint_cmake' to check CMake code style
-- Added test 'xmllint' to check XML markup files
-- Configuring done (7.3s)
-- Generating done (0.1s)
-- Build files have been written to: /home/sdqsz/codes/lesson2/src/build/lesson_interfaces
[  2%] [34m[1mGenerating type hashes for ROS interfaces[0m
[  4%] [34m[1mGenerating Rust code for ROS interfaces[0m
[  4%] Built target ament_cmake_python_copy_lesson_interfaces
[  4%] Built target lesson_interfaces__rosidl_generator_type_description
running egg_info
creating lesson_interfaces.egg-info
[  6%] [34m[1mGenerating C code for ROS interfaces[0m
[  8%] [34m[1mGenerating C++ code for ROS interfaces[0m
writing lesson_interfaces.egg-info/PKG-INFO
writing dependency_links to lesson_interfaces.egg-info/dependency_links.txt
writing top-level names to lesson_interfaces.egg-info/top_level.txt
writing manifest file 'lesson_interfaces.egg-info/SOURCES.txt'
[  8%] Built target lesson_interfaces__rs
reading manifest file 'lesson_interfaces.egg-info/SOURCES.txt'
writing manifest file 'lesson_interfaces.egg-info/SOURCES.txt'
[  8%] Built target ament_cmake_python_build_lesson_interfaces_egg
[  8%] Built target lesson_interfaces__cpp
[ 11%] [32mBuilding C object CMakeFiles/lesson_interfaces__rosidl_generator_c.dir/rosidl_generator_c/lesson_interfaces/msg/detail/num__functions.c.o[0m
[ 13%] [32mBuilding C object CMakeFiles/lesson_interfaces__rosidl_generator_c.dir/rosidl_generator_c/lesson_interfaces/msg/detail/num__description.c.o[0m
[ 15%] [32mBuilding C object CMakeFiles/lesson_interfaces__rosidl_generator_c.dir/rosidl_generator_c/lesson_interfaces/msg/detail/num__type_support.c.o[0m
[ 17%] [32mBuilding C object CMakeFiles/lesson_interfaces__rosidl_generator_c.dir/rosidl_generator_c/lesson_interfaces/srv/detail/add_three_ints__description.c.o[0m
[ 20%] [32mBuilding C object CMakeFiles/lesson_interfaces__rosidl_generator_c.dir/rosidl_generator_c/lesson_interfaces/srv/detail/add_three_ints__type_support.c.o[0m
[ 22%] [32mBuilding C object CMakeFiles/lesson_interfaces__rosidl_generator_c.dir/rosidl_generator_c/lesson_interfaces/srv/detail/add_three_ints__functions.c.o[0m
[ 24%] [32m[1mLinking C shared library liblesson_interfaces__rosidl_generator_c.so[0m
[ 24%] Built target lesson_interfaces__rosidl_generator_c
[ 26%] [34m[1mGenerating C type support for eProsima Fast-RTPS[0m
[ 28%] [34m[1mGenerating C type support dispatch for ROS interfaces[0m
[ 31%] [34m[1mGenerating C++ type support dispatch for ROS interfaces[0m
[ 33%] [34m[1mGenerating C introspection for ROS interfaces[0m
[ 35%] [34m[1mGenerating C++ type support for eProsima Fast-RTPS[0m
[ 37%] [34m[1mGenerating C++ introspection for ROS interfaces[0m
[ 40%] [32mBuilding CXX object CMakeFiles/lesson_interfaces__rosidl_typesupport_cpp.dir/rosidl_typesupport_cpp/lesson_interfaces/msg/num__type_support.cpp.o[0m
[ 42%] [32mBuilding CXX object CMakeFiles/lesson_interfaces__rosidl_typesupport_cpp.dir/rosidl_typesupport_cpp/lesson_interfaces/srv/add_three_ints__type_support.cpp.o[0m
[ 44%] [32mBuilding CXX object CMakeFiles/lesson_interfaces__rosidl_typesupport_c.dir/rosidl_typesupport_c/lesson_interfaces/srv/add_three_ints__type_support.cpp.o[0m
[ 46%] [32mBuilding CXX object CMakeFiles/lesson_interfaces__rosidl_typesupport_c.dir/rosidl_typesupport_c/lesson_interfaces/msg/num__type_support.cpp.o[0m
[ 48%] [32mBuilding C object CMakeFiles/lesson_interfaces__rosidl_typesupport_introspection_c.dir/rosidl_typesupport_introspection_c/lesson_interfaces/msg/detail/num__type_support.c.o[0m
[ 51%] [32mBuilding C object CMakeFiles/lesson_interfaces__rosidl_typesupport_introspection_c.dir/rosidl_typesupport_introspection_c/lesson_interfaces/srv/detail/add_three_ints__type_support.c.o[0m
[ 53%] [32mBuilding CXX object CMakeFiles/lesson_interfaces__rosidl_typesupport_introspection_cpp.dir/rosidl_typesupport_introspection_cpp/lesson_interfaces/msg/detail/num__type_support.cpp.o[0m
[ 55%] [32mBuilding CXX object CMakeFiles/lesson_interfaces__rosidl_typesupport_introspection_cpp.dir/rosidl_typesupport_introspection_cpp/lesson_interfaces/srv/detail/add_three_ints__type_support.cpp.o[0m
[ 57%] [32m[1mLinking CXX shared library liblesson_interfaces__rosidl_typesupport_c.so[0m
[ 60%] [32mBuilding CXX object CMakeFiles/lesson_interfaces__rosidl_typesupport_fastrtps_c.dir/rosidl_typesupport_fastrtps_c/lesson_interfaces/msg/detail/num__type_support_c.cpp.o[0m
[ 62%] [32mBuilding CXX object CMakeFiles/lesson_interfaces__rosidl_typesupport_fastrtps_c.dir/rosidl_typesupport_fastrtps_c/lesson_interfaces/srv/detail/add_three_ints__type_support_c.cpp.o[0m
[ 62%] Built target lesson_interfaces__rosidl_typesupport_c
[ 66%] [32mBuilding CXX object CMakeFiles/lesson_interfaces__rosidl_typesupport_fastrtps_cpp.dir/rosidl_typesupport_fastrtps_cpp/lesson_interfaces/srv/detail/dds_fastrtps/add_three_ints__type_support.cpp.o[0m
[ 66%] [32mBuilding CXX object CMakeFiles/lesson_interfaces__rosidl_typesupport_fastrtps_cpp.dir/rosidl_typesupport_fastrtps_cpp/lesson_interfaces/msg/detail/dds_fastrtps/num__type_support.cpp.o[0m
[ 68%] [32m[1mLinking C shared library liblesson_interfaces__rosidl_typesupport_introspection_c.so[0m
[ 68%] Built target lesson_interfaces__rosidl_typesupport_introspection_c
[ 71%] [32m[1mLinking CXX shared library liblesson_interfaces__rosidl_typesupport_cpp.so[0m
[ 71%] Built target lesson_interfaces__rosidl_typesupport_cpp
[ 73%] [32m[1mLinking CXX shared library liblesson_interfaces__rosidl_typesupport_introspection_cpp.so[0m
[ 73%] Built target lesson_interfaces__rosidl_typesupport_introspection_cpp
[ 75%] [32m[1mLinking CXX shared library liblesson_interfaces__rosidl_typesupport_fastrtps_c.so[0m
[ 77%] [32m[1mLinking CXX shared library liblesson_interfaces__rosidl_typesupport_fastrtps_cpp.so[0m
[ 77%] Built target lesson_interfaces__rosidl_typesupport_fastrtps_c
[ 77%] Built target lesson_interfaces__rosidl_typesupport_fastrtps_cpp
[ 77%] Built target lesson_interfaces
[ 80%] [34m[1mGenerating Python code for ROS interfaces[0m
[ 80%] Built target lesson_interfaces__py
[ 82%] [32mBuilding C object CMakeFiles/lesson_interfaces__rosidl_generator_py.dir/rosidl_generator_py/lesson_interfaces/msg/_num_s.c.o[0m
[ 84%] [32mBuilding C object CMakeFiles/lesson_interfaces__rosidl_generator_py.dir/rosidl_generator_py/lesson_interfaces/srv/_add_three_ints_s.c.o[0m
[ 86%] [32m[1mLinking C shared library liblesson_interfaces__rosidl_generator_py.so[0m
[ 86%] Built target lesson_interfaces__rosidl_generator_py
[ 91%] [32mBuilding C object CMakeFiles/lesson_interfaces_s__rosidl_typesupport_c.dir/rosidl_generator_py/lesson_interfaces/_lesson_interfaces_s.ep.rosidl_typesupport_c.c.o[0m
[ 91%] [32mBuilding C object CMakeFiles/lesson_interfaces_s__rosidl_typesupport_fastrtps_c.dir/rosidl_generator_py/lesson_interfaces/_lesson_interfaces_s.ep.rosidl_typesupport_fastrtps_c.c.o[0m
[ 93%] [32mBuilding C object CMakeFiles/lesson_interfaces_s__rosidl_typesupport_introspection_c.dir/rosidl_generator_py/lesson_interfaces/_lesson_interfaces_s.ep.rosidl_typesupport_introspection_c.c.o[0m
[ 95%] [32m[1mLinking C shared module rosidl_generator_py/lesson_interfaces/lesson_interfaces_s__rosidl_typesupport_fastrtps_c.so[0m
[ 97%] [32m[1mLinking C shared module rosidl_generator_py/lesson_interfaces/lesson_interfaces_s__rosidl_typesupport_c.so[0m
[ 97%] Built target lesson_interfaces_s__rosidl_typesupport_fastrtps_c
[ 97%] Built target lesson_interfaces_s__rosidl_typesupport_c
[100%] [32m[1mLinking C shared module rosidl_generator_py/lesson_interfaces/lesson_interfaces_s__rosidl_typesupport_introspection_c.so[0m
[100%] Built target lesson_interfaces_s__rosidl_typesupport_introspection_c
-- Install configuration: ""
-- Installing: /home/sdqsz/codes/lesson2/src/install/lesson_interfaces/share/ament_index/resource_index/rosidl_interfaces/lesson_interfaces
-- Installing: /home/sdqsz/codes/lesson2/src/install/lesson_interfaces/share/lesson_interfaces/msg/Num.json
-- Installing: /home/sdqsz/codes/lesson2/src/install/lesson_interfaces/share/lesson_interfaces/srv/AddThreeInts.json
-- Installing: /home/sdqsz/codes/lesson2/src/install/lesson_interfaces/include/lesson_interfaces/lesson_interfaces
-- Installing: /home/sdqsz/codes/lesson2/src/install/lesson_interfaces/include/lesson_interfaces/lesson_interfaces/msg
-- Installing: /home/sdqsz/codes/lesson2/src/install/lesson_interfaces/include/lesson_interfaces/lesson_interfaces/msg/rosidl_generator_c__visibility_control.h
-- Installing: /home/sdqsz/codes/lesson2/src/install/lesson_interfaces/include/lesson_interfaces/lesson_interfaces/msg/num.h
-- Installing: /home/sdqsz/codes/lesson2/src/install/lesson_interfaces/include/lesson_interfaces/lesson_interfaces/msg/detail
-- Installing: /home/sdqsz/codes/lesson2/src/install/lesson_interfaces/include/lesson_interfaces/lesson_interfaces/msg/detail/num__type_support.c
-- Installing: /home/sdqsz/codes/lesson2/src/install/lesson_interfaces/include/lesson_interfaces/lesson_interfaces/msg/detail/num__struct.h
-- Installing: /home/sdqsz/codes/lesson2/src/install/lesson_interfaces/include/lesson_interfaces/lesson_interfaces/msg/detail/num__functions.c
-- Installing: /home/sdqsz/codes/lesson2/src/install/lesson_interfaces/include/lesson_interfaces/lesson_interfaces/msg/detail/num__functions.h
-- Installing: /home/sdqsz/codes/lesson2/src/install/lesson_interfaces/include/lesson_interfaces/lesson_interfaces/msg/detail/num__type_support.h
-- Installing: /home/sdqsz/codes/lesson2/src/install/lesson_interfaces/include/lesson_interfaces/lesson_interfaces/msg/detail/num__description.c
-- Installing: /home/sdqsz/codes/lesson2/src/install/lesson_interfaces/include/lesson_interfaces/lesson_interfaces/srv
-- Installing: /home/sdqsz/codes/lesson2/src/install/lesson_interfaces/include/lesson_interfaces/lesson_interfaces/srv/add_three_ints.h
-- Installing: /home/sdqsz/codes/lesson2/src/install/lesson_interfaces/include/lesson_interfaces/lesson_interfaces/srv/detail
-- Installing: /home/sdqsz/codes/lesson2/src/install/lesson_interfaces/include/lesson_interfaces/lesson_interfaces/srv/detail/add_three_ints__type_support.c
-- Installing: /home/sdqsz/codes/lesson2/src/install/lesson_interfaces/include/lesson_interfaces/lesson_interfaces/srv/detail/add_three_ints__struct.h
-- Installing: /home/sdqsz/codes/lesson2/src/install/lesson_interfaces/include/lesson_interfaces/lesson_interfaces/srv/detail/add_three_ints__description.c
-- Installing: /home/sdqsz/codes/lesson2/src/install/lesson_interfaces/include/lesson_interfaces/lesson_interfaces/srv/detail/add_three_ints__functions.h
-- Installing: /home/sdqsz/codes/lesson2/src/install/lesson_interfaces/include/lesson_interfaces/lesson_interfaces/srv/detail/add_three_ints__type_support.h
-- Installing: /home/sdqsz/codes/lesson2/src/install/lesson_interfaces/include/lesson_interfaces/lesson_interfaces/srv/detail/add_three_ints__functions.c
-- Installing: /home/sdqsz/codes/lesson2/src/install/lesson_interfaces/share/lesson_interfaces/environment/library_path.sh
-- Installing: /home/sdqsz/codes/lesson2/src/install/lesson_interfaces/share/lesson_interfaces/environment/library_path.dsv
-- Installing: /home/sdqsz/codes/lesson2/src/install/lesson_interfaces/lib/liblesson_interfaces__rosidl_generator_c.so
-- Set non-toolchain portion of runtime path of "/home/sdqsz/codes/lesson2/src/install/lesson_interfaces/lib/liblesson_interfaces__rosidl_generator_c.so" to ""
-- Up-to-date: /home/sdqsz/codes/lesson2/src/install/lesson_interfaces/include/lesson_interfaces/lesson_interfaces
-- Up-to-date: /home/sdqsz/codes/lesson2/src/install/lesson_interfaces/include/lesson_interfaces/lesson_interfaces/msg
-- Up-to-date: /home/sdqsz/codes/lesson2/src/install/lesson_interfaces/include/lesson_interfaces/lesson_interfaces/msg/detail
-- Installing: /home/sdqsz/codes/lesson2/src/install/lesson_interfaces/include/lesson_interfaces/lesson_interfaces/msg/detail/num__rosidl_typesupport_fastrtps_c.h
-- Installing: /home/sdqsz/codes/lesson2/src/install/lesson_interfaces/include/lesson_interfaces/lesson_interfaces/msg/rosidl_typesupport_fastrtps_c__visibility_control.h
-- Up-to-date: /home/sdqsz/codes/lesson2/src/install/lesson_interfaces/include/lesson_interfaces/lesson_interfaces/srv
-- Up-to-date: /home/sdqsz/codes/lesson2/src/install/lesson_interfaces/include/lesson_interfaces/lesson_interfaces/srv/detail
-- Installing: /home/sdqsz/codes/lesson2/src/install/lesson_interfaces/include/lesson_interfaces/lesson_interfaces/srv/detail/add_three_ints__rosidl_typesupport_fastrtps_c.h
-- Installing: /home/sdqsz/codes/lesson2/src/install/lesson_interfaces/lib/liblesson_interfaces__rosidl_typesupport_fastrtps_c.so
-- Set non-toolchain portion of runtime path of "/home/sdqsz/codes/lesson2/src/install/lesson_interfaces/lib/liblesson_interfaces__rosidl_typesupport_fastrtps_c.so" to ""
-- Up-to-date: /home/sdqsz/codes/lesson2/src/install/lesson_interfaces/include/lesson_interfaces/lesson_interfaces
-- Up-to-date: /home/sdqsz/codes/lesson2/src/install/lesson_interfaces/include/lesson_interfaces/lesson_interfaces/msg
-- Installing: /home/sdqsz/codes/lesson2/src/install/lesson_interfaces/include/lesson_interfaces/lesson_interfaces/msg/rosidl_typesupport_introspection_c__visibility_control.h
-- Up-to-date: /home/sdqsz/codes/lesson2/src/install/lesson_interfaces/include/lesson_interfaces/lesson_interfaces/msg/detail
-- Installing: /home/sdqsz/codes/lesson2/src/install/lesson_interfaces/include/lesson_interfaces/lesson_interfaces/msg/detail/num__type_support.c
-- Installing: /home/sdqsz/codes/lesson2/src/install/lesson_interfaces/include/lesson_interfaces/lesson_interfaces/msg/detail/num__rosidl_typesupport_introspection_c.h
-- Up-to-date: /home/sdqsz/codes/lesson2/src/install/lesson_interfaces/include/lesson_interfaces/lesson_interfaces/srv
-- Up-to-date: /home/sdqsz/codes/lesson2/src/install/lesson_interfaces/include/lesson_interfaces/lesson_interfaces/srv/detail
-- Installing: /home/sdqsz/codes/lesson2/src/install/lesson_interfaces/include/lesson_interfaces/lesson_interfaces/srv/detail/add_three_ints__type_support.c
-- Installing: /home/sdqsz/codes/lesson2/src/install/lesson_interfaces/include/lesson_interfaces/lesson_interfaces/srv/detail/add_three_ints__rosidl_typesupport_introspection_c.h
-- Installing: /home/sdqsz/codes/lesson2/src/install/lesson_interfaces/lib/liblesson_interfaces__rosidl_typesupport_introspection_c.so
-- Set non-toolchain portion of runtime path of "/home/sdqsz/codes/lesson2/src/install/lesson_interfaces/lib/liblesson_interfaces__rosidl_typesupport_introspection_c.so" to ""
-- Installing: /home/sdqsz/codes/lesson2/src/install/lesson_interfaces/lib/liblesson_interfaces__rosidl_typesupport_c.so
-- Set non-toolchain portion of runtime path of "/home/sdqsz/codes/lesson2/src/install/lesson_interfaces/lib/liblesson_interfaces__rosidl_typesupport_c.so" to ""
-- Up-to-date: /home/sdqsz/codes/lesson2/src/install/lesson_interfaces/include/lesson_interfaces/lesson_interfaces
-- Up-to-date: /home/sdqsz/codes/lesson2/src/install/lesson_interfaces/include/lesson_interfaces/lesson_interfaces/msg
-- Installing: /home/sdqsz/codes/lesson2/src/install/lesson_interfaces/include/lesson_interfaces/lesson_interfaces/msg/rosidl_generator_cpp__visibility_control.hpp
-- Up-to-date: /home/sdqsz/codes/lesson2/src/install/lesson_interfaces/include/lesson_interfaces/lesson_interfaces/msg/detail
-- Installing: /home/sdqsz/codes/lesson2/src/install/lesson_interfaces/include/lesson_interfaces/lesson_interfaces/msg/detail/num__builder.hpp
-- Installing: /home/sdqsz/codes/lesson2/src/install/lesson_interfaces/include/lesson_interfaces/lesson_interfaces/msg/detail/num__type_support.hpp
-- Installing: /home/sdqsz/codes/lesson2/src/install/lesson_interfaces/include/lesson_interfaces/lesson_interfaces/msg/detail/num__struct.hpp
-- Installing: /home/sdqsz/codes/lesson2/src/install/lesson_interfaces/include/lesson_interfaces/lesson_interfaces/msg/detail/num__traits.hpp
-- Installing: /home/sdqsz/codes/lesson2/src/install/lesson_interfaces/include/lesson_interfaces/lesson_interfaces/msg/num.hpp
-- Up-to-date: /home/sdqsz/codes/lesson2/src/install/lesson_interfaces/include/lesson_interfaces/lesson_interfaces/srv
-- Installing: /home/sdqsz/codes/lesson2/src/install/lesson_interfaces/include/lesson_interfaces/lesson_interfaces/srv/add_three_ints.hpp
-- Up-to-date: /home/sdqsz/codes/lesson2/src/install/lesson_interfaces/include/lesson_interfaces/lesson_interfaces/srv/detail
-- Installing: /home/sdqsz/codes/lesson2/src/install/lesson_interfaces/include/lesson_interfaces/lesson_interfaces/srv/detail/add_three_ints__type_support.hpp
-- Installing: /home/sdqsz/codes/lesson2/src/install/lesson_interfaces/include/lesson_interfaces/lesson_interfaces/srv/detail/add_three_ints__traits.hpp
-- Installing: /home/sdqsz/codes/lesson2/src/install/lesson_interfaces/include/lesson_interfaces/lesson_interfaces/srv/detail/add_three_ints__struct.hpp
-- Installing: /home/sdqsz/codes/lesson2/src/install/lesson_interfaces/include/lesson_interfaces/lesson_interfaces/srv/detail/add_three_ints__builder.hpp
-- Up-to-date: /home/sdqsz/codes/lesson2/src/install/lesson_interfaces/include/lesson_interfaces/lesson_interfaces
-- Up-to-date: /home/sdqsz/codes/lesson2/src/install/lesson_interfaces/include/lesson_interfaces/lesson_interfaces/msg
-- Up-to-date: /home/sdqsz/codes/lesson2/src/install/lesson_interfaces/include/lesson_interfaces/lesson_interfaces/msg/detail
-- Installing: /home/sdqsz/codes/lesson2/src/install/lesson_interfaces/include/lesson_interfaces/lesson_interfaces/msg/detail/dds_fastrtps
-- Installing: /home/sdqsz/codes/lesson2/src/install/lesson_interfaces/include/lesson_interfaces/lesson_interfaces/msg/detail/num__rosidl_typesupport_fastrtps_cpp.hpp
-- Installing: /home/sdqsz/codes/lesson2/src/install/lesson_interfaces/include/lesson_interfaces/lesson_interfaces/msg/rosidl_typesupport_fastrtps_cpp__visibility_control.h
-- Up-to-date: /home/sdqsz/codes/lesson2/src/install/lesson_interfaces/include/lesson_interfaces/lesson_interfaces/srv
-- Up-to-date: /home/sdqsz/codes/lesson2/src/install/lesson_interfaces/include/lesson_interfaces/lesson_interfaces/srv/detail
-- Installing: /home/sdqsz/codes/lesson2/src/install/lesson_interfaces/include/lesson_interfaces/lesson_interfaces/srv/detail/dds_fastrtps
-- Installing: /home/sdqsz/codes/lesson2/src/install/lesson_interfaces/include/lesson_interfaces/lesson_interfaces/srv/detail/add_three_ints__rosidl_typesupport_fastrtps_cpp.hpp
-- Installing: /home/sdqsz/codes/lesson2/src/install/lesson_interfaces/lib/liblesson_interfaces__rosidl_typesupport_fastrtps_cpp.so
-- Set non-toolchain portion of runtime path of "/home/sdqsz/codes/lesson2/src/install/lesson_interfaces/lib/liblesson_interfaces__rosidl_typesupport_fastrtps_cpp.so" to ""
-- Up-to-date: /home/sdqsz/codes/lesson2/src/install/lesson_interfaces/include/lesson_interfaces/lesson_interfaces
-- Up-to-date: /home/sdqsz/codes/lesson2/src/install/lesson_interfaces/include/lesson_interfaces/lesson_interfaces/msg
-- Up-to-date: /home/sdqsz/codes/lesson2/src/install/lesson_interfaces/include/lesson_interfaces/lesson_interfaces/msg/detail
-- Installing: /home/sdqsz/codes/lesson2/src/install/lesson_interfaces/include/lesson_interfaces/lesson_interfaces/msg/detail/num__rosidl_typesupport_introspection_cpp.hpp
-- Installing: /home/sdqsz/codes/lesson2/src/install/lesson_interfaces/include/lesson_interfaces/lesson_interfaces/msg/detail/num__type_support.cpp
-- Up-to-date: /home/sdqsz/codes/lesson2/src/install/lesson_interfaces/include/lesson_interfaces/lesson_interfaces/srv
-- Up-to-date: /home/sdqsz/codes/lesson2/src/install/lesson_interfaces/include/lesson_interfaces/lesson_interfaces/srv/detail
-- Installing: /home/sdqsz/codes/lesson2/src/install/lesson_interfaces/include/lesson_interfaces/lesson_interfaces/srv/detail/add_three_ints__type_support.cpp
-- Installing: /home/sdqsz/codes/lesson2/src/install/lesson_interfaces/include/lesson_interfaces/lesson_interfaces/srv/detail/add_three_ints__rosidl_typesupport_introspection_cpp.hpp
-- Installing: /home/sdqsz/codes/lesson2/src/install/lesson_interfaces/lib/liblesson_interfaces__rosidl_typesupport_introspection_cpp.so
-- Set non-toolchain portion of runtime path of "/home/sdqsz/codes/lesson2/src/install/lesson_interfaces/lib/liblesson_interfaces__rosidl_typesupport_introspection_cpp.so" to ""
-- Installing: /home/sdqsz/codes/lesson2/src/install/lesson_interfaces/lib/liblesson_interfaces__rosidl_typesupport_cpp.so
-- Set non-toolchain portion of runtime path of "/home/sdqsz/codes/lesson2/src/install/lesson_interfaces/lib/liblesson_interfaces__rosidl_typesupport_cpp.so" to ""
-- Installing: /home/sdqsz/codes/lesson2/src/install/lesson_interfaces/share/lesson_interfaces/environment/pythonpath.sh
-- Installing: /home/sdqsz/codes/lesson2/src/install/lesson_interfaces/share/lesson_interfaces/environment/pythonpath.dsv
-- Installing: /home/sdqsz/codes/lesson2/src/install/lesson_interfaces/lib/python3.12/site-packages/lesson_interfaces-0.0.0-py3.12.egg-info
-- Installing: /home/sdqsz/codes/lesson2/src/install/lesson_interfaces/lib/python3.12/site-packages/lesson_interfaces-0.0.0-py3.12.egg-info/top_level.txt
-- Installing: /home/sdqsz/codes/lesson2/src/install/lesson_interfaces/lib/python3.12/site-packages/lesson_interfaces-0.0.0-py3.12.egg-info/SOURCES.txt
-- Installing: /home/sdqsz/codes/lesson2/src/install/lesson_interfaces/lib/python3.12/site-packages/lesson_interfaces-0.0.0-py3.12.egg-info/dependency_links.txt
-- Installing: /home/sdqsz/codes/lesson2/src/install/lesson_interfaces/lib/python3.12/site-packages/lesson_interfaces-0.0.0-py3.12.egg-info/PKG-INFO
-- Installing: /home/sdqsz/codes/lesson2/src/install/lesson_interfaces/lib/python3.12/site-packages/lesson_interfaces
-- Installing: /home/sdqsz/codes/lesson2/src/install/lesson_interfaces/lib/python3.12/site-packages/lesson_interfaces/lesson_interfaces_s__rosidl_typesupport_fastrtps_c.so
-- Installing: /home/sdqsz/codes/lesson2/src/install/lesson_interfaces/lib/python3.12/site-packages/lesson_interfaces/msg
-- Installing: /home/sdqsz/codes/lesson2/src/install/lesson_interfaces/lib/python3.12/site-packages/lesson_interfaces/msg/__init__.py
-- Installing: /home/sdqsz/codes/lesson2/src/install/lesson_interfaces/lib/python3.12/site-packages/lesson_interfaces/msg/_num.py
-- Installing: /home/sdqsz/codes/lesson2/src/install/lesson_interfaces/lib/python3.12/site-packages/lesson_interfaces/msg/_num_s.c
-- Installing: /home/sdqsz/codes/lesson2/src/install/lesson_interfaces/lib/python3.12/site-packages/lesson_interfaces/__init__.py
-- Installing: /home/sdqsz/codes/lesson2/src/install/lesson_interfaces/lib/python3.12/site-packages/lesson_interfaces/lesson_interfaces_s__rosidl_typesupport_introspection_c.so
-- Installing: /home/sdqsz/codes/lesson2/src/install/lesson_interfaces/lib/python3.12/site-packages/lesson_interfaces/srv
-- Installing: /home/sdqsz/codes/lesson2/src/install/lesson_interfaces/lib/python3.12/site-packages/lesson_interfaces/srv/__init__.py
-- Installing: /home/sdqsz/codes/lesson2/src/install/lesson_interfaces/lib/python3.12/site-packages/lesson_interfaces/srv/_add_three_ints_s.c
-- Installing: /home/sdqsz/codes/lesson2/src/install/lesson_interfaces/lib/python3.12/site-packages/lesson_interfaces/srv/_add_three_ints.py
-- Installing: /home/sdqsz/codes/lesson2/src/install/lesson_interfaces/lib/python3.12/site-packages/lesson_interfaces/lesson_interfaces_s__rosidl_typesupport_c.so
-- Installing: /home/sdqsz/codes/lesson2/src/install/lesson_interfaces/lib/python3.12/site-packages/lesson_interfaces/_lesson_interfaces_s.ep.rosidl_typesupport_fastrtps_c.c
-- Installing: /home/sdqsz/codes/lesson2/src/install/lesson_interfaces/lib/python3.12/site-packages/lesson_interfaces/_lesson_interfaces_s.ep.rosidl_typesupport_c.c
-- Installing: /home/sdqsz/codes/lesson2/src/install/lesson_interfaces/lib/python3.12/site-packages/lesson_interfaces/_lesson_interfaces_s.ep.rosidl_typesupport_introspection_c.c
Listing '/home/sdqsz/codes/lesson2/src/install/lesson_interfaces/lib/python3.12/site-packages/lesson_interfaces'...
Compiling '/home/sdqsz/codes/lesson2/src/install/lesson_interfaces/lib/python3.12/site-packages/lesson_interfaces/__init__.py'...
Listing '/home/sdqsz/codes/lesson2/src/install/lesson_interfaces/lib/python3.12/site-packages/lesson_interfaces/msg'...
Compiling '/home/sdqsz/codes/lesson2/src/install/lesson_interfaces/lib/python3.12/site-packages/lesson_interfaces/msg/__init__.py'...
Compiling '/home/sdqsz/codes/lesson2/src/install/lesson_interfaces/lib/python3.12/site-packages/lesson_interfaces/msg/_num.py'...
Listing '/home/sdqsz/codes/lesson2/src/install/lesson_interfaces/lib/python3.12/site-packages/lesson_interfaces/srv'...
Compiling '/home/sdqsz/codes/lesson2/src/install/lesson_interfaces/lib/python3.12/site-packages/lesson_interfaces/srv/__init__.py'...
Compiling '/home/sdqsz/codes/lesson2/src/install/lesson_interfaces/lib/python3.12/site-packages/lesson_interfaces/srv/_add_three_ints.py'...
-- Installing: /home/sdqsz/codes/lesson2/src/install/lesson_interfaces/lib/python3.12/site-packages/lesson_interfaces/lesson_interfaces_s__rosidl_typesupport_fastrtps_c.so
-- Set non-toolchain portion of runtime path of "/home/sdqsz/codes/lesson2/src/install/lesson_interfaces/lib/python3.12/site-packages/lesson_interfaces/lesson_interfaces_s__rosidl_typesupport_fastrtps_c.so" to ""
-- Installing: /home/sdqsz/codes/lesson2/src/install/lesson_interfaces/lib/python3.12/site-packages/lesson_interfaces/lesson_interfaces_s__rosidl_typesupport_introspection_c.so
-- Set non-toolchain portion of runtime path of "/home/sdqsz/codes/lesson2/src/install/lesson_interfaces/lib/python3.12/site-packages/lesson_interfaces/lesson_interfaces_s__rosidl_typesupport_introspection_c.so" to ""
-- Installing: /home/sdqsz/codes/lesson2/src/install/lesson_interfaces/lib/python3.12/site-packages/lesson_interfaces/lesson_interfaces_s__rosidl_typesupport_c.so
-- Set non-toolchain portion of runtime path of "/home/sdqsz/codes/lesson2/src/install/lesson_interfaces/lib/python3.12/site-packages/lesson_interfaces/lesson_interfaces_s__rosidl_typesupport_c.so" to ""
-- Installing: /home/sdqsz/codes/lesson2/src/install/lesson_interfaces/lib/liblesson_interfaces__rosidl_generator_py.so
-- Set non-toolchain portion of runtime path of "/home/sdqsz/codes/lesson2/src/install/lesson_interfaces/lib/liblesson_interfaces__rosidl_generator_py.so" to ""
-- Installing: /home/sdqsz/codes/lesson2/src/install/lesson_interfaces/share/ament_index/resource_index/rust_packages/lesson_interfaces
-- Installing: /home/sdqsz/codes/lesson2/src/install/lesson_interfaces/share/lesson_interfaces/rust
-- Installing: /home/sdqsz/codes/lesson2/src/install/lesson_interfaces/share/lesson_interfaces/rust/Cargo.toml
-- Installing: /home/sdqsz/codes/lesson2/src/install/lesson_interfaces/share/lesson_interfaces/rust/build.rs
-- Installing: /home/sdqsz/codes/lesson2/src/install/lesson_interfaces/share/lesson_interfaces/rust/src
-- Installing: /home/sdqsz/codes/lesson2/src/install/lesson_interfaces/share/lesson_interfaces/rust/src/msg.rs
-- Installing: /home/sdqsz/codes/lesson2/src/install/lesson_interfaces/share/lesson_interfaces/rust/src/msg
-- Installing: /home/sdqsz/codes/lesson2/src/install/lesson_interfaces/share/lesson_interfaces/rust/src/msg/rmw.rs
-- Installing: /home/sdqsz/codes/lesson2/src/install/lesson_interfaces/share/lesson_interfaces/rust/src/lib.rs
-- Installing: /home/sdqsz/codes/lesson2/src/install/lesson_interfaces/share/lesson_interfaces/rust/src/srv.rs
-- Installing: /home/sdqsz/codes/lesson2/src/install/lesson_interfaces/share/lesson_interfaces/rust/src/srv
-- Installing: /home/sdqsz/codes/lesson2/src/install/lesson_interfaces/share/lesson_interfaces/rust/src/srv/rmw.rs
-- Installing: /home/sdqsz/codes/lesson2/src/install/lesson_interfaces/share/lesson_interfaces/msg/Num.idl
-- Installing: /home/sdqsz/codes/lesson2/src/install/lesson_interfaces/share/lesson_interfaces/srv/AddThreeInts.idl
-- Installing: /home/sdqsz/codes/lesson2/src/install/lesson_interfaces/share/lesson_interfaces/msg/Num.msg
-- Installing: /home/sdqsz/codes/lesson2/src/install/lesson_interfaces/share/lesson_interfaces/srv/AddThreeInts.srv
-- Installing: /home/sdqsz/codes/lesson2/src/install/lesson_interfaces/share/ament_index/resource_index/package_run_dependencies/lesson_interfaces
-- Installing: /home/sdqsz/codes/lesson2/src/install/lesson_interfaces/share/ament_index/resource_index/parent_prefix_path/lesson_interfaces
-- Installing: /home/sdqsz/codes/lesson2/src/install/lesson_interfaces/share/lesson_interfaces/environment/ament_prefix_path.sh
-- Installing: /home/sdqsz/codes/lesson2/src/install/lesson_interfaces/share/lesson_interfaces/environment/ament_prefix_path.dsv
-- Installing: /home/sdqsz/codes/lesson2/src/install/lesson_interfaces/share/lesson_interfaces/environment/path.sh
-- Installing: /home/sdqsz/codes/lesson2/src/install/lesson_interfaces/share/lesson_interfaces/environment/path.dsv
-- Installing: /home/sdqsz/codes/lesson2/src/install/lesson_interfaces/share/lesson_interfaces/local_setup.bash
-- Installing: /home/sdqsz/codes/lesson2/src/install/lesson_interfaces/share/lesson_interfaces/local_setup.sh
-- Installing: /home/sdqsz/codes/lesson2/src/install/lesson_interfaces/share/lesson_interfaces/local_setup.zsh
-- Installing: /home/sdqsz/codes/lesson2/src/install/lesson_interfaces/share/lesson_interfaces/local_setup.dsv
-- Installing: /home/sdqsz/codes/lesson2/src/install/lesson_interfaces/share/lesson_interfaces/package.dsv
-- Installing: /home/sdqsz/codes/lesson2/src/install/lesson_interfaces/share/ament_index/resource_index/packages/lesson_interfaces
-- Installing: /home/sdqsz/codes/lesson2/src/install/lesson_interfaces/share/lesson_interfaces/cmake/export_lesson_interfaces__rosidl_generator_cExport.cmake
-- Installing: /home/sdqsz/codes/lesson2/src/install/lesson_interfaces/share/lesson_interfaces/cmake/export_lesson_interfaces__rosidl_generator_cExport-noconfig.cmake
-- Installing: /home/sdqsz/codes/lesson2/src/install/lesson_interfaces/share/lesson_interfaces/cmake/export_lesson_interfaces__rosidl_typesupport_fastrtps_cExport.cmake
-- Installing: /home/sdqsz/codes/lesson2/src/install/lesson_interfaces/share/lesson_interfaces/cmake/export_lesson_interfaces__rosidl_typesupport_fastrtps_cExport-noconfig.cmake
-- Installing: /home/sdqsz/codes/lesson2/src/install/lesson_interfaces/share/lesson_interfaces/cmake/lesson_interfaces__rosidl_typesupport_introspection_cExport.cmake
-- Installing: /home/sdqsz/codes/lesson2/src/install/lesson_interfaces/share/lesson_interfaces/cmake/lesson_interfaces__rosidl_typesupport_introspection_cExport-noconfig.cmake
-- Installing: /home/sdqsz/codes/lesson2/src/install/lesson_interfaces/share/lesson_interfaces/cmake/lesson_interfaces__rosidl_typesupport_cExport.cmake
-- Installing: /home/sdqsz/codes/lesson2/src/install/lesson_interfaces/share/lesson_interfaces/cmake/lesson_interfaces__rosidl_typesupport_cExport-noconfig.cmake
-- Installing: /home/sdqsz/codes/lesson2/src/install/lesson_interfaces/share/lesson_interfaces/cmake/export_lesson_interfaces__rosidl_generator_cppExport.cmake
-- Installing: /home/sdqsz/codes/lesson2/src/install/lesson_interfaces/share/lesson_interfaces/cmake/export_lesson_interfaces__rosidl_typesupport_fastrtps_cppExport.cmake
-- Installing: /home/sdqsz/codes/lesson2/src/install/lesson_interfaces/share/lesson_interfaces/cmake/export_lesson_interfaces__rosidl_typesupport_fastrtps_cppExport-noconfig.cmake
-- Installing: /home/sdqsz/codes/lesson2/src/install/lesson_interfaces/share/lesson_interfaces/cmake/lesson_interfaces__rosidl_typesupport_introspection_cppExport.cmake
-- Installing: /home/sdqsz/codes/lesson2/src/install/lesson_interfaces/share/lesson_interfaces/cmake/lesson_interfaces__rosidl_typesupport_introspection_cppExport-noconfig.cmake
-- Installing: /home/sdqsz/codes/lesson2/src/install/lesson_interfaces/share/lesson_interfaces/cmake/lesson_interfaces__rosidl_typesupport_cppExport.cmake
-- Installing: /home/sdqsz/codes/lesson2/src/install/lesson_interfaces/share/lesson_interfaces/cmake/lesson_interfaces__rosidl_typesupport_cppExport-noconfig.cmake
-- Installing: /home/sdqsz/codes/lesson2/src/install/lesson_interfaces/share/lesson_interfaces/cmake/export_lesson_interfaces__rosidl_generator_pyExport.cmake
-- Installing: /home/sdqsz/codes/lesson2/src/install/lesson_interfaces/share/lesson_interfaces/cmake/export_lesson_interfaces__rosidl_generator_pyExport-noconfig.cmake
-- Installing: /home/sdqsz/codes/lesson2/src/install/lesson_interfaces/share/lesson_interfaces/cmake/rosidl_cmake-extras.cmake
-- Installing: /home/sdqsz/codes/lesson2/src/install/lesson_interfaces/share/lesson_interfaces/cmake/ament_cmake_export_dependencies-extras.cmake
-- Installing: /home/sdqsz/codes/lesson2/src/install/lesson_interfaces/share/lesson_interfaces/cmake/ament_cmake_export_include_directories-extras.cmake
-- Installing: /home/sdqsz/codes/lesson2/src/install/lesson_interfaces/share/lesson_interfaces/cmake/ament_cmake_export_libraries-extras.cmake
-- Installing: /home/sdqsz/codes/lesson2/src/install/lesson_interfaces/share/lesson_interfaces/cmake/ament_cmake_export_targets-extras.cmake
-- Installing: /home/sdqsz/codes/lesson2/src/install/lesson_interfaces/share/lesson_interfaces/cmake/rosidl_cmake_export_typesupport_targets-extras.cmake
-- Installing: /home/sdqsz/codes/lesson2/src/install/lesson_interfaces/share/lesson_interfaces/cmake/rosidl_cmake_export_typesupport_libraries-extras.cmake
-- Installing: /home/sdqsz/codes/lesson2/src/install/lesson_interfaces/share/lesson_interfaces/cmake/lesson_interfacesConfig.cmake
-- Installing: /home/sdqsz/codes/lesson2/src/install/lesson_interfaces/share/lesson_interfaces/cmake/lesson_interfacesConfig-version.cmake
-- Installing: /home/sdqsz/codes/lesson2/src/install/lesson_interfaces/share/lesson_interfaces/package.xml
