[0.062s] Invoking command in '/home/sdqsz/codes/lesson2/src/build/lesson_interfaces': CMAKE_PREFIX_PATH=${CMAKE_PREFIX_PATH}:/home/sdqsz/codes/lesson2/install/lesson_python_service:/home/sdqsz/codes/lesson2/install/lesson_python_pkg:/opt/ros/jazzy DEBUGINFOD_URLS=https://debuginfod.ubuntu.com /usr/bin/cmake /home/sdqsz/codes/lesson2/src/lesson_interfaces -DCMAKE_INSTALL_PREFIX=/home/sdqsz/codes/lesson2/src/install/lesson_interfaces
[0.867s] -- The C compiler identification is GNU 13.3.0
[0.867s] -- The CXX compiler identification is GNU 13.3.0
[0.867s] -- Detecting C compiler ABI info
[0.867s] -- Detecting C compiler ABI info - done
[0.867s] -- Check for working C compiler: /usr/bin/cc - skipped
[0.868s] -- Detecting C compile features
[0.868s] -- Detecting C compile features - done
[0.868s] -- Detecting CXX compiler ABI info
[0.892s] -- Detecting CXX compiler ABI info - done
[0.916s] -- Check for working CXX compiler: /usr/bin/c++ - skipped
[0.916s] -- Detecting CXX compile features
[0.917s] -- Detecting CXX compile features - done
[0.937s] -- Found ament_cmake: 2.5.6 (/opt/ros/jazzy/share/ament_cmake/cmake)
[1.339s] -- Found Python3: /usr/bin/python3 (found version "3.12.3") found components: Interpreter 
[1.602s] -- Found rosidl_default_generators: 1.6.0 (/opt/ros/jazzy/share/rosidl_default_generators/cmake)
[1.628s] -- Using all available rosidl_typesupport_c: rosidl_typesupport_fastrtps_c;rosidl_typesupport_introspection_c
[1.769s] -- Using all available rosidl_typesupport_cpp: rosidl_typesupport_fastrtps_cpp;rosidl_typesupport_introspection_cpp
[1.939s] -- Found rosidl_adapter: 4.6.7 (/opt/ros/jazzy/share/rosidl_adapter/cmake)
[3.448s] -- Found ament_cmake_ros: 0.12.0 (/opt/ros/jazzy/share/ament_cmake_ros/cmake)
[4.562s] -- Using all available rosidl_typesupport_c: rosidl_typesupport_fastrtps_c;rosidl_typesupport_introspection_c
[5.868s] -- Using all available rosidl_typesupport_cpp: rosidl_typesupport_fastrtps_cpp;rosidl_typesupport_introspection_cpp
[5.891s] -- Found python_cmake_module: 0.11.1 (/opt/ros/jazzy/share/python_cmake_module/cmake)
[6.216s] -- Found PythonExtra: /usr/bin/python3  
[7.102s] -- Found Python3: /usr/bin/python3 (found version "3.12.3") found components: Interpreter Development NumPy Development.Module Development.Embed 
[7.275s] -- Found Python3: /usr/bin/python3 (found version "3.12.3") found components: Interpreter 
[7.286s] -- Found ament_lint_auto: 0.17.5 (/opt/ros/jazzy/share/ament_lint_auto/cmake)
[7.376s] -- Added test 'lint_cmake' to check CMake code style
[7.379s] -- Added test 'xmllint' to check XML markup files
[7.386s] -- Configuring done (7.3s)
[7.488s] -- Generating done (0.1s)
[7.513s] -- Build files have been written to: /home/sdqsz/codes/lesson2/src/build/lesson_interfaces
[7.537s] Invoked command in '/home/sdqsz/codes/lesson2/src/build/lesson_interfaces' returned '0': CMAKE_PREFIX_PATH=${CMAKE_PREFIX_PATH}:/home/sdqsz/codes/lesson2/install/lesson_python_service:/home/sdqsz/codes/lesson2/install/lesson_python_pkg:/opt/ros/jazzy DEBUGINFOD_URLS=https://debuginfod.ubuntu.com /usr/bin/cmake /home/sdqsz/codes/lesson2/src/lesson_interfaces -DCMAKE_INSTALL_PREFIX=/home/sdqsz/codes/lesson2/src/install/lesson_interfaces
[7.538s] Invoking command in '/home/sdqsz/codes/lesson2/src/build/lesson_interfaces': CMAKE_PREFIX_PATH=${CMAKE_PREFIX_PATH}:/home/sdqsz/codes/lesson2/install/lesson_python_service:/home/sdqsz/codes/lesson2/install/lesson_python_pkg:/opt/ros/jazzy DEBUGINFOD_URLS=https://debuginfod.ubuntu.com /usr/bin/cmake --build /home/sdqsz/codes/lesson2/src/build/lesson_interfaces -- -j16 -l16
[7.648s] [  2%] [34m[1mGenerating type hashes for ROS interfaces[0m
[7.663s] [  4%] [34m[1mGenerating Rust code for ROS interfaces[0m
[7.677s] [  4%] Built target ament_cmake_python_copy_lesson_interfaces
[8.306s] [  4%] Built target lesson_interfaces__rosidl_generator_type_description
[8.329s] running egg_info
[8.333s] creating lesson_interfaces.egg-info
[8.335s] [  6%] [34m[1mGenerating C code for ROS interfaces[0m
[8.378s] [  8%] [34m[1mGenerating C++ code for ROS interfaces[0m
[8.436s] writing lesson_interfaces.egg-info/PKG-INFO
[8.436s] writing dependency_links to lesson_interfaces.egg-info/dependency_links.txt
[8.436s] writing top-level names to lesson_interfaces.egg-info/top_level.txt
[8.436s] writing manifest file 'lesson_interfaces.egg-info/SOURCES.txt'
[8.467s] [  8%] Built target lesson_interfaces__rs
[8.668s] reading manifest file 'lesson_interfaces.egg-info/SOURCES.txt'
[8.669s] writing manifest file 'lesson_interfaces.egg-info/SOURCES.txt'
[8.755s] [  8%] Built target ament_cmake_python_build_lesson_interfaces_egg
[9.214s] [  8%] Built target lesson_interfaces__cpp
[9.293s] [ 11%] [32mBuilding C object CMakeFiles/lesson_interfaces__rosidl_generator_c.dir/rosidl_generator_c/lesson_interfaces/msg/detail/num__functions.c.o[0m
[9.295s] [ 13%] [32mBuilding C object CMakeFiles/lesson_interfaces__rosidl_generator_c.dir/rosidl_generator_c/lesson_interfaces/msg/detail/num__description.c.o[0m
[9.296s] [ 15%] [32mBuilding C object CMakeFiles/lesson_interfaces__rosidl_generator_c.dir/rosidl_generator_c/lesson_interfaces/msg/detail/num__type_support.c.o[0m
[9.305s] [ 17%] [32mBuilding C object CMakeFiles/lesson_interfaces__rosidl_generator_c.dir/rosidl_generator_c/lesson_interfaces/srv/detail/add_three_ints__description.c.o[0m
[9.311s] [ 20%] [32mBuilding C object CMakeFiles/lesson_interfaces__rosidl_generator_c.dir/rosidl_generator_c/lesson_interfaces/srv/detail/add_three_ints__type_support.c.o[0m
[9.317s] [ 22%] [32mBuilding C object CMakeFiles/lesson_interfaces__rosidl_generator_c.dir/rosidl_generator_c/lesson_interfaces/srv/detail/add_three_ints__functions.c.o[0m
[9.558s] [ 24%] [32m[1mLinking C shared library liblesson_interfaces__rosidl_generator_c.so[0m
[9.642s] [ 24%] Built target lesson_interfaces__rosidl_generator_c
[9.672s] [ 26%] [34m[1mGenerating C type support for eProsima Fast-RTPS[0m
[9.677s] [ 28%] [34m[1mGenerating C type support dispatch for ROS interfaces[0m
[9.680s] [ 31%] [34m[1mGenerating C++ type support dispatch for ROS interfaces[0m
[9.683s] [ 33%] [34m[1mGenerating C introspection for ROS interfaces[0m
[9.684s] [ 35%] [34m[1mGenerating C++ type support for eProsima Fast-RTPS[0m
[9.685s] [ 37%] [34m[1mGenerating C++ introspection for ROS interfaces[0m
[10.355s] [ 40%] [32mBuilding CXX object CMakeFiles/lesson_interfaces__rosidl_typesupport_cpp.dir/rosidl_typesupport_cpp/lesson_interfaces/msg/num__type_support.cpp.o[0m
[10.371s] [ 42%] [32mBuilding CXX object CMakeFiles/lesson_interfaces__rosidl_typesupport_cpp.dir/rosidl_typesupport_cpp/lesson_interfaces/srv/add_three_ints__type_support.cpp.o[0m
[10.481s] [ 44%] [32mBuilding CXX object CMakeFiles/lesson_interfaces__rosidl_typesupport_c.dir/rosidl_typesupport_c/lesson_interfaces/srv/add_three_ints__type_support.cpp.o[0m
[10.481s] [ 46%] [32mBuilding CXX object CMakeFiles/lesson_interfaces__rosidl_typesupport_c.dir/rosidl_typesupport_c/lesson_interfaces/msg/num__type_support.cpp.o[0m
[10.545s] [ 48%] [32mBuilding C object CMakeFiles/lesson_interfaces__rosidl_typesupport_introspection_c.dir/rosidl_typesupport_introspection_c/lesson_interfaces/msg/detail/num__type_support.c.o[0m
[10.546s] [ 51%] [32mBuilding C object CMakeFiles/lesson_interfaces__rosidl_typesupport_introspection_c.dir/rosidl_typesupport_introspection_c/lesson_interfaces/srv/detail/add_three_ints__type_support.c.o[0m
[10.552s] [ 53%] [32mBuilding CXX object CMakeFiles/lesson_interfaces__rosidl_typesupport_introspection_cpp.dir/rosidl_typesupport_introspection_cpp/lesson_interfaces/msg/detail/num__type_support.cpp.o[0m
[10.553s] [ 55%] [32mBuilding CXX object CMakeFiles/lesson_interfaces__rosidl_typesupport_introspection_cpp.dir/rosidl_typesupport_introspection_cpp/lesson_interfaces/srv/detail/add_three_ints__type_support.cpp.o[0m
[10.603s] [ 57%] [32m[1mLinking CXX shared library liblesson_interfaces__rosidl_typesupport_c.so[0m
[10.648s] [ 60%] [32mBuilding CXX object CMakeFiles/lesson_interfaces__rosidl_typesupport_fastrtps_c.dir/rosidl_typesupport_fastrtps_c/lesson_interfaces/msg/detail/num__type_support_c.cpp.o[0m
[10.656s] [ 62%] [32mBuilding CXX object CMakeFiles/lesson_interfaces__rosidl_typesupport_fastrtps_c.dir/rosidl_typesupport_fastrtps_c/lesson_interfaces/srv/detail/add_three_ints__type_support_c.cpp.o[0m
[10.722s] [ 62%] Built target lesson_interfaces__rosidl_typesupport_c
[10.739s] [ 66%] [32mBuilding CXX object CMakeFiles/lesson_interfaces__rosidl_typesupport_fastrtps_cpp.dir/rosidl_typesupport_fastrtps_cpp/lesson_interfaces/srv/detail/dds_fastrtps/add_three_ints__type_support.cpp.o[0m
[10.739s] [ 66%] [32mBuilding CXX object CMakeFiles/lesson_interfaces__rosidl_typesupport_fastrtps_cpp.dir/rosidl_typesupport_fastrtps_cpp/lesson_interfaces/msg/detail/dds_fastrtps/num__type_support.cpp.o[0m
[10.739s] [ 68%] [32m[1mLinking C shared library liblesson_interfaces__rosidl_typesupport_introspection_c.so[0m
[10.881s] [ 68%] Built target lesson_interfaces__rosidl_typesupport_introspection_c
[11.452s] [ 71%] [32m[1mLinking CXX shared library liblesson_interfaces__rosidl_typesupport_cpp.so[0m
[11.644s] [ 71%] Built target lesson_interfaces__rosidl_typesupport_cpp
[11.763s] [ 73%] [32m[1mLinking CXX shared library liblesson_interfaces__rosidl_typesupport_introspection_cpp.so[0m
[11.977s] [ 73%] Built target lesson_interfaces__rosidl_typesupport_introspection_cpp
[12.215s] [ 75%] [32m[1mLinking CXX shared library liblesson_interfaces__rosidl_typesupport_fastrtps_c.so[0m
[12.292s] [ 77%] [32m[1mLinking CXX shared library liblesson_interfaces__rosidl_typesupport_fastrtps_cpp.so[0m
[12.344s] [ 77%] Built target lesson_interfaces__rosidl_typesupport_fastrtps_c
[12.475s] [ 77%] Built target lesson_interfaces__rosidl_typesupport_fastrtps_cpp
[12.521s] [ 77%] Built target lesson_interfaces
[12.563s] [ 80%] [34m[1mGenerating Python code for ROS interfaces[0m
[13.591s] [ 80%] Built target lesson_interfaces__py
[13.638s] [ 82%] [32mBuilding C object CMakeFiles/lesson_interfaces__rosidl_generator_py.dir/rosidl_generator_py/lesson_interfaces/msg/_num_s.c.o[0m
[13.641s] [ 84%] [32mBuilding C object CMakeFiles/lesson_interfaces__rosidl_generator_py.dir/rosidl_generator_py/lesson_interfaces/srv/_add_three_ints_s.c.o[0m
[14.024s] [ 86%] [32m[1mLinking C shared library liblesson_interfaces__rosidl_generator_py.so[0m
[14.140s] [ 86%] Built target lesson_interfaces__rosidl_generator_py
[14.181s] [ 91%] [32mBuilding C object CMakeFiles/lesson_interfaces_s__rosidl_typesupport_c.dir/rosidl_generator_py/lesson_interfaces/_lesson_interfaces_s.ep.rosidl_typesupport_c.c.o[0m
[14.182s] [ 91%] [32mBuilding C object CMakeFiles/lesson_interfaces_s__rosidl_typesupport_fastrtps_c.dir/rosidl_generator_py/lesson_interfaces/_lesson_interfaces_s.ep.rosidl_typesupport_fastrtps_c.c.o[0m
[14.201s] [ 93%] [32mBuilding C object CMakeFiles/lesson_interfaces_s__rosidl_typesupport_introspection_c.dir/rosidl_generator_py/lesson_interfaces/_lesson_interfaces_s.ep.rosidl_typesupport_introspection_c.c.o[0m
[14.408s] [ 95%] [32m[1mLinking C shared module rosidl_generator_py/lesson_interfaces/lesson_interfaces_s__rosidl_typesupport_fastrtps_c.so[0m
[14.415s] [ 97%] [32m[1mLinking C shared module rosidl_generator_py/lesson_interfaces/lesson_interfaces_s__rosidl_typesupport_c.so[0m
[14.470s] [ 97%] Built target lesson_interfaces_s__rosidl_typesupport_fastrtps_c
[14.471s] [ 97%] Built target lesson_interfaces_s__rosidl_typesupport_c
[14.510s] [100%] [32m[1mLinking C shared module rosidl_generator_py/lesson_interfaces/lesson_interfaces_s__rosidl_typesupport_introspection_c.so[0m
[14.592s] [100%] Built target lesson_interfaces_s__rosidl_typesupport_introspection_c
[14.624s] Invoked command in '/home/sdqsz/codes/lesson2/src/build/lesson_interfaces' returned '0': CMAKE_PREFIX_PATH=${CMAKE_PREFIX_PATH}:/home/sdqsz/codes/lesson2/install/lesson_python_service:/home/sdqsz/codes/lesson2/install/lesson_python_pkg:/opt/ros/jazzy DEBUGINFOD_URLS=https://debuginfod.ubuntu.com /usr/bin/cmake --build /home/sdqsz/codes/lesson2/src/build/lesson_interfaces -- -j16 -l16
[14.626s] Invoking command in '/home/sdqsz/codes/lesson2/src/build/lesson_interfaces': CMAKE_PREFIX_PATH=${CMAKE_PREFIX_PATH}:/home/sdqsz/codes/lesson2/install/lesson_python_service:/home/sdqsz/codes/lesson2/install/lesson_python_pkg:/opt/ros/jazzy DEBUGINFOD_URLS=https://debuginfod.ubuntu.com /usr/bin/cmake --install /home/sdqsz/codes/lesson2/src/build/lesson_interfaces
[14.660s] -- Install configuration: ""
[14.661s] -- Installing: /home/sdqsz/codes/lesson2/src/install/lesson_interfaces/share/ament_index/resource_index/rosidl_interfaces/lesson_interfaces
[14.661s] -- Installing: /home/sdqsz/codes/lesson2/src/install/lesson_interfaces/share/lesson_interfaces/msg/Num.json
[14.662s] -- Installing: /home/sdqsz/codes/lesson2/src/install/lesson_interfaces/share/lesson_interfaces/srv/AddThreeInts.json
[14.662s] -- Installing: /home/sdqsz/codes/lesson2/src/install/lesson_interfaces/include/lesson_interfaces/lesson_interfaces
[14.663s] -- Installing: /home/sdqsz/codes/lesson2/src/install/lesson_interfaces/include/lesson_interfaces/lesson_interfaces/msg
[14.664s] -- Installing: /home/sdqsz/codes/lesson2/src/install/lesson_interfaces/include/lesson_interfaces/lesson_interfaces/msg/rosidl_generator_c__visibility_control.h
[14.664s] -- Installing: /home/sdqsz/codes/lesson2/src/install/lesson_interfaces/include/lesson_interfaces/lesson_interfaces/msg/num.h
[14.664s] -- Installing: /home/sdqsz/codes/lesson2/src/install/lesson_interfaces/include/lesson_interfaces/lesson_interfaces/msg/detail
[14.665s] -- Installing: /home/sdqsz/codes/lesson2/src/install/lesson_interfaces/include/lesson_interfaces/lesson_interfaces/msg/detail/num__type_support.c
[14.666s] -- Installing: /home/sdqsz/codes/lesson2/src/install/lesson_interfaces/include/lesson_interfaces/lesson_interfaces/msg/detail/num__struct.h
[14.666s] -- Installing: /home/sdqsz/codes/lesson2/src/install/lesson_interfaces/include/lesson_interfaces/lesson_interfaces/msg/detail/num__functions.c
[14.666s] -- Installing: /home/sdqsz/codes/lesson2/src/install/lesson_interfaces/include/lesson_interfaces/lesson_interfaces/msg/detail/num__functions.h
[14.666s] -- Installing: /home/sdqsz/codes/lesson2/src/install/lesson_interfaces/include/lesson_interfaces/lesson_interfaces/msg/detail/num__type_support.h
[14.666s] -- Installing: /home/sdqsz/codes/lesson2/src/install/lesson_interfaces/include/lesson_interfaces/lesson_interfaces/msg/detail/num__description.c
[14.667s] -- Installing: /home/sdqsz/codes/lesson2/src/install/lesson_interfaces/include/lesson_interfaces/lesson_interfaces/srv
[14.667s] -- Installing: /home/sdqsz/codes/lesson2/src/install/lesson_interfaces/include/lesson_interfaces/lesson_interfaces/srv/add_three_ints.h
[14.667s] -- Installing: /home/sdqsz/codes/lesson2/src/install/lesson_interfaces/include/lesson_interfaces/lesson_interfaces/srv/detail
[14.668s] -- Installing: /home/sdqsz/codes/lesson2/src/install/lesson_interfaces/include/lesson_interfaces/lesson_interfaces/srv/detail/add_three_ints__type_support.c
[14.668s] -- Installing: /home/sdqsz/codes/lesson2/src/install/lesson_interfaces/include/lesson_interfaces/lesson_interfaces/srv/detail/add_three_ints__struct.h
[14.668s] -- Installing: /home/sdqsz/codes/lesson2/src/install/lesson_interfaces/include/lesson_interfaces/lesson_interfaces/srv/detail/add_three_ints__description.c
[14.668s] -- Installing: /home/sdqsz/codes/lesson2/src/install/lesson_interfaces/include/lesson_interfaces/lesson_interfaces/srv/detail/add_three_ints__functions.h
[14.669s] -- Installing: /home/sdqsz/codes/lesson2/src/install/lesson_interfaces/include/lesson_interfaces/lesson_interfaces/srv/detail/add_three_ints__type_support.h
[14.669s] -- Installing: /home/sdqsz/codes/lesson2/src/install/lesson_interfaces/include/lesson_interfaces/lesson_interfaces/srv/detail/add_three_ints__functions.c
[14.670s] -- Installing: /home/sdqsz/codes/lesson2/src/install/lesson_interfaces/share/lesson_interfaces/environment/library_path.sh
[14.671s] -- Installing: /home/sdqsz/codes/lesson2/src/install/lesson_interfaces/share/lesson_interfaces/environment/library_path.dsv
[14.671s] -- Installing: /home/sdqsz/codes/lesson2/src/install/lesson_interfaces/lib/liblesson_interfaces__rosidl_generator_c.so
[14.673s] -- Set non-toolchain portion of runtime path of "/home/sdqsz/codes/lesson2/src/install/lesson_interfaces/lib/liblesson_interfaces__rosidl_generator_c.so" to ""
[14.673s] -- Up-to-date: /home/sdqsz/codes/lesson2/src/install/lesson_interfaces/include/lesson_interfaces/lesson_interfaces
[14.673s] -- Up-to-date: /home/sdqsz/codes/lesson2/src/install/lesson_interfaces/include/lesson_interfaces/lesson_interfaces/msg
[14.674s] -- Up-to-date: /home/sdqsz/codes/lesson2/src/install/lesson_interfaces/include/lesson_interfaces/lesson_interfaces/msg/detail
[14.674s] -- Installing: /home/sdqsz/codes/lesson2/src/install/lesson_interfaces/include/lesson_interfaces/lesson_interfaces/msg/detail/num__rosidl_typesupport_fastrtps_c.h
[14.674s] -- Installing: /home/sdqsz/codes/lesson2/src/install/lesson_interfaces/include/lesson_interfaces/lesson_interfaces/msg/rosidl_typesupport_fastrtps_c__visibility_control.h
[14.674s] -- Up-to-date: /home/sdqsz/codes/lesson2/src/install/lesson_interfaces/include/lesson_interfaces/lesson_interfaces/srv
[14.674s] -- Up-to-date: /home/sdqsz/codes/lesson2/src/install/lesson_interfaces/include/lesson_interfaces/lesson_interfaces/srv/detail
[14.675s] -- Installing: /home/sdqsz/codes/lesson2/src/install/lesson_interfaces/include/lesson_interfaces/lesson_interfaces/srv/detail/add_three_ints__rosidl_typesupport_fastrtps_c.h
[14.675s] -- Installing: /home/sdqsz/codes/lesson2/src/install/lesson_interfaces/lib/liblesson_interfaces__rosidl_typesupport_fastrtps_c.so
[14.675s] -- Set non-toolchain portion of runtime path of "/home/sdqsz/codes/lesson2/src/install/lesson_interfaces/lib/liblesson_interfaces__rosidl_typesupport_fastrtps_c.so" to ""
[14.675s] -- Up-to-date: /home/sdqsz/codes/lesson2/src/install/lesson_interfaces/include/lesson_interfaces/lesson_interfaces
[14.676s] -- Up-to-date: /home/sdqsz/codes/lesson2/src/install/lesson_interfaces/include/lesson_interfaces/lesson_interfaces/msg
[14.676s] -- Installing: /home/sdqsz/codes/lesson2/src/install/lesson_interfaces/include/lesson_interfaces/lesson_interfaces/msg/rosidl_typesupport_introspection_c__visibility_control.h
[14.676s] -- Up-to-date: /home/sdqsz/codes/lesson2/src/install/lesson_interfaces/include/lesson_interfaces/lesson_interfaces/msg/detail
[14.676s] -- Installing: /home/sdqsz/codes/lesson2/src/install/lesson_interfaces/include/lesson_interfaces/lesson_interfaces/msg/detail/num__type_support.c
[14.676s] -- Installing: /home/sdqsz/codes/lesson2/src/install/lesson_interfaces/include/lesson_interfaces/lesson_interfaces/msg/detail/num__rosidl_typesupport_introspection_c.h
[14.676s] -- Up-to-date: /home/sdqsz/codes/lesson2/src/install/lesson_interfaces/include/lesson_interfaces/lesson_interfaces/srv
[14.677s] -- Up-to-date: /home/sdqsz/codes/lesson2/src/install/lesson_interfaces/include/lesson_interfaces/lesson_interfaces/srv/detail
[14.677s] -- Installing: /home/sdqsz/codes/lesson2/src/install/lesson_interfaces/include/lesson_interfaces/lesson_interfaces/srv/detail/add_three_ints__type_support.c
[14.677s] -- Installing: /home/sdqsz/codes/lesson2/src/install/lesson_interfaces/include/lesson_interfaces/lesson_interfaces/srv/detail/add_three_ints__rosidl_typesupport_introspection_c.h
[14.678s] -- Installing: /home/sdqsz/codes/lesson2/src/install/lesson_interfaces/lib/liblesson_interfaces__rosidl_typesupport_introspection_c.so
[14.678s] -- Set non-toolchain portion of runtime path of "/home/sdqsz/codes/lesson2/src/install/lesson_interfaces/lib/liblesson_interfaces__rosidl_typesupport_introspection_c.so" to ""
[14.678s] -- Installing: /home/sdqsz/codes/lesson2/src/install/lesson_interfaces/lib/liblesson_interfaces__rosidl_typesupport_c.so
[14.679s] -- Set non-toolchain portion of runtime path of "/home/sdqsz/codes/lesson2/src/install/lesson_interfaces/lib/liblesson_interfaces__rosidl_typesupport_c.so" to ""
[14.679s] -- Up-to-date: /home/sdqsz/codes/lesson2/src/install/lesson_interfaces/include/lesson_interfaces/lesson_interfaces
[14.680s] -- Up-to-date: /home/sdqsz/codes/lesson2/src/install/lesson_interfaces/include/lesson_interfaces/lesson_interfaces/msg
[14.680s] -- Installing: /home/sdqsz/codes/lesson2/src/install/lesson_interfaces/include/lesson_interfaces/lesson_interfaces/msg/rosidl_generator_cpp__visibility_control.hpp
[14.680s] -- Up-to-date: /home/sdqsz/codes/lesson2/src/install/lesson_interfaces/include/lesson_interfaces/lesson_interfaces/msg/detail
[14.681s] -- Installing: /home/sdqsz/codes/lesson2/src/install/lesson_interfaces/include/lesson_interfaces/lesson_interfaces/msg/detail/num__builder.hpp
[14.681s] -- Installing: /home/sdqsz/codes/lesson2/src/install/lesson_interfaces/include/lesson_interfaces/lesson_interfaces/msg/detail/num__type_support.hpp
[14.681s] -- Installing: /home/sdqsz/codes/lesson2/src/install/lesson_interfaces/include/lesson_interfaces/lesson_interfaces/msg/detail/num__struct.hpp
[14.681s] -- Installing: /home/sdqsz/codes/lesson2/src/install/lesson_interfaces/include/lesson_interfaces/lesson_interfaces/msg/detail/num__traits.hpp
[14.682s] -- Installing: /home/sdqsz/codes/lesson2/src/install/lesson_interfaces/include/lesson_interfaces/lesson_interfaces/msg/num.hpp
[14.683s] -- Up-to-date: /home/sdqsz/codes/lesson2/src/install/lesson_interfaces/include/lesson_interfaces/lesson_interfaces/srv
[14.683s] -- Installing: /home/sdqsz/codes/lesson2/src/install/lesson_interfaces/include/lesson_interfaces/lesson_interfaces/srv/add_three_ints.hpp
[14.683s] -- Up-to-date: /home/sdqsz/codes/lesson2/src/install/lesson_interfaces/include/lesson_interfaces/lesson_interfaces/srv/detail
[14.684s] -- Installing: /home/sdqsz/codes/lesson2/src/install/lesson_interfaces/include/lesson_interfaces/lesson_interfaces/srv/detail/add_three_ints__type_support.hpp
[14.684s] -- Installing: /home/sdqsz/codes/lesson2/src/install/lesson_interfaces/include/lesson_interfaces/lesson_interfaces/srv/detail/add_three_ints__traits.hpp
[14.684s] -- Installing: /home/sdqsz/codes/lesson2/src/install/lesson_interfaces/include/lesson_interfaces/lesson_interfaces/srv/detail/add_three_ints__struct.hpp
[14.684s] -- Installing: /home/sdqsz/codes/lesson2/src/install/lesson_interfaces/include/lesson_interfaces/lesson_interfaces/srv/detail/add_three_ints__builder.hpp
[14.684s] -- Up-to-date: /home/sdqsz/codes/lesson2/src/install/lesson_interfaces/include/lesson_interfaces/lesson_interfaces
[14.685s] -- Up-to-date: /home/sdqsz/codes/lesson2/src/install/lesson_interfaces/include/lesson_interfaces/lesson_interfaces/msg
[14.685s] -- Up-to-date: /home/sdqsz/codes/lesson2/src/install/lesson_interfaces/include/lesson_interfaces/lesson_interfaces/msg/detail
[14.685s] -- Installing: /home/sdqsz/codes/lesson2/src/install/lesson_interfaces/include/lesson_interfaces/lesson_interfaces/msg/detail/dds_fastrtps
[14.686s] -- Installing: /home/sdqsz/codes/lesson2/src/install/lesson_interfaces/include/lesson_interfaces/lesson_interfaces/msg/detail/num__rosidl_typesupport_fastrtps_cpp.hpp
[14.687s] -- Installing: /home/sdqsz/codes/lesson2/src/install/lesson_interfaces/include/lesson_interfaces/lesson_interfaces/msg/rosidl_typesupport_fastrtps_cpp__visibility_control.h
[14.687s] -- Up-to-date: /home/sdqsz/codes/lesson2/src/install/lesson_interfaces/include/lesson_interfaces/lesson_interfaces/srv
[14.687s] -- Up-to-date: /home/sdqsz/codes/lesson2/src/install/lesson_interfaces/include/lesson_interfaces/lesson_interfaces/srv/detail
[14.688s] -- Installing: /home/sdqsz/codes/lesson2/src/install/lesson_interfaces/include/lesson_interfaces/lesson_interfaces/srv/detail/dds_fastrtps
[14.688s] -- Installing: /home/sdqsz/codes/lesson2/src/install/lesson_interfaces/include/lesson_interfaces/lesson_interfaces/srv/detail/add_three_ints__rosidl_typesupport_fastrtps_cpp.hpp
[14.688s] -- Installing: /home/sdqsz/codes/lesson2/src/install/lesson_interfaces/lib/liblesson_interfaces__rosidl_typesupport_fastrtps_cpp.so
[14.688s] -- Set non-toolchain portion of runtime path of "/home/sdqsz/codes/lesson2/src/install/lesson_interfaces/lib/liblesson_interfaces__rosidl_typesupport_fastrtps_cpp.so" to ""
[14.689s] -- Up-to-date: /home/sdqsz/codes/lesson2/src/install/lesson_interfaces/include/lesson_interfaces/lesson_interfaces
[14.689s] -- Up-to-date: /home/sdqsz/codes/lesson2/src/install/lesson_interfaces/include/lesson_interfaces/lesson_interfaces/msg
[14.689s] -- Up-to-date: /home/sdqsz/codes/lesson2/src/install/lesson_interfaces/include/lesson_interfaces/lesson_interfaces/msg/detail
[14.689s] -- Installing: /home/sdqsz/codes/lesson2/src/install/lesson_interfaces/include/lesson_interfaces/lesson_interfaces/msg/detail/num__rosidl_typesupport_introspection_cpp.hpp
[14.690s] -- Installing: /home/sdqsz/codes/lesson2/src/install/lesson_interfaces/include/lesson_interfaces/lesson_interfaces/msg/detail/num__type_support.cpp
[14.692s] -- Up-to-date: /home/sdqsz/codes/lesson2/src/install/lesson_interfaces/include/lesson_interfaces/lesson_interfaces/srv
[14.692s] -- Up-to-date: /home/sdqsz/codes/lesson2/src/install/lesson_interfaces/include/lesson_interfaces/lesson_interfaces/srv/detail
[14.692s] -- Installing: /home/sdqsz/codes/lesson2/src/install/lesson_interfaces/include/lesson_interfaces/lesson_interfaces/srv/detail/add_three_ints__type_support.cpp
[14.693s] -- Installing: /home/sdqsz/codes/lesson2/src/install/lesson_interfaces/include/lesson_interfaces/lesson_interfaces/srv/detail/add_three_ints__rosidl_typesupport_introspection_cpp.hpp
[14.693s] -- Installing: /home/sdqsz/codes/lesson2/src/install/lesson_interfaces/lib/liblesson_interfaces__rosidl_typesupport_introspection_cpp.so
[14.693s] -- Set non-toolchain portion of runtime path of "/home/sdqsz/codes/lesson2/src/install/lesson_interfaces/lib/liblesson_interfaces__rosidl_typesupport_introspection_cpp.so" to ""
[14.693s] -- Installing: /home/sdqsz/codes/lesson2/src/install/lesson_interfaces/lib/liblesson_interfaces__rosidl_typesupport_cpp.so
[14.694s] -- Set non-toolchain portion of runtime path of "/home/sdqsz/codes/lesson2/src/install/lesson_interfaces/lib/liblesson_interfaces__rosidl_typesupport_cpp.so" to ""
[14.694s] -- Installing: /home/sdqsz/codes/lesson2/src/install/lesson_interfaces/share/lesson_interfaces/environment/pythonpath.sh
[14.695s] -- Installing: /home/sdqsz/codes/lesson2/src/install/lesson_interfaces/share/lesson_interfaces/environment/pythonpath.dsv
[14.695s] -- Installing: /home/sdqsz/codes/lesson2/src/install/lesson_interfaces/lib/python3.12/site-packages/lesson_interfaces-0.0.0-py3.12.egg-info
[14.696s] -- Installing: /home/sdqsz/codes/lesson2/src/install/lesson_interfaces/lib/python3.12/site-packages/lesson_interfaces-0.0.0-py3.12.egg-info/top_level.txt
[14.696s] -- Installing: /home/sdqsz/codes/lesson2/src/install/lesson_interfaces/lib/python3.12/site-packages/lesson_interfaces-0.0.0-py3.12.egg-info/SOURCES.txt
[14.696s] -- Installing: /home/sdqsz/codes/lesson2/src/install/lesson_interfaces/lib/python3.12/site-packages/lesson_interfaces-0.0.0-py3.12.egg-info/dependency_links.txt
[14.696s] -- Installing: /home/sdqsz/codes/lesson2/src/install/lesson_interfaces/lib/python3.12/site-packages/lesson_interfaces-0.0.0-py3.12.egg-info/PKG-INFO
[14.696s] -- Installing: /home/sdqsz/codes/lesson2/src/install/lesson_interfaces/lib/python3.12/site-packages/lesson_interfaces
[14.697s] -- Installing: /home/sdqsz/codes/lesson2/src/install/lesson_interfaces/lib/python3.12/site-packages/lesson_interfaces/lesson_interfaces_s__rosidl_typesupport_fastrtps_c.so
[14.697s] -- Installing: /home/sdqsz/codes/lesson2/src/install/lesson_interfaces/lib/python3.12/site-packages/lesson_interfaces/msg
[14.697s] -- Installing: /home/sdqsz/codes/lesson2/src/install/lesson_interfaces/lib/python3.12/site-packages/lesson_interfaces/msg/__init__.py
[14.697s] -- Installing: /home/sdqsz/codes/lesson2/src/install/lesson_interfaces/lib/python3.12/site-packages/lesson_interfaces/msg/_num.py
[14.697s] -- Installing: /home/sdqsz/codes/lesson2/src/install/lesson_interfaces/lib/python3.12/site-packages/lesson_interfaces/msg/_num_s.c
[14.697s] -- Installing: /home/sdqsz/codes/lesson2/src/install/lesson_interfaces/lib/python3.12/site-packages/lesson_interfaces/__init__.py
[14.697s] -- Installing: /home/sdqsz/codes/lesson2/src/install/lesson_interfaces/lib/python3.12/site-packages/lesson_interfaces/lesson_interfaces_s__rosidl_typesupport_introspection_c.so
[14.698s] -- Installing: /home/sdqsz/codes/lesson2/src/install/lesson_interfaces/lib/python3.12/site-packages/lesson_interfaces/srv
[14.698s] -- Installing: /home/sdqsz/codes/lesson2/src/install/lesson_interfaces/lib/python3.12/site-packages/lesson_interfaces/srv/__init__.py
[14.698s] -- Installing: /home/sdqsz/codes/lesson2/src/install/lesson_interfaces/lib/python3.12/site-packages/lesson_interfaces/srv/_add_three_ints_s.c
[14.698s] -- Installing: /home/sdqsz/codes/lesson2/src/install/lesson_interfaces/lib/python3.12/site-packages/lesson_interfaces/srv/_add_three_ints.py
[14.698s] -- Installing: /home/sdqsz/codes/lesson2/src/install/lesson_interfaces/lib/python3.12/site-packages/lesson_interfaces/lesson_interfaces_s__rosidl_typesupport_c.so
[14.699s] -- Installing: /home/sdqsz/codes/lesson2/src/install/lesson_interfaces/lib/python3.12/site-packages/lesson_interfaces/_lesson_interfaces_s.ep.rosidl_typesupport_fastrtps_c.c
[14.699s] -- Installing: /home/sdqsz/codes/lesson2/src/install/lesson_interfaces/lib/python3.12/site-packages/lesson_interfaces/_lesson_interfaces_s.ep.rosidl_typesupport_c.c
[14.699s] -- Installing: /home/sdqsz/codes/lesson2/src/install/lesson_interfaces/lib/python3.12/site-packages/lesson_interfaces/_lesson_interfaces_s.ep.rosidl_typesupport_introspection_c.c
[14.813s] Listing '/home/sdqsz/codes/lesson2/src/install/lesson_interfaces/lib/python3.12/site-packages/lesson_interfaces'...
[14.814s] Compiling '/home/sdqsz/codes/lesson2/src/install/lesson_interfaces/lib/python3.12/site-packages/lesson_interfaces/__init__.py'...
[14.814s] Listing '/home/sdqsz/codes/lesson2/src/install/lesson_interfaces/lib/python3.12/site-packages/lesson_interfaces/msg'...
[14.814s] Compiling '/home/sdqsz/codes/lesson2/src/install/lesson_interfaces/lib/python3.12/site-packages/lesson_interfaces/msg/__init__.py'...
[14.814s] Compiling '/home/sdqsz/codes/lesson2/src/install/lesson_interfaces/lib/python3.12/site-packages/lesson_interfaces/msg/_num.py'...
[14.814s] Listing '/home/sdqsz/codes/lesson2/src/install/lesson_interfaces/lib/python3.12/site-packages/lesson_interfaces/srv'...
[14.814s] Compiling '/home/sdqsz/codes/lesson2/src/install/lesson_interfaces/lib/python3.12/site-packages/lesson_interfaces/srv/__init__.py'...
[14.814s] Compiling '/home/sdqsz/codes/lesson2/src/install/lesson_interfaces/lib/python3.12/site-packages/lesson_interfaces/srv/_add_three_ints.py'...
[14.829s] -- Installing: /home/sdqsz/codes/lesson2/src/install/lesson_interfaces/lib/python3.12/site-packages/lesson_interfaces/lesson_interfaces_s__rosidl_typesupport_fastrtps_c.so
[14.830s] -- Set non-toolchain portion of runtime path of "/home/sdqsz/codes/lesson2/src/install/lesson_interfaces/lib/python3.12/site-packages/lesson_interfaces/lesson_interfaces_s__rosidl_typesupport_fastrtps_c.so" to ""
[14.830s] -- Installing: /home/sdqsz/codes/lesson2/src/install/lesson_interfaces/lib/python3.12/site-packages/lesson_interfaces/lesson_interfaces_s__rosidl_typesupport_introspection_c.so
[14.831s] -- Set non-toolchain portion of runtime path of "/home/sdqsz/codes/lesson2/src/install/lesson_interfaces/lib/python3.12/site-packages/lesson_interfaces/lesson_interfaces_s__rosidl_typesupport_introspection_c.so" to ""
[14.831s] -- Installing: /home/sdqsz/codes/lesson2/src/install/lesson_interfaces/lib/python3.12/site-packages/lesson_interfaces/lesson_interfaces_s__rosidl_typesupport_c.so
[14.832s] -- Set non-toolchain portion of runtime path of "/home/sdqsz/codes/lesson2/src/install/lesson_interfaces/lib/python3.12/site-packages/lesson_interfaces/lesson_interfaces_s__rosidl_typesupport_c.so" to ""
[14.832s] -- Installing: /home/sdqsz/codes/lesson2/src/install/lesson_interfaces/lib/liblesson_interfaces__rosidl_generator_py.so
[14.833s] -- Set non-toolchain portion of runtime path of "/home/sdqsz/codes/lesson2/src/install/lesson_interfaces/lib/liblesson_interfaces__rosidl_generator_py.so" to ""
[14.833s] -- Installing: /home/sdqsz/codes/lesson2/src/install/lesson_interfaces/share/ament_index/resource_index/rust_packages/lesson_interfaces
[14.833s] -- Installing: /home/sdqsz/codes/lesson2/src/install/lesson_interfaces/share/lesson_interfaces/rust
[14.834s] -- Installing: /home/sdqsz/codes/lesson2/src/install/lesson_interfaces/share/lesson_interfaces/rust/Cargo.toml
[14.834s] -- Installing: /home/sdqsz/codes/lesson2/src/install/lesson_interfaces/share/lesson_interfaces/rust/build.rs
[14.835s] -- Installing: /home/sdqsz/codes/lesson2/src/install/lesson_interfaces/share/lesson_interfaces/rust/src
[14.835s] -- Installing: /home/sdqsz/codes/lesson2/src/install/lesson_interfaces/share/lesson_interfaces/rust/src/msg.rs
[14.835s] -- Installing: /home/sdqsz/codes/lesson2/src/install/lesson_interfaces/share/lesson_interfaces/rust/src/msg
[14.835s] -- Installing: /home/sdqsz/codes/lesson2/src/install/lesson_interfaces/share/lesson_interfaces/rust/src/msg/rmw.rs
[14.836s] -- Installing: /home/sdqsz/codes/lesson2/src/install/lesson_interfaces/share/lesson_interfaces/rust/src/lib.rs
[14.836s] -- Installing: /home/sdqsz/codes/lesson2/src/install/lesson_interfaces/share/lesson_interfaces/rust/src/srv.rs
[14.836s] -- Installing: /home/sdqsz/codes/lesson2/src/install/lesson_interfaces/share/lesson_interfaces/rust/src/srv
[14.837s] -- Installing: /home/sdqsz/codes/lesson2/src/install/lesson_interfaces/share/lesson_interfaces/rust/src/srv/rmw.rs
[14.837s] -- Installing: /home/sdqsz/codes/lesson2/src/install/lesson_interfaces/share/lesson_interfaces/msg/Num.idl
[14.837s] -- Installing: /home/sdqsz/codes/lesson2/src/install/lesson_interfaces/share/lesson_interfaces/srv/AddThreeInts.idl
[14.837s] -- Installing: /home/sdqsz/codes/lesson2/src/install/lesson_interfaces/share/lesson_interfaces/msg/Num.msg
[14.838s] -- Installing: /home/sdqsz/codes/lesson2/src/install/lesson_interfaces/share/lesson_interfaces/srv/AddThreeInts.srv
[14.838s] -- Installing: /home/sdqsz/codes/lesson2/src/install/lesson_interfaces/share/ament_index/resource_index/package_run_dependencies/lesson_interfaces
[14.838s] -- Installing: /home/sdqsz/codes/lesson2/src/install/lesson_interfaces/share/ament_index/resource_index/parent_prefix_path/lesson_interfaces
[14.838s] -- Installing: /home/sdqsz/codes/lesson2/src/install/lesson_interfaces/share/lesson_interfaces/environment/ament_prefix_path.sh
[14.839s] -- Installing: /home/sdqsz/codes/lesson2/src/install/lesson_interfaces/share/lesson_interfaces/environment/ament_prefix_path.dsv
[14.839s] -- Installing: /home/sdqsz/codes/lesson2/src/install/lesson_interfaces/share/lesson_interfaces/environment/path.sh
[14.839s] -- Installing: /home/sdqsz/codes/lesson2/src/install/lesson_interfaces/share/lesson_interfaces/environment/path.dsv
[14.839s] -- Installing: /home/sdqsz/codes/lesson2/src/install/lesson_interfaces/share/lesson_interfaces/local_setup.bash
[14.840s] -- Installing: /home/sdqsz/codes/lesson2/src/install/lesson_interfaces/share/lesson_interfaces/local_setup.sh
[14.840s] -- Installing: /home/sdqsz/codes/lesson2/src/install/lesson_interfaces/share/lesson_interfaces/local_setup.zsh
[14.840s] -- Installing: /home/sdqsz/codes/lesson2/src/install/lesson_interfaces/share/lesson_interfaces/local_setup.dsv
[14.840s] -- Installing: /home/sdqsz/codes/lesson2/src/install/lesson_interfaces/share/lesson_interfaces/package.dsv
[14.841s] -- Installing: /home/sdqsz/codes/lesson2/src/install/lesson_interfaces/share/ament_index/resource_index/packages/lesson_interfaces
[14.841s] -- Installing: /home/sdqsz/codes/lesson2/src/install/lesson_interfaces/share/lesson_interfaces/cmake/export_lesson_interfaces__rosidl_generator_cExport.cmake
[14.841s] -- Installing: /home/sdqsz/codes/lesson2/src/install/lesson_interfaces/share/lesson_interfaces/cmake/export_lesson_interfaces__rosidl_generator_cExport-noconfig.cmake
[14.842s] -- Installing: /home/sdqsz/codes/lesson2/src/install/lesson_interfaces/share/lesson_interfaces/cmake/export_lesson_interfaces__rosidl_typesupport_fastrtps_cExport.cmake
[14.842s] -- Installing: /home/sdqsz/codes/lesson2/src/install/lesson_interfaces/share/lesson_interfaces/cmake/export_lesson_interfaces__rosidl_typesupport_fastrtps_cExport-noconfig.cmake
[14.843s] -- Installing: /home/sdqsz/codes/lesson2/src/install/lesson_interfaces/share/lesson_interfaces/cmake/lesson_interfaces__rosidl_typesupport_introspection_cExport.cmake
[14.843s] -- Installing: /home/sdqsz/codes/lesson2/src/install/lesson_interfaces/share/lesson_interfaces/cmake/lesson_interfaces__rosidl_typesupport_introspection_cExport-noconfig.cmake
[14.843s] -- Installing: /home/sdqsz/codes/lesson2/src/install/lesson_interfaces/share/lesson_interfaces/cmake/lesson_interfaces__rosidl_typesupport_cExport.cmake
[14.843s] -- Installing: /home/sdqsz/codes/lesson2/src/install/lesson_interfaces/share/lesson_interfaces/cmake/lesson_interfaces__rosidl_typesupport_cExport-noconfig.cmake
[14.844s] -- Installing: /home/sdqsz/codes/lesson2/src/install/lesson_interfaces/share/lesson_interfaces/cmake/export_lesson_interfaces__rosidl_generator_cppExport.cmake
[14.845s] -- Installing: /home/sdqsz/codes/lesson2/src/install/lesson_interfaces/share/lesson_interfaces/cmake/export_lesson_interfaces__rosidl_typesupport_fastrtps_cppExport.cmake
[14.845s] -- Installing: /home/sdqsz/codes/lesson2/src/install/lesson_interfaces/share/lesson_interfaces/cmake/export_lesson_interfaces__rosidl_typesupport_fastrtps_cppExport-noconfig.cmake
[14.846s] -- Installing: /home/sdqsz/codes/lesson2/src/install/lesson_interfaces/share/lesson_interfaces/cmake/lesson_interfaces__rosidl_typesupport_introspection_cppExport.cmake
[14.846s] -- Installing: /home/sdqsz/codes/lesson2/src/install/lesson_interfaces/share/lesson_interfaces/cmake/lesson_interfaces__rosidl_typesupport_introspection_cppExport-noconfig.cmake
[14.847s] -- Installing: /home/sdqsz/codes/lesson2/src/install/lesson_interfaces/share/lesson_interfaces/cmake/lesson_interfaces__rosidl_typesupport_cppExport.cmake
[14.848s] -- Installing: /home/sdqsz/codes/lesson2/src/install/lesson_interfaces/share/lesson_interfaces/cmake/lesson_interfaces__rosidl_typesupport_cppExport-noconfig.cmake
[14.849s] -- Installing: /home/sdqsz/codes/lesson2/src/install/lesson_interfaces/share/lesson_interfaces/cmake/export_lesson_interfaces__rosidl_generator_pyExport.cmake
[14.850s] -- Installing: /home/sdqsz/codes/lesson2/src/install/lesson_interfaces/share/lesson_interfaces/cmake/export_lesson_interfaces__rosidl_generator_pyExport-noconfig.cmake
[14.851s] -- Installing: /home/sdqsz/codes/lesson2/src/install/lesson_interfaces/share/lesson_interfaces/cmake/rosidl_cmake-extras.cmake
[14.852s] -- Installing: /home/sdqsz/codes/lesson2/src/install/lesson_interfaces/share/lesson_interfaces/cmake/ament_cmake_export_dependencies-extras.cmake
[14.852s] -- Installing: /home/sdqsz/codes/lesson2/src/install/lesson_interfaces/share/lesson_interfaces/cmake/ament_cmake_export_include_directories-extras.cmake
[14.852s] -- Installing: /home/sdqsz/codes/lesson2/src/install/lesson_interfaces/share/lesson_interfaces/cmake/ament_cmake_export_libraries-extras.cmake
[14.853s] -- Installing: /home/sdqsz/codes/lesson2/src/install/lesson_interfaces/share/lesson_interfaces/cmake/ament_cmake_export_targets-extras.cmake
[14.853s] -- Installing: /home/sdqsz/codes/lesson2/src/install/lesson_interfaces/share/lesson_interfaces/cmake/rosidl_cmake_export_typesupport_targets-extras.cmake
[14.853s] -- Installing: /home/sdqsz/codes/lesson2/src/install/lesson_interfaces/share/lesson_interfaces/cmake/rosidl_cmake_export_typesupport_libraries-extras.cmake
[14.853s] -- Installing: /home/sdqsz/codes/lesson2/src/install/lesson_interfaces/share/lesson_interfaces/cmake/lesson_interfacesConfig.cmake
[14.854s] -- Installing: /home/sdqsz/codes/lesson2/src/install/lesson_interfaces/share/lesson_interfaces/cmake/lesson_interfacesConfig-version.cmake
[14.854s] -- Installing: /home/sdqsz/codes/lesson2/src/install/lesson_interfaces/share/lesson_interfaces/package.xml
[14.859s] Invoked command in '/home/sdqsz/codes/lesson2/src/build/lesson_interfaces' returned '0': CMAKE_PREFIX_PATH=${CMAKE_PREFIX_PATH}:/home/sdqsz/codes/lesson2/install/lesson_python_service:/home/sdqsz/codes/lesson2/install/lesson_python_pkg:/opt/ros/jazzy DEBUGINFOD_URLS=https://debuginfod.ubuntu.com /usr/bin/cmake --install /home/sdqsz/codes/lesson2/src/build/lesson_interfaces
