[0.009s] Invoking command in '/home/sdqsz/codes/lesson2/build/lesson_cpp_pkg': CMAKE_PREFIX_PATH=${CMAKE_PREFIX_PATH}:/home/sdqsz/codes/lesson2/install/lesson_python_pkg:/opt/ros/jazzy DEBUGINFOD_URLS=https://debuginfod.ubuntu.com /usr/bin/cmake --build /home/sdqsz/codes/lesson2/build/lesson_cpp_pkg -- -j16 -l16
[0.029s] -- Found ament_cmake: 2.5.6 (/opt/ros/jazzy/share/ament_cmake/cmake)
[0.210s] -- Found rclcpp: 28.1.18 (/opt/ros/jazzy/share/rclcpp/cmake)
[0.251s] -- Found rosidl_generator_c: 4.6.7 (/opt/ros/jazzy/share/rosidl_generator_c/cmake)
[0.264s] -- Found rosidl_generator_cpp: 4.6.7 (/opt/ros/jazzy/share/rosidl_generator_cpp/cmake)
[0.279s] -- Using all available rosidl_typesupport_c: rosidl_typesupport_fastrtps_c;rosidl_typesupport_introspection_c
[0.296s] -- Using all available rosidl_typesupport_cpp: rosidl_typesupport_fastrtps_cpp;rosidl_typesupport_introspection_cpp
[0.364s] -- Found rmw_implementation_cmake: 7.3.3 (/opt/ros/jazzy/share/rmw_implementation_cmake/cmake)
[0.367s] -- Found rmw_fastrtps_cpp: 8.4.3 (/opt/ros/jazzy/share/rmw_fastrtps_cpp/cmake)
[0.447s] -- Found OpenSSL: /usr/lib/x86_64-linux-gnu/libcrypto.so (found version "3.0.13")  
[0.462s] -- Found FastRTPS: /opt/ros/jazzy/include (Required is at least version "2.13") 
[0.478s] -- Using RMW implementation 'rmw_fastrtps_cpp' as default
[0.548s] -- Found std_msgs: 5.3.7 (/opt/ros/jazzy/share/std_msgs/cmake)
[0.560s] -- Found ament_lint_auto: 0.17.5 (/opt/ros/jazzy/share/ament_lint_auto/cmake)
[0.625s] -- Added test 'cppcheck' to perform static code analysis on C / C++ code
[0.625s] -- Configured cppcheck include dirs: 
[0.625s] -- Configured cppcheck exclude dirs and/or files: 
[0.625s] -- Added test 'lint_cmake' to check CMake code style
[0.625s] -- Added test 'uncrustify' to check C / C++ code style
[0.625s] -- Configured uncrustify additional arguments: 
[0.626s] -- Added test 'xmllint' to check XML markup files
[0.626s] -- Configuring done (0.6s)
[0.633s] -- Generating done (0.0s)
[0.636s] -- Build files have been written to: /home/sdqsz/codes/lesson2/build/lesson_cpp_pkg
[0.666s] [ 50%] [32mBuilding CXX object CMakeFiles/listener.dir/src/subscriber.cpp.o[0m
[0.666s] [ 50%] [32mBuilding CXX object CMakeFiles/talker.dir/src/publisher.cpp.o[0m
[3.133s] [ 75%] [32m[1mLinking CXX executable talker[0m
[3.251s] [ 75%] Built target talker
[4.852s] [100%] [32m[1mLinking CXX executable listener[0m
[5.013s] [100%] Built target listener
[5.021s] Invoked command in '/home/sdqsz/codes/lesson2/build/lesson_cpp_pkg' returned '0': CMAKE_PREFIX_PATH=${CMAKE_PREFIX_PATH}:/home/sdqsz/codes/lesson2/install/lesson_python_pkg:/opt/ros/jazzy DEBUGINFOD_URLS=https://debuginfod.ubuntu.com /usr/bin/cmake --build /home/sdqsz/codes/lesson2/build/lesson_cpp_pkg -- -j16 -l16
[5.027s] Invoking command in '/home/sdqsz/codes/lesson2/build/lesson_cpp_pkg': CMAKE_PREFIX_PATH=${CMAKE_PREFIX_PATH}:/home/sdqsz/codes/lesson2/install/lesson_python_pkg:/opt/ros/jazzy DEBUGINFOD_URLS=https://debuginfod.ubuntu.com /usr/bin/cmake --install /home/sdqsz/codes/lesson2/build/lesson_cpp_pkg
[5.034s] -- Install configuration: ""
[5.034s] -- Installing: /home/sdqsz/codes/lesson2/install/lesson_cpp_pkg/lib/lesson_cpp_pkg/talker
[5.035s] -- Set non-toolchain portion of runtime path of "/home/sdqsz/codes/lesson2/install/lesson_cpp_pkg/lib/lesson_cpp_pkg/talker" to ""
[5.035s] -- Installing: /home/sdqsz/codes/lesson2/install/lesson_cpp_pkg/lib/lesson_cpp_pkg/listener
[5.037s] -- Set non-toolchain portion of runtime path of "/home/sdqsz/codes/lesson2/install/lesson_cpp_pkg/lib/lesson_cpp_pkg/listener" to ""
[5.037s] -- Installing: /home/sdqsz/codes/lesson2/install/lesson_cpp_pkg/share/ament_index/resource_index/package_run_dependencies/lesson_cpp_pkg
[5.037s] -- Up-to-date: /home/sdqsz/codes/lesson2/install/lesson_cpp_pkg/share/ament_index/resource_index/parent_prefix_path/lesson_cpp_pkg
[5.037s] -- Up-to-date: /home/sdqsz/codes/lesson2/install/lesson_cpp_pkg/share/lesson_cpp_pkg/environment/ament_prefix_path.sh
[5.037s] -- Up-to-date: /home/sdqsz/codes/lesson2/install/lesson_cpp_pkg/share/lesson_cpp_pkg/environment/ament_prefix_path.dsv
[5.037s] -- Up-to-date: /home/sdqsz/codes/lesson2/install/lesson_cpp_pkg/share/lesson_cpp_pkg/environment/path.sh
[5.037s] -- Up-to-date: /home/sdqsz/codes/lesson2/install/lesson_cpp_pkg/share/lesson_cpp_pkg/environment/path.dsv
[5.037s] -- Up-to-date: /home/sdqsz/codes/lesson2/install/lesson_cpp_pkg/share/lesson_cpp_pkg/local_setup.bash
[5.037s] -- Up-to-date: /home/sdqsz/codes/lesson2/install/lesson_cpp_pkg/share/lesson_cpp_pkg/local_setup.sh
[5.037s] -- Up-to-date: /home/sdqsz/codes/lesson2/install/lesson_cpp_pkg/share/lesson_cpp_pkg/local_setup.zsh
[5.037s] -- Up-to-date: /home/sdqsz/codes/lesson2/install/lesson_cpp_pkg/share/lesson_cpp_pkg/local_setup.dsv
[5.037s] -- Up-to-date: /home/sdqsz/codes/lesson2/install/lesson_cpp_pkg/share/lesson_cpp_pkg/package.dsv
[5.037s] -- Up-to-date: /home/sdqsz/codes/lesson2/install/lesson_cpp_pkg/share/ament_index/resource_index/packages/lesson_cpp_pkg
[5.037s] -- Up-to-date: /home/sdqsz/codes/lesson2/install/lesson_cpp_pkg/share/lesson_cpp_pkg/cmake/lesson_cpp_pkgConfig.cmake
[5.037s] -- Up-to-date: /home/sdqsz/codes/lesson2/install/lesson_cpp_pkg/share/lesson_cpp_pkg/cmake/lesson_cpp_pkgConfig-version.cmake
[5.037s] -- Installing: /home/sdqsz/codes/lesson2/install/lesson_cpp_pkg/share/lesson_cpp_pkg/package.xml
[5.038s] Invoked command in '/home/sdqsz/codes/lesson2/build/lesson_cpp_pkg' returned '0': CMAKE_PREFIX_PATH=${CMAKE_PREFIX_PATH}:/home/sdqsz/codes/lesson2/install/lesson_python_pkg:/opt/ros/jazzy DEBUGINFOD_URLS=https://debuginfod.ubuntu.com /usr/bin/cmake --install /home/sdqsz/codes/lesson2/build/lesson_cpp_pkg
