[0.769s] Invoking command in '/home/sdqsz/codes/lesson2/src/lesson_python_pkg': DEBUGINFOD_URLS=https://debuginfod.ubuntu.com PYTHONPATH=/home/sdqsz/codes/lesson2/build/lesson_python_pkg/prefix_override:/usr/lib/python3/dist-packages/colcon_core/task/python/colcon_distutils_commands:/home/sdqsz/codes/lesson2/install/lesson_python_pkg/lib/python3.12/site-packages:${PYTHONPATH} /usr/bin/python3 -W ignore:setup.py install is deprecated -W ignore:easy_install command is deprecated setup.py egg_info --egg-base ../../build/lesson_python_pkg build --build-base /home/sdqsz/codes/lesson2/build/lesson_python_pkg/build install --record /home/sdqsz/codes/lesson2/build/lesson_python_pkg/install.log --single-version-externally-managed install_data
[0.957s] running egg_info
[0.969s] writing ../../build/lesson_python_pkg/lesson_python_pkg.egg-info/PKG-INFO
[0.969s] writing dependency_links to ../../build/lesson_python_pkg/lesson_python_pkg.egg-info/dependency_links.txt
[0.969s] writing entry points to ../../build/lesson_python_pkg/lesson_python_pkg.egg-info/entry_points.txt
[0.970s] writing requirements to ../../build/lesson_python_pkg/lesson_python_pkg.egg-info/requires.txt
[0.970s] writing top-level names to ../../build/lesson_python_pkg/lesson_python_pkg.egg-info/top_level.txt
[0.996s] reading manifest file '../../build/lesson_python_pkg/lesson_python_pkg.egg-info/SOURCES.txt'
[0.997s] adding license file 'LICENSE'
[0.997s] writing manifest file '../../build/lesson_python_pkg/lesson_python_pkg.egg-info/SOURCES.txt'
[0.997s] running build
[0.997s] running build_py
[0.997s] running install
[1.002s] running install_lib
[1.019s] running install_data
[1.019s] running install_egg_info
[1.035s] removing '/home/sdqsz/codes/lesson2/install/lesson_python_pkg/lib/python3.12/site-packages/lesson_python_pkg-0.0.0-py3.12.egg-info' (and everything under it)
[1.035s] Copying ../../build/lesson_python_pkg/lesson_python_pkg.egg-info to /home/sdqsz/codes/lesson2/install/lesson_python_pkg/lib/python3.12/site-packages/lesson_python_pkg-0.0.0-py3.12.egg-info
[1.036s] running install_scripts
[1.130s] Installing listener script to /home/sdqsz/codes/lesson2/install/lesson_python_pkg/lib/lesson_python_pkg
[1.131s] Installing talker script to /home/sdqsz/codes/lesson2/install/lesson_python_pkg/lib/lesson_python_pkg
[1.131s] writing list of installed files to '/home/sdqsz/codes/lesson2/build/lesson_python_pkg/install.log'
[1.154s] Invoked command in '/home/sdqsz/codes/lesson2/src/lesson_python_pkg' returned '0': DEBUGINFOD_URLS=https://debuginfod.ubuntu.com PYTHONPATH=/home/sdqsz/codes/lesson2/build/lesson_python_pkg/prefix_override:/usr/lib/python3/dist-packages/colcon_core/task/python/colcon_distutils_commands:/home/sdqsz/codes/lesson2/install/lesson_python_pkg/lib/python3.12/site-packages:${PYTHONPATH} /usr/bin/python3 -W ignore:setup.py install is deprecated -W ignore:easy_install command is deprecated setup.py egg_info --egg-base ../../build/lesson_python_pkg build --build-base /home/sdqsz/codes/lesson2/build/lesson_python_pkg/build install --record /home/sdqsz/codes/lesson2/build/lesson_python_pkg/install.log --single-version-externally-managed install_data
