[0.154s] DEBUG:colcon:Command line arguments: ['/usr/bin/colcon', 'build']
[0.154s] DEBUG:colcon:Parsed command line arguments: Namespace(log_base=None, log_level=None, verb_name='build', build_base='build', install_base='install', merge_install=False, symlink_install=False, test_result_base=None, continue_on_error=False, executor='parallel', parallel_workers=16, event_handlers=None, ignore_user_meta=False, metas=['./colcon.meta'], base_paths=['.'], packages_ignore=None, packages_ignore_regex=None, paths=None, packages_up_to=None, packages_up_to_regex=None, packages_above=None, packages_above_and_dependencies=None, packages_above_depth=None, packages_select_by_dep=None, packages_skip_by_dep=None, packages_skip_up_to=None, packages_select_build_failed=False, packages_skip_build_finished=False, packages_select_test_failures=False, packages_skip_test_passed=False, packages_select=None, packages_skip=None, packages_select_regex=None, packages_skip_regex=None, packages_start=None, packages_end=None, allow_overriding=[], cmake_args=None, cmake_target=None, cmake_target_skip_unavailable=False, cmake_clean_cache=False, cmake_clean_first=False, cmake_force_configure=False, ament_cmake_args=None, catkin_cmake_args=None, catkin_skip_building_tests=False, mixin_files=None, mixin=None, verb_parser=<colcon_mixin.mixin.mixin_argument.MixinArgumentDecorator object at 0x73cddfbb2690>, verb_extension=<colcon_core.verb.build.BuildVerb object at 0x73cde0252ff0>, main=<bound method BuildVerb.main of <colcon_core.verb.build.BuildVerb object at 0x73cde0252ff0>>, mixin_verb=('build',))
[0.206s] Level 1:colcon.colcon_core.package_discovery:discover_packages(colcon_meta) check parameters
[0.207s] Level 1:colcon.colcon_core.package_discovery:discover_packages(recursive) check parameters
[0.207s] Level 1:colcon.colcon_core.package_discovery:discover_packages(ignore) check parameters
[0.207s] Level 1:colcon.colcon_core.package_discovery:discover_packages(path) check parameters
[0.207s] Level 1:colcon.colcon_core.package_discovery:discover_packages(colcon_meta) discover
[0.207s] Level 1:colcon.colcon_core.package_discovery:discover_packages(recursive) discover
[0.207s] INFO:colcon.colcon_core.package_discovery:Crawling recursively for packages in '/home/sdqsz/codes/lesson2/src'
[0.207s] Level 1:colcon.colcon_core.package_identification:_identify(.) by extensions ['ignore', 'ignore_ament_install']
[0.207s] Level 1:colcon.colcon_core.package_identification:_identify(.) by extension 'ignore'
[0.207s] Level 1:colcon.colcon_core.package_identification:_identify(.) by extension 'ignore_ament_install'
[0.208s] Level 1:colcon.colcon_core.package_identification:_identify(.) by extensions ['colcon_pkg']
[0.208s] Level 1:colcon.colcon_core.package_identification:_identify(.) by extension 'colcon_pkg'
[0.208s] Level 1:colcon.colcon_core.package_identification:_identify(.) by extensions ['colcon_meta']
[0.208s] Level 1:colcon.colcon_core.package_identification:_identify(.) by extension 'colcon_meta'
[0.208s] Level 1:colcon.colcon_core.package_identification:_identify(.) by extensions ['ros']
[0.208s] Level 1:colcon.colcon_core.package_identification:_identify(.) by extension 'ros'
[0.259s] Level 1:colcon.colcon_core.package_identification:_identify(.) by extensions ['cmake', 'python']
[0.259s] Level 1:colcon.colcon_core.package_identification:_identify(.) by extension 'cmake'
[0.259s] Level 1:colcon.colcon_core.package_identification:_identify(.) by extension 'python'
[0.259s] Level 1:colcon.colcon_core.package_identification:_identify(.) by extensions ['python_setup_py']
[0.260s] Level 1:colcon.colcon_core.package_identification:_identify(.) by extension 'python_setup_py'
[0.260s] Level 1:colcon.colcon_core.package_identification:_identify(build) by extensions ['ignore', 'ignore_ament_install']
[0.260s] Level 1:colcon.colcon_core.package_identification:_identify(build) by extension 'ignore'
[0.260s] Level 1:colcon.colcon_core.package_identification:_identify(build) ignored
[0.260s] Level 1:colcon.colcon_core.package_identification:_identify(install) by extensions ['ignore', 'ignore_ament_install']
[0.260s] Level 1:colcon.colcon_core.package_identification:_identify(install) by extension 'ignore'
[0.261s] Level 1:colcon.colcon_core.package_identification:_identify(install) ignored
[0.261s] Level 1:colcon.colcon_core.package_identification:_identify(lesson_cpp_pkg) by extensions ['ignore', 'ignore_ament_install']
[0.261s] Level 1:colcon.colcon_core.package_identification:_identify(lesson_cpp_pkg) by extension 'ignore'
[0.261s] Level 1:colcon.colcon_core.package_identification:_identify(lesson_cpp_pkg) by extension 'ignore_ament_install'
[0.261s] Level 1:colcon.colcon_core.package_identification:_identify(lesson_cpp_pkg) by extensions ['colcon_pkg']
[0.261s] Level 1:colcon.colcon_core.package_identification:_identify(lesson_cpp_pkg) by extension 'colcon_pkg'
[0.261s] Level 1:colcon.colcon_core.package_identification:_identify(lesson_cpp_pkg) by extensions ['colcon_meta']
[0.261s] Level 1:colcon.colcon_core.package_identification:_identify(lesson_cpp_pkg) by extension 'colcon_meta'
[0.261s] Level 1:colcon.colcon_core.package_identification:_identify(lesson_cpp_pkg) by extensions ['ros']
[0.261s] Level 1:colcon.colcon_core.package_identification:_identify(lesson_cpp_pkg) by extension 'ros'
[0.266s] DEBUG:colcon.colcon_core.package_identification:Package 'lesson_cpp_pkg' with type 'ros.ament_cmake' and name 'lesson_cpp_pkg'
[0.267s] Level 1:colcon.colcon_core.package_identification:_identify(lesson_cpp_service) by extensions ['ignore', 'ignore_ament_install']
[0.267s] Level 1:colcon.colcon_core.package_identification:_identify(lesson_cpp_service) by extension 'ignore'
[0.267s] Level 1:colcon.colcon_core.package_identification:_identify(lesson_cpp_service) by extension 'ignore_ament_install'
[0.267s] Level 1:colcon.colcon_core.package_identification:_identify(lesson_cpp_service) by extensions ['colcon_pkg']
[0.267s] Level 1:colcon.colcon_core.package_identification:_identify(lesson_cpp_service) by extension 'colcon_pkg'
[0.267s] Level 1:colcon.colcon_core.package_identification:_identify(lesson_cpp_service) by extensions ['colcon_meta']
[0.267s] Level 1:colcon.colcon_core.package_identification:_identify(lesson_cpp_service) by extension 'colcon_meta'
[0.267s] Level 1:colcon.colcon_core.package_identification:_identify(lesson_cpp_service) by extensions ['ros']
[0.267s] Level 1:colcon.colcon_core.package_identification:_identify(lesson_cpp_service) by extension 'ros'
[0.268s] DEBUG:colcon.colcon_core.package_identification:Package 'lesson_cpp_service' with type 'ros.ament_cmake' and name 'lesson_cpp_service'
[0.268s] Level 1:colcon.colcon_core.package_identification:_identify(lesson_interfaces) by extensions ['ignore', 'ignore_ament_install']
[0.268s] Level 1:colcon.colcon_core.package_identification:_identify(lesson_interfaces) by extension 'ignore'
[0.269s] Level 1:colcon.colcon_core.package_identification:_identify(lesson_interfaces) by extension 'ignore_ament_install'
[0.269s] Level 1:colcon.colcon_core.package_identification:_identify(lesson_interfaces) by extensions ['colcon_pkg']
[0.269s] Level 1:colcon.colcon_core.package_identification:_identify(lesson_interfaces) by extension 'colcon_pkg'
[0.269s] Level 1:colcon.colcon_core.package_identification:_identify(lesson_interfaces) by extensions ['colcon_meta']
[0.269s] Level 1:colcon.colcon_core.package_identification:_identify(lesson_interfaces) by extension 'colcon_meta'
[0.269s] Level 1:colcon.colcon_core.package_identification:_identify(lesson_interfaces) by extensions ['ros']
[0.269s] Level 1:colcon.colcon_core.package_identification:_identify(lesson_interfaces) by extension 'ros'
[0.270s] DEBUG:colcon.colcon_core.package_identification:Package 'lesson_interfaces' with type 'ros.ament_cmake' and name 'lesson_interfaces'
[0.270s] Level 1:colcon.colcon_core.package_identification:_identify(lesson_python_pkg) by extensions ['ignore', 'ignore_ament_install']
[0.270s] Level 1:colcon.colcon_core.package_identification:_identify(lesson_python_pkg) by extension 'ignore'
[0.270s] Level 1:colcon.colcon_core.package_identification:_identify(lesson_python_pkg) by extension 'ignore_ament_install'
[0.270s] Level 1:colcon.colcon_core.package_identification:_identify(lesson_python_pkg) by extensions ['colcon_pkg']
[0.270s] Level 1:colcon.colcon_core.package_identification:_identify(lesson_python_pkg) by extension 'colcon_pkg'
[0.270s] Level 1:colcon.colcon_core.package_identification:_identify(lesson_python_pkg) by extensions ['colcon_meta']
[0.270s] Level 1:colcon.colcon_core.package_identification:_identify(lesson_python_pkg) by extension 'colcon_meta'
[0.270s] Level 1:colcon.colcon_core.package_identification:_identify(lesson_python_pkg) by extensions ['ros']
[0.271s] Level 1:colcon.colcon_core.package_identification:_identify(lesson_python_pkg) by extension 'ros'
[0.271s] DEBUG:colcon.colcon_core.package_identification:Package 'lesson_python_pkg' with type 'ros.ament_python' and name 'lesson_python_pkg'
[0.271s] Level 1:colcon.colcon_core.package_identification:_identify(lesson_python_service) by extensions ['ignore', 'ignore_ament_install']
[0.271s] Level 1:colcon.colcon_core.package_identification:_identify(lesson_python_service) by extension 'ignore'
[0.271s] Level 1:colcon.colcon_core.package_identification:_identify(lesson_python_service) by extension 'ignore_ament_install'
[0.271s] Level 1:colcon.colcon_core.package_identification:_identify(lesson_python_service) by extensions ['colcon_pkg']
[0.272s] Level 1:colcon.colcon_core.package_identification:_identify(lesson_python_service) by extension 'colcon_pkg'
[0.272s] Level 1:colcon.colcon_core.package_identification:_identify(lesson_python_service) by extensions ['colcon_meta']
[0.272s] Level 1:colcon.colcon_core.package_identification:_identify(lesson_python_service) by extension 'colcon_meta'
[0.272s] Level 1:colcon.colcon_core.package_identification:_identify(lesson_python_service) by extensions ['ros']
[0.272s] Level 1:colcon.colcon_core.package_identification:_identify(lesson_python_service) by extension 'ros'
[0.273s] DEBUG:colcon.colcon_core.package_identification:Package 'lesson_python_service' with type 'ros.ament_python' and name 'lesson_python_service'
[0.273s] Level 1:colcon.colcon_core.package_identification:_identify(log) by extensions ['ignore', 'ignore_ament_install']
[0.273s] Level 1:colcon.colcon_core.package_identification:_identify(log) by extension 'ignore'
[0.273s] Level 1:colcon.colcon_core.package_identification:_identify(log) ignored
[0.273s] Level 1:colcon.colcon_core.package_discovery:discover_packages(recursive) using defaults
[0.273s] Level 1:colcon.colcon_core.package_discovery:discover_packages(ignore) discover
[0.273s] Level 1:colcon.colcon_core.package_discovery:discover_packages(ignore) using defaults
[0.273s] Level 1:colcon.colcon_core.package_discovery:discover_packages(path) discover
[0.273s] Level 1:colcon.colcon_core.package_discovery:discover_packages(path) using defaults
[0.299s] Level 1:colcon.colcon_core.package_discovery:discover_packages(prefix_path) check parameters
[0.299s] Level 1:colcon.colcon_core.package_discovery:discover_packages(prefix_path) discover
[0.302s] DEBUG:colcon.colcon_installed_package_information.package_discovery:Found 4 installed packages in /home/sdqsz/codes/lesson2/install
[0.304s] DEBUG:colcon.colcon_installed_package_information.package_discovery:Found 376 installed packages in /opt/ros/jazzy
[0.306s] Level 1:colcon.colcon_core.package_discovery:discover_packages(prefix_path) using defaults
[0.366s] Level 5:colcon.colcon_core.verb:set package 'lesson_cpp_pkg' build argument 'cmake_args' from command line to 'None'
[0.366s] Level 5:colcon.colcon_core.verb:set package 'lesson_cpp_pkg' build argument 'cmake_target' from command line to 'None'
[0.366s] Level 5:colcon.colcon_core.verb:set package 'lesson_cpp_pkg' build argument 'cmake_target_skip_unavailable' from command line to 'False'
[0.367s] Level 5:colcon.colcon_core.verb:set package 'lesson_cpp_pkg' build argument 'cmake_clean_cache' from command line to 'False'
[0.367s] Level 5:colcon.colcon_core.verb:set package 'lesson_cpp_pkg' build argument 'cmake_clean_first' from command line to 'False'
[0.367s] Level 5:colcon.colcon_core.verb:set package 'lesson_cpp_pkg' build argument 'cmake_force_configure' from command line to 'False'
[0.367s] Level 5:colcon.colcon_core.verb:set package 'lesson_cpp_pkg' build argument 'ament_cmake_args' from command line to 'None'
[0.367s] Level 5:colcon.colcon_core.verb:set package 'lesson_cpp_pkg' build argument 'catkin_cmake_args' from command line to 'None'
[0.367s] Level 5:colcon.colcon_core.verb:set package 'lesson_cpp_pkg' build argument 'catkin_skip_building_tests' from command line to 'False'
[0.367s] DEBUG:colcon.colcon_core.verb:Building package 'lesson_cpp_pkg' with the following arguments: {'ament_cmake_args': None, 'build_base': '/home/sdqsz/codes/lesson2/src/build/lesson_cpp_pkg', 'catkin_cmake_args': None, 'catkin_skip_building_tests': False, 'cmake_args': None, 'cmake_clean_cache': False, 'cmake_clean_first': False, 'cmake_force_configure': False, 'cmake_target': None, 'cmake_target_skip_unavailable': False, 'install_base': '/home/sdqsz/codes/lesson2/src/install/lesson_cpp_pkg', 'merge_install': False, 'path': '/home/sdqsz/codes/lesson2/src/lesson_cpp_pkg', 'symlink_install': False, 'test_result_base': None}
[0.367s] Level 5:colcon.colcon_core.verb:set package 'lesson_cpp_service' build argument 'cmake_args' from command line to 'None'
[0.367s] Level 5:colcon.colcon_core.verb:set package 'lesson_cpp_service' build argument 'cmake_target' from command line to 'None'
[0.367s] Level 5:colcon.colcon_core.verb:set package 'lesson_cpp_service' build argument 'cmake_target_skip_unavailable' from command line to 'False'
[0.367s] Level 5:colcon.colcon_core.verb:set package 'lesson_cpp_service' build argument 'cmake_clean_cache' from command line to 'False'
[0.367s] Level 5:colcon.colcon_core.verb:set package 'lesson_cpp_service' build argument 'cmake_clean_first' from command line to 'False'
[0.367s] Level 5:colcon.colcon_core.verb:set package 'lesson_cpp_service' build argument 'cmake_force_configure' from command line to 'False'
[0.367s] Level 5:colcon.colcon_core.verb:set package 'lesson_cpp_service' build argument 'ament_cmake_args' from command line to 'None'
[0.367s] Level 5:colcon.colcon_core.verb:set package 'lesson_cpp_service' build argument 'catkin_cmake_args' from command line to 'None'
[0.367s] Level 5:colcon.colcon_core.verb:set package 'lesson_cpp_service' build argument 'catkin_skip_building_tests' from command line to 'False'
[0.367s] DEBUG:colcon.colcon_core.verb:Building package 'lesson_cpp_service' with the following arguments: {'ament_cmake_args': None, 'build_base': '/home/sdqsz/codes/lesson2/src/build/lesson_cpp_service', 'catkin_cmake_args': None, 'catkin_skip_building_tests': False, 'cmake_args': None, 'cmake_clean_cache': False, 'cmake_clean_first': False, 'cmake_force_configure': False, 'cmake_target': None, 'cmake_target_skip_unavailable': False, 'install_base': '/home/sdqsz/codes/lesson2/src/install/lesson_cpp_service', 'merge_install': False, 'path': '/home/sdqsz/codes/lesson2/src/lesson_cpp_service', 'symlink_install': False, 'test_result_base': None}
[0.367s] Level 5:colcon.colcon_core.verb:set package 'lesson_interfaces' build argument 'cmake_args' from command line to 'None'
[0.367s] Level 5:colcon.colcon_core.verb:set package 'lesson_interfaces' build argument 'cmake_target' from command line to 'None'
[0.367s] Level 5:colcon.colcon_core.verb:set package 'lesson_interfaces' build argument 'cmake_target_skip_unavailable' from command line to 'False'
[0.367s] Level 5:colcon.colcon_core.verb:set package 'lesson_interfaces' build argument 'cmake_clean_cache' from command line to 'False'
[0.368s] Level 5:colcon.colcon_core.verb:set package 'lesson_interfaces' build argument 'cmake_clean_first' from command line to 'False'
[0.368s] Level 5:colcon.colcon_core.verb:set package 'lesson_interfaces' build argument 'cmake_force_configure' from command line to 'False'
[0.368s] Level 5:colcon.colcon_core.verb:set package 'lesson_interfaces' build argument 'ament_cmake_args' from command line to 'None'
[0.368s] Level 5:colcon.colcon_core.verb:set package 'lesson_interfaces' build argument 'catkin_cmake_args' from command line to 'None'
[0.368s] Level 5:colcon.colcon_core.verb:set package 'lesson_interfaces' build argument 'catkin_skip_building_tests' from command line to 'False'
[0.368s] DEBUG:colcon.colcon_core.verb:Building package 'lesson_interfaces' with the following arguments: {'ament_cmake_args': None, 'build_base': '/home/sdqsz/codes/lesson2/src/build/lesson_interfaces', 'catkin_cmake_args': None, 'catkin_skip_building_tests': False, 'cmake_args': None, 'cmake_clean_cache': False, 'cmake_clean_first': False, 'cmake_force_configure': False, 'cmake_target': None, 'cmake_target_skip_unavailable': False, 'install_base': '/home/sdqsz/codes/lesson2/src/install/lesson_interfaces', 'merge_install': False, 'path': '/home/sdqsz/codes/lesson2/src/lesson_interfaces', 'symlink_install': False, 'test_result_base': None}
[0.368s] Level 5:colcon.colcon_core.verb:set package 'lesson_python_pkg' build argument 'cmake_args' from command line to 'None'
[0.368s] Level 5:colcon.colcon_core.verb:set package 'lesson_python_pkg' build argument 'cmake_target' from command line to 'None'
[0.368s] Level 5:colcon.colcon_core.verb:set package 'lesson_python_pkg' build argument 'cmake_target_skip_unavailable' from command line to 'False'
[0.368s] Level 5:colcon.colcon_core.verb:set package 'lesson_python_pkg' build argument 'cmake_clean_cache' from command line to 'False'
[0.368s] Level 5:colcon.colcon_core.verb:set package 'lesson_python_pkg' build argument 'cmake_clean_first' from command line to 'False'
[0.368s] Level 5:colcon.colcon_core.verb:set package 'lesson_python_pkg' build argument 'cmake_force_configure' from command line to 'False'
[0.368s] Level 5:colcon.colcon_core.verb:set package 'lesson_python_pkg' build argument 'ament_cmake_args' from command line to 'None'
[0.368s] Level 5:colcon.colcon_core.verb:set package 'lesson_python_pkg' build argument 'catkin_cmake_args' from command line to 'None'
[0.368s] Level 5:colcon.colcon_core.verb:set package 'lesson_python_pkg' build argument 'catkin_skip_building_tests' from command line to 'False'
[0.368s] DEBUG:colcon.colcon_core.verb:Building package 'lesson_python_pkg' with the following arguments: {'ament_cmake_args': None, 'build_base': '/home/sdqsz/codes/lesson2/src/build/lesson_python_pkg', 'catkin_cmake_args': None, 'catkin_skip_building_tests': False, 'cmake_args': None, 'cmake_clean_cache': False, 'cmake_clean_first': False, 'cmake_force_configure': False, 'cmake_target': None, 'cmake_target_skip_unavailable': False, 'install_base': '/home/sdqsz/codes/lesson2/src/install/lesson_python_pkg', 'merge_install': False, 'path': '/home/sdqsz/codes/lesson2/src/lesson_python_pkg', 'symlink_install': False, 'test_result_base': None}
[0.368s] Level 5:colcon.colcon_core.verb:set package 'lesson_python_service' build argument 'cmake_args' from command line to 'None'
[0.368s] Level 5:colcon.colcon_core.verb:set package 'lesson_python_service' build argument 'cmake_target' from command line to 'None'
[0.368s] Level 5:colcon.colcon_core.verb:set package 'lesson_python_service' build argument 'cmake_target_skip_unavailable' from command line to 'False'
[0.368s] Level 5:colcon.colcon_core.verb:set package 'lesson_python_service' build argument 'cmake_clean_cache' from command line to 'False'
[0.368s] Level 5:colcon.colcon_core.verb:set package 'lesson_python_service' build argument 'cmake_clean_first' from command line to 'False'
[0.368s] Level 5:colcon.colcon_core.verb:set package 'lesson_python_service' build argument 'cmake_force_configure' from command line to 'False'
[0.368s] Level 5:colcon.colcon_core.verb:set package 'lesson_python_service' build argument 'ament_cmake_args' from command line to 'None'
[0.368s] Level 5:colcon.colcon_core.verb:set package 'lesson_python_service' build argument 'catkin_cmake_args' from command line to 'None'
[0.368s] Level 5:colcon.colcon_core.verb:set package 'lesson_python_service' build argument 'catkin_skip_building_tests' from command line to 'False'
[0.368s] DEBUG:colcon.colcon_core.verb:Building package 'lesson_python_service' with the following arguments: {'ament_cmake_args': None, 'build_base': '/home/sdqsz/codes/lesson2/src/build/lesson_python_service', 'catkin_cmake_args': None, 'catkin_skip_building_tests': False, 'cmake_args': None, 'cmake_clean_cache': False, 'cmake_clean_first': False, 'cmake_force_configure': False, 'cmake_target': None, 'cmake_target_skip_unavailable': False, 'install_base': '/home/sdqsz/codes/lesson2/src/install/lesson_python_service', 'merge_install': False, 'path': '/home/sdqsz/codes/lesson2/src/lesson_python_service', 'symlink_install': False, 'test_result_base': None}
[0.369s] INFO:colcon.colcon_core.executor:Executing jobs using 'parallel' executor
[0.370s] DEBUG:colcon.colcon_parallel_executor.executor.parallel:run_until_complete
[0.370s] INFO:colcon.colcon_ros.task.ament_cmake.build:Building ROS package in '/home/sdqsz/codes/lesson2/src/lesson_cpp_pkg' with build type 'ament_cmake'
[0.371s] INFO:colcon.colcon_cmake.task.cmake.build:Building CMake package in '/home/sdqsz/codes/lesson2/src/lesson_cpp_pkg'
[0.373s] INFO:colcon.colcon_core.plugin_system:Skipping extension 'colcon_core.shell.bat': Not used on non-Windows systems
[0.373s] INFO:colcon.colcon_core.shell:Skip shell extension 'powershell' for command environment: Not usable outside of PowerShell
[0.373s] DEBUG:colcon.colcon_core.shell:Skip shell extension 'dsv' for command environment
[0.379s] INFO:colcon.colcon_ros.task.ament_cmake.build:Building ROS package in '/home/sdqsz/codes/lesson2/src/lesson_cpp_service' with build type 'ament_cmake'
[0.379s] INFO:colcon.colcon_cmake.task.cmake.build:Building CMake package in '/home/sdqsz/codes/lesson2/src/lesson_cpp_service'
[0.379s] INFO:colcon.colcon_core.shell:Skip shell extension 'powershell' for command environment: Not usable outside of PowerShell
[0.379s] DEBUG:colcon.colcon_core.shell:Skip shell extension 'dsv' for command environment
[0.383s] INFO:colcon.colcon_ros.task.ament_cmake.build:Building ROS package in '/home/sdqsz/codes/lesson2/src/lesson_interfaces' with build type 'ament_cmake'
[0.384s] INFO:colcon.colcon_cmake.task.cmake.build:Building CMake package in '/home/sdqsz/codes/lesson2/src/lesson_interfaces'
[0.384s] INFO:colcon.colcon_core.shell:Skip shell extension 'powershell' for command environment: Not usable outside of PowerShell
[0.384s] DEBUG:colcon.colcon_core.shell:Skip shell extension 'dsv' for command environment
[0.397s] INFO:colcon.colcon_ros.task.ament_python.build:Building ROS package in '/home/sdqsz/codes/lesson2/src/lesson_python_pkg' with build type 'ament_python'
[0.398s] Level 1:colcon.colcon_core.shell:create_environment_hook('lesson_python_pkg', 'ament_prefix_path')
[0.399s] INFO:colcon.colcon_core.shell:Creating environment hook '/home/sdqsz/codes/lesson2/src/install/lesson_python_pkg/share/lesson_python_pkg/hook/ament_prefix_path.ps1'
[0.401s] INFO:colcon.colcon_core.shell:Creating environment descriptor '/home/sdqsz/codes/lesson2/src/install/lesson_python_pkg/share/lesson_python_pkg/hook/ament_prefix_path.dsv'
[0.403s] INFO:colcon.colcon_core.shell:Creating environment hook '/home/sdqsz/codes/lesson2/src/install/lesson_python_pkg/share/lesson_python_pkg/hook/ament_prefix_path.sh'
[0.404s] INFO:colcon.colcon_core.shell:Skip shell extension 'powershell' for command environment: Not usable outside of PowerShell
[0.405s] DEBUG:colcon.colcon_core.shell:Skip shell extension 'dsv' for command environment
[0.415s] INFO:colcon.colcon_ros.task.ament_python.build:Building ROS package in '/home/sdqsz/codes/lesson2/src/lesson_python_service' with build type 'ament_python'
[0.416s] Level 1:colcon.colcon_core.shell:create_environment_hook('lesson_python_service', 'ament_prefix_path')
[0.416s] INFO:colcon.colcon_core.shell:Creating environment hook '/home/sdqsz/codes/lesson2/src/install/lesson_python_service/share/lesson_python_service/hook/ament_prefix_path.ps1'
[0.418s] INFO:colcon.colcon_core.shell:Creating environment descriptor '/home/sdqsz/codes/lesson2/src/install/lesson_python_service/share/lesson_python_service/hook/ament_prefix_path.dsv'
[0.418s] INFO:colcon.colcon_core.shell:Creating environment hook '/home/sdqsz/codes/lesson2/src/install/lesson_python_service/share/lesson_python_service/hook/ament_prefix_path.sh'
[0.419s] INFO:colcon.colcon_core.shell:Skip shell extension 'powershell' for command environment: Not usable outside of PowerShell
[0.420s] DEBUG:colcon.colcon_core.shell:Skip shell extension 'dsv' for command environment
[0.436s] DEBUG:colcon.colcon_core.event_handler.log_command:Invoking command in '/home/sdqsz/codes/lesson2/src/build/lesson_cpp_pkg': CMAKE_PREFIX_PATH=${CMAKE_PREFIX_PATH}:/home/sdqsz/codes/lesson2/install/lesson_python_service:/home/sdqsz/codes/lesson2/install/lesson_python_pkg:/opt/ros/jazzy DEBUGINFOD_URLS=https://debuginfod.ubuntu.com /usr/bin/cmake /home/sdqsz/codes/lesson2/src/lesson_cpp_pkg -DCMAKE_INSTALL_PREFIX=/home/sdqsz/codes/lesson2/src/install/lesson_cpp_pkg
[0.441s] DEBUG:colcon.colcon_core.event_handler.log_command:Invoking command in '/home/sdqsz/codes/lesson2/src/build/lesson_cpp_service': CMAKE_PREFIX_PATH=${CMAKE_PREFIX_PATH}:/home/sdqsz/codes/lesson2/install/lesson_python_service:/home/sdqsz/codes/lesson2/install/lesson_python_pkg:/opt/ros/jazzy DEBUGINFOD_URLS=https://debuginfod.ubuntu.com /usr/bin/cmake /home/sdqsz/codes/lesson2/src/lesson_cpp_service -DCMAKE_INSTALL_PREFIX=/home/sdqsz/codes/lesson2/src/install/lesson_cpp_service
[0.446s] DEBUG:colcon.colcon_core.event_handler.log_command:Invoking command in '/home/sdqsz/codes/lesson2/src/build/lesson_interfaces': CMAKE_PREFIX_PATH=${CMAKE_PREFIX_PATH}:/home/sdqsz/codes/lesson2/install/lesson_python_service:/home/sdqsz/codes/lesson2/install/lesson_python_pkg:/opt/ros/jazzy DEBUGINFOD_URLS=https://debuginfod.ubuntu.com /usr/bin/cmake /home/sdqsz/codes/lesson2/src/lesson_interfaces -DCMAKE_INSTALL_PREFIX=/home/sdqsz/codes/lesson2/src/install/lesson_interfaces
[1.229s] INFO:colcon.colcon_core.task.python.build:Building Python package in '/home/sdqsz/codes/lesson2/src/lesson_python_pkg'
[1.230s] INFO:colcon.colcon_core.shell:Skip shell extension 'powershell' for command environment: Not usable outside of PowerShell
[1.230s] DEBUG:colcon.colcon_core.shell:Skip shell extension 'dsv' for command environment
[1.669s] INFO:colcon.colcon_core.task.python.build:Building Python package in '/home/sdqsz/codes/lesson2/src/lesson_python_service'
[1.669s] INFO:colcon.colcon_core.shell:Skip shell extension 'powershell' for command environment: Not usable outside of PowerShell
[1.669s] DEBUG:colcon.colcon_core.shell:Skip shell extension 'dsv' for command environment
[2.890s] DEBUG:colcon.colcon_core.event_handler.log_command:Invoking command in '/home/sdqsz/codes/lesson2/src/lesson_python_pkg': DEBUGINFOD_URLS=https://debuginfod.ubuntu.com PYTHONPATH=/home/sdqsz/codes/lesson2/src/build/lesson_python_pkg/prefix_override:/usr/lib/python3/dist-packages/colcon_core/task/python/colcon_distutils_commands:/home/sdqsz/codes/lesson2/src/install/lesson_python_pkg/lib/python3.12/site-packages:${PYTHONPATH} /usr/bin/python3 -W ignore:setup.py install is deprecated -W ignore:easy_install command is deprecated setup.py egg_info --egg-base ../build/lesson_python_pkg build --build-base /home/sdqsz/codes/lesson2/src/build/lesson_python_pkg/build install --record /home/sdqsz/codes/lesson2/src/build/lesson_python_pkg/install.log --single-version-externally-managed install_data
[3.296s] DEBUG:colcon.colcon_core.event_handler.log_command:Invoking command in '/home/sdqsz/codes/lesson2/src/lesson_python_service': DEBUGINFOD_URLS=https://debuginfod.ubuntu.com PYTHONPATH=/home/sdqsz/codes/lesson2/src/build/lesson_python_service/prefix_override:/usr/lib/python3/dist-packages/colcon_core/task/python/colcon_distutils_commands:/home/sdqsz/codes/lesson2/src/install/lesson_python_service/lib/python3.12/site-packages:${PYTHONPATH} /usr/bin/python3 -W ignore:setup.py install is deprecated -W ignore:easy_install command is deprecated setup.py egg_info --egg-base ../build/lesson_python_service build --build-base /home/sdqsz/codes/lesson2/src/build/lesson_python_service/build install --record /home/sdqsz/codes/lesson2/src/build/lesson_python_service/install.log --single-version-externally-managed install_data
[3.524s] DEBUG:colcon.colcon_core.event_handler.log_command:Invoked command in '/home/sdqsz/codes/lesson2/src/build/lesson_cpp_pkg' returned '0': CMAKE_PREFIX_PATH=${CMAKE_PREFIX_PATH}:/home/sdqsz/codes/lesson2/install/lesson_python_service:/home/sdqsz/codes/lesson2/install/lesson_python_pkg:/opt/ros/jazzy DEBUGINFOD_URLS=https://debuginfod.ubuntu.com /usr/bin/cmake /home/sdqsz/codes/lesson2/src/lesson_cpp_pkg -DCMAKE_INSTALL_PREFIX=/home/sdqsz/codes/lesson2/src/install/lesson_cpp_pkg
[3.527s] DEBUG:colcon.colcon_core.event_handler.log_command:Invoking command in '/home/sdqsz/codes/lesson2/src/build/lesson_cpp_pkg': CMAKE_PREFIX_PATH=${CMAKE_PREFIX_PATH}:/home/sdqsz/codes/lesson2/install/lesson_python_service:/home/sdqsz/codes/lesson2/install/lesson_python_pkg:/opt/ros/jazzy DEBUGINFOD_URLS=https://debuginfod.ubuntu.com /usr/bin/cmake --build /home/sdqsz/codes/lesson2/src/build/lesson_cpp_pkg -- -j16 -l16
[3.682s] DEBUG:colcon.colcon_core.event_handler.log_command:Invoked command in '/home/sdqsz/codes/lesson2/src/build/lesson_cpp_service' returned '0': CMAKE_PREFIX_PATH=${CMAKE_PREFIX_PATH}:/home/sdqsz/codes/lesson2/install/lesson_python_service:/home/sdqsz/codes/lesson2/install/lesson_python_pkg:/opt/ros/jazzy DEBUGINFOD_URLS=https://debuginfod.ubuntu.com /usr/bin/cmake /home/sdqsz/codes/lesson2/src/lesson_cpp_service -DCMAKE_INSTALL_PREFIX=/home/sdqsz/codes/lesson2/src/install/lesson_cpp_service
[3.683s] DEBUG:colcon.colcon_core.event_handler.log_command:Invoking command in '/home/sdqsz/codes/lesson2/src/build/lesson_cpp_service': CMAKE_PREFIX_PATH=${CMAKE_PREFIX_PATH}:/home/sdqsz/codes/lesson2/install/lesson_python_service:/home/sdqsz/codes/lesson2/install/lesson_python_pkg:/opt/ros/jazzy DEBUGINFOD_URLS=https://debuginfod.ubuntu.com /usr/bin/cmake --build /home/sdqsz/codes/lesson2/src/build/lesson_cpp_service -- -j16 -l16
[4.461s] DEBUG:colcon.colcon_core.event_handler.log_command:Invoked command in '/home/sdqsz/codes/lesson2/src/lesson_python_pkg' returned '0': DEBUGINFOD_URLS=https://debuginfod.ubuntu.com PYTHONPATH=/home/sdqsz/codes/lesson2/src/build/lesson_python_pkg/prefix_override:/usr/lib/python3/dist-packages/colcon_core/task/python/colcon_distutils_commands:/home/sdqsz/codes/lesson2/src/install/lesson_python_pkg/lib/python3.12/site-packages:${PYTHONPATH} /usr/bin/python3 -W ignore:setup.py install is deprecated -W ignore:easy_install command is deprecated setup.py egg_info --egg-base ../build/lesson_python_pkg build --build-base /home/sdqsz/codes/lesson2/src/build/lesson_python_pkg/build install --record /home/sdqsz/codes/lesson2/src/build/lesson_python_pkg/install.log --single-version-externally-managed install_data
[4.463s] Level 1:colcon.colcon_core.environment:checking '/home/sdqsz/codes/lesson2/src/install/lesson_python_pkg' for CMake module files
[4.464s] Level 1:colcon.colcon_core.environment:checking '/home/sdqsz/codes/lesson2/src/install/lesson_python_pkg' for CMake config files
[4.465s] Level 1:colcon.colcon_core.environment:checking '/home/sdqsz/codes/lesson2/src/install/lesson_python_pkg/lib'
[4.465s] Level 1:colcon.colcon_core.environment:checking '/home/sdqsz/codes/lesson2/src/install/lesson_python_pkg/bin'
[4.465s] Level 1:colcon.colcon_core.environment:checking '/home/sdqsz/codes/lesson2/src/install/lesson_python_pkg/lib/pkgconfig/lesson_python_pkg.pc'
[4.465s] Level 1:colcon.colcon_core.environment:checking '/home/sdqsz/codes/lesson2/src/install/lesson_python_pkg/lib/python3.12/site-packages'
[4.466s] Level 1:colcon.colcon_core.shell:create_environment_hook('lesson_python_pkg', 'pythonpath')
[4.466s] INFO:colcon.colcon_core.shell:Creating environment hook '/home/sdqsz/codes/lesson2/src/install/lesson_python_pkg/share/lesson_python_pkg/hook/pythonpath.ps1'
[4.466s] INFO:colcon.colcon_core.shell:Creating environment descriptor '/home/sdqsz/codes/lesson2/src/install/lesson_python_pkg/share/lesson_python_pkg/hook/pythonpath.dsv'
[4.467s] INFO:colcon.colcon_core.shell:Creating environment hook '/home/sdqsz/codes/lesson2/src/install/lesson_python_pkg/share/lesson_python_pkg/hook/pythonpath.sh'
[4.468s] Level 1:colcon.colcon_core.environment:checking '/home/sdqsz/codes/lesson2/src/install/lesson_python_pkg/bin'
[4.468s] Level 1:colcon.colcon_core.environment:create_environment_scripts_only(lesson_python_pkg)
[4.469s] INFO:colcon.colcon_core.shell:Creating package script '/home/sdqsz/codes/lesson2/src/install/lesson_python_pkg/share/lesson_python_pkg/package.ps1'
[4.470s] INFO:colcon.colcon_core.shell:Creating package descriptor '/home/sdqsz/codes/lesson2/src/install/lesson_python_pkg/share/lesson_python_pkg/package.dsv'
[4.471s] INFO:colcon.colcon_core.shell:Creating package script '/home/sdqsz/codes/lesson2/src/install/lesson_python_pkg/share/lesson_python_pkg/package.sh'
[4.471s] INFO:colcon.colcon_core.shell:Creating package script '/home/sdqsz/codes/lesson2/src/install/lesson_python_pkg/share/lesson_python_pkg/package.bash'
[4.472s] INFO:colcon.colcon_core.shell:Creating package script '/home/sdqsz/codes/lesson2/src/install/lesson_python_pkg/share/lesson_python_pkg/package.zsh'
[4.472s] Level 1:colcon.colcon_core.environment:create_file_with_runtime_dependencies(/home/sdqsz/codes/lesson2/src/install/lesson_python_pkg/share/colcon-core/packages/lesson_python_pkg)
[4.794s] Level 1:colcon.colcon_core.environment:checking '/home/sdqsz/codes/lesson2/src/install/lesson_python_service' for CMake module files
[4.797s] DEBUG:colcon.colcon_core.event_handler.log_command:Invoked command in '/home/sdqsz/codes/lesson2/src/lesson_python_service' returned '0': DEBUGINFOD_URLS=https://debuginfod.ubuntu.com PYTHONPATH=/home/sdqsz/codes/lesson2/src/build/lesson_python_service/prefix_override:/usr/lib/python3/dist-packages/colcon_core/task/python/colcon_distutils_commands:/home/sdqsz/codes/lesson2/src/install/lesson_python_service/lib/python3.12/site-packages:${PYTHONPATH} /usr/bin/python3 -W ignore:setup.py install is deprecated -W ignore:easy_install command is deprecated setup.py egg_info --egg-base ../build/lesson_python_service build --build-base /home/sdqsz/codes/lesson2/src/build/lesson_python_service/build install --record /home/sdqsz/codes/lesson2/src/build/lesson_python_service/install.log --single-version-externally-managed install_data
[4.798s] Level 1:colcon.colcon_core.environment:checking '/home/sdqsz/codes/lesson2/src/install/lesson_python_service' for CMake config files
[4.799s] Level 1:colcon.colcon_core.environment:checking '/home/sdqsz/codes/lesson2/src/install/lesson_python_service/lib'
[4.799s] Level 1:colcon.colcon_core.environment:checking '/home/sdqsz/codes/lesson2/src/install/lesson_python_service/bin'
[4.800s] Level 1:colcon.colcon_core.environment:checking '/home/sdqsz/codes/lesson2/src/install/lesson_python_service/lib/pkgconfig/lesson_python_service.pc'
[4.800s] Level 1:colcon.colcon_core.environment:checking '/home/sdqsz/codes/lesson2/src/install/lesson_python_service/lib/python3.12/site-packages'
[4.800s] Level 1:colcon.colcon_core.shell:create_environment_hook('lesson_python_service', 'pythonpath')
[4.801s] INFO:colcon.colcon_core.shell:Creating environment hook '/home/sdqsz/codes/lesson2/src/install/lesson_python_service/share/lesson_python_service/hook/pythonpath.ps1'
[4.802s] INFO:colcon.colcon_core.shell:Creating environment descriptor '/home/sdqsz/codes/lesson2/src/install/lesson_python_service/share/lesson_python_service/hook/pythonpath.dsv'
[4.803s] INFO:colcon.colcon_core.shell:Creating environment hook '/home/sdqsz/codes/lesson2/src/install/lesson_python_service/share/lesson_python_service/hook/pythonpath.sh'
[4.804s] Level 1:colcon.colcon_core.environment:checking '/home/sdqsz/codes/lesson2/src/install/lesson_python_service/bin'
[4.804s] Level 1:colcon.colcon_core.environment:create_environment_scripts_only(lesson_python_service)
[4.805s] INFO:colcon.colcon_core.shell:Creating package script '/home/sdqsz/codes/lesson2/src/install/lesson_python_service/share/lesson_python_service/package.ps1'
[4.806s] INFO:colcon.colcon_core.shell:Creating package descriptor '/home/sdqsz/codes/lesson2/src/install/lesson_python_service/share/lesson_python_service/package.dsv'
[4.807s] INFO:colcon.colcon_core.shell:Creating package script '/home/sdqsz/codes/lesson2/src/install/lesson_python_service/share/lesson_python_service/package.sh'
[4.808s] INFO:colcon.colcon_core.shell:Creating package script '/home/sdqsz/codes/lesson2/src/install/lesson_python_service/share/lesson_python_service/package.bash'
[4.808s] INFO:colcon.colcon_core.shell:Creating package script '/home/sdqsz/codes/lesson2/src/install/lesson_python_service/share/lesson_python_service/package.zsh'
[4.809s] Level 1:colcon.colcon_core.environment:create_file_with_runtime_dependencies(/home/sdqsz/codes/lesson2/src/install/lesson_python_service/share/colcon-core/packages/lesson_python_service)
[7.921s] DEBUG:colcon.colcon_core.event_handler.log_command:Invoked command in '/home/sdqsz/codes/lesson2/src/build/lesson_interfaces' returned '0': CMAKE_PREFIX_PATH=${CMAKE_PREFIX_PATH}:/home/sdqsz/codes/lesson2/install/lesson_python_service:/home/sdqsz/codes/lesson2/install/lesson_python_pkg:/opt/ros/jazzy DEBUGINFOD_URLS=https://debuginfod.ubuntu.com /usr/bin/cmake /home/sdqsz/codes/lesson2/src/lesson_interfaces -DCMAKE_INSTALL_PREFIX=/home/sdqsz/codes/lesson2/src/install/lesson_interfaces
[7.923s] DEBUG:colcon.colcon_core.event_handler.log_command:Invoking command in '/home/sdqsz/codes/lesson2/src/build/lesson_interfaces': CMAKE_PREFIX_PATH=${CMAKE_PREFIX_PATH}:/home/sdqsz/codes/lesson2/install/lesson_python_service:/home/sdqsz/codes/lesson2/install/lesson_python_pkg:/opt/ros/jazzy DEBUGINFOD_URLS=https://debuginfod.ubuntu.com /usr/bin/cmake --build /home/sdqsz/codes/lesson2/src/build/lesson_interfaces -- -j16 -l16
[14.144s] DEBUG:colcon.colcon_core.event_handler.log_command:Invoked command in '/home/sdqsz/codes/lesson2/src/build/lesson_cpp_service' returned '0': CMAKE_PREFIX_PATH=${CMAKE_PREFIX_PATH}:/home/sdqsz/codes/lesson2/install/lesson_python_service:/home/sdqsz/codes/lesson2/install/lesson_python_pkg:/opt/ros/jazzy DEBUGINFOD_URLS=https://debuginfod.ubuntu.com /usr/bin/cmake --build /home/sdqsz/codes/lesson2/src/build/lesson_cpp_service -- -j16 -l16
[14.161s] DEBUG:colcon.colcon_core.event_handler.log_command:Invoking command in '/home/sdqsz/codes/lesson2/src/build/lesson_cpp_service': CMAKE_PREFIX_PATH=${CMAKE_PREFIX_PATH}:/home/sdqsz/codes/lesson2/install/lesson_python_service:/home/sdqsz/codes/lesson2/install/lesson_python_pkg:/opt/ros/jazzy DEBUGINFOD_URLS=https://debuginfod.ubuntu.com /usr/bin/cmake --install /home/sdqsz/codes/lesson2/src/build/lesson_cpp_service
[14.193s] Level 1:colcon.colcon_core.environment:create_environment_scripts_only(lesson_cpp_service)
[14.194s] Level 1:colcon.colcon_core.environment:checking '/home/sdqsz/codes/lesson2/src/install/lesson_cpp_service' for CMake module files
[14.195s] DEBUG:colcon.colcon_core.event_handler.log_command:Invoked command in '/home/sdqsz/codes/lesson2/src/build/lesson_cpp_service' returned '0': CMAKE_PREFIX_PATH=${CMAKE_PREFIX_PATH}:/home/sdqsz/codes/lesson2/install/lesson_python_service:/home/sdqsz/codes/lesson2/install/lesson_python_pkg:/opt/ros/jazzy DEBUGINFOD_URLS=https://debuginfod.ubuntu.com /usr/bin/cmake --install /home/sdqsz/codes/lesson2/src/build/lesson_cpp_service
[14.197s] Level 1:colcon.colcon_core.environment:checking '/home/sdqsz/codes/lesson2/src/install/lesson_cpp_service' for CMake config files
[14.198s] Level 1:colcon.colcon_core.shell:create_environment_hook('lesson_cpp_service', 'cmake_prefix_path')
[14.199s] INFO:colcon.colcon_core.shell:Creating environment hook '/home/sdqsz/codes/lesson2/src/install/lesson_cpp_service/share/lesson_cpp_service/hook/cmake_prefix_path.ps1'
[14.201s] INFO:colcon.colcon_core.shell:Creating environment descriptor '/home/sdqsz/codes/lesson2/src/install/lesson_cpp_service/share/lesson_cpp_service/hook/cmake_prefix_path.dsv'
[14.202s] INFO:colcon.colcon_core.shell:Creating environment hook '/home/sdqsz/codes/lesson2/src/install/lesson_cpp_service/share/lesson_cpp_service/hook/cmake_prefix_path.sh'
[14.203s] Level 1:colcon.colcon_core.environment:checking '/home/sdqsz/codes/lesson2/src/install/lesson_cpp_service/lib'
[14.204s] Level 1:colcon.colcon_core.environment:checking '/home/sdqsz/codes/lesson2/src/install/lesson_cpp_service/bin'
[14.204s] Level 1:colcon.colcon_core.environment:checking '/home/sdqsz/codes/lesson2/src/install/lesson_cpp_service/lib/pkgconfig/lesson_cpp_service.pc'
[14.204s] Level 1:colcon.colcon_core.environment:checking '/home/sdqsz/codes/lesson2/src/install/lesson_cpp_service/lib/python3.12/site-packages'
[14.205s] Level 1:colcon.colcon_core.environment:checking '/home/sdqsz/codes/lesson2/src/install/lesson_cpp_service/bin'
[14.205s] INFO:colcon.colcon_core.shell:Creating package script '/home/sdqsz/codes/lesson2/src/install/lesson_cpp_service/share/lesson_cpp_service/package.ps1'
[14.206s] INFO:colcon.colcon_core.shell:Creating package descriptor '/home/sdqsz/codes/lesson2/src/install/lesson_cpp_service/share/lesson_cpp_service/package.dsv'
[14.206s] INFO:colcon.colcon_core.shell:Creating package script '/home/sdqsz/codes/lesson2/src/install/lesson_cpp_service/share/lesson_cpp_service/package.sh'
[14.207s] INFO:colcon.colcon_core.shell:Creating package script '/home/sdqsz/codes/lesson2/src/install/lesson_cpp_service/share/lesson_cpp_service/package.bash'
[14.207s] INFO:colcon.colcon_core.shell:Creating package script '/home/sdqsz/codes/lesson2/src/install/lesson_cpp_service/share/lesson_cpp_service/package.zsh'
[14.208s] Level 1:colcon.colcon_core.environment:create_file_with_runtime_dependencies(/home/sdqsz/codes/lesson2/src/install/lesson_cpp_service/share/colcon-core/packages/lesson_cpp_service)
[14.210s] Level 1:colcon.colcon_core.environment:create_environment_scripts_only(lesson_cpp_service)
[14.210s] Level 1:colcon.colcon_core.environment:checking '/home/sdqsz/codes/lesson2/src/install/lesson_cpp_service' for CMake module files
[14.211s] Level 1:colcon.colcon_core.environment:checking '/home/sdqsz/codes/lesson2/src/install/lesson_cpp_service' for CMake config files
[14.212s] Level 1:colcon.colcon_core.shell:create_environment_hook('lesson_cpp_service', 'cmake_prefix_path')
[14.212s] INFO:colcon.colcon_core.shell:Creating environment hook '/home/sdqsz/codes/lesson2/src/install/lesson_cpp_service/share/lesson_cpp_service/hook/cmake_prefix_path.ps1'
[14.213s] INFO:colcon.colcon_core.shell:Creating environment descriptor '/home/sdqsz/codes/lesson2/src/install/lesson_cpp_service/share/lesson_cpp_service/hook/cmake_prefix_path.dsv'
[14.214s] INFO:colcon.colcon_core.shell:Creating environment hook '/home/sdqsz/codes/lesson2/src/install/lesson_cpp_service/share/lesson_cpp_service/hook/cmake_prefix_path.sh'
[14.215s] Level 1:colcon.colcon_core.environment:checking '/home/sdqsz/codes/lesson2/src/install/lesson_cpp_service/lib'
[14.215s] Level 1:colcon.colcon_core.environment:checking '/home/sdqsz/codes/lesson2/src/install/lesson_cpp_service/bin'
[14.215s] Level 1:colcon.colcon_core.environment:checking '/home/sdqsz/codes/lesson2/src/install/lesson_cpp_service/lib/pkgconfig/lesson_cpp_service.pc'
[14.216s] Level 1:colcon.colcon_core.environment:checking '/home/sdqsz/codes/lesson2/src/install/lesson_cpp_service/lib/python3.12/site-packages'
[14.217s] Level 1:colcon.colcon_core.environment:checking '/home/sdqsz/codes/lesson2/src/install/lesson_cpp_service/bin'
[14.217s] INFO:colcon.colcon_core.shell:Creating package script '/home/sdqsz/codes/lesson2/src/install/lesson_cpp_service/share/lesson_cpp_service/package.ps1'
[14.219s] INFO:colcon.colcon_core.shell:Creating package descriptor '/home/sdqsz/codes/lesson2/src/install/lesson_cpp_service/share/lesson_cpp_service/package.dsv'
[14.221s] INFO:colcon.colcon_core.shell:Creating package script '/home/sdqsz/codes/lesson2/src/install/lesson_cpp_service/share/lesson_cpp_service/package.sh'
[14.222s] INFO:colcon.colcon_core.shell:Creating package script '/home/sdqsz/codes/lesson2/src/install/lesson_cpp_service/share/lesson_cpp_service/package.bash'
[14.224s] INFO:colcon.colcon_core.shell:Creating package script '/home/sdqsz/codes/lesson2/src/install/lesson_cpp_service/share/lesson_cpp_service/package.zsh'
[14.225s] Level 1:colcon.colcon_core.environment:create_file_with_runtime_dependencies(/home/sdqsz/codes/lesson2/src/install/lesson_cpp_service/share/colcon-core/packages/lesson_cpp_service)
[15.008s] DEBUG:colcon.colcon_core.event_handler.log_command:Invoked command in '/home/sdqsz/codes/lesson2/src/build/lesson_interfaces' returned '0': CMAKE_PREFIX_PATH=${CMAKE_PREFIX_PATH}:/home/sdqsz/codes/lesson2/install/lesson_python_service:/home/sdqsz/codes/lesson2/install/lesson_python_pkg:/opt/ros/jazzy DEBUGINFOD_URLS=https://debuginfod.ubuntu.com /usr/bin/cmake --build /home/sdqsz/codes/lesson2/src/build/lesson_interfaces -- -j16 -l16
[15.010s] DEBUG:colcon.colcon_core.event_handler.log_command:Invoking command in '/home/sdqsz/codes/lesson2/src/build/lesson_interfaces': CMAKE_PREFIX_PATH=${CMAKE_PREFIX_PATH}:/home/sdqsz/codes/lesson2/install/lesson_python_service:/home/sdqsz/codes/lesson2/install/lesson_python_pkg:/opt/ros/jazzy DEBUGINFOD_URLS=https://debuginfod.ubuntu.com /usr/bin/cmake --install /home/sdqsz/codes/lesson2/src/build/lesson_interfaces
[15.240s] Level 1:colcon.colcon_core.environment:create_environment_scripts_only(lesson_interfaces)
[15.240s] Level 1:colcon.colcon_core.environment:checking '/home/sdqsz/codes/lesson2/src/install/lesson_interfaces' for CMake module files
[15.243s] DEBUG:colcon.colcon_core.event_handler.log_command:Invoked command in '/home/sdqsz/codes/lesson2/src/build/lesson_interfaces' returned '0': CMAKE_PREFIX_PATH=${CMAKE_PREFIX_PATH}:/home/sdqsz/codes/lesson2/install/lesson_python_service:/home/sdqsz/codes/lesson2/install/lesson_python_pkg:/opt/ros/jazzy DEBUGINFOD_URLS=https://debuginfod.ubuntu.com /usr/bin/cmake --install /home/sdqsz/codes/lesson2/src/build/lesson_interfaces
[15.244s] Level 1:colcon.colcon_core.environment:checking '/home/sdqsz/codes/lesson2/src/install/lesson_interfaces' for CMake config files
[15.246s] Level 1:colcon.colcon_core.shell:create_environment_hook('lesson_interfaces', 'cmake_prefix_path')
[15.246s] INFO:colcon.colcon_core.shell:Creating environment hook '/home/sdqsz/codes/lesson2/src/install/lesson_interfaces/share/lesson_interfaces/hook/cmake_prefix_path.ps1'
[15.247s] INFO:colcon.colcon_core.shell:Creating environment descriptor '/home/sdqsz/codes/lesson2/src/install/lesson_interfaces/share/lesson_interfaces/hook/cmake_prefix_path.dsv'
[15.247s] INFO:colcon.colcon_core.shell:Creating environment hook '/home/sdqsz/codes/lesson2/src/install/lesson_interfaces/share/lesson_interfaces/hook/cmake_prefix_path.sh'
[15.248s] Level 1:colcon.colcon_core.environment:checking '/home/sdqsz/codes/lesson2/src/install/lesson_interfaces/lib'
[15.248s] Level 1:colcon.colcon_core.shell:create_environment_hook('lesson_interfaces', 'ld_library_path_lib')
[15.248s] INFO:colcon.colcon_core.shell:Creating environment hook '/home/sdqsz/codes/lesson2/src/install/lesson_interfaces/share/lesson_interfaces/hook/ld_library_path_lib.ps1'
[15.249s] INFO:colcon.colcon_core.shell:Creating environment descriptor '/home/sdqsz/codes/lesson2/src/install/lesson_interfaces/share/lesson_interfaces/hook/ld_library_path_lib.dsv'
[15.249s] INFO:colcon.colcon_core.shell:Creating environment hook '/home/sdqsz/codes/lesson2/src/install/lesson_interfaces/share/lesson_interfaces/hook/ld_library_path_lib.sh'
[15.250s] Level 1:colcon.colcon_core.environment:checking '/home/sdqsz/codes/lesson2/src/install/lesson_interfaces/bin'
[15.250s] Level 1:colcon.colcon_core.environment:checking '/home/sdqsz/codes/lesson2/src/install/lesson_interfaces/lib/pkgconfig/lesson_interfaces.pc'
[15.250s] Level 1:colcon.colcon_core.environment:checking '/home/sdqsz/codes/lesson2/src/install/lesson_interfaces/lib/python3.12/site-packages'
[15.251s] Level 1:colcon.colcon_core.shell:create_environment_hook('lesson_interfaces', 'pythonpath')
[15.251s] INFO:colcon.colcon_core.shell:Creating environment hook '/home/sdqsz/codes/lesson2/src/install/lesson_interfaces/share/lesson_interfaces/hook/pythonpath.ps1'
[15.252s] INFO:colcon.colcon_core.shell:Creating environment descriptor '/home/sdqsz/codes/lesson2/src/install/lesson_interfaces/share/lesson_interfaces/hook/pythonpath.dsv'
[15.252s] INFO:colcon.colcon_core.shell:Creating environment hook '/home/sdqsz/codes/lesson2/src/install/lesson_interfaces/share/lesson_interfaces/hook/pythonpath.sh'
[15.253s] Level 1:colcon.colcon_core.environment:checking '/home/sdqsz/codes/lesson2/src/install/lesson_interfaces/bin'
[15.254s] INFO:colcon.colcon_core.shell:Creating package script '/home/sdqsz/codes/lesson2/src/install/lesson_interfaces/share/lesson_interfaces/package.ps1'
[15.255s] INFO:colcon.colcon_core.shell:Creating package descriptor '/home/sdqsz/codes/lesson2/src/install/lesson_interfaces/share/lesson_interfaces/package.dsv'
[15.256s] INFO:colcon.colcon_core.shell:Creating package script '/home/sdqsz/codes/lesson2/src/install/lesson_interfaces/share/lesson_interfaces/package.sh'
[15.256s] INFO:colcon.colcon_core.shell:Creating package script '/home/sdqsz/codes/lesson2/src/install/lesson_interfaces/share/lesson_interfaces/package.bash'
[15.256s] INFO:colcon.colcon_core.shell:Creating package script '/home/sdqsz/codes/lesson2/src/install/lesson_interfaces/share/lesson_interfaces/package.zsh'
[15.257s] Level 1:colcon.colcon_core.environment:create_file_with_runtime_dependencies(/home/sdqsz/codes/lesson2/src/install/lesson_interfaces/share/colcon-core/packages/lesson_interfaces)
[15.258s] Level 1:colcon.colcon_core.environment:create_environment_scripts_only(lesson_interfaces)
[15.258s] Level 1:colcon.colcon_core.environment:checking '/home/sdqsz/codes/lesson2/src/install/lesson_interfaces' for CMake module files
[15.259s] Level 1:colcon.colcon_core.environment:checking '/home/sdqsz/codes/lesson2/src/install/lesson_interfaces' for CMake config files
[15.260s] Level 1:colcon.colcon_core.shell:create_environment_hook('lesson_interfaces', 'cmake_prefix_path')
[15.260s] INFO:colcon.colcon_core.shell:Creating environment hook '/home/sdqsz/codes/lesson2/src/install/lesson_interfaces/share/lesson_interfaces/hook/cmake_prefix_path.ps1'
[15.261s] INFO:colcon.colcon_core.shell:Creating environment descriptor '/home/sdqsz/codes/lesson2/src/install/lesson_interfaces/share/lesson_interfaces/hook/cmake_prefix_path.dsv'
[15.261s] INFO:colcon.colcon_core.shell:Creating environment hook '/home/sdqsz/codes/lesson2/src/install/lesson_interfaces/share/lesson_interfaces/hook/cmake_prefix_path.sh'
[15.265s] Level 1:colcon.colcon_core.environment:checking '/home/sdqsz/codes/lesson2/src/install/lesson_interfaces/lib'
[15.266s] Level 1:colcon.colcon_core.shell:create_environment_hook('lesson_interfaces', 'ld_library_path_lib')
[15.267s] INFO:colcon.colcon_core.shell:Creating environment hook '/home/sdqsz/codes/lesson2/src/install/lesson_interfaces/share/lesson_interfaces/hook/ld_library_path_lib.ps1'
[15.270s] INFO:colcon.colcon_core.shell:Creating environment descriptor '/home/sdqsz/codes/lesson2/src/install/lesson_interfaces/share/lesson_interfaces/hook/ld_library_path_lib.dsv'
[15.272s] INFO:colcon.colcon_core.shell:Creating environment hook '/home/sdqsz/codes/lesson2/src/install/lesson_interfaces/share/lesson_interfaces/hook/ld_library_path_lib.sh'
[15.274s] Level 1:colcon.colcon_core.environment:checking '/home/sdqsz/codes/lesson2/src/install/lesson_interfaces/bin'
[15.275s] Level 1:colcon.colcon_core.environment:checking '/home/sdqsz/codes/lesson2/src/install/lesson_interfaces/lib/pkgconfig/lesson_interfaces.pc'
[15.276s] Level 1:colcon.colcon_core.environment:checking '/home/sdqsz/codes/lesson2/src/install/lesson_interfaces/lib/python3.12/site-packages'
[15.277s] Level 1:colcon.colcon_core.shell:create_environment_hook('lesson_interfaces', 'pythonpath')
[15.278s] INFO:colcon.colcon_core.shell:Creating environment hook '/home/sdqsz/codes/lesson2/src/install/lesson_interfaces/share/lesson_interfaces/hook/pythonpath.ps1'
[15.281s] INFO:colcon.colcon_core.shell:Creating environment descriptor '/home/sdqsz/codes/lesson2/src/install/lesson_interfaces/share/lesson_interfaces/hook/pythonpath.dsv'
[15.283s] INFO:colcon.colcon_core.shell:Creating environment hook '/home/sdqsz/codes/lesson2/src/install/lesson_interfaces/share/lesson_interfaces/hook/pythonpath.sh'
[15.286s] Level 1:colcon.colcon_core.environment:checking '/home/sdqsz/codes/lesson2/src/install/lesson_interfaces/bin'
[15.287s] INFO:colcon.colcon_core.shell:Creating package script '/home/sdqsz/codes/lesson2/src/install/lesson_interfaces/share/lesson_interfaces/package.ps1'
[15.290s] INFO:colcon.colcon_core.shell:Creating package descriptor '/home/sdqsz/codes/lesson2/src/install/lesson_interfaces/share/lesson_interfaces/package.dsv'
[15.293s] INFO:colcon.colcon_core.shell:Creating package script '/home/sdqsz/codes/lesson2/src/install/lesson_interfaces/share/lesson_interfaces/package.sh'
[15.295s] INFO:colcon.colcon_core.shell:Creating package script '/home/sdqsz/codes/lesson2/src/install/lesson_interfaces/share/lesson_interfaces/package.bash'
[15.296s] INFO:colcon.colcon_core.shell:Creating package script '/home/sdqsz/codes/lesson2/src/install/lesson_interfaces/share/lesson_interfaces/package.zsh'
[15.297s] Level 1:colcon.colcon_core.environment:create_file_with_runtime_dependencies(/home/sdqsz/codes/lesson2/src/install/lesson_interfaces/share/colcon-core/packages/lesson_interfaces)
[19.137s] DEBUG:colcon.colcon_core.event_handler.log_command:Invoked command in '/home/sdqsz/codes/lesson2/src/build/lesson_cpp_pkg' returned '0': CMAKE_PREFIX_PATH=${CMAKE_PREFIX_PATH}:/home/sdqsz/codes/lesson2/install/lesson_python_service:/home/sdqsz/codes/lesson2/install/lesson_python_pkg:/opt/ros/jazzy DEBUGINFOD_URLS=https://debuginfod.ubuntu.com /usr/bin/cmake --build /home/sdqsz/codes/lesson2/src/build/lesson_cpp_pkg -- -j16 -l16
[19.139s] DEBUG:colcon.colcon_core.event_handler.log_command:Invoking command in '/home/sdqsz/codes/lesson2/src/build/lesson_cpp_pkg': CMAKE_PREFIX_PATH=${CMAKE_PREFIX_PATH}:/home/sdqsz/codes/lesson2/install/lesson_python_service:/home/sdqsz/codes/lesson2/install/lesson_python_pkg:/opt/ros/jazzy DEBUGINFOD_URLS=https://debuginfod.ubuntu.com /usr/bin/cmake --install /home/sdqsz/codes/lesson2/src/build/lesson_cpp_pkg
[19.162s] Level 1:colcon.colcon_core.environment:create_environment_scripts_only(lesson_cpp_pkg)
[19.163s] Level 1:colcon.colcon_core.environment:checking '/home/sdqsz/codes/lesson2/src/install/lesson_cpp_pkg' for CMake module files
[19.163s] DEBUG:colcon.colcon_core.event_handler.log_command:Invoked command in '/home/sdqsz/codes/lesson2/src/build/lesson_cpp_pkg' returned '0': CMAKE_PREFIX_PATH=${CMAKE_PREFIX_PATH}:/home/sdqsz/codes/lesson2/install/lesson_python_service:/home/sdqsz/codes/lesson2/install/lesson_python_pkg:/opt/ros/jazzy DEBUGINFOD_URLS=https://debuginfod.ubuntu.com /usr/bin/cmake --install /home/sdqsz/codes/lesson2/src/build/lesson_cpp_pkg
[19.164s] Level 1:colcon.colcon_core.environment:checking '/home/sdqsz/codes/lesson2/src/install/lesson_cpp_pkg' for CMake config files
[19.164s] Level 1:colcon.colcon_core.shell:create_environment_hook('lesson_cpp_pkg', 'cmake_prefix_path')
[19.164s] INFO:colcon.colcon_core.shell:Creating environment hook '/home/sdqsz/codes/lesson2/src/install/lesson_cpp_pkg/share/lesson_cpp_pkg/hook/cmake_prefix_path.ps1'
[19.165s] INFO:colcon.colcon_core.shell:Creating environment descriptor '/home/sdqsz/codes/lesson2/src/install/lesson_cpp_pkg/share/lesson_cpp_pkg/hook/cmake_prefix_path.dsv'
[19.165s] INFO:colcon.colcon_core.shell:Creating environment hook '/home/sdqsz/codes/lesson2/src/install/lesson_cpp_pkg/share/lesson_cpp_pkg/hook/cmake_prefix_path.sh'
[19.166s] Level 1:colcon.colcon_core.environment:checking '/home/sdqsz/codes/lesson2/src/install/lesson_cpp_pkg/lib'
[19.166s] Level 1:colcon.colcon_core.environment:checking '/home/sdqsz/codes/lesson2/src/install/lesson_cpp_pkg/bin'
[19.166s] Level 1:colcon.colcon_core.environment:checking '/home/sdqsz/codes/lesson2/src/install/lesson_cpp_pkg/lib/pkgconfig/lesson_cpp_pkg.pc'
[19.166s] Level 1:colcon.colcon_core.environment:checking '/home/sdqsz/codes/lesson2/src/install/lesson_cpp_pkg/lib/python3.12/site-packages'
[19.167s] Level 1:colcon.colcon_core.environment:checking '/home/sdqsz/codes/lesson2/src/install/lesson_cpp_pkg/bin'
[19.167s] INFO:colcon.colcon_core.shell:Creating package script '/home/sdqsz/codes/lesson2/src/install/lesson_cpp_pkg/share/lesson_cpp_pkg/package.ps1'
[19.168s] INFO:colcon.colcon_core.shell:Creating package descriptor '/home/sdqsz/codes/lesson2/src/install/lesson_cpp_pkg/share/lesson_cpp_pkg/package.dsv'
[19.168s] INFO:colcon.colcon_core.shell:Creating package script '/home/sdqsz/codes/lesson2/src/install/lesson_cpp_pkg/share/lesson_cpp_pkg/package.sh'
[19.169s] INFO:colcon.colcon_core.shell:Creating package script '/home/sdqsz/codes/lesson2/src/install/lesson_cpp_pkg/share/lesson_cpp_pkg/package.bash'
[19.169s] INFO:colcon.colcon_core.shell:Creating package script '/home/sdqsz/codes/lesson2/src/install/lesson_cpp_pkg/share/lesson_cpp_pkg/package.zsh'
[19.170s] Level 1:colcon.colcon_core.environment:create_file_with_runtime_dependencies(/home/sdqsz/codes/lesson2/src/install/lesson_cpp_pkg/share/colcon-core/packages/lesson_cpp_pkg)
[19.171s] Level 1:colcon.colcon_core.environment:create_environment_scripts_only(lesson_cpp_pkg)
[19.171s] Level 1:colcon.colcon_core.environment:checking '/home/sdqsz/codes/lesson2/src/install/lesson_cpp_pkg' for CMake module files
[19.172s] Level 1:colcon.colcon_core.environment:checking '/home/sdqsz/codes/lesson2/src/install/lesson_cpp_pkg' for CMake config files
[19.173s] Level 1:colcon.colcon_core.shell:create_environment_hook('lesson_cpp_pkg', 'cmake_prefix_path')
[19.173s] INFO:colcon.colcon_core.shell:Creating environment hook '/home/sdqsz/codes/lesson2/src/install/lesson_cpp_pkg/share/lesson_cpp_pkg/hook/cmake_prefix_path.ps1'
[19.174s] INFO:colcon.colcon_core.shell:Creating environment descriptor '/home/sdqsz/codes/lesson2/src/install/lesson_cpp_pkg/share/lesson_cpp_pkg/hook/cmake_prefix_path.dsv'
[19.175s] INFO:colcon.colcon_core.shell:Creating environment hook '/home/sdqsz/codes/lesson2/src/install/lesson_cpp_pkg/share/lesson_cpp_pkg/hook/cmake_prefix_path.sh'
[19.176s] Level 1:colcon.colcon_core.environment:checking '/home/sdqsz/codes/lesson2/src/install/lesson_cpp_pkg/lib'
[19.176s] Level 1:colcon.colcon_core.environment:checking '/home/sdqsz/codes/lesson2/src/install/lesson_cpp_pkg/bin'
[19.176s] Level 1:colcon.colcon_core.environment:checking '/home/sdqsz/codes/lesson2/src/install/lesson_cpp_pkg/lib/pkgconfig/lesson_cpp_pkg.pc'
[19.177s] Level 1:colcon.colcon_core.environment:checking '/home/sdqsz/codes/lesson2/src/install/lesson_cpp_pkg/lib/python3.12/site-packages'
[19.177s] Level 1:colcon.colcon_core.environment:checking '/home/sdqsz/codes/lesson2/src/install/lesson_cpp_pkg/bin'
[19.178s] INFO:colcon.colcon_core.shell:Creating package script '/home/sdqsz/codes/lesson2/src/install/lesson_cpp_pkg/share/lesson_cpp_pkg/package.ps1'
[19.179s] INFO:colcon.colcon_core.shell:Creating package descriptor '/home/sdqsz/codes/lesson2/src/install/lesson_cpp_pkg/share/lesson_cpp_pkg/package.dsv'
[19.180s] INFO:colcon.colcon_core.shell:Creating package script '/home/sdqsz/codes/lesson2/src/install/lesson_cpp_pkg/share/lesson_cpp_pkg/package.sh'
[19.181s] INFO:colcon.colcon_core.shell:Creating package script '/home/sdqsz/codes/lesson2/src/install/lesson_cpp_pkg/share/lesson_cpp_pkg/package.bash'
[19.182s] INFO:colcon.colcon_core.shell:Creating package script '/home/sdqsz/codes/lesson2/src/install/lesson_cpp_pkg/share/lesson_cpp_pkg/package.zsh'
[19.182s] Level 1:colcon.colcon_core.environment:create_file_with_runtime_dependencies(/home/sdqsz/codes/lesson2/src/install/lesson_cpp_pkg/share/colcon-core/packages/lesson_cpp_pkg)
[19.183s] DEBUG:colcon.colcon_parallel_executor.executor.parallel:closing loop
[19.183s] DEBUG:colcon.colcon_parallel_executor.executor.parallel:loop closed
[19.183s] DEBUG:colcon.colcon_parallel_executor.executor.parallel:run_until_complete finished with '0'
[19.183s] DEBUG:colcon.colcon_core.event_reactor:joining thread
[19.200s] INFO:colcon.colcon_core.plugin_system:Skipping extension 'colcon_notification.desktop_notification.terminal_notifier': Not used on non-Darwin systems
[19.200s] INFO:colcon.colcon_core.plugin_system:Skipping extension 'colcon_notification.desktop_notification.win32': Not used on non-Windows systems
[19.200s] INFO:colcon.colcon_notification.desktop_notification:Sending desktop notification using 'notify2'
[19.224s] DEBUG:colcon.colcon_core.event_reactor:joined thread
[19.225s] INFO:colcon.colcon_core.shell:Creating prefix script '/home/sdqsz/codes/lesson2/src/install/local_setup.ps1'
[19.225s] INFO:colcon.colcon_core.shell:Creating prefix util module '/home/sdqsz/codes/lesson2/src/install/_local_setup_util_ps1.py'
[19.227s] INFO:colcon.colcon_core.shell:Creating prefix chain script '/home/sdqsz/codes/lesson2/src/install/setup.ps1'
[19.228s] INFO:colcon.colcon_core.shell:Creating prefix script '/home/sdqsz/codes/lesson2/src/install/local_setup.sh'
[19.229s] INFO:colcon.colcon_core.shell:Creating prefix util module '/home/sdqsz/codes/lesson2/src/install/_local_setup_util_sh.py'
[19.229s] INFO:colcon.colcon_core.shell:Creating prefix chain script '/home/sdqsz/codes/lesson2/src/install/setup.sh'
[19.230s] INFO:colcon.colcon_core.shell:Creating prefix script '/home/sdqsz/codes/lesson2/src/install/local_setup.bash'
[19.231s] INFO:colcon.colcon_core.shell:Creating prefix chain script '/home/sdqsz/codes/lesson2/src/install/setup.bash'
[19.232s] INFO:colcon.colcon_core.shell:Creating prefix script '/home/sdqsz/codes/lesson2/src/install/local_setup.zsh'
[19.233s] INFO:colcon.colcon_core.shell:Creating prefix chain script '/home/sdqsz/codes/lesson2/src/install/setup.zsh'
