[0.016s] Invoking command in '/home/sdqsz/codes/lesson2/build/lesson_cpp_pkg': CMAKE_PREFIX_PATH=${CMAKE_PREFIX_PATH}:/home/sdqsz/codes/lesson2/install/lesson_python_pkg:/opt/ros/jazzy DEBUGINFOD_URLS=https://debuginfod.ubuntu.com /usr/bin/cmake --build /home/sdqsz/codes/lesson2/build/lesson_cpp_pkg -- -j16 -l16
[0.185s] [ 50%] Built target listener
[0.185s] [100%] Built target talker
[0.336s] Invoked command in '/home/sdqsz/codes/lesson2/build/lesson_cpp_pkg' returned '0': CMAKE_PREFIX_PATH=${CMAKE_PREFIX_PATH}:/home/sdqsz/codes/lesson2/install/lesson_python_pkg:/opt/ros/jazzy DEBUGINFOD_URLS=https://debuginfod.ubuntu.com /usr/bin/cmake --build /home/sdqsz/codes/lesson2/build/lesson_cpp_pkg -- -j16 -l16
[0.347s] Invoking command in '/home/sdqsz/codes/lesson2/build/lesson_cpp_pkg': CMAKE_PREFIX_PATH=${CMAKE_PREFIX_PATH}:/home/sdqsz/codes/lesson2/install/lesson_python_pkg:/opt/ros/jazzy DEBUGINFOD_URLS=https://debuginfod.ubuntu.com /usr/bin/cmake --install /home/sdqsz/codes/lesson2/build/lesson_cpp_pkg
[0.354s] -- Install configuration: ""
[0.354s] -- Up-to-date: /home/sdqsz/codes/lesson2/install/lesson_cpp_pkg/lib/lesson_cpp_pkg/talker
[0.354s] -- Up-to-date: /home/sdqsz/codes/lesson2/install/lesson_cpp_pkg/lib/lesson_cpp_pkg/listener
[0.355s] -- Up-to-date: /home/sdqsz/codes/lesson2/install/lesson_cpp_pkg/share/ament_index/resource_index/package_run_dependencies/lesson_cpp_pkg
[0.355s] -- Up-to-date: /home/sdqsz/codes/lesson2/install/lesson_cpp_pkg/share/ament_index/resource_index/parent_prefix_path/lesson_cpp_pkg
[0.355s] -- Up-to-date: /home/sdqsz/codes/lesson2/install/lesson_cpp_pkg/share/lesson_cpp_pkg/environment/ament_prefix_path.sh
[0.355s] -- Up-to-date: /home/sdqsz/codes/lesson2/install/lesson_cpp_pkg/share/lesson_cpp_pkg/environment/ament_prefix_path.dsv
[0.355s] -- Up-to-date: /home/sdqsz/codes/lesson2/install/lesson_cpp_pkg/share/lesson_cpp_pkg/environment/path.sh
[0.355s] -- Up-to-date: /home/sdqsz/codes/lesson2/install/lesson_cpp_pkg/share/lesson_cpp_pkg/environment/path.dsv
[0.356s] -- Up-to-date: /home/sdqsz/codes/lesson2/install/lesson_cpp_pkg/share/lesson_cpp_pkg/local_setup.bash
[0.356s] -- Up-to-date: /home/sdqsz/codes/lesson2/install/lesson_cpp_pkg/share/lesson_cpp_pkg/local_setup.sh
[0.357s] -- Up-to-date: /home/sdqsz/codes/lesson2/install/lesson_cpp_pkg/share/lesson_cpp_pkg/local_setup.zsh
[0.357s] -- Up-to-date: /home/sdqsz/codes/lesson2/install/lesson_cpp_pkg/share/lesson_cpp_pkg/local_setup.dsv
[0.357s] -- Installing: /home/sdqsz/codes/lesson2/install/lesson_cpp_pkg/share/lesson_cpp_pkg/package.dsv
[0.357s] -- Up-to-date: /home/sdqsz/codes/lesson2/install/lesson_cpp_pkg/share/ament_index/resource_index/packages/lesson_cpp_pkg
[0.357s] -- Up-to-date: /home/sdqsz/codes/lesson2/install/lesson_cpp_pkg/share/lesson_cpp_pkg/cmake/lesson_cpp_pkgConfig.cmake
[0.358s] -- Up-to-date: /home/sdqsz/codes/lesson2/install/lesson_cpp_pkg/share/lesson_cpp_pkg/cmake/lesson_cpp_pkgConfig-version.cmake
[0.358s] -- Up-to-date: /home/sdqsz/codes/lesson2/install/lesson_cpp_pkg/share/lesson_cpp_pkg/package.xml
[0.358s] Invoked command in '/home/sdqsz/codes/lesson2/build/lesson_cpp_pkg' returned '0': CMAKE_PREFIX_PATH=${CMAKE_PREFIX_PATH}:/home/sdqsz/codes/lesson2/install/lesson_python_pkg:/opt/ros/jazzy DEBUGINFOD_URLS=https://debuginfod.ubuntu.com /usr/bin/cmake --install /home/sdqsz/codes/lesson2/build/lesson_cpp_pkg
